
*********************************************************************************

A new kops version is available: 1.25.2
Upgrading is recommended
More information: https://github.com/kubernetes/kops/blob/master/permalinks/upgrade_kops.md#1.25.2

*********************************************************************************


*********************************************************************************

A new kubernetes version is available: 1.23.14
Upgrading is recommended (try kops upgrade cluster)

More information: https://github.com/kubernetes/kops/blob/master/permalinks/upgrade_k8s.md#1.23.14

*********************************************************************************

kOps has set your kubectl context to tcss702.k8s.local

Cluster is starting.  It should be ready in a few minutes.

Suggestions:
 * validate cluster: kops validate cluster --wait 10m
 * list nodes: kubectl get nodes --show-labels
 * ssh to the master: ssh -i ~/.ssh/id_rsa ubuntu@api.tcss702.k8s.local
 * the ubuntu user is specific to Ubuntu. If not using Ubuntu please use the appropriate user based on your OS.
 * read about installing addons at: https://kops.sigs.k8s.io/addons.

Validating cluster tcss702.k8s.local

INSTANCE GROUPS
NAME				ROLE	MACHINETYPE	MIN	MAX	SUBNETS
master-us-east-2c		Master	m5.large	1	1	us-east-2c
spot-group-base-8vcpus-16gb	Node	c5.2xlarge	8	8	us-east-2c

NODE STATUS
NAME						ROLE	READY
ip-172-20-34-166.us-east-2.compute.internal	master	False

VALIDATION ERRORS
KIND		NAME						MESSAGE
InstanceGroup	spot-group-base-8vcpus-16gb			InstanceGroup "spot-group-base-8vcpus-16gb" did not have enough nodes 0 vs 8
Node		ip-172-20-34-166.us-east-2.compute.internal	node "ip-172-20-34-166.us-east-2.compute.internal" of role "master" is not ready

Validation Failed
INSTANCE GROUPS
NAME				ROLE	MACHINETYPE	MIN	MAX	SUBNETS
master-us-east-2c		Master	m5.large	1	1	us-east-2c
spot-group-base-8vcpus-16gb	Node	c5.2xlarge	8	8	us-east-2c

NODE STATUS
NAME						ROLE	READY
ip-172-20-34-166.us-east-2.compute.internal	master	False

VALIDATION ERRORS
KIND		NAME						MESSAGE
InstanceGroup	spot-group-base-8vcpus-16gb			InstanceGroup "spot-group-base-8vcpus-16gb" did not have enough nodes 1 vs 8
Machine		i-02d786058252e8bca				machine "i-02d786058252e8bca" has not yet joined cluster
Node		ip-172-20-34-166.us-east-2.compute.internal	node "ip-172-20-34-166.us-east-2.compute.internal" of role "master" is not ready

Validation Failed
INSTANCE GROUPS
NAME				ROLE	MACHINETYPE	MIN	MAX	SUBNETS
master-us-east-2c		Master	m5.large	1	1	us-east-2c
spot-group-base-8vcpus-16gb	Node	c5.2xlarge	8	8	us-east-2c

NODE STATUS
NAME						ROLE	READY
ip-172-20-34-166.us-east-2.compute.internal	master	False

VALIDATION ERRORS
KIND		NAME						MESSAGE
InstanceGroup	spot-group-base-8vcpus-16gb			InstanceGroup "spot-group-base-8vcpus-16gb" did not have enough nodes 3 vs 8
Machine		i-01baa39e1de402ee4				machine "i-01baa39e1de402ee4" has not yet joined cluster
Machine		i-02d786058252e8bca				machine "i-02d786058252e8bca" has not yet joined cluster
Machine		i-06a04afb4bd08e8fa				machine "i-06a04afb4bd08e8fa" has not yet joined cluster
Node		ip-172-20-34-166.us-east-2.compute.internal	node "ip-172-20-34-166.us-east-2.compute.internal" of role "master" is not ready

Validation Failed
INSTANCE GROUPS
NAME				ROLE	MACHINETYPE	MIN	MAX	SUBNETS
master-us-east-2c		Master	m5.large	1	1	us-east-2c
spot-group-base-8vcpus-16gb	Node	c5.2xlarge	8	8	us-east-2c

NODE STATUS
NAME						ROLE	READY
ip-172-20-34-166.us-east-2.compute.internal	master	False

VALIDATION ERRORS
KIND		NAME							MESSAGE
InstanceGroup	spot-group-base-8vcpus-16gb				InstanceGroup "spot-group-base-8vcpus-16gb" did not have enough nodes 3 vs 8
Machine		i-01baa39e1de402ee4					machine "i-01baa39e1de402ee4" has not yet joined cluster
Machine		i-02d786058252e8bca					machine "i-02d786058252e8bca" has not yet joined cluster
Machine		i-06a04afb4bd08e8fa					machine "i-06a04afb4bd08e8fa" has not yet joined cluster
Node		ip-172-20-34-166.us-east-2.compute.internal		node "ip-172-20-34-166.us-east-2.compute.internal" of role "master" is not ready
Pod		kube-system/calico-kube-controllers-58449699bc-pjs84	system-cluster-critical pod "calico-kube-controllers-58449699bc-pjs84" is pending
Pod		kube-system/calico-node-dc4tg				system-node-critical pod "calico-node-dc4tg" is pending
Pod		kube-system/coredns-8555c7d6d6-zc2gw			system-cluster-critical pod "coredns-8555c7d6d6-zc2gw" is pending
Pod		kube-system/coredns-autoscaler-57dd87df6c-wcjp7		system-cluster-critical pod "coredns-autoscaler-57dd87df6c-wcjp7" is pending
Pod		kube-system/dns-controller-77c787b6bc-4fp6d		system-cluster-critical pod "dns-controller-77c787b6bc-4fp6d" is pending
Pod		kube-system/ebs-csi-controller-86784976dc-fbxdt		system-cluster-critical pod "ebs-csi-controller-86784976dc-fbxdt" is pending
Pod		kube-system/ebs-csi-node-m4lmm				system-node-critical pod "ebs-csi-node-m4lmm" is pending

Validation Failed
INSTANCE GROUPS
NAME				ROLE	MACHINETYPE	MIN	MAX	SUBNETS
master-us-east-2c		Master	m5.large	1	1	us-east-2c
spot-group-base-8vcpus-16gb	Node	c5.2xlarge	8	8	us-east-2c

NODE STATUS
NAME						ROLE	READY
ip-172-20-34-166.us-east-2.compute.internal	master	True

VALIDATION ERRORS
KIND		NAME										MESSAGE
InstanceGroup	spot-group-base-8vcpus-16gb							InstanceGroup "spot-group-base-8vcpus-16gb" did not have enough nodes 3 vs 8
Machine		i-01baa39e1de402ee4								machine "i-01baa39e1de402ee4" has not yet joined cluster
Machine		i-02d786058252e8bca								machine "i-02d786058252e8bca" has not yet joined cluster
Machine		i-06a04afb4bd08e8fa								machine "i-06a04afb4bd08e8fa" has not yet joined cluster
Node		ip-172-20-34-166.us-east-2.compute.internal					master "ip-172-20-34-166.us-east-2.compute.internal" is missing kube-apiserver pod
Node		ip-172-20-34-166.us-east-2.compute.internal					master "ip-172-20-34-166.us-east-2.compute.internal" is missing kube-controller-manager pod
Node		ip-172-20-34-166.us-east-2.compute.internal					master "ip-172-20-34-166.us-east-2.compute.internal" is missing kube-scheduler pod
Pod		kube-system/calico-kube-controllers-58449699bc-pjs84				system-cluster-critical pod "calico-kube-controllers-58449699bc-pjs84" is pending
Pod		kube-system/coredns-8555c7d6d6-zc2gw						system-cluster-critical pod "coredns-8555c7d6d6-zc2gw" is pending
Pod		kube-system/coredns-autoscaler-57dd87df6c-wcjp7					system-cluster-critical pod "coredns-autoscaler-57dd87df6c-wcjp7" is pending
Pod		kube-system/ebs-csi-controller-86784976dc-fbxdt					system-cluster-critical pod "ebs-csi-controller-86784976dc-fbxdt" is pending
Pod		kube-system/ebs-csi-node-m4lmm							system-node-critical pod "ebs-csi-node-m4lmm" is pending
Pod		kube-system/etcd-manager-events-ip-172-20-34-166.us-east-2.compute.internal	system-cluster-critical pod "etcd-manager-events-ip-172-20-34-166.us-east-2.compute.internal" is pending
Pod		kube-system/etcd-manager-main-ip-172-20-34-166.us-east-2.compute.internal	system-cluster-critical pod "etcd-manager-main-ip-172-20-34-166.us-east-2.compute.internal" is pending
Pod		kube-system/kube-apiserver-ip-172-20-34-166.us-east-2.compute.internal		system-cluster-critical pod "kube-apiserver-ip-172-20-34-166.us-east-2.compute.internal" is pending
Pod		kube-system/kube-proxy-ip-172-20-34-166.us-east-2.compute.internal		system-node-critical pod "kube-proxy-ip-172-20-34-166.us-east-2.compute.internal" is pending
Pod		kube-system/kube-scheduler-ip-172-20-34-166.us-east-2.compute.internal		system-cluster-critical pod "kube-scheduler-ip-172-20-34-166.us-east-2.compute.internal" is pending

Validation Failed
INSTANCE GROUPS
NAME				ROLE	MACHINETYPE	MIN	MAX	SUBNETS
master-us-east-2c		Master	m5.large	1	1	us-east-2c
spot-group-base-8vcpus-16gb	Node	c5.2xlarge	8	8	us-east-2c

NODE STATUS
NAME						ROLE	READY
ip-172-20-34-166.us-east-2.compute.internal	master	True

VALIDATION ERRORS
KIND		NAME							MESSAGE
InstanceGroup	spot-group-base-8vcpus-16gb				InstanceGroup "spot-group-base-8vcpus-16gb" did not have enough nodes 3 vs 8
Machine		i-01baa39e1de402ee4					machine "i-01baa39e1de402ee4" has not yet joined cluster
Machine		i-02d786058252e8bca					machine "i-02d786058252e8bca" has not yet joined cluster
Machine		i-06a04afb4bd08e8fa					machine "i-06a04afb4bd08e8fa" has not yet joined cluster
Node		ip-172-20-34-166.us-east-2.compute.internal		master "ip-172-20-34-166.us-east-2.compute.internal" is missing kube-controller-manager pod
Pod		kube-system/calico-kube-controllers-58449699bc-pjs84	system-cluster-critical pod "calico-kube-controllers-58449699bc-pjs84" is pending
Pod		kube-system/coredns-8555c7d6d6-zc2gw			system-cluster-critical pod "coredns-8555c7d6d6-zc2gw" is pending
Pod		kube-system/coredns-autoscaler-57dd87df6c-wcjp7		system-cluster-critical pod "coredns-autoscaler-57dd87df6c-wcjp7" is pending
Pod		kube-system/ebs-csi-controller-86784976dc-fbxdt		system-cluster-critical pod "ebs-csi-controller-86784976dc-fbxdt" is pending
Pod		kube-system/ebs-csi-node-m4lmm				system-node-critical pod "ebs-csi-node-m4lmm" is pending

Validation Failed
INSTANCE GROUPS
NAME				ROLE	MACHINETYPE	MIN	MAX	SUBNETS
master-us-east-2c		Master	m5.large	1	1	us-east-2c
spot-group-base-8vcpus-16gb	Node	c5.2xlarge	8	8	us-east-2c

NODE STATUS
NAME						ROLE	READY
ip-172-20-34-166.us-east-2.compute.internal	master	True

VALIDATION ERRORS
KIND		NAME						MESSAGE
InstanceGroup	spot-group-base-8vcpus-16gb			InstanceGroup "spot-group-base-8vcpus-16gb" did not have enough nodes 3 vs 8
Machine		i-01baa39e1de402ee4				machine "i-01baa39e1de402ee4" has not yet joined cluster
Machine		i-02d786058252e8bca				machine "i-02d786058252e8bca" has not yet joined cluster
Machine		i-06a04afb4bd08e8fa				machine "i-06a04afb4bd08e8fa" has not yet joined cluster
Node		ip-172-20-34-166.us-east-2.compute.internal	master "ip-172-20-34-166.us-east-2.compute.internal" is missing kube-controller-manager pod
Pod		kube-system/coredns-8555c7d6d6-zc2gw		system-cluster-critical pod "coredns-8555c7d6d6-zc2gw" is pending
Pod		kube-system/coredns-autoscaler-57dd87df6c-wcjp7	system-cluster-critical pod "coredns-autoscaler-57dd87df6c-wcjp7" is pending
Pod		kube-system/ebs-csi-controller-86784976dc-fbxdt	system-cluster-critical pod "ebs-csi-controller-86784976dc-fbxdt" is pending

Validation Failed
INSTANCE GROUPS
NAME				ROLE	MACHINETYPE	MIN	MAX	SUBNETS
master-us-east-2c		Master	m5.large	1	1	us-east-2c
spot-group-base-8vcpus-16gb	Node	c5.2xlarge	8	8	us-east-2c

NODE STATUS
NAME						ROLE	READY
ip-172-20-34-166.us-east-2.compute.internal	master	True

VALIDATION ERRORS
KIND		NAME						MESSAGE
InstanceGroup	spot-group-base-8vcpus-16gb			InstanceGroup "spot-group-base-8vcpus-16gb" did not have enough nodes 3 vs 8
Machine		i-01baa39e1de402ee4				machine "i-01baa39e1de402ee4" has not yet joined cluster
Machine		i-02d786058252e8bca				machine "i-02d786058252e8bca" has not yet joined cluster
Machine		i-06a04afb4bd08e8fa				machine "i-06a04afb4bd08e8fa" has not yet joined cluster
Node		ip-172-20-34-166.us-east-2.compute.internal	master "ip-172-20-34-166.us-east-2.compute.internal" is missing kube-controller-manager pod
Pod		kube-system/coredns-8555c7d6d6-zc2gw		system-cluster-critical pod "coredns-8555c7d6d6-zc2gw" is pending
Pod		kube-system/coredns-autoscaler-57dd87df6c-wcjp7	system-cluster-critical pod "coredns-autoscaler-57dd87df6c-wcjp7" is pending

Validation Failed
INSTANCE GROUPS
NAME				ROLE	MACHINETYPE	MIN	MAX	SUBNETS
master-us-east-2c		Master	m5.large	1	1	us-east-2c
spot-group-base-8vcpus-16gb	Node	c5.2xlarge	8	8	us-east-2c

NODE STATUS
NAME						ROLE	READY
ip-172-20-34-166.us-east-2.compute.internal	master	True

VALIDATION ERRORS
KIND		NAME										MESSAGE
InstanceGroup	spot-group-base-8vcpus-16gb							InstanceGroup "spot-group-base-8vcpus-16gb" did not have enough nodes 3 vs 8
Machine		i-01baa39e1de402ee4								machine "i-01baa39e1de402ee4" has not yet joined cluster
Machine		i-02d786058252e8bca								machine "i-02d786058252e8bca" has not yet joined cluster
Machine		i-06a04afb4bd08e8fa								machine "i-06a04afb4bd08e8fa" has not yet joined cluster
Node		ip-172-20-34-166.us-east-2.compute.internal					master "ip-172-20-34-166.us-east-2.compute.internal" is missing kube-controller-manager pod
Pod		kube-system/coredns-8555c7d6d6-zc2gw						system-cluster-critical pod "coredns-8555c7d6d6-zc2gw" is pending
Pod		kube-system/coredns-autoscaler-57dd87df6c-wcjp7					system-cluster-critical pod "coredns-autoscaler-57dd87df6c-wcjp7" is pending
Pod		kube-system/kube-controller-manager-ip-172-20-34-166.us-east-2.compute.internal	system-cluster-critical pod "kube-controller-manager-ip-172-20-34-166.us-east-2.compute.internal" is pending

Validation Failed
INSTANCE GROUPS
NAME				ROLE	MACHINETYPE	MIN	MAX	SUBNETS
master-us-east-2c		Master	m5.large	1	1	us-east-2c
spot-group-base-8vcpus-16gb	Node	c5.2xlarge	8	8	us-east-2c

NODE STATUS
NAME						ROLE	READY
ip-172-20-34-166.us-east-2.compute.internal	master	True
ip-172-20-36-56.us-east-2.compute.internal	node	False

VALIDATION ERRORS
KIND		NAME									MESSAGE
InstanceGroup	spot-group-base-8vcpus-16gb						InstanceGroup "spot-group-base-8vcpus-16gb" did not have enough nodes 3 vs 8
Machine		i-01baa39e1de402ee4							machine "i-01baa39e1de402ee4" has not yet joined cluster
Machine		i-06a04afb4bd08e8fa							machine "i-06a04afb4bd08e8fa" has not yet joined cluster
Node		ip-172-20-36-56.us-east-2.compute.internal				node "ip-172-20-36-56.us-east-2.compute.internal" of role "node" is not ready
Pod		kube-system/calico-node-gh6qw						system-node-critical pod "calico-node-gh6qw" is pending
Pod		kube-system/coredns-8555c7d6d6-zc2gw					system-cluster-critical pod "coredns-8555c7d6d6-zc2gw" is pending
Pod		kube-system/coredns-autoscaler-57dd87df6c-wcjp7				system-cluster-critical pod "coredns-autoscaler-57dd87df6c-wcjp7" is pending
Pod		kube-system/ebs-csi-node-kls2f						system-node-critical pod "ebs-csi-node-kls2f" is pending
Pod		kube-system/kube-proxy-ip-172-20-36-56.us-east-2.compute.internal	system-node-critical pod "kube-proxy-ip-172-20-36-56.us-east-2.compute.internal" is pending

Validation Failed
INSTANCE GROUPS
NAME				ROLE	MACHINETYPE	MIN	MAX	SUBNETS
master-us-east-2c		Master	m5.large	1	1	us-east-2c
spot-group-base-8vcpus-16gb	Node	c5.2xlarge	8	8	us-east-2c

NODE STATUS
NAME						ROLE	READY
ip-172-20-34-166.us-east-2.compute.internal	master	True
ip-172-20-36-56.us-east-2.compute.internal	node	False
ip-172-20-39-132.us-east-2.compute.internal	node	False
ip-172-20-47-228.us-east-2.compute.internal	node	False

VALIDATION ERRORS
KIND		NAME									MESSAGE
InstanceGroup	spot-group-base-8vcpus-16gb						InstanceGroup "spot-group-base-8vcpus-16gb" did not have enough nodes 4 vs 8
Machine		i-05c901c6b187ce4cc							machine "i-05c901c6b187ce4cc" has not yet joined cluster
Node		ip-172-20-36-56.us-east-2.compute.internal				node "ip-172-20-36-56.us-east-2.compute.internal" of role "node" is not ready
Node		ip-172-20-39-132.us-east-2.compute.internal				node "ip-172-20-39-132.us-east-2.compute.internal" of role "node" is not ready
Node		ip-172-20-47-228.us-east-2.compute.internal				node "ip-172-20-47-228.us-east-2.compute.internal" of role "node" is not ready
Pod		kube-system/calico-node-gh6qw						system-node-critical pod "calico-node-gh6qw" is pending
Pod		kube-system/calico-node-gsdk8						system-node-critical pod "calico-node-gsdk8" is pending
Pod		kube-system/calico-node-xprmc						system-node-critical pod "calico-node-xprmc" is pending
Pod		kube-system/coredns-8555c7d6d6-zc2gw					system-cluster-critical pod "coredns-8555c7d6d6-zc2gw" is pending
Pod		kube-system/coredns-autoscaler-57dd87df6c-wcjp7				system-cluster-critical pod "coredns-autoscaler-57dd87df6c-wcjp7" is pending
Pod		kube-system/ebs-csi-node-kls2f						system-node-critical pod "ebs-csi-node-kls2f" is pending
Pod		kube-system/ebs-csi-node-lxwth						system-node-critical pod "ebs-csi-node-lxwth" is pending
Pod		kube-system/ebs-csi-node-n5tfn						system-node-critical pod "ebs-csi-node-n5tfn" is pending
Pod		kube-system/kube-proxy-ip-172-20-39-132.us-east-2.compute.internal	system-node-critical pod "kube-proxy-ip-172-20-39-132.us-east-2.compute.internal" is pending

Validation Failed
INSTANCE GROUPS
NAME				ROLE	MACHINETYPE	MIN	MAX	SUBNETS
master-us-east-2c		Master	m5.large	1	1	us-east-2c
spot-group-base-8vcpus-16gb	Node	c5.2xlarge	8	8	us-east-2c

NODE STATUS
NAME						ROLE	READY
ip-172-20-34-166.us-east-2.compute.internal	master	True
ip-172-20-36-56.us-east-2.compute.internal	node	True
ip-172-20-39-132.us-east-2.compute.internal	node	False
ip-172-20-47-228.us-east-2.compute.internal	node	False

VALIDATION ERRORS
KIND	NAME						MESSAGE
Machine	i-04bd930c4ee8f013f				machine "i-04bd930c4ee8f013f" has not yet joined cluster
Machine	i-05c901c6b187ce4cc				machine "i-05c901c6b187ce4cc" has not yet joined cluster
Machine	i-088b3363e5e4a8d6b				machine "i-088b3363e5e4a8d6b" has not yet joined cluster
Machine	i-0b73f707ff0e78260				machine "i-0b73f707ff0e78260" has not yet joined cluster
Machine	i-0de4506e46d56bf5a				machine "i-0de4506e46d56bf5a" has not yet joined cluster
Node	ip-172-20-39-132.us-east-2.compute.internal	node "ip-172-20-39-132.us-east-2.compute.internal" of role "node" is not ready
Node	ip-172-20-47-228.us-east-2.compute.internal	node "ip-172-20-47-228.us-east-2.compute.internal" of role "node" is not ready
Pod	kube-system/calico-node-gh6qw			system-node-critical pod "calico-node-gh6qw" is not ready (calico-node)
Pod	kube-system/calico-node-gsdk8			system-node-critical pod "calico-node-gsdk8" is not ready (calico-node)
Pod	kube-system/calico-node-xprmc			system-node-critical pod "calico-node-xprmc" is pending
Pod	kube-system/ebs-csi-node-kls2f			system-node-critical pod "ebs-csi-node-kls2f" is pending
Pod	kube-system/ebs-csi-node-lxwth			system-node-critical pod "ebs-csi-node-lxwth" is pending
Pod	kube-system/ebs-csi-node-n5tfn			system-node-critical pod "ebs-csi-node-n5tfn" is pending

Validation Failed
INSTANCE GROUPS
NAME				ROLE	MACHINETYPE	MIN	MAX	SUBNETS
master-us-east-2c		Master	m5.large	1	1	us-east-2c
spot-group-base-8vcpus-16gb	Node	c5.2xlarge	8	8	us-east-2c

NODE STATUS
NAME						ROLE	READY
ip-172-20-34-166.us-east-2.compute.internal	master	True
ip-172-20-36-56.us-east-2.compute.internal	node	True
ip-172-20-39-132.us-east-2.compute.internal	node	True
ip-172-20-47-228.us-east-2.compute.internal	node	True

VALIDATION ERRORS
KIND	NAME				MESSAGE
Machine	i-04bd930c4ee8f013f		machine "i-04bd930c4ee8f013f" has not yet joined cluster
Machine	i-05c901c6b187ce4cc		machine "i-05c901c6b187ce4cc" has not yet joined cluster
Machine	i-088b3363e5e4a8d6b		machine "i-088b3363e5e4a8d6b" has not yet joined cluster
Machine	i-0b73f707ff0e78260		machine "i-0b73f707ff0e78260" has not yet joined cluster
Machine	i-0de4506e46d56bf5a		machine "i-0de4506e46d56bf5a" has not yet joined cluster
Pod	kube-system/calico-node-gh6qw	system-node-critical pod "calico-node-gh6qw" is not ready (calico-node)
Pod	kube-system/calico-node-gsdk8	system-node-critical pod "calico-node-gsdk8" is not ready (calico-node)
Pod	kube-system/calico-node-xprmc	system-node-critical pod "calico-node-xprmc" is not ready (calico-node)
Pod	kube-system/ebs-csi-node-kls2f	system-node-critical pod "ebs-csi-node-kls2f" is pending
Pod	kube-system/ebs-csi-node-lxwth	system-node-critical pod "ebs-csi-node-lxwth" is pending
Pod	kube-system/ebs-csi-node-n5tfn	system-node-critical pod "ebs-csi-node-n5tfn" is pending

Validation Failed
INSTANCE GROUPS
NAME				ROLE	MACHINETYPE	MIN	MAX	SUBNETS
master-us-east-2c		Master	m5.large	1	1	us-east-2c
spot-group-base-8vcpus-16gb	Node	c5.2xlarge	8	8	us-east-2c

NODE STATUS
NAME						ROLE	READY
ip-172-20-34-166.us-east-2.compute.internal	master	True
ip-172-20-36-56.us-east-2.compute.internal	node	True
ip-172-20-39-132.us-east-2.compute.internal	node	True
ip-172-20-47-228.us-east-2.compute.internal	node	True

VALIDATION ERRORS
KIND	NAME			MESSAGE
Machine	i-04bd930c4ee8f013f	machine "i-04bd930c4ee8f013f" has not yet joined cluster
Machine	i-05c901c6b187ce4cc	machine "i-05c901c6b187ce4cc" has not yet joined cluster
Machine	i-088b3363e5e4a8d6b	machine "i-088b3363e5e4a8d6b" has not yet joined cluster
Machine	i-0b73f707ff0e78260	machine "i-0b73f707ff0e78260" has not yet joined cluster
Machine	i-0de4506e46d56bf5a	machine "i-0de4506e46d56bf5a" has not yet joined cluster

Validation Failed
INSTANCE GROUPS
NAME				ROLE	MACHINETYPE	MIN	MAX	SUBNETS
master-us-east-2c		Master	m5.large	1	1	us-east-2c
spot-group-base-8vcpus-16gb	Node	c5.2xlarge	8	8	us-east-2c

NODE STATUS
NAME						ROLE	READY
ip-172-20-34-166.us-east-2.compute.internal	master	True
ip-172-20-36-56.us-east-2.compute.internal	node	True
ip-172-20-39-132.us-east-2.compute.internal	node	True
ip-172-20-47-228.us-east-2.compute.internal	node	True

VALIDATION ERRORS
KIND	NAME			MESSAGE
Machine	i-04bd930c4ee8f013f	machine "i-04bd930c4ee8f013f" has not yet joined cluster
Machine	i-05c901c6b187ce4cc	machine "i-05c901c6b187ce4cc" has not yet joined cluster
Machine	i-088b3363e5e4a8d6b	machine "i-088b3363e5e4a8d6b" has not yet joined cluster
Machine	i-0b73f707ff0e78260	machine "i-0b73f707ff0e78260" has not yet joined cluster
Machine	i-0de4506e46d56bf5a	machine "i-0de4506e46d56bf5a" has not yet joined cluster

Validation Failed
INSTANCE GROUPS
NAME				ROLE	MACHINETYPE	MIN	MAX	SUBNETS
master-us-east-2c		Master	m5.large	1	1	us-east-2c
spot-group-base-8vcpus-16gb	Node	c5.2xlarge	8	8	us-east-2c

NODE STATUS
NAME						ROLE	READY
ip-172-20-34-166.us-east-2.compute.internal	master	True
ip-172-20-36-56.us-east-2.compute.internal	node	True
ip-172-20-39-132.us-east-2.compute.internal	node	True
ip-172-20-47-228.us-east-2.compute.internal	node	True

VALIDATION ERRORS
KIND	NAME			MESSAGE
Machine	i-04bd930c4ee8f013f	machine "i-04bd930c4ee8f013f" has not yet joined cluster
Machine	i-05c901c6b187ce4cc	machine "i-05c901c6b187ce4cc" has not yet joined cluster
Machine	i-088b3363e5e4a8d6b	machine "i-088b3363e5e4a8d6b" has not yet joined cluster
Machine	i-0b73f707ff0e78260	machine "i-0b73f707ff0e78260" has not yet joined cluster
Machine	i-0de4506e46d56bf5a	machine "i-0de4506e46d56bf5a" has not yet joined cluster

Validation Failed
INSTANCE GROUPS
NAME				ROLE	MACHINETYPE	MIN	MAX	SUBNETS
master-us-east-2c		Master	m5.large	1	1	us-east-2c
spot-group-base-8vcpus-16gb	Node	c5.2xlarge	8	8	us-east-2c

NODE STATUS
NAME						ROLE	READY
ip-172-20-34-166.us-east-2.compute.internal	master	True
ip-172-20-36-56.us-east-2.compute.internal	node	True
ip-172-20-39-132.us-east-2.compute.internal	node	True
ip-172-20-47-228.us-east-2.compute.internal	node	True

VALIDATION ERRORS
KIND	NAME			MESSAGE
Machine	i-04bd930c4ee8f013f	machine "i-04bd930c4ee8f013f" has not yet joined cluster
Machine	i-05c901c6b187ce4cc	machine "i-05c901c6b187ce4cc" has not yet joined cluster
Machine	i-088b3363e5e4a8d6b	machine "i-088b3363e5e4a8d6b" has not yet joined cluster
Machine	i-0b73f707ff0e78260	machine "i-0b73f707ff0e78260" has not yet joined cluster
Machine	i-0de4506e46d56bf5a	machine "i-0de4506e46d56bf5a" has not yet joined cluster

Validation Failed
INSTANCE GROUPS
NAME				ROLE	MACHINETYPE	MIN	MAX	SUBNETS
master-us-east-2c		Master	m5.large	1	1	us-east-2c
spot-group-base-8vcpus-16gb	Node	c5.2xlarge	8	8	us-east-2c

NODE STATUS
NAME						ROLE	READY
ip-172-20-34-166.us-east-2.compute.internal	master	True
ip-172-20-36-56.us-east-2.compute.internal	node	True
ip-172-20-39-132.us-east-2.compute.internal	node	True
ip-172-20-47-228.us-east-2.compute.internal	node	True

VALIDATION ERRORS
KIND	NAME			MESSAGE
Machine	i-04bd930c4ee8f013f	machine "i-04bd930c4ee8f013f" has not yet joined cluster
Machine	i-05c901c6b187ce4cc	machine "i-05c901c6b187ce4cc" has not yet joined cluster
Machine	i-088b3363e5e4a8d6b	machine "i-088b3363e5e4a8d6b" has not yet joined cluster
Machine	i-0b73f707ff0e78260	machine "i-0b73f707ff0e78260" has not yet joined cluster
Machine	i-0de4506e46d56bf5a	machine "i-0de4506e46d56bf5a" has not yet joined cluster

Validation Failed
INSTANCE GROUPS
NAME				ROLE	MACHINETYPE	MIN	MAX	SUBNETS
master-us-east-2c		Master	m5.large	1	1	us-east-2c
spot-group-base-8vcpus-16gb	Node	c5.2xlarge	8	8	us-east-2c

NODE STATUS
NAME						ROLE	READY
ip-172-20-34-166.us-east-2.compute.internal	master	True
ip-172-20-36-56.us-east-2.compute.internal	node	True
ip-172-20-39-132.us-east-2.compute.internal	node	True
ip-172-20-47-228.us-east-2.compute.internal	node	True
ip-172-20-52-47.us-east-2.compute.internal	node	False

VALIDATION ERRORS
KIND	NAME						MESSAGE
Machine	i-04bd930c4ee8f013f				machine "i-04bd930c4ee8f013f" has not yet joined cluster
Machine	i-088b3363e5e4a8d6b				machine "i-088b3363e5e4a8d6b" has not yet joined cluster
Machine	i-0b73f707ff0e78260				machine "i-0b73f707ff0e78260" has not yet joined cluster
Machine	i-0de4506e46d56bf5a				machine "i-0de4506e46d56bf5a" has not yet joined cluster
Node	ip-172-20-52-47.us-east-2.compute.internal	node "ip-172-20-52-47.us-east-2.compute.internal" of role "node" is not ready
Pod	kube-system/calico-node-w2l5v			system-node-critical pod "calico-node-w2l5v" is pending
Pod	kube-system/ebs-csi-node-6sc9f			system-node-critical pod "ebs-csi-node-6sc9f" is pending

Validation Failed
INSTANCE GROUPS
NAME				ROLE	MACHINETYPE	MIN	MAX	SUBNETS
master-us-east-2c		Master	m5.large	1	1	us-east-2c
spot-group-base-8vcpus-16gb	Node	c5.2xlarge	8	8	us-east-2c

NODE STATUS
NAME						ROLE	READY
ip-172-20-34-113.us-east-2.compute.internal	node	False
ip-172-20-34-166.us-east-2.compute.internal	master	True
ip-172-20-36-56.us-east-2.compute.internal	node	True
ip-172-20-39-132.us-east-2.compute.internal	node	True
ip-172-20-47-228.us-east-2.compute.internal	node	True
ip-172-20-52-195.us-east-2.compute.internal	node	False
ip-172-20-52-47.us-east-2.compute.internal	node	True
ip-172-20-55-236.us-east-2.compute.internal	node	False
ip-172-20-61-92.us-east-2.compute.internal	node	False

VALIDATION ERRORS
KIND	NAME									MESSAGE
Node	ip-172-20-34-113.us-east-2.compute.internal				node "ip-172-20-34-113.us-east-2.compute.internal" of role "node" is not ready
Node	ip-172-20-52-195.us-east-2.compute.internal				node "ip-172-20-52-195.us-east-2.compute.internal" of role "node" is not ready
Node	ip-172-20-55-236.us-east-2.compute.internal				node "ip-172-20-55-236.us-east-2.compute.internal" of role "node" is not ready
Node	ip-172-20-61-92.us-east-2.compute.internal				node "ip-172-20-61-92.us-east-2.compute.internal" of role "node" is not ready
Pod	kube-system/calico-node-4lmxn						system-node-critical pod "calico-node-4lmxn" is pending
Pod	kube-system/calico-node-t5plz						system-node-critical pod "calico-node-t5plz" is pending
Pod	kube-system/calico-node-v5gzs						system-node-critical pod "calico-node-v5gzs" is pending
Pod	kube-system/calico-node-vcjrc						system-node-critical pod "calico-node-vcjrc" is pending
Pod	kube-system/calico-node-w2l5v						system-node-critical pod "calico-node-w2l5v" is not ready (calico-node)
Pod	kube-system/ebs-csi-node-6sc9f						system-node-critical pod "ebs-csi-node-6sc9f" is pending
Pod	kube-system/ebs-csi-node-6v685						system-node-critical pod "ebs-csi-node-6v685" is pending
Pod	kube-system/ebs-csi-node-fphlh						system-node-critical pod "ebs-csi-node-fphlh" is pending
Pod	kube-system/ebs-csi-node-h682b						system-node-critical pod "ebs-csi-node-h682b" is pending
Pod	kube-system/ebs-csi-node-wmm2v						system-node-critical pod "ebs-csi-node-wmm2v" is pending
Pod	kube-system/kube-proxy-ip-172-20-34-113.us-east-2.compute.internal	system-node-critical pod "kube-proxy-ip-172-20-34-113.us-east-2.compute.internal" is pending

Validation Failed
INSTANCE GROUPS
NAME				ROLE	MACHINETYPE	MIN	MAX	SUBNETS
master-us-east-2c		Master	m5.large	1	1	us-east-2c
spot-group-base-8vcpus-16gb	Node	c5.2xlarge	8	8	us-east-2c

NODE STATUS
NAME						ROLE	READY
ip-172-20-34-113.us-east-2.compute.internal	node	False
ip-172-20-34-166.us-east-2.compute.internal	master	True
ip-172-20-36-56.us-east-2.compute.internal	node	True
ip-172-20-39-132.us-east-2.compute.internal	node	True
ip-172-20-47-228.us-east-2.compute.internal	node	True
ip-172-20-52-195.us-east-2.compute.internal	node	False
ip-172-20-52-47.us-east-2.compute.internal	node	True
ip-172-20-55-236.us-east-2.compute.internal	node	False
ip-172-20-61-92.us-east-2.compute.internal	node	False

VALIDATION ERRORS
KIND	NAME						MESSAGE
Node	ip-172-20-34-113.us-east-2.compute.internal	node "ip-172-20-34-113.us-east-2.compute.internal" of role "node" is not ready
Node	ip-172-20-52-195.us-east-2.compute.internal	node "ip-172-20-52-195.us-east-2.compute.internal" of role "node" is not ready
Node	ip-172-20-55-236.us-east-2.compute.internal	node "ip-172-20-55-236.us-east-2.compute.internal" of role "node" is not ready
Node	ip-172-20-61-92.us-east-2.compute.internal	node "ip-172-20-61-92.us-east-2.compute.internal" of role "node" is not ready
Pod	kube-system/calico-node-4lmxn			system-node-critical pod "calico-node-4lmxn" is not ready (calico-node)
Pod	kube-system/calico-node-t5plz			system-node-critical pod "calico-node-t5plz" is pending
Pod	kube-system/calico-node-v5gzs			system-node-critical pod "calico-node-v5gzs" is pending
Pod	kube-system/calico-node-vcjrc			system-node-critical pod "calico-node-vcjrc" is not ready (calico-node)
Pod	kube-system/ebs-csi-node-6sc9f			system-node-critical pod "ebs-csi-node-6sc9f" is pending
Pod	kube-system/ebs-csi-node-6v685			system-node-critical pod "ebs-csi-node-6v685" is pending
Pod	kube-system/ebs-csi-node-fphlh			system-node-critical pod "ebs-csi-node-fphlh" is pending
Pod	kube-system/ebs-csi-node-h682b			system-node-critical pod "ebs-csi-node-h682b" is pending
Pod	kube-system/ebs-csi-node-wmm2v			system-node-critical pod "ebs-csi-node-wmm2v" is pending

Validation Failed
INSTANCE GROUPS
NAME				ROLE	MACHINETYPE	MIN	MAX	SUBNETS
master-us-east-2c		Master	m5.large	1	1	us-east-2c
spot-group-base-8vcpus-16gb	Node	c5.2xlarge	8	8	us-east-2c

NODE STATUS
NAME						ROLE	READY
ip-172-20-34-113.us-east-2.compute.internal	node	True
ip-172-20-34-166.us-east-2.compute.internal	master	True
ip-172-20-36-56.us-east-2.compute.internal	node	True
ip-172-20-39-132.us-east-2.compute.internal	node	True
ip-172-20-47-228.us-east-2.compute.internal	node	True
ip-172-20-52-195.us-east-2.compute.internal	node	True
ip-172-20-52-47.us-east-2.compute.internal	node	True
ip-172-20-55-236.us-east-2.compute.internal	node	True
ip-172-20-61-92.us-east-2.compute.internal	node	True

VALIDATION ERRORS
KIND	NAME				MESSAGE
Pod	kube-system/calico-node-4lmxn	system-node-critical pod "calico-node-4lmxn" is not ready (calico-node)
Pod	kube-system/calico-node-t5plz	system-node-critical pod "calico-node-t5plz" is not ready (calico-node)
Pod	kube-system/calico-node-vcjrc	system-node-critical pod "calico-node-vcjrc" is not ready (calico-node)
Pod	kube-system/ebs-csi-node-6v685	system-node-critical pod "ebs-csi-node-6v685" is pending
Pod	kube-system/ebs-csi-node-fphlh	system-node-critical pod "ebs-csi-node-fphlh" is pending
Pod	kube-system/ebs-csi-node-h682b	system-node-critical pod "ebs-csi-node-h682b" is pending
Pod	kube-system/ebs-csi-node-wmm2v	system-node-critical pod "ebs-csi-node-wmm2v" is pending

Validation Failed
INSTANCE GROUPS
NAME				ROLE	MACHINETYPE	MIN	MAX	SUBNETS
master-us-east-2c		Master	m5.large	1	1	us-east-2c
spot-group-base-8vcpus-16gb	Node	c5.2xlarge	8	8	us-east-2c

NODE STATUS
NAME						ROLE	READY
ip-172-20-34-113.us-east-2.compute.internal	node	True
ip-172-20-34-166.us-east-2.compute.internal	master	True
ip-172-20-36-56.us-east-2.compute.internal	node	True
ip-172-20-39-132.us-east-2.compute.internal	node	True
ip-172-20-47-228.us-east-2.compute.internal	node	True
ip-172-20-52-195.us-east-2.compute.internal	node	True
ip-172-20-52-47.us-east-2.compute.internal	node	True
ip-172-20-55-236.us-east-2.compute.internal	node	True
ip-172-20-61-92.us-east-2.compute.internal	node	True

VALIDATION ERRORS
KIND	NAME				MESSAGE
Pod	kube-system/ebs-csi-node-wmm2v	system-node-critical pod "ebs-csi-node-wmm2v" is pending

Validation Failed
INSTANCE GROUPS
NAME				ROLE	MACHINETYPE	MIN	MAX	SUBNETS
master-us-east-2c		Master	m5.large	1	1	us-east-2c
spot-group-base-8vcpus-16gb	Node	c5.2xlarge	8	8	us-east-2c

NODE STATUS
NAME						ROLE	READY
ip-172-20-34-113.us-east-2.compute.internal	node	True
ip-172-20-34-166.us-east-2.compute.internal	master	True
ip-172-20-36-56.us-east-2.compute.internal	node	True
ip-172-20-39-132.us-east-2.compute.internal	node	True
ip-172-20-47-228.us-east-2.compute.internal	node	True
ip-172-20-52-195.us-east-2.compute.internal	node	True
ip-172-20-52-47.us-east-2.compute.internal	node	True
ip-172-20-55-236.us-east-2.compute.internal	node	True
ip-172-20-61-92.us-east-2.compute.internal	node	True

Your cluster tcss702.k8s.local is ready

Successfully deployed cluster in 07 minutes, 13 seconds
Deployed from cluster spec, "kops_multi-tenant_spot_elb.yml"
