
*********************************************************************************

A new kops version is available: 1.25.2
Upgrading is recommended
More information: https://github.com/kubernetes/kops/blob/master/permalinks/upgrade_kops.md#1.25.2

*********************************************************************************


*********************************************************************************

A new kubernetes version is available: 1.23.14
Upgrading is recommended (try kops upgrade cluster)

More information: https://github.com/kubernetes/kops/blob/master/permalinks/upgrade_k8s.md#1.23.14

*********************************************************************************

kOps has set your kubectl context to tcss702.k8s.local

Cluster is starting.  It should be ready in a few minutes.

Suggestions:
 * validate cluster: kops validate cluster --wait 10m
 * list nodes: kubectl get nodes --show-labels
 * ssh to the master: ssh -i ~/.ssh/id_rsa ubuntu@api.tcss702.k8s.local
 * the ubuntu user is specific to Ubuntu. If not using Ubuntu please use the appropriate user based on your OS.
 * read about installing addons at: https://kops.sigs.k8s.io/addons.

Validating cluster tcss702.k8s.local

INSTANCE GROUPS
NAME				ROLE	MACHINETYPE	MIN	MAX	SUBNETS
master-us-east-2c		Master	m5.large	1	1	us-east-2c
spot-group-base-8vcpus-16gb	Node	c5.2xlarge	8	8	us-east-2c

NODE STATUS
NAME						ROLE	READY
ip-172-20-34-147.us-east-2.compute.internal	master	False

VALIDATION ERRORS
KIND	NAME										MESSAGE
Machine	i-00317cbfc8ecccaee								machine "i-00317cbfc8ecccaee" has not yet joined cluster
Machine	i-013d45fe777debdec								machine "i-013d45fe777debdec" has not yet joined cluster
Machine	i-031b0a8c8269ef2ba								machine "i-031b0a8c8269ef2ba" has not yet joined cluster
Machine	i-086b702eddd5ed3c2								machine "i-086b702eddd5ed3c2" has not yet joined cluster
Machine	i-0941b56b899e33517								machine "i-0941b56b899e33517" has not yet joined cluster
Machine	i-0ac83282f5bbe368e								machine "i-0ac83282f5bbe368e" has not yet joined cluster
Machine	i-0f5ab592d49ad578c								machine "i-0f5ab592d49ad578c" has not yet joined cluster
Machine	i-0f7e3f6d0b381f140								machine "i-0f7e3f6d0b381f140" has not yet joined cluster
Node	ip-172-20-34-147.us-east-2.compute.internal					node "ip-172-20-34-147.us-east-2.compute.internal" of role "master" is not ready
Pod	kube-system/kube-controller-manager-ip-172-20-34-147.us-east-2.compute.internal	system-cluster-critical pod "kube-controller-manager-ip-172-20-34-147.us-east-2.compute.internal" is pending

Validation Failed
INSTANCE GROUPS
NAME				ROLE	MACHINETYPE	MIN	MAX	SUBNETS
master-us-east-2c		Master	m5.large	1	1	us-east-2c
spot-group-base-8vcpus-16gb	Node	c5.2xlarge	8	8	us-east-2c

NODE STATUS
NAME						ROLE	READY
ip-172-20-34-147.us-east-2.compute.internal	master	False

VALIDATION ERRORS
KIND	NAME										MESSAGE
Machine	i-00317cbfc8ecccaee								machine "i-00317cbfc8ecccaee" has not yet joined cluster
Machine	i-013d45fe777debdec								machine "i-013d45fe777debdec" has not yet joined cluster
Machine	i-031b0a8c8269ef2ba								machine "i-031b0a8c8269ef2ba" has not yet joined cluster
Machine	i-086b702eddd5ed3c2								machine "i-086b702eddd5ed3c2" has not yet joined cluster
Machine	i-0941b56b899e33517								machine "i-0941b56b899e33517" has not yet joined cluster
Machine	i-0ac83282f5bbe368e								machine "i-0ac83282f5bbe368e" has not yet joined cluster
Machine	i-0f5ab592d49ad578c								machine "i-0f5ab592d49ad578c" has not yet joined cluster
Machine	i-0f7e3f6d0b381f140								machine "i-0f7e3f6d0b381f140" has not yet joined cluster
Node	ip-172-20-34-147.us-east-2.compute.internal					node "ip-172-20-34-147.us-east-2.compute.internal" of role "master" is not ready
Pod	kube-system/kube-controller-manager-ip-172-20-34-147.us-east-2.compute.internal	system-cluster-critical pod "kube-controller-manager-ip-172-20-34-147.us-east-2.compute.internal" is not ready (kube-controller-manager)

Validation Failed
INSTANCE GROUPS
NAME				ROLE	MACHINETYPE	MIN	MAX	SUBNETS
master-us-east-2c		Master	m5.large	1	1	us-east-2c
spot-group-base-8vcpus-16gb	Node	c5.2xlarge	8	8	us-east-2c

NODE STATUS
NAME						ROLE	READY
ip-172-20-34-147.us-east-2.compute.internal	master	False

VALIDATION ERRORS
KIND	NAME						MESSAGE
Machine	i-00317cbfc8ecccaee				machine "i-00317cbfc8ecccaee" has not yet joined cluster
Machine	i-013d45fe777debdec				machine "i-013d45fe777debdec" has not yet joined cluster
Machine	i-031b0a8c8269ef2ba				machine "i-031b0a8c8269ef2ba" has not yet joined cluster
Machine	i-086b702eddd5ed3c2				machine "i-086b702eddd5ed3c2" has not yet joined cluster
Machine	i-0941b56b899e33517				machine "i-0941b56b899e33517" has not yet joined cluster
Machine	i-0ac83282f5bbe368e				machine "i-0ac83282f5bbe368e" has not yet joined cluster
Machine	i-0f5ab592d49ad578c				machine "i-0f5ab592d49ad578c" has not yet joined cluster
Machine	i-0f7e3f6d0b381f140				machine "i-0f7e3f6d0b381f140" has not yet joined cluster
Node	ip-172-20-34-147.us-east-2.compute.internal	node "ip-172-20-34-147.us-east-2.compute.internal" of role "master" is not ready

Validation Failed
INSTANCE GROUPS
NAME				ROLE	MACHINETYPE	MIN	MAX	SUBNETS
master-us-east-2c		Master	m5.large	1	1	us-east-2c
spot-group-base-8vcpus-16gb	Node	c5.2xlarge	8	8	us-east-2c

NODE STATUS
NAME						ROLE	READY
ip-172-20-34-147.us-east-2.compute.internal	master	False

VALIDATION ERRORS
KIND	NAME							MESSAGE
Machine	i-00317cbfc8ecccaee					machine "i-00317cbfc8ecccaee" has not yet joined cluster
Machine	i-013d45fe777debdec					machine "i-013d45fe777debdec" has not yet joined cluster
Machine	i-031b0a8c8269ef2ba					machine "i-031b0a8c8269ef2ba" has not yet joined cluster
Machine	i-086b702eddd5ed3c2					machine "i-086b702eddd5ed3c2" has not yet joined cluster
Machine	i-0941b56b899e33517					machine "i-0941b56b899e33517" has not yet joined cluster
Machine	i-0ac83282f5bbe368e					machine "i-0ac83282f5bbe368e" has not yet joined cluster
Machine	i-0f5ab592d49ad578c					machine "i-0f5ab592d49ad578c" has not yet joined cluster
Machine	i-0f7e3f6d0b381f140					machine "i-0f7e3f6d0b381f140" has not yet joined cluster
Node	ip-172-20-34-147.us-east-2.compute.internal		node "ip-172-20-34-147.us-east-2.compute.internal" of role "master" is not ready
Pod	kube-system/calico-kube-controllers-58449699bc-msf28	system-cluster-critical pod "calico-kube-controllers-58449699bc-msf28" is pending
Pod	kube-system/calico-node-gmplf				system-node-critical pod "calico-node-gmplf" is pending
Pod	kube-system/coredns-8555c7d6d6-bf2mm			system-cluster-critical pod "coredns-8555c7d6d6-bf2mm" is pending
Pod	kube-system/coredns-autoscaler-57dd87df6c-t576s		system-cluster-critical pod "coredns-autoscaler-57dd87df6c-t576s" is pending
Pod	kube-system/dns-controller-77c787b6bc-5nj8v		system-cluster-critical pod "dns-controller-77c787b6bc-5nj8v" is pending
Pod	kube-system/ebs-csi-controller-86784976dc-rrjg6		system-cluster-critical pod "ebs-csi-controller-86784976dc-rrjg6" is pending
Pod	kube-system/ebs-csi-node-jbf8n				system-node-critical pod "ebs-csi-node-jbf8n" is pending

Validation Failed
INSTANCE GROUPS
NAME				ROLE	MACHINETYPE	MIN	MAX	SUBNETS
master-us-east-2c		Master	m5.large	1	1	us-east-2c
spot-group-base-8vcpus-16gb	Node	c5.2xlarge	8	8	us-east-2c

NODE STATUS
NAME						ROLE	READY
ip-172-20-34-147.us-east-2.compute.internal	master	False

VALIDATION ERRORS
KIND	NAME							MESSAGE
Machine	i-00317cbfc8ecccaee					machine "i-00317cbfc8ecccaee" has not yet joined cluster
Machine	i-013d45fe777debdec					machine "i-013d45fe777debdec" has not yet joined cluster
Machine	i-031b0a8c8269ef2ba					machine "i-031b0a8c8269ef2ba" has not yet joined cluster
Machine	i-086b702eddd5ed3c2					machine "i-086b702eddd5ed3c2" has not yet joined cluster
Machine	i-0941b56b899e33517					machine "i-0941b56b899e33517" has not yet joined cluster
Machine	i-0ac83282f5bbe368e					machine "i-0ac83282f5bbe368e" has not yet joined cluster
Machine	i-0f5ab592d49ad578c					machine "i-0f5ab592d49ad578c" has not yet joined cluster
Machine	i-0f7e3f6d0b381f140					machine "i-0f7e3f6d0b381f140" has not yet joined cluster
Node	ip-172-20-34-147.us-east-2.compute.internal		node "ip-172-20-34-147.us-east-2.compute.internal" of role "master" is not ready
Pod	kube-system/calico-kube-controllers-58449699bc-msf28	system-cluster-critical pod "calico-kube-controllers-58449699bc-msf28" is pending
Pod	kube-system/calico-node-gmplf				system-node-critical pod "calico-node-gmplf" is pending
Pod	kube-system/coredns-8555c7d6d6-bf2mm			system-cluster-critical pod "coredns-8555c7d6d6-bf2mm" is pending
Pod	kube-system/coredns-autoscaler-57dd87df6c-t576s		system-cluster-critical pod "coredns-autoscaler-57dd87df6c-t576s" is pending
Pod	kube-system/ebs-csi-controller-86784976dc-rrjg6		system-cluster-critical pod "ebs-csi-controller-86784976dc-rrjg6" is pending
Pod	kube-system/ebs-csi-node-jbf8n				system-node-critical pod "ebs-csi-node-jbf8n" is pending

Validation Failed
INSTANCE GROUPS
NAME				ROLE	MACHINETYPE	MIN	MAX	SUBNETS
master-us-east-2c		Master	m5.large	1	1	us-east-2c
spot-group-base-8vcpus-16gb	Node	c5.2xlarge	8	8	us-east-2c

NODE STATUS
NAME						ROLE	READY
ip-172-20-34-147.us-east-2.compute.internal	master	True

VALIDATION ERRORS
KIND	NAME										MESSAGE
Machine	i-00317cbfc8ecccaee								machine "i-00317cbfc8ecccaee" has not yet joined cluster
Machine	i-013d45fe777debdec								machine "i-013d45fe777debdec" has not yet joined cluster
Machine	i-031b0a8c8269ef2ba								machine "i-031b0a8c8269ef2ba" has not yet joined cluster
Machine	i-086b702eddd5ed3c2								machine "i-086b702eddd5ed3c2" has not yet joined cluster
Machine	i-0941b56b899e33517								machine "i-0941b56b899e33517" has not yet joined cluster
Machine	i-0ac83282f5bbe368e								machine "i-0ac83282f5bbe368e" has not yet joined cluster
Machine	i-0f5ab592d49ad578c								machine "i-0f5ab592d49ad578c" has not yet joined cluster
Machine	i-0f7e3f6d0b381f140								machine "i-0f7e3f6d0b381f140" has not yet joined cluster
Node	ip-172-20-34-147.us-east-2.compute.internal					master "ip-172-20-34-147.us-east-2.compute.internal" is missing kube-apiserver pod
Pod	kube-system/calico-node-gmplf							system-node-critical pod "calico-node-gmplf" is not ready (calico-node)
Pod	kube-system/coredns-8555c7d6d6-bf2mm						system-cluster-critical pod "coredns-8555c7d6d6-bf2mm" is pending
Pod	kube-system/coredns-autoscaler-57dd87df6c-t576s					system-cluster-critical pod "coredns-autoscaler-57dd87df6c-t576s" is pending
Pod	kube-system/ebs-csi-controller-86784976dc-rrjg6					system-cluster-critical pod "ebs-csi-controller-86784976dc-rrjg6" is pending
Pod	kube-system/ebs-csi-node-jbf8n							system-node-critical pod "ebs-csi-node-jbf8n" is pending
Pod	kube-system/etcd-manager-main-ip-172-20-34-147.us-east-2.compute.internal	system-cluster-critical pod "etcd-manager-main-ip-172-20-34-147.us-east-2.compute.internal" is pending
Pod	kube-system/kube-proxy-ip-172-20-34-147.us-east-2.compute.internal		system-node-critical pod "kube-proxy-ip-172-20-34-147.us-east-2.compute.internal" is pending

Validation Failed
INSTANCE GROUPS
NAME				ROLE	MACHINETYPE	MIN	MAX	SUBNETS
master-us-east-2c		Master	m5.large	1	1	us-east-2c
spot-group-base-8vcpus-16gb	Node	c5.2xlarge	8	8	us-east-2c

NODE STATUS
NAME						ROLE	READY
ip-172-20-34-147.us-east-2.compute.internal	master	True

VALIDATION ERRORS
KIND	NAME						MESSAGE
Machine	i-00317cbfc8ecccaee				machine "i-00317cbfc8ecccaee" has not yet joined cluster
Machine	i-013d45fe777debdec				machine "i-013d45fe777debdec" has not yet joined cluster
Machine	i-031b0a8c8269ef2ba				machine "i-031b0a8c8269ef2ba" has not yet joined cluster
Machine	i-086b702eddd5ed3c2				machine "i-086b702eddd5ed3c2" has not yet joined cluster
Machine	i-0941b56b899e33517				machine "i-0941b56b899e33517" has not yet joined cluster
Machine	i-0ac83282f5bbe368e				machine "i-0ac83282f5bbe368e" has not yet joined cluster
Machine	i-0f5ab592d49ad578c				machine "i-0f5ab592d49ad578c" has not yet joined cluster
Machine	i-0f7e3f6d0b381f140				machine "i-0f7e3f6d0b381f140" has not yet joined cluster
Pod	kube-system/coredns-8555c7d6d6-bf2mm		system-cluster-critical pod "coredns-8555c7d6d6-bf2mm" is pending
Pod	kube-system/coredns-autoscaler-57dd87df6c-t576s	system-cluster-critical pod "coredns-autoscaler-57dd87df6c-t576s" is pending
Pod	kube-system/ebs-csi-controller-86784976dc-rrjg6	system-cluster-critical pod "ebs-csi-controller-86784976dc-rrjg6" is pending
Pod	kube-system/ebs-csi-node-jbf8n			system-node-critical pod "ebs-csi-node-jbf8n" is pending

Validation Failed
INSTANCE GROUPS
NAME				ROLE	MACHINETYPE	MIN	MAX	SUBNETS
master-us-east-2c		Master	m5.large	1	1	us-east-2c
spot-group-base-8vcpus-16gb	Node	c5.2xlarge	8	8	us-east-2c

NODE STATUS
NAME						ROLE	READY
ip-172-20-34-147.us-east-2.compute.internal	master	True
ip-172-20-35-74.us-east-2.compute.internal	node	False
ip-172-20-36-89.us-east-2.compute.internal	node	False
ip-172-20-40-175.us-east-2.compute.internal	node	False
ip-172-20-53-92.us-east-2.compute.internal	node	False
ip-172-20-61-28.us-east-2.compute.internal	node	False

VALIDATION ERRORS
KIND	NAME						MESSAGE
Machine	i-00317cbfc8ecccaee				machine "i-00317cbfc8ecccaee" has not yet joined cluster
Machine	i-086b702eddd5ed3c2				machine "i-086b702eddd5ed3c2" has not yet joined cluster
Machine	i-0f7e3f6d0b381f140				machine "i-0f7e3f6d0b381f140" has not yet joined cluster
Node	ip-172-20-35-74.us-east-2.compute.internal	node "ip-172-20-35-74.us-east-2.compute.internal" of role "node" is not ready
Node	ip-172-20-36-89.us-east-2.compute.internal	node "ip-172-20-36-89.us-east-2.compute.internal" of role "node" is not ready
Node	ip-172-20-40-175.us-east-2.compute.internal	node "ip-172-20-40-175.us-east-2.compute.internal" of role "node" is not ready
Node	ip-172-20-53-92.us-east-2.compute.internal	node "ip-172-20-53-92.us-east-2.compute.internal" of role "node" is not ready
Node	ip-172-20-61-28.us-east-2.compute.internal	node "ip-172-20-61-28.us-east-2.compute.internal" of role "node" is not ready
Pod	kube-system/calico-node-g7knj			system-node-critical pod "calico-node-g7knj" is pending
Pod	kube-system/calico-node-ht2hm			system-node-critical pod "calico-node-ht2hm" is pending
Pod	kube-system/calico-node-j89zn			system-node-critical pod "calico-node-j89zn" is pending
Pod	kube-system/calico-node-mc42r			system-node-critical pod "calico-node-mc42r" is pending
Pod	kube-system/calico-node-n66bb			system-node-critical pod "calico-node-n66bb" is pending
Pod	kube-system/calico-node-t4frq			system-node-critical pod "calico-node-t4frq" is pending
Pod	kube-system/calico-node-twxrd			system-node-critical pod "calico-node-twxrd" is pending
Pod	kube-system/coredns-8555c7d6d6-bf2mm		system-cluster-critical pod "coredns-8555c7d6d6-bf2mm" is pending
Pod	kube-system/coredns-autoscaler-57dd87df6c-t576s	system-cluster-critical pod "coredns-autoscaler-57dd87df6c-t576s" is pending
Pod	kube-system/ebs-csi-node-75scw			system-node-critical pod "ebs-csi-node-75scw" is pending
Pod	kube-system/ebs-csi-node-bgqcl			system-node-critical pod "ebs-csi-node-bgqcl" is pending
Pod	kube-system/ebs-csi-node-h9sqx			system-node-critical pod "ebs-csi-node-h9sqx" is pending
Pod	kube-system/ebs-csi-node-kjcb7			system-node-critical pod "ebs-csi-node-kjcb7" is pending
Pod	kube-system/ebs-csi-node-sgxzl			system-node-critical pod "ebs-csi-node-sgxzl" is pending
Pod	kube-system/ebs-csi-node-snxmj			system-node-critical pod "ebs-csi-node-snxmj" is pending
Pod	kube-system/ebs-csi-node-zcl2s			system-node-critical pod "ebs-csi-node-zcl2s" is pending

Validation Failed
INSTANCE GROUPS
NAME				ROLE	MACHINETYPE	MIN	MAX	SUBNETS
master-us-east-2c		Master	m5.large	1	1	us-east-2c
spot-group-base-8vcpus-16gb	Node	c5.2xlarge	8	8	us-east-2c

NODE STATUS
NAME						ROLE	READY
ip-172-20-34-147.us-east-2.compute.internal	master	True
ip-172-20-35-74.us-east-2.compute.internal	node	False
ip-172-20-36-89.us-east-2.compute.internal	node	False
ip-172-20-40-175.us-east-2.compute.internal	node	False
ip-172-20-53-251.us-east-2.compute.internal	node	False
ip-172-20-53-92.us-east-2.compute.internal	node	False
ip-172-20-60-184.us-east-2.compute.internal	node	False
ip-172-20-60-212.us-east-2.compute.internal	node	False
ip-172-20-61-28.us-east-2.compute.internal	node	False

VALIDATION ERRORS
KIND	NAME						MESSAGE
Node	ip-172-20-35-74.us-east-2.compute.internal	node "ip-172-20-35-74.us-east-2.compute.internal" of role "node" is not ready
Node	ip-172-20-36-89.us-east-2.compute.internal	node "ip-172-20-36-89.us-east-2.compute.internal" of role "node" is not ready
Node	ip-172-20-40-175.us-east-2.compute.internal	node "ip-172-20-40-175.us-east-2.compute.internal" of role "node" is not ready
Node	ip-172-20-53-251.us-east-2.compute.internal	node "ip-172-20-53-251.us-east-2.compute.internal" of role "node" is not ready
Node	ip-172-20-53-92.us-east-2.compute.internal	node "ip-172-20-53-92.us-east-2.compute.internal" of role "node" is not ready
Node	ip-172-20-60-184.us-east-2.compute.internal	node "ip-172-20-60-184.us-east-2.compute.internal" of role "node" is not ready
Node	ip-172-20-60-212.us-east-2.compute.internal	node "ip-172-20-60-212.us-east-2.compute.internal" of role "node" is not ready
Node	ip-172-20-61-28.us-east-2.compute.internal	node "ip-172-20-61-28.us-east-2.compute.internal" of role "node" is not ready
Pod	kube-system/calico-node-g7knj			system-node-critical pod "calico-node-g7knj" is pending
Pod	kube-system/calico-node-ht2hm			system-node-critical pod "calico-node-ht2hm" is pending
Pod	kube-system/calico-node-j4sqt			system-node-critical pod "calico-node-j4sqt" is pending
Pod	kube-system/calico-node-j89zn			system-node-critical pod "calico-node-j89zn" is pending
Pod	kube-system/calico-node-mc42r			system-node-critical pod "calico-node-mc42r" is pending
Pod	kube-system/calico-node-n66bb			system-node-critical pod "calico-node-n66bb" is pending
Pod	kube-system/calico-node-t4frq			system-node-critical pod "calico-node-t4frq" is pending
Pod	kube-system/calico-node-twxrd			system-node-critical pod "calico-node-twxrd" is pending
Pod	kube-system/coredns-8555c7d6d6-bf2mm		system-cluster-critical pod "coredns-8555c7d6d6-bf2mm" is pending
Pod	kube-system/coredns-autoscaler-57dd87df6c-t576s	system-cluster-critical pod "coredns-autoscaler-57dd87df6c-t576s" is pending
Pod	kube-system/ebs-csi-node-548kt			system-node-critical pod "ebs-csi-node-548kt" is pending
Pod	kube-system/ebs-csi-node-75scw			system-node-critical pod "ebs-csi-node-75scw" is pending
Pod	kube-system/ebs-csi-node-bgqcl			system-node-critical pod "ebs-csi-node-bgqcl" is pending
Pod	kube-system/ebs-csi-node-h9sqx			system-node-critical pod "ebs-csi-node-h9sqx" is pending
Pod	kube-system/ebs-csi-node-kjcb7			system-node-critical pod "ebs-csi-node-kjcb7" is pending
Pod	kube-system/ebs-csi-node-sgxzl			system-node-critical pod "ebs-csi-node-sgxzl" is pending
Pod	kube-system/ebs-csi-node-snxmj			system-node-critical pod "ebs-csi-node-snxmj" is pending
Pod	kube-system/ebs-csi-node-zcl2s			system-node-critical pod "ebs-csi-node-zcl2s" is pending

Validation Failed
INSTANCE GROUPS
NAME				ROLE	MACHINETYPE	MIN	MAX	SUBNETS
master-us-east-2c		Master	m5.large	1	1	us-east-2c
spot-group-base-8vcpus-16gb	Node	c5.2xlarge	8	8	us-east-2c

NODE STATUS
NAME						ROLE	READY
ip-172-20-34-147.us-east-2.compute.internal	master	True
ip-172-20-35-74.us-east-2.compute.internal	node	False
ip-172-20-36-89.us-east-2.compute.internal	node	False
ip-172-20-40-175.us-east-2.compute.internal	node	True
ip-172-20-53-251.us-east-2.compute.internal	node	True
ip-172-20-53-92.us-east-2.compute.internal	node	True
ip-172-20-60-184.us-east-2.compute.internal	node	True
ip-172-20-60-212.us-east-2.compute.internal	node	True
ip-172-20-61-28.us-east-2.compute.internal	node	False

VALIDATION ERRORS
KIND	NAME						MESSAGE
Node	ip-172-20-35-74.us-east-2.compute.internal	node "ip-172-20-35-74.us-east-2.compute.internal" of role "node" is not ready
Node	ip-172-20-36-89.us-east-2.compute.internal	node "ip-172-20-36-89.us-east-2.compute.internal" of role "node" is not ready
Node	ip-172-20-61-28.us-east-2.compute.internal	node "ip-172-20-61-28.us-east-2.compute.internal" of role "node" is not ready
Pod	kube-system/calico-node-g7knj			system-node-critical pod "calico-node-g7knj" is not ready (calico-node)
Pod	kube-system/calico-node-ht2hm			system-node-critical pod "calico-node-ht2hm" is pending
Pod	kube-system/calico-node-mc42r			system-node-critical pod "calico-node-mc42r" is pending
Pod	kube-system/calico-node-t4frq			system-node-critical pod "calico-node-t4frq" is not ready (calico-node)
Pod	kube-system/calico-node-twxrd			system-node-critical pod "calico-node-twxrd" is pending
Pod	kube-system/ebs-csi-node-548kt			system-node-critical pod "ebs-csi-node-548kt" is pending
Pod	kube-system/ebs-csi-node-75scw			system-node-critical pod "ebs-csi-node-75scw" is pending
Pod	kube-system/ebs-csi-node-bgqcl			system-node-critical pod "ebs-csi-node-bgqcl" is pending
Pod	kube-system/ebs-csi-node-h9sqx			system-node-critical pod "ebs-csi-node-h9sqx" is pending
Pod	kube-system/ebs-csi-node-kjcb7			system-node-critical pod "ebs-csi-node-kjcb7" is pending
Pod	kube-system/ebs-csi-node-sgxzl			system-node-critical pod "ebs-csi-node-sgxzl" is pending
Pod	kube-system/ebs-csi-node-snxmj			system-node-critical pod "ebs-csi-node-snxmj" is pending
Pod	kube-system/ebs-csi-node-zcl2s			system-node-critical pod "ebs-csi-node-zcl2s" is pending

Validation Failed
INSTANCE GROUPS
NAME				ROLE	MACHINETYPE	MIN	MAX	SUBNETS
master-us-east-2c		Master	m5.large	1	1	us-east-2c
spot-group-base-8vcpus-16gb	Node	c5.2xlarge	8	8	us-east-2c

NODE STATUS
NAME						ROLE	READY
ip-172-20-34-147.us-east-2.compute.internal	master	True
ip-172-20-35-74.us-east-2.compute.internal	node	True
ip-172-20-36-89.us-east-2.compute.internal	node	True
ip-172-20-40-175.us-east-2.compute.internal	node	True
ip-172-20-53-251.us-east-2.compute.internal	node	True
ip-172-20-53-92.us-east-2.compute.internal	node	True
ip-172-20-60-184.us-east-2.compute.internal	node	True
ip-172-20-60-212.us-east-2.compute.internal	node	True
ip-172-20-61-28.us-east-2.compute.internal	node	True

VALIDATION ERRORS
KIND	NAME				MESSAGE
Pod	kube-system/calico-node-g7knj	system-node-critical pod "calico-node-g7knj" is not ready (calico-node)
Pod	kube-system/calico-node-ht2hm	system-node-critical pod "calico-node-ht2hm" is not ready (calico-node)
Pod	kube-system/calico-node-mc42r	system-node-critical pod "calico-node-mc42r" is not ready (calico-node)
Pod	kube-system/calico-node-t4frq	system-node-critical pod "calico-node-t4frq" is not ready (calico-node)
Pod	kube-system/calico-node-twxrd	system-node-critical pod "calico-node-twxrd" is not ready (calico-node)
Pod	kube-system/ebs-csi-node-bgqcl	system-node-critical pod "ebs-csi-node-bgqcl" is pending
Pod	kube-system/ebs-csi-node-sgxzl	system-node-critical pod "ebs-csi-node-sgxzl" is pending
Pod	kube-system/ebs-csi-node-snxmj	system-node-critical pod "ebs-csi-node-snxmj" is pending

Validation Failed
INSTANCE GROUPS
NAME				ROLE	MACHINETYPE	MIN	MAX	SUBNETS
master-us-east-2c		Master	m5.large	1	1	us-east-2c
spot-group-base-8vcpus-16gb	Node	c5.2xlarge	8	8	us-east-2c

NODE STATUS
NAME						ROLE	READY
ip-172-20-34-147.us-east-2.compute.internal	master	True
ip-172-20-35-74.us-east-2.compute.internal	node	True
ip-172-20-36-89.us-east-2.compute.internal	node	True
ip-172-20-40-175.us-east-2.compute.internal	node	True
ip-172-20-53-251.us-east-2.compute.internal	node	True
ip-172-20-53-92.us-east-2.compute.internal	node	True
ip-172-20-60-184.us-east-2.compute.internal	node	True
ip-172-20-60-212.us-east-2.compute.internal	node	True
ip-172-20-61-28.us-east-2.compute.internal	node	True

VALIDATION ERRORS
KIND	NAME				MESSAGE
Pod	kube-system/ebs-csi-node-bgqcl	system-node-critical pod "ebs-csi-node-bgqcl" is pending

Validation Failed
INSTANCE GROUPS
NAME				ROLE	MACHINETYPE	MIN	MAX	SUBNETS
master-us-east-2c		Master	m5.large	1	1	us-east-2c
spot-group-base-8vcpus-16gb	Node	c5.2xlarge	8	8	us-east-2c

NODE STATUS
NAME						ROLE	READY
ip-172-20-34-147.us-east-2.compute.internal	master	True
ip-172-20-35-74.us-east-2.compute.internal	node	True
ip-172-20-36-89.us-east-2.compute.internal	node	True
ip-172-20-40-175.us-east-2.compute.internal	node	True
ip-172-20-53-251.us-east-2.compute.internal	node	True
ip-172-20-53-92.us-east-2.compute.internal	node	True
ip-172-20-60-184.us-east-2.compute.internal	node	True
ip-172-20-60-212.us-east-2.compute.internal	node	True
ip-172-20-61-28.us-east-2.compute.internal	node	True

VALIDATION ERRORS
KIND	NAME									MESSAGE
Pod	kube-system/kube-proxy-ip-172-20-40-175.us-east-2.compute.internal	system-node-critical pod "kube-proxy-ip-172-20-40-175.us-east-2.compute.internal" is pending
Pod	kube-system/kube-proxy-ip-172-20-60-184.us-east-2.compute.internal	system-node-critical pod "kube-proxy-ip-172-20-60-184.us-east-2.compute.internal" is pending
Pod	kube-system/kube-proxy-ip-172-20-60-212.us-east-2.compute.internal	system-node-critical pod "kube-proxy-ip-172-20-60-212.us-east-2.compute.internal" is pending

Validation Failed
INSTANCE GROUPS
NAME				ROLE	MACHINETYPE	MIN	MAX	SUBNETS
master-us-east-2c		Master	m5.large	1	1	us-east-2c
spot-group-base-8vcpus-16gb	Node	c5.2xlarge	8	8	us-east-2c

NODE STATUS
NAME						ROLE	READY
ip-172-20-34-147.us-east-2.compute.internal	master	True
ip-172-20-35-74.us-east-2.compute.internal	node	True
ip-172-20-36-89.us-east-2.compute.internal	node	True
ip-172-20-40-175.us-east-2.compute.internal	node	True
ip-172-20-53-251.us-east-2.compute.internal	node	True
ip-172-20-53-92.us-east-2.compute.internal	node	True
ip-172-20-60-184.us-east-2.compute.internal	node	True
ip-172-20-60-212.us-east-2.compute.internal	node	True
ip-172-20-61-28.us-east-2.compute.internal	node	True

VALIDATION ERRORS
KIND	NAME									MESSAGE
Pod	kube-system/kube-proxy-ip-172-20-36-89.us-east-2.compute.internal	system-node-critical pod "kube-proxy-ip-172-20-36-89.us-east-2.compute.internal" is pending

Validation Failed
INSTANCE GROUPS
NAME				ROLE	MACHINETYPE	MIN	MAX	SUBNETS
master-us-east-2c		Master	m5.large	1	1	us-east-2c
spot-group-base-8vcpus-16gb	Node	c5.2xlarge	8	8	us-east-2c

NODE STATUS
NAME						ROLE	READY
ip-172-20-34-147.us-east-2.compute.internal	master	True
ip-172-20-35-74.us-east-2.compute.internal	node	True
ip-172-20-36-89.us-east-2.compute.internal	node	True
ip-172-20-40-175.us-east-2.compute.internal	node	True
ip-172-20-53-251.us-east-2.compute.internal	node	True
ip-172-20-53-92.us-east-2.compute.internal	node	True
ip-172-20-60-184.us-east-2.compute.internal	node	True
ip-172-20-60-212.us-east-2.compute.internal	node	True
ip-172-20-61-28.us-east-2.compute.internal	node	True

VALIDATION ERRORS
KIND	NAME									MESSAGE
Pod	kube-system/kube-proxy-ip-172-20-53-251.us-east-2.compute.internal	system-node-critical pod "kube-proxy-ip-172-20-53-251.us-east-2.compute.internal" is pending

Validation Failed
INSTANCE GROUPS
NAME				ROLE	MACHINETYPE	MIN	MAX	SUBNETS
master-us-east-2c		Master	m5.large	1	1	us-east-2c
spot-group-base-8vcpus-16gb	Node	c5.2xlarge	8	8	us-east-2c

NODE STATUS
NAME						ROLE	READY
ip-172-20-34-147.us-east-2.compute.internal	master	True
ip-172-20-35-74.us-east-2.compute.internal	node	True
ip-172-20-36-89.us-east-2.compute.internal	node	True
ip-172-20-40-175.us-east-2.compute.internal	node	True
ip-172-20-53-251.us-east-2.compute.internal	node	True
ip-172-20-53-92.us-east-2.compute.internal	node	True
ip-172-20-60-184.us-east-2.compute.internal	node	True
ip-172-20-60-212.us-east-2.compute.internal	node	True
ip-172-20-61-28.us-east-2.compute.internal	node	True

Your cluster tcss702.k8s.local is ready

Successfully deployed cluster in 05 minutes, 52 seconds
Deployed from cluster spec, "kops_multi-tenant_spot_elb.yml"
