
*********************************************************************************

A new kops version is available: 1.25.2
Upgrading is recommended
More information: https://github.com/kubernetes/kops/blob/master/permalinks/upgrade_kops.md#1.25.2

*********************************************************************************


*********************************************************************************

A new kubernetes version is available: 1.23.14
Upgrading is recommended (try kops upgrade cluster)

More information: https://github.com/kubernetes/kops/blob/master/permalinks/upgrade_k8s.md#1.23.14

*********************************************************************************

kOps has set your kubectl context to tcss702.k8s.local

Cluster is starting.  It should be ready in a few minutes.

Suggestions:
 * validate cluster: kops validate cluster --wait 10m
 * list nodes: kubectl get nodes --show-labels
 * ssh to the master: ssh -i ~/.ssh/id_rsa ubuntu@api.tcss702.k8s.local
 * the ubuntu user is specific to Ubuntu. If not using Ubuntu please use the appropriate user based on your OS.
 * read about installing addons at: https://kops.sigs.k8s.io/addons.

Validating cluster tcss702.k8s.local

INSTANCE GROUPS
NAME				ROLE	MACHINETYPE	MIN	MAX	SUBNETS
master-us-east-2c		Master	m5.large	1	1	us-east-2c
spot-group-base-8vcpus-16gb	Node	c5.2xlarge	1	1	us-east-2c

NODE STATUS
NAME						ROLE	READY
ip-172-20-43-181.us-east-2.compute.internal	master	False

VALIDATION ERRORS
KIND	NAME										MESSAGE
Machine	i-039e8ab158cfe4ead								machine "i-039e8ab158cfe4ead" has not yet joined cluster
Node	ip-172-20-43-181.us-east-2.compute.internal					node "ip-172-20-43-181.us-east-2.compute.internal" of role "master" is not ready
Pod	kube-system/kube-controller-manager-ip-172-20-43-181.us-east-2.compute.internal	system-cluster-critical pod "kube-controller-manager-ip-172-20-43-181.us-east-2.compute.internal" is pending

Validation Failed
INSTANCE GROUPS
NAME				ROLE	MACHINETYPE	MIN	MAX	SUBNETS
master-us-east-2c		Master	m5.large	1	1	us-east-2c
spot-group-base-8vcpus-16gb	Node	c5.2xlarge	1	1	us-east-2c

NODE STATUS
NAME						ROLE	READY
ip-172-20-43-181.us-east-2.compute.internal	master	False

VALIDATION ERRORS
KIND	NAME										MESSAGE
Machine	i-039e8ab158cfe4ead								machine "i-039e8ab158cfe4ead" has not yet joined cluster
Node	ip-172-20-43-181.us-east-2.compute.internal					node "ip-172-20-43-181.us-east-2.compute.internal" of role "master" is not ready
Pod	kube-system/kube-controller-manager-ip-172-20-43-181.us-east-2.compute.internal	system-cluster-critical pod "kube-controller-manager-ip-172-20-43-181.us-east-2.compute.internal" is not ready (kube-controller-manager)

Validation Failed
INSTANCE GROUPS
NAME				ROLE	MACHINETYPE	MIN	MAX	SUBNETS
master-us-east-2c		Master	m5.large	1	1	us-east-2c
spot-group-base-8vcpus-16gb	Node	c5.2xlarge	1	1	us-east-2c

NODE STATUS
NAME						ROLE	READY
ip-172-20-43-181.us-east-2.compute.internal	master	False

VALIDATION ERRORS
KIND	NAME						MESSAGE
Machine	i-039e8ab158cfe4ead				machine "i-039e8ab158cfe4ead" has not yet joined cluster
Node	ip-172-20-43-181.us-east-2.compute.internal	node "ip-172-20-43-181.us-east-2.compute.internal" of role "master" is not ready

Validation Failed
INSTANCE GROUPS
NAME				ROLE	MACHINETYPE	MIN	MAX	SUBNETS
master-us-east-2c		Master	m5.large	1	1	us-east-2c
spot-group-base-8vcpus-16gb	Node	c5.2xlarge	1	1	us-east-2c

NODE STATUS
NAME						ROLE	READY
ip-172-20-43-181.us-east-2.compute.internal	master	False

VALIDATION ERRORS
KIND	NAME							MESSAGE
Machine	i-039e8ab158cfe4ead					machine "i-039e8ab158cfe4ead" has not yet joined cluster
Node	ip-172-20-43-181.us-east-2.compute.internal		node "ip-172-20-43-181.us-east-2.compute.internal" of role "master" is not ready
Pod	kube-system/calico-kube-controllers-58449699bc-bdtw2	system-cluster-critical pod "calico-kube-controllers-58449699bc-bdtw2" is pending
Pod	kube-system/calico-node-k24gt				system-node-critical pod "calico-node-k24gt" is pending
Pod	kube-system/coredns-8555c7d6d6-znslj			system-cluster-critical pod "coredns-8555c7d6d6-znslj" is pending
Pod	kube-system/coredns-autoscaler-57dd87df6c-l6lhh		system-cluster-critical pod "coredns-autoscaler-57dd87df6c-l6lhh" is pending
Pod	kube-system/ebs-csi-controller-86784976dc-th4m2		system-cluster-critical pod "ebs-csi-controller-86784976dc-th4m2" is pending
Pod	kube-system/ebs-csi-node-2ktkk				system-node-critical pod "ebs-csi-node-2ktkk" is pending
Pod	kube-system/kops-controller-hbf2w			system-cluster-critical pod "kops-controller-hbf2w" is pending

Validation Failed
INSTANCE GROUPS
NAME				ROLE	MACHINETYPE	MIN	MAX	SUBNETS
master-us-east-2c		Master	m5.large	1	1	us-east-2c
spot-group-base-8vcpus-16gb	Node	c5.2xlarge	1	1	us-east-2c

NODE STATUS
NAME						ROLE	READY
ip-172-20-43-181.us-east-2.compute.internal	master	False

VALIDATION ERRORS
KIND	NAME									MESSAGE
Machine	i-039e8ab158cfe4ead							machine "i-039e8ab158cfe4ead" has not yet joined cluster
Node	ip-172-20-43-181.us-east-2.compute.internal				node "ip-172-20-43-181.us-east-2.compute.internal" of role "master" is not ready
Pod	kube-system/calico-kube-controllers-58449699bc-bdtw2			system-cluster-critical pod "calico-kube-controllers-58449699bc-bdtw2" is pending
Pod	kube-system/calico-node-k24gt						system-node-critical pod "calico-node-k24gt" is pending
Pod	kube-system/coredns-8555c7d6d6-znslj					system-cluster-critical pod "coredns-8555c7d6d6-znslj" is pending
Pod	kube-system/coredns-autoscaler-57dd87df6c-l6lhh				system-cluster-critical pod "coredns-autoscaler-57dd87df6c-l6lhh" is pending
Pod	kube-system/ebs-csi-controller-86784976dc-th4m2				system-cluster-critical pod "ebs-csi-controller-86784976dc-th4m2" is pending
Pod	kube-system/ebs-csi-node-2ktkk						system-node-critical pod "ebs-csi-node-2ktkk" is pending
Pod	kube-system/kube-apiserver-ip-172-20-43-181.us-east-2.compute.internal	system-cluster-critical pod "kube-apiserver-ip-172-20-43-181.us-east-2.compute.internal" is pending

Validation Failed
INSTANCE GROUPS
NAME				ROLE	MACHINETYPE	MIN	MAX	SUBNETS
master-us-east-2c		Master	m5.large	1	1	us-east-2c
spot-group-base-8vcpus-16gb	Node	c5.2xlarge	1	1	us-east-2c

NODE STATUS
NAME						ROLE	READY
ip-172-20-43-181.us-east-2.compute.internal	master	True
ip-172-20-43-54.us-east-2.compute.internal	node	False

VALIDATION ERRORS
KIND	NAME									MESSAGE
Node	ip-172-20-43-54.us-east-2.compute.internal				node "ip-172-20-43-54.us-east-2.compute.internal" of role "node" is not ready
Pod	kube-system/calico-node-4gw6b						system-node-critical pod "calico-node-4gw6b" is pending
Pod	kube-system/calico-node-k24gt						system-node-critical pod "calico-node-k24gt" is not ready (calico-node)
Pod	kube-system/coredns-8555c7d6d6-znslj					system-cluster-critical pod "coredns-8555c7d6d6-znslj" is pending
Pod	kube-system/coredns-autoscaler-57dd87df6c-l6lhh				system-cluster-critical pod "coredns-autoscaler-57dd87df6c-l6lhh" is pending
Pod	kube-system/ebs-csi-controller-86784976dc-th4m2				system-cluster-critical pod "ebs-csi-controller-86784976dc-th4m2" is pending
Pod	kube-system/ebs-csi-node-2ktkk						system-node-critical pod "ebs-csi-node-2ktkk" is pending
Pod	kube-system/ebs-csi-node-95rjh						system-node-critical pod "ebs-csi-node-95rjh" is pending
Pod	kube-system/kube-proxy-ip-172-20-43-181.us-east-2.compute.internal	system-node-critical pod "kube-proxy-ip-172-20-43-181.us-east-2.compute.internal" is pending
Pod	kube-system/kube-proxy-ip-172-20-43-54.us-east-2.compute.internal	system-node-critical pod "kube-proxy-ip-172-20-43-54.us-east-2.compute.internal" is pending

Validation Failed
INSTANCE GROUPS
NAME				ROLE	MACHINETYPE	MIN	MAX	SUBNETS
master-us-east-2c		Master	m5.large	1	1	us-east-2c
spot-group-base-8vcpus-16gb	Node	c5.2xlarge	1	1	us-east-2c

NODE STATUS
NAME						ROLE	READY
ip-172-20-43-181.us-east-2.compute.internal	master	True
ip-172-20-43-54.us-east-2.compute.internal	node	False

VALIDATION ERRORS
KIND	NAME						MESSAGE
Node	ip-172-20-43-54.us-east-2.compute.internal	node "ip-172-20-43-54.us-east-2.compute.internal" of role "node" is not ready
Pod	kube-system/calico-node-4gw6b			system-node-critical pod "calico-node-4gw6b" is pending
Pod	kube-system/coredns-8555c7d6d6-znslj		system-cluster-critical pod "coredns-8555c7d6d6-znslj" is pending
Pod	kube-system/coredns-autoscaler-57dd87df6c-l6lhh	system-cluster-critical pod "coredns-autoscaler-57dd87df6c-l6lhh" is pending
Pod	kube-system/ebs-csi-controller-86784976dc-th4m2	system-cluster-critical pod "ebs-csi-controller-86784976dc-th4m2" is pending
Pod	kube-system/ebs-csi-node-2ktkk			system-node-critical pod "ebs-csi-node-2ktkk" is pending
Pod	kube-system/ebs-csi-node-95rjh			system-node-critical pod "ebs-csi-node-95rjh" is pending

Validation Failed
INSTANCE GROUPS
NAME				ROLE	MACHINETYPE	MIN	MAX	SUBNETS
master-us-east-2c		Master	m5.large	1	1	us-east-2c
spot-group-base-8vcpus-16gb	Node	c5.2xlarge	1	1	us-east-2c

NODE STATUS
NAME						ROLE	READY
ip-172-20-43-181.us-east-2.compute.internal	master	True
ip-172-20-43-54.us-east-2.compute.internal	node	True

VALIDATION ERRORS
KIND	NAME						MESSAGE
Pod	kube-system/coredns-8555c7d6d6-8qw5v		system-cluster-critical pod "coredns-8555c7d6d6-8qw5v" is pending
Pod	kube-system/coredns-autoscaler-57dd87df6c-l6lhh	system-cluster-critical pod "coredns-autoscaler-57dd87df6c-l6lhh" is pending
Pod	kube-system/ebs-csi-controller-86784976dc-th4m2	system-cluster-critical pod "ebs-csi-controller-86784976dc-th4m2" is pending
Pod	kube-system/ebs-csi-node-2ktkk			system-node-critical pod "ebs-csi-node-2ktkk" is pending
Pod	kube-system/ebs-csi-node-95rjh			system-node-critical pod "ebs-csi-node-95rjh" is pending

Validation Failed
INSTANCE GROUPS
NAME				ROLE	MACHINETYPE	MIN	MAX	SUBNETS
master-us-east-2c		Master	m5.large	1	1	us-east-2c
spot-group-base-8vcpus-16gb	Node	c5.2xlarge	1	1	us-east-2c

NODE STATUS
NAME						ROLE	READY
ip-172-20-43-181.us-east-2.compute.internal	master	True
ip-172-20-43-54.us-east-2.compute.internal	node	True

Your cluster tcss702.k8s.local is ready

Successfully deployed cluster in 12 minutes, 14 seconds
Deployed from cluster spec, "/tmp/tmp.A3GAUM1oHc.yml"
