
*********************************************************************************

A new kops version is available: 1.25.2
Upgrading is recommended
More information: https://github.com/kubernetes/kops/blob/master/permalinks/upgrade_kops.md#1.25.2

*********************************************************************************


*********************************************************************************

A new kubernetes version is available: 1.23.14
Upgrading is recommended (try kops upgrade cluster)

More information: https://github.com/kubernetes/kops/blob/master/permalinks/upgrade_k8s.md#1.23.14

*********************************************************************************

kOps has set your kubectl context to tcss702.k8s.local

Cluster is starting.  It should be ready in a few minutes.

Suggestions:
 * validate cluster: kops validate cluster --wait 10m
 * list nodes: kubectl get nodes --show-labels
 * ssh to the master: ssh -i ~/.ssh/id_rsa ubuntu@api.tcss702.k8s.local
 * the ubuntu user is specific to Ubuntu. If not using Ubuntu please use the appropriate user based on your OS.
 * read about installing addons at: https://kops.sigs.k8s.io/addons.

Validating cluster tcss702.k8s.local

INSTANCE GROUPS
NAME				ROLE	MACHINETYPE	MIN	MAX	SUBNETS
master-us-east-2c		Master	t3.medium	1	2	us-east-2c
spot-group-base-8vcpus-16gb	Node	c5.2xlarge	1	8	us-east-2c

NODE STATUS
NAME						ROLE	READY
ip-172-20-47-221.us-east-2.compute.internal	master	False

VALIDATION ERRORS
KIND	NAME						MESSAGE
Machine	i-00aedf6aad040e635				machine "i-00aedf6aad040e635" has not yet joined cluster
Node	ip-172-20-47-221.us-east-2.compute.internal	node "ip-172-20-47-221.us-east-2.compute.internal" of role "master" is not ready
Pod	kube-system/calico-node-sj5gr			system-node-critical pod "calico-node-sj5gr" is pending
Pod	kube-system/ebs-csi-node-knkpb			system-node-critical pod "ebs-csi-node-knkpb" is pending
Pod	kube-system/kops-controller-dnhqg		system-cluster-critical pod "kops-controller-dnhqg" is pending

Validation Failed
INSTANCE GROUPS
NAME				ROLE	MACHINETYPE	MIN	MAX	SUBNETS
master-us-east-2c		Master	t3.medium	1	2	us-east-2c
spot-group-base-8vcpus-16gb	Node	c5.2xlarge	1	8	us-east-2c

NODE STATUS
NAME						ROLE	READY
ip-172-20-47-221.us-east-2.compute.internal	master	False

VALIDATION ERRORS
KIND	NAME							MESSAGE
Machine	i-00aedf6aad040e635					machine "i-00aedf6aad040e635" has not yet joined cluster
Node	ip-172-20-47-221.us-east-2.compute.internal		node "ip-172-20-47-221.us-east-2.compute.internal" of role "master" is not ready
Pod	kube-system/calico-kube-controllers-58449699bc-fm8n9	system-cluster-critical pod "calico-kube-controllers-58449699bc-fm8n9" is pending
Pod	kube-system/calico-node-sj5gr				system-node-critical pod "calico-node-sj5gr" is pending
Pod	kube-system/coredns-8555c7d6d6-f86jl			system-cluster-critical pod "coredns-8555c7d6d6-f86jl" is pending
Pod	kube-system/coredns-autoscaler-57dd87df6c-g9zv5		system-cluster-critical pod "coredns-autoscaler-57dd87df6c-g9zv5" is pending
Pod	kube-system/dns-controller-77c787b6bc-lm84l		system-cluster-critical pod "dns-controller-77c787b6bc-lm84l" is pending
Pod	kube-system/ebs-csi-controller-86784976dc-8mgfs		system-cluster-critical pod "ebs-csi-controller-86784976dc-8mgfs" is pending
Pod	kube-system/ebs-csi-node-knkpb				system-node-critical pod "ebs-csi-node-knkpb" is pending
Pod	kube-system/kops-controller-dnhqg			system-cluster-critical pod "kops-controller-dnhqg" is pending

Validation Failed
INSTANCE GROUPS
NAME				ROLE	MACHINETYPE	MIN	MAX	SUBNETS
master-us-east-2c		Master	t3.medium	1	2	us-east-2c
spot-group-base-8vcpus-16gb	Node	c5.2xlarge	1	8	us-east-2c

NODE STATUS
NAME						ROLE	READY
ip-172-20-47-221.us-east-2.compute.internal	master	False

VALIDATION ERRORS
KIND	NAME							MESSAGE
Machine	i-00aedf6aad040e635					machine "i-00aedf6aad040e635" has not yet joined cluster
Node	ip-172-20-47-221.us-east-2.compute.internal		node "ip-172-20-47-221.us-east-2.compute.internal" of role "master" is not ready
Pod	kube-system/calico-kube-controllers-58449699bc-fm8n9	system-cluster-critical pod "calico-kube-controllers-58449699bc-fm8n9" is pending
Pod	kube-system/calico-node-sj5gr				system-node-critical pod "calico-node-sj5gr" is pending
Pod	kube-system/coredns-8555c7d6d6-f86jl			system-cluster-critical pod "coredns-8555c7d6d6-f86jl" is pending
Pod	kube-system/coredns-autoscaler-57dd87df6c-g9zv5		system-cluster-critical pod "coredns-autoscaler-57dd87df6c-g9zv5" is pending
Pod	kube-system/dns-controller-77c787b6bc-lm84l		system-cluster-critical pod "dns-controller-77c787b6bc-lm84l" is pending
Pod	kube-system/ebs-csi-controller-86784976dc-8mgfs		system-cluster-critical pod "ebs-csi-controller-86784976dc-8mgfs" is pending
Pod	kube-system/ebs-csi-node-knkpb				system-node-critical pod "ebs-csi-node-knkpb" is pending
Pod	kube-system/kops-controller-dnhqg			system-cluster-critical pod "kops-controller-dnhqg" is pending

Validation Failed
INSTANCE GROUPS
NAME				ROLE	MACHINETYPE	MIN	MAX	SUBNETS
master-us-east-2c		Master	t3.medium	1	2	us-east-2c
spot-group-base-8vcpus-16gb	Node	c5.2xlarge	1	8	us-east-2c

NODE STATUS
NAME						ROLE	READY
ip-172-20-47-221.us-east-2.compute.internal	master	False

VALIDATION ERRORS
KIND	NAME									MESSAGE
Machine	i-00aedf6aad040e635							machine "i-00aedf6aad040e635" has not yet joined cluster
Node	ip-172-20-47-221.us-east-2.compute.internal				node "ip-172-20-47-221.us-east-2.compute.internal" of role "master" is not ready
Pod	kube-system/calico-kube-controllers-58449699bc-fm8n9			system-cluster-critical pod "calico-kube-controllers-58449699bc-fm8n9" is pending
Pod	kube-system/calico-node-sj5gr						system-node-critical pod "calico-node-sj5gr" is pending
Pod	kube-system/coredns-8555c7d6d6-f86jl					system-cluster-critical pod "coredns-8555c7d6d6-f86jl" is pending
Pod	kube-system/coredns-autoscaler-57dd87df6c-g9zv5				system-cluster-critical pod "coredns-autoscaler-57dd87df6c-g9zv5" is pending
Pod	kube-system/dns-controller-77c787b6bc-lm84l				system-cluster-critical pod "dns-controller-77c787b6bc-lm84l" is pending
Pod	kube-system/ebs-csi-controller-86784976dc-8mgfs				system-cluster-critical pod "ebs-csi-controller-86784976dc-8mgfs" is pending
Pod	kube-system/ebs-csi-node-knkpb						system-node-critical pod "ebs-csi-node-knkpb" is pending
Pod	kube-system/kops-controller-dnhqg					system-cluster-critical pod "kops-controller-dnhqg" is pending
Pod	kube-system/kube-apiserver-ip-172-20-47-221.us-east-2.compute.internal	system-cluster-critical pod "kube-apiserver-ip-172-20-47-221.us-east-2.compute.internal" is pending
Pod	kube-system/kube-proxy-ip-172-20-47-221.us-east-2.compute.internal	system-node-critical pod "kube-proxy-ip-172-20-47-221.us-east-2.compute.internal" is pending

Validation Failed
INSTANCE GROUPS
NAME				ROLE	MACHINETYPE	MIN	MAX	SUBNETS
master-us-east-2c		Master	t3.medium	1	2	us-east-2c
spot-group-base-8vcpus-16gb	Node	c5.2xlarge	1	8	us-east-2c

NODE STATUS
NAME						ROLE	READY
ip-172-20-47-221.us-east-2.compute.internal	master	False

VALIDATION ERRORS
KIND	NAME							MESSAGE
Machine	i-00aedf6aad040e635					machine "i-00aedf6aad040e635" has not yet joined cluster
Node	ip-172-20-47-221.us-east-2.compute.internal		node "ip-172-20-47-221.us-east-2.compute.internal" of role "master" is not ready
Pod	kube-system/calico-kube-controllers-58449699bc-fm8n9	system-cluster-critical pod "calico-kube-controllers-58449699bc-fm8n9" is pending
Pod	kube-system/calico-node-sj5gr				system-node-critical pod "calico-node-sj5gr" is pending
Pod	kube-system/coredns-8555c7d6d6-f86jl			system-cluster-critical pod "coredns-8555c7d6d6-f86jl" is pending
Pod	kube-system/coredns-autoscaler-57dd87df6c-g9zv5		system-cluster-critical pod "coredns-autoscaler-57dd87df6c-g9zv5" is pending
Pod	kube-system/ebs-csi-controller-86784976dc-8mgfs		system-cluster-critical pod "ebs-csi-controller-86784976dc-8mgfs" is pending
Pod	kube-system/ebs-csi-node-knkpb				system-node-critical pod "ebs-csi-node-knkpb" is pending

Validation Failed
INSTANCE GROUPS
NAME				ROLE	MACHINETYPE	MIN	MAX	SUBNETS
master-us-east-2c		Master	t3.medium	1	2	us-east-2c
spot-group-base-8vcpus-16gb	Node	c5.2xlarge	1	8	us-east-2c

NODE STATUS
NAME						ROLE	READY
ip-172-20-47-221.us-east-2.compute.internal	master	True
ip-172-20-52-177.us-east-2.compute.internal	node	False

VALIDATION ERRORS
KIND	NAME									MESSAGE
Node	ip-172-20-47-221.us-east-2.compute.internal				master "ip-172-20-47-221.us-east-2.compute.internal" is missing kube-controller-manager pod
Node	ip-172-20-52-177.us-east-2.compute.internal				node "ip-172-20-52-177.us-east-2.compute.internal" of role "node" is not ready
Pod	kube-system/calico-kube-controllers-58449699bc-fm8n9			system-cluster-critical pod "calico-kube-controllers-58449699bc-fm8n9" is pending
Pod	kube-system/calico-node-sj5gr						system-node-critical pod "calico-node-sj5gr" is not ready (calico-node)
Pod	kube-system/calico-node-txwpb						system-node-critical pod "calico-node-txwpb" is pending
Pod	kube-system/coredns-8555c7d6d6-f86jl					system-cluster-critical pod "coredns-8555c7d6d6-f86jl" is pending
Pod	kube-system/coredns-autoscaler-57dd87df6c-g9zv5				system-cluster-critical pod "coredns-autoscaler-57dd87df6c-g9zv5" is pending
Pod	kube-system/ebs-csi-controller-86784976dc-8mgfs				system-cluster-critical pod "ebs-csi-controller-86784976dc-8mgfs" is pending
Pod	kube-system/ebs-csi-node-knkpb						system-node-critical pod "ebs-csi-node-knkpb" is pending
Pod	kube-system/ebs-csi-node-wgmbl						system-node-critical pod "ebs-csi-node-wgmbl" is pending
Pod	kube-system/kube-proxy-ip-172-20-52-177.us-east-2.compute.internal	system-node-critical pod "kube-proxy-ip-172-20-52-177.us-east-2.compute.internal" is pending

Validation Failed
INSTANCE GROUPS
NAME				ROLE	MACHINETYPE	MIN	MAX	SUBNETS
master-us-east-2c		Master	t3.medium	1	2	us-east-2c
spot-group-base-8vcpus-16gb	Node	c5.2xlarge	1	8	us-east-2c

NODE STATUS
NAME						ROLE	READY
ip-172-20-47-221.us-east-2.compute.internal	master	True
ip-172-20-52-177.us-east-2.compute.internal	node	False

VALIDATION ERRORS
KIND	NAME						MESSAGE
Node	ip-172-20-47-221.us-east-2.compute.internal	master "ip-172-20-47-221.us-east-2.compute.internal" is missing kube-controller-manager pod
Node	ip-172-20-52-177.us-east-2.compute.internal	node "ip-172-20-52-177.us-east-2.compute.internal" of role "node" is not ready
Pod	kube-system/calico-node-txwpb			system-node-critical pod "calico-node-txwpb" is pending
Pod	kube-system/coredns-8555c7d6d6-f86jl		system-cluster-critical pod "coredns-8555c7d6d6-f86jl" is pending
Pod	kube-system/coredns-autoscaler-57dd87df6c-g9zv5	system-cluster-critical pod "coredns-autoscaler-57dd87df6c-g9zv5" is pending
Pod	kube-system/ebs-csi-controller-86784976dc-8mgfs	system-cluster-critical pod "ebs-csi-controller-86784976dc-8mgfs" is pending
Pod	kube-system/ebs-csi-node-knkpb			system-node-critical pod "ebs-csi-node-knkpb" is pending
Pod	kube-system/ebs-csi-node-wgmbl			system-node-critical pod "ebs-csi-node-wgmbl" is pending

Validation Failed
INSTANCE GROUPS
NAME				ROLE	MACHINETYPE	MIN	MAX	SUBNETS
master-us-east-2c		Master	t3.medium	1	2	us-east-2c
spot-group-base-8vcpus-16gb	Node	c5.2xlarge	1	8	us-east-2c

NODE STATUS
NAME						ROLE	READY
ip-172-20-47-221.us-east-2.compute.internal	master	True
ip-172-20-52-177.us-east-2.compute.internal	node	True

VALIDATION ERRORS
KIND	NAME					MESSAGE
Pod	kube-system/calico-node-txwpb		system-node-critical pod "calico-node-txwpb" is not ready (calico-node)
Pod	kube-system/coredns-8555c7d6d6-bdwln	system-cluster-critical pod "coredns-8555c7d6d6-bdwln" is pending
Pod	kube-system/ebs-csi-node-wgmbl		system-node-critical pod "ebs-csi-node-wgmbl" is pending

Validation Failed
INSTANCE GROUPS
NAME				ROLE	MACHINETYPE	MIN	MAX	SUBNETS
master-us-east-2c		Master	t3.medium	1	2	us-east-2c
spot-group-base-8vcpus-16gb	Node	c5.2xlarge	1	8	us-east-2c

NODE STATUS
NAME						ROLE	READY
ip-172-20-47-221.us-east-2.compute.internal	master	True
ip-172-20-52-177.us-east-2.compute.internal	node	True

Your cluster tcss702.k8s.local is ready

Successfully deployed cluster in 04 minutes, 34 seconds
Deployed from cluster spec, "kops_multi-tenant_spot_elb.yml"
