
*********************************************************************************

A new kops version is available: 1.25.2
Upgrading is recommended
More information: https://github.com/kubernetes/kops/blob/master/permalinks/upgrade_kops.md#1.25.2

*********************************************************************************


*********************************************************************************

A new kubernetes version is available: 1.23.14
Upgrading is recommended (try kops upgrade cluster)

More information: https://github.com/kubernetes/kops/blob/master/permalinks/upgrade_k8s.md#1.23.14

*********************************************************************************

kOps has set your kubectl context to tcss702.k8s.local

Cluster is starting.  It should be ready in a few minutes.

Suggestions:
 * validate cluster: kops validate cluster --wait 10m
 * list nodes: kubectl get nodes --show-labels
 * ssh to the master: ssh -i ~/.ssh/id_rsa ubuntu@api.tcss702.k8s.local
 * the ubuntu user is specific to Ubuntu. If not using Ubuntu please use the appropriate user based on your OS.
 * read about installing addons at: https://kops.sigs.k8s.io/addons.

Validating cluster tcss702.k8s.local

INSTANCE GROUPS
NAME				ROLE	MACHINETYPE	MIN	MAX	SUBNETS
master-us-east-2c		Master	m5.large	1	1	us-east-2c
spot-group-base-4vcpus-8gb	Node	c5.xlarge	1	1	us-east-2c

NODE STATUS
NAME	ROLE	READY

VALIDATION ERRORS
KIND	NAME			MESSAGE
Machine	i-0d49cac73c130b01f	machine "i-0d49cac73c130b01f" has not yet joined cluster
Machine	i-0efa621f6a9f91299	machine "i-0efa621f6a9f91299" has not yet joined cluster

Validation Failed
INSTANCE GROUPS
NAME				ROLE	MACHINETYPE	MIN	MAX	SUBNETS
master-us-east-2c		Master	m5.large	1	1	us-east-2c
spot-group-base-4vcpus-8gb	Node	c5.xlarge	1	1	us-east-2c

NODE STATUS
NAME						ROLE	READY
ip-172-20-38-217.us-east-2.compute.internal	master	False

VALIDATION ERRORS
KIND	NAME						MESSAGE
Machine	i-0efa621f6a9f91299				machine "i-0efa621f6a9f91299" has not yet joined cluster
Node	ip-172-20-38-217.us-east-2.compute.internal	node "ip-172-20-38-217.us-east-2.compute.internal" of role "master" is not ready

Validation Failed
INSTANCE GROUPS
NAME				ROLE	MACHINETYPE	MIN	MAX	SUBNETS
master-us-east-2c		Master	m5.large	1	1	us-east-2c
spot-group-base-4vcpus-8gb	Node	c5.xlarge	1	1	us-east-2c

NODE STATUS
NAME						ROLE	READY
ip-172-20-38-217.us-east-2.compute.internal	master	False

VALIDATION ERRORS
KIND	NAME							MESSAGE
Machine	i-0efa621f6a9f91299					machine "i-0efa621f6a9f91299" has not yet joined cluster
Node	ip-172-20-38-217.us-east-2.compute.internal		node "ip-172-20-38-217.us-east-2.compute.internal" of role "master" is not ready
Pod	kube-system/calico-kube-controllers-58449699bc-zsb4q	system-cluster-critical pod "calico-kube-controllers-58449699bc-zsb4q" is pending
Pod	kube-system/calico-node-rzsh9				system-node-critical pod "calico-node-rzsh9" is pending
Pod	kube-system/coredns-8555c7d6d6-wjzmm			system-cluster-critical pod "coredns-8555c7d6d6-wjzmm" is pending
Pod	kube-system/coredns-autoscaler-57dd87df6c-xlc9n		system-cluster-critical pod "coredns-autoscaler-57dd87df6c-xlc9n" is pending
Pod	kube-system/dns-controller-77c787b6bc-vrm65		system-cluster-critical pod "dns-controller-77c787b6bc-vrm65" is pending
Pod	kube-system/ebs-csi-controller-86784976dc-r7d6b		system-cluster-critical pod "ebs-csi-controller-86784976dc-r7d6b" is pending
Pod	kube-system/ebs-csi-node-z9d2b				system-node-critical pod "ebs-csi-node-z9d2b" is pending
Pod	kube-system/kops-controller-jqqjp			system-cluster-critical pod "kops-controller-jqqjp" is pending

Validation Failed
INSTANCE GROUPS
NAME				ROLE	MACHINETYPE	MIN	MAX	SUBNETS
master-us-east-2c		Master	m5.large	1	1	us-east-2c
spot-group-base-4vcpus-8gb	Node	c5.xlarge	1	1	us-east-2c

NODE STATUS
NAME						ROLE	READY
ip-172-20-38-217.us-east-2.compute.internal	master	False

VALIDATION ERRORS
KIND	NAME							MESSAGE
Machine	i-0efa621f6a9f91299					machine "i-0efa621f6a9f91299" has not yet joined cluster
Node	ip-172-20-38-217.us-east-2.compute.internal		node "ip-172-20-38-217.us-east-2.compute.internal" of role "master" is not ready
Pod	kube-system/calico-kube-controllers-58449699bc-zsb4q	system-cluster-critical pod "calico-kube-controllers-58449699bc-zsb4q" is pending
Pod	kube-system/calico-node-rzsh9				system-node-critical pod "calico-node-rzsh9" is pending
Pod	kube-system/coredns-8555c7d6d6-wjzmm			system-cluster-critical pod "coredns-8555c7d6d6-wjzmm" is pending
Pod	kube-system/coredns-autoscaler-57dd87df6c-xlc9n		system-cluster-critical pod "coredns-autoscaler-57dd87df6c-xlc9n" is pending
Pod	kube-system/ebs-csi-controller-86784976dc-r7d6b		system-cluster-critical pod "ebs-csi-controller-86784976dc-r7d6b" is pending
Pod	kube-system/ebs-csi-node-z9d2b				system-node-critical pod "ebs-csi-node-z9d2b" is pending

Validation Failed
INSTANCE GROUPS
NAME				ROLE	MACHINETYPE	MIN	MAX	SUBNETS
master-us-east-2c		Master	m5.large	1	1	us-east-2c
spot-group-base-4vcpus-8gb	Node	c5.xlarge	1	1	us-east-2c

NODE STATUS
NAME						ROLE	READY
ip-172-20-38-217.us-east-2.compute.internal	master	True

VALIDATION ERRORS
KIND	NAME										MESSAGE
Machine	i-0efa621f6a9f91299								machine "i-0efa621f6a9f91299" has not yet joined cluster
Node	ip-172-20-38-217.us-east-2.compute.internal					master "ip-172-20-38-217.us-east-2.compute.internal" is missing kube-apiserver pod
Node	ip-172-20-38-217.us-east-2.compute.internal					master "ip-172-20-38-217.us-east-2.compute.internal" is missing kube-controller-manager pod
Node	ip-172-20-38-217.us-east-2.compute.internal					master "ip-172-20-38-217.us-east-2.compute.internal" is missing kube-scheduler pod
Pod	kube-system/calico-kube-controllers-58449699bc-zsb4q				system-cluster-critical pod "calico-kube-controllers-58449699bc-zsb4q" is pending
Pod	kube-system/calico-node-rzsh9							system-node-critical pod "calico-node-rzsh9" is not ready (calico-node)
Pod	kube-system/coredns-8555c7d6d6-wjzmm						system-cluster-critical pod "coredns-8555c7d6d6-wjzmm" is pending
Pod	kube-system/coredns-autoscaler-57dd87df6c-xlc9n					system-cluster-critical pod "coredns-autoscaler-57dd87df6c-xlc9n" is pending
Pod	kube-system/ebs-csi-controller-86784976dc-r7d6b					system-cluster-critical pod "ebs-csi-controller-86784976dc-r7d6b" is pending
Pod	kube-system/ebs-csi-node-z9d2b							system-node-critical pod "ebs-csi-node-z9d2b" is pending
Pod	kube-system/etcd-manager-main-ip-172-20-38-217.us-east-2.compute.internal	system-cluster-critical pod "etcd-manager-main-ip-172-20-38-217.us-east-2.compute.internal" is pending

Validation Failed
INSTANCE GROUPS
NAME				ROLE	MACHINETYPE	MIN	MAX	SUBNETS
master-us-east-2c		Master	m5.large	1	1	us-east-2c
spot-group-base-4vcpus-8gb	Node	c5.xlarge	1	1	us-east-2c

NODE STATUS
NAME						ROLE	READY
ip-172-20-38-217.us-east-2.compute.internal	master	True

VALIDATION ERRORS
KIND	NAME						MESSAGE
Machine	i-0efa621f6a9f91299				machine "i-0efa621f6a9f91299" has not yet joined cluster
Node	ip-172-20-38-217.us-east-2.compute.internal	master "ip-172-20-38-217.us-east-2.compute.internal" is missing kube-apiserver pod
Node	ip-172-20-38-217.us-east-2.compute.internal	master "ip-172-20-38-217.us-east-2.compute.internal" is missing kube-controller-manager pod
Pod	kube-system/coredns-8555c7d6d6-wjzmm		system-cluster-critical pod "coredns-8555c7d6d6-wjzmm" is pending
Pod	kube-system/coredns-autoscaler-57dd87df6c-xlc9n	system-cluster-critical pod "coredns-autoscaler-57dd87df6c-xlc9n" is pending
Pod	kube-system/ebs-csi-controller-86784976dc-r7d6b	system-cluster-critical pod "ebs-csi-controller-86784976dc-r7d6b" is pending
Pod	kube-system/ebs-csi-node-z9d2b			system-node-critical pod "ebs-csi-node-z9d2b" is pending

Validation Failed
INSTANCE GROUPS
NAME				ROLE	MACHINETYPE	MIN	MAX	SUBNETS
master-us-east-2c		Master	m5.large	1	1	us-east-2c
spot-group-base-4vcpus-8gb	Node	c5.xlarge	1	1	us-east-2c

NODE STATUS
NAME						ROLE	READY
ip-172-20-38-217.us-east-2.compute.internal	master	True

VALIDATION ERRORS
KIND	NAME						MESSAGE
Machine	i-0efa621f6a9f91299				machine "i-0efa621f6a9f91299" has not yet joined cluster
Node	ip-172-20-38-217.us-east-2.compute.internal	master "ip-172-20-38-217.us-east-2.compute.internal" is missing kube-controller-manager pod
Pod	kube-system/coredns-8555c7d6d6-wjzmm		system-cluster-critical pod "coredns-8555c7d6d6-wjzmm" is pending
Pod	kube-system/coredns-autoscaler-57dd87df6c-xlc9n	system-cluster-critical pod "coredns-autoscaler-57dd87df6c-xlc9n" is pending

Validation Failed
INSTANCE GROUPS
NAME				ROLE	MACHINETYPE	MIN	MAX	SUBNETS
master-us-east-2c		Master	m5.large	1	1	us-east-2c
spot-group-base-4vcpus-8gb	Node	c5.xlarge	1	1	us-east-2c

NODE STATUS
NAME						ROLE	READY
ip-172-20-38-217.us-east-2.compute.internal	master	True
ip-172-20-42-80.us-east-2.compute.internal	node	False

VALIDATION ERRORS
KIND	NAME						MESSAGE
Node	ip-172-20-38-217.us-east-2.compute.internal	master "ip-172-20-38-217.us-east-2.compute.internal" is missing kube-controller-manager pod
Node	ip-172-20-42-80.us-east-2.compute.internal	node "ip-172-20-42-80.us-east-2.compute.internal" of role "node" is not ready
Pod	kube-system/calico-node-vtrcv			system-node-critical pod "calico-node-vtrcv" is pending
Pod	kube-system/coredns-8555c7d6d6-wjzmm		system-cluster-critical pod "coredns-8555c7d6d6-wjzmm" is pending
Pod	kube-system/coredns-autoscaler-57dd87df6c-xlc9n	system-cluster-critical pod "coredns-autoscaler-57dd87df6c-xlc9n" is pending
Pod	kube-system/ebs-csi-node-cpgn7			system-node-critical pod "ebs-csi-node-cpgn7" is pending

Validation Failed
INSTANCE GROUPS
NAME				ROLE	MACHINETYPE	MIN	MAX	SUBNETS
master-us-east-2c		Master	m5.large	1	1	us-east-2c
spot-group-base-4vcpus-8gb	Node	c5.xlarge	1	1	us-east-2c

NODE STATUS
NAME						ROLE	READY
ip-172-20-38-217.us-east-2.compute.internal	master	True
ip-172-20-42-80.us-east-2.compute.internal	node	False

VALIDATION ERRORS
KIND	NAME						MESSAGE
Node	ip-172-20-38-217.us-east-2.compute.internal	master "ip-172-20-38-217.us-east-2.compute.internal" is missing kube-controller-manager pod
Node	ip-172-20-42-80.us-east-2.compute.internal	node "ip-172-20-42-80.us-east-2.compute.internal" of role "node" is not ready
Pod	kube-system/calico-node-vtrcv			system-node-critical pod "calico-node-vtrcv" is pending
Pod	kube-system/coredns-8555c7d6d6-wjzmm		system-cluster-critical pod "coredns-8555c7d6d6-wjzmm" is pending
Pod	kube-system/coredns-autoscaler-57dd87df6c-xlc9n	system-cluster-critical pod "coredns-autoscaler-57dd87df6c-xlc9n" is pending
Pod	kube-system/ebs-csi-node-cpgn7			system-node-critical pod "ebs-csi-node-cpgn7" is pending

Validation Failed
INSTANCE GROUPS
NAME				ROLE	MACHINETYPE	MIN	MAX	SUBNETS
master-us-east-2c		Master	m5.large	1	1	us-east-2c
spot-group-base-4vcpus-8gb	Node	c5.xlarge	1	1	us-east-2c

NODE STATUS
NAME						ROLE	READY
ip-172-20-38-217.us-east-2.compute.internal	master	True
ip-172-20-42-80.us-east-2.compute.internal	node	False

VALIDATION ERRORS
KIND	NAME						MESSAGE
Node	ip-172-20-42-80.us-east-2.compute.internal	node "ip-172-20-42-80.us-east-2.compute.internal" of role "node" is not ready
Pod	kube-system/calico-node-vtrcv			system-node-critical pod "calico-node-vtrcv" is pending
Pod	kube-system/coredns-8555c7d6d6-wjzmm		system-cluster-critical pod "coredns-8555c7d6d6-wjzmm" is pending
Pod	kube-system/coredns-autoscaler-57dd87df6c-xlc9n	system-cluster-critical pod "coredns-autoscaler-57dd87df6c-xlc9n" is pending
Pod	kube-system/ebs-csi-node-cpgn7			system-node-critical pod "ebs-csi-node-cpgn7" is pending

Validation Failed
INSTANCE GROUPS
NAME				ROLE	MACHINETYPE	MIN	MAX	SUBNETS
master-us-east-2c		Master	m5.large	1	1	us-east-2c
spot-group-base-4vcpus-8gb	Node	c5.xlarge	1	1	us-east-2c

NODE STATUS
NAME						ROLE	READY
ip-172-20-38-217.us-east-2.compute.internal	master	True
ip-172-20-42-80.us-east-2.compute.internal	node	True

VALIDATION ERRORS
KIND	NAME						MESSAGE
Pod	kube-system/calico-node-vtrcv			system-node-critical pod "calico-node-vtrcv" is not ready (calico-node)
Pod	kube-system/coredns-8555c7d6d6-wjzmm		system-cluster-critical pod "coredns-8555c7d6d6-wjzmm" is pending
Pod	kube-system/coredns-autoscaler-57dd87df6c-xlc9n	system-cluster-critical pod "coredns-autoscaler-57dd87df6c-xlc9n" is pending
Pod	kube-system/ebs-csi-node-cpgn7			system-node-critical pod "ebs-csi-node-cpgn7" is pending

Validation Failed
INSTANCE GROUPS
NAME				ROLE	MACHINETYPE	MIN	MAX	SUBNETS
master-us-east-2c		Master	m5.large	1	1	us-east-2c
spot-group-base-4vcpus-8gb	Node	c5.xlarge	1	1	us-east-2c

NODE STATUS
NAME						ROLE	READY
ip-172-20-38-217.us-east-2.compute.internal	master	True
ip-172-20-42-80.us-east-2.compute.internal	node	True

VALIDATION ERRORS
KIND	NAME						MESSAGE
Pod	kube-system/coredns-autoscaler-57dd87df6c-xlc9n	system-cluster-critical pod "coredns-autoscaler-57dd87df6c-xlc9n" is pending
Pod	kube-system/ebs-csi-node-cpgn7			system-node-critical pod "ebs-csi-node-cpgn7" is pending

Validation Failed
INSTANCE GROUPS
NAME				ROLE	MACHINETYPE	MIN	MAX	SUBNETS
master-us-east-2c		Master	m5.large	1	1	us-east-2c
spot-group-base-4vcpus-8gb	Node	c5.xlarge	1	1	us-east-2c

NODE STATUS
NAME						ROLE	READY
ip-172-20-38-217.us-east-2.compute.internal	master	True
ip-172-20-42-80.us-east-2.compute.internal	node	True

VALIDATION ERRORS
KIND	NAME									MESSAGE
Pod	kube-system/kube-proxy-ip-172-20-42-80.us-east-2.compute.internal	system-node-critical pod "kube-proxy-ip-172-20-42-80.us-east-2.compute.internal" is pending

Validation Failed
INSTANCE GROUPS
NAME				ROLE	MACHINETYPE	MIN	MAX	SUBNETS
master-us-east-2c		Master	m5.large	1	1	us-east-2c
spot-group-base-4vcpus-8gb	Node	c5.xlarge	1	1	us-east-2c

NODE STATUS
NAME						ROLE	READY
ip-172-20-38-217.us-east-2.compute.internal	master	True
ip-172-20-42-80.us-east-2.compute.internal	node	True

Your cluster tcss702.k8s.local is ready

Successfully deployed cluster in 04 minutes, 55 seconds
Deployed from cluster spec, "kops/kops_multi-tenant_spot_1x_2vcpu_8gb.yml"
