2023-02-24 02:05:18 [ℹ]  eksctl version 0.130.0
2023-02-24 02:05:18 [ℹ]  using region us-east-2
2023-02-24 02:05:18 [ℹ]  subnets for us-east-2a - public:192.168.0.0/19 private:192.168.64.0/19
2023-02-24 02:05:18 [ℹ]  subnets for us-east-2b - public:192.168.32.0/19 private:192.168.96.0/19
2023-02-24 02:05:18 [ℹ]  nodegroup "ng-5b846ccd" will use "ami-055cd5e1dec7dabb7" [Ubuntu2004/1.24]
2023-02-24 02:05:18 [ℹ]  using SSH public key "/home/bschmitz/.ssh/id_rsa.pub" as "eksctl-eks-multi-tenant-spot-8x-8vcpu-16gb-nodegroup-ng-5b846ccd-2c:86:4f:38:01:42:a7:2d:7f:aa:4c:b3:0d:f9:35:0c" 
2023-02-24 02:05:19 [ℹ]  using Kubernetes version 1.24
2023-02-24 02:05:19 [ℹ]  creating EKS cluster "eks-multi-tenant-spot-8x-8vcpu-16gb" in "us-east-2" region with managed nodes
2023-02-24 02:05:19 [ℹ]  1 nodegroup (ng-5b846ccd) was included (based on the include/exclude rules)
2023-02-24 02:05:19 [ℹ]  will create a CloudFormation stack for cluster itself and 0 nodegroup stack(s)
2023-02-24 02:05:19 [ℹ]  will create a CloudFormation stack for cluster itself and 1 managed nodegroup stack(s)
2023-02-24 02:05:19 [ℹ]  if you encounter any issues, check CloudFormation console or try 'eksctl utils describe-stacks --region=us-east-2 --cluster=eks-multi-tenant-spot-8x-8vcpu-16gb'
2023-02-24 02:05:19 [ℹ]  Kubernetes API endpoint access will use default of {publicAccess=true, privateAccess=false} for cluster "eks-multi-tenant-spot-8x-8vcpu-16gb" in "us-east-2"
2023-02-24 02:05:19 [ℹ]  CloudWatch logging will not be enabled for cluster "eks-multi-tenant-spot-8x-8vcpu-16gb" in "us-east-2"
2023-02-24 02:05:19 [ℹ]  you can enable it with 'eksctl utils update-cluster-logging --enable-types={SPECIFY-YOUR-LOG-TYPES-HERE (e.g. all)} --region=us-east-2 --cluster=eks-multi-tenant-spot-8x-8vcpu-16gb'
2023-02-24 02:05:19 [ℹ]  
2 sequential tasks: { create cluster control plane "eks-multi-tenant-spot-8x-8vcpu-16gb", 
    2 sequential sub-tasks: { 
        wait for control plane to become ready,
        create managed nodegroup "ng-5b846ccd",
    } 
}
2023-02-24 02:05:19 [ℹ]  building cluster stack "eksctl-eks-multi-tenant-spot-8x-8vcpu-16gb-cluster"
2023-02-24 02:05:19 [ℹ]  deploying stack "eksctl-eks-multi-tenant-spot-8x-8vcpu-16gb-cluster"
2023-02-24 02:05:49 [ℹ]  waiting for CloudFormation stack "eksctl-eks-multi-tenant-spot-8x-8vcpu-16gb-cluster"
2023-02-24 02:06:19 [ℹ]  waiting for CloudFormation stack "eksctl-eks-multi-tenant-spot-8x-8vcpu-16gb-cluster"
2023-02-24 02:07:20 [ℹ]  waiting for CloudFormation stack "eksctl-eks-multi-tenant-spot-8x-8vcpu-16gb-cluster"
2023-02-24 02:08:20 [ℹ]  waiting for CloudFormation stack "eksctl-eks-multi-tenant-spot-8x-8vcpu-16gb-cluster"
2023-02-24 02:09:20 [ℹ]  waiting for CloudFormation stack "eksctl-eks-multi-tenant-spot-8x-8vcpu-16gb-cluster"
2023-02-24 02:10:20 [ℹ]  waiting for CloudFormation stack "eksctl-eks-multi-tenant-spot-8x-8vcpu-16gb-cluster"
2023-02-24 02:11:20 [ℹ]  waiting for CloudFormation stack "eksctl-eks-multi-tenant-spot-8x-8vcpu-16gb-cluster"
2023-02-24 02:12:21 [ℹ]  waiting for CloudFormation stack "eksctl-eks-multi-tenant-spot-8x-8vcpu-16gb-cluster"
2023-02-24 02:13:21 [ℹ]  waiting for CloudFormation stack "eksctl-eks-multi-tenant-spot-8x-8vcpu-16gb-cluster"
2023-02-24 02:14:21 [ℹ]  waiting for CloudFormation stack "eksctl-eks-multi-tenant-spot-8x-8vcpu-16gb-cluster"
2023-02-24 02:15:21 [ℹ]  waiting for CloudFormation stack "eksctl-eks-multi-tenant-spot-8x-8vcpu-16gb-cluster"
2023-02-24 02:17:23 [ℹ]  building managed nodegroup stack "eksctl-eks-multi-tenant-spot-8x-8vcpu-16gb-nodegroup-ng-5b846ccd"
2023-02-24 02:17:23 [ℹ]  deploying stack "eksctl-eks-multi-tenant-spot-8x-8vcpu-16gb-nodegroup-ng-5b846ccd"
2023-02-24 02:17:24 [ℹ]  waiting for CloudFormation stack "eksctl-eks-multi-tenant-spot-8x-8vcpu-16gb-nodegroup-ng-5b846ccd"
2023-02-24 02:17:54 [ℹ]  waiting for CloudFormation stack "eksctl-eks-multi-tenant-spot-8x-8vcpu-16gb-nodegroup-ng-5b846ccd"
2023-02-24 02:18:50 [ℹ]  waiting for CloudFormation stack "eksctl-eks-multi-tenant-spot-8x-8vcpu-16gb-nodegroup-ng-5b846ccd"
2023-02-24 02:20:30 [ℹ]  waiting for CloudFormation stack "eksctl-eks-multi-tenant-spot-8x-8vcpu-16gb-nodegroup-ng-5b846ccd"
2023-02-24 02:21:34 [ℹ]  waiting for CloudFormation stack "eksctl-eks-multi-tenant-spot-8x-8vcpu-16gb-nodegroup-ng-5b846ccd"
2023-02-24 02:21:34 [ℹ]  waiting for the control plane to become ready
2023-02-24 02:21:35 [✔]  saved kubeconfig as "/home/bschmitz/.kube/eksctl/clusters/eks-multi-tenant-spot-8x-8vcpu-16gb"
2023-02-24 02:21:35 [ℹ]  no tasks
2023-02-24 02:21:35 [✔]  all EKS cluster resources for "eks-multi-tenant-spot-8x-8vcpu-16gb" have been created
2023-02-24 02:21:35 [ℹ]  nodegroup "ng-5b846ccd" has 8 node(s)
2023-02-24 02:21:35 [ℹ]  node "ip-192-168-1-220.us-east-2.compute.internal" is ready
2023-02-24 02:21:35 [ℹ]  node "ip-192-168-19-27.us-east-2.compute.internal" is ready
2023-02-24 02:21:35 [ℹ]  node "ip-192-168-20-135.us-east-2.compute.internal" is ready
2023-02-24 02:21:35 [ℹ]  node "ip-192-168-24-189.us-east-2.compute.internal" is ready
2023-02-24 02:21:35 [ℹ]  node "ip-192-168-32-34.us-east-2.compute.internal" is ready
2023-02-24 02:21:35 [ℹ]  node "ip-192-168-38-27.us-east-2.compute.internal" is ready
2023-02-24 02:21:35 [ℹ]  node "ip-192-168-43-109.us-east-2.compute.internal" is ready
2023-02-24 02:21:35 [ℹ]  node "ip-192-168-60-127.us-east-2.compute.internal" is ready
2023-02-24 02:21:35 [ℹ]  waiting for at least 8 node(s) to become ready in "ng-5b846ccd"
2023-02-24 02:21:35 [ℹ]  nodegroup "ng-5b846ccd" has 8 node(s)
2023-02-24 02:21:35 [ℹ]  node "ip-192-168-1-220.us-east-2.compute.internal" is ready
2023-02-24 02:21:35 [ℹ]  node "ip-192-168-19-27.us-east-2.compute.internal" is ready
2023-02-24 02:21:35 [ℹ]  node "ip-192-168-20-135.us-east-2.compute.internal" is ready
2023-02-24 02:21:35 [ℹ]  node "ip-192-168-24-189.us-east-2.compute.internal" is ready
2023-02-24 02:21:35 [ℹ]  node "ip-192-168-32-34.us-east-2.compute.internal" is ready
2023-02-24 02:21:35 [ℹ]  node "ip-192-168-38-27.us-east-2.compute.internal" is ready
2023-02-24 02:21:35 [ℹ]  node "ip-192-168-43-109.us-east-2.compute.internal" is ready
2023-02-24 02:21:35 [ℹ]  node "ip-192-168-60-127.us-east-2.compute.internal" is ready
2023-02-24 02:21:38 [ℹ]  kubectl command should work with "/home/bschmitz/.kube/eksctl/clusters/eks-multi-tenant-spot-8x-8vcpu-16gb", try 'kubectl --kubeconfig=/home/bschmitz/.kube/eksctl/clusters/eks-multi-tenant-spot-8x-8vcpu-16gb get nodes'
2023-02-24 02:21:38 [✔]  EKS cluster "eks-multi-tenant-spot-8x-8vcpu-16gb" in "us-east-2" region is ready

Time: 980 seconds
