2023-02-23 23:38:53 [ℹ]  deleting EKS cluster "eks-multi-tenant-spot-8x-8vcpu-16gb"
2023-02-23 23:38:53 [ℹ]  will drain 0 unmanaged nodegroup(s) in cluster "eks-multi-tenant-spot-8x-8vcpu-16gb"
2023-02-23 23:38:53 [ℹ]  starting parallel draining, max in-flight of 1
2023-02-23 23:38:53 [ℹ]  deleted 0 Fargate profile(s)
2023-02-23 23:38:56 [ℹ]  cleaning up AWS load balancers created by Kubernetes objects of Kind Service or Ingress
2023-02-23 23:38:56 [ℹ]  
2 sequential tasks: { delete nodegroup "ng-5b846ccd", delete cluster control plane "eks-multi-tenant-spot-8x-8vcpu-16gb" [async] 
}
2023-02-23 23:38:57 [ℹ]  will delete stack "eksctl-eks-multi-tenant-spot-8x-8vcpu-16gb-nodegroup-ng-5b846ccd"
2023-02-23 23:38:57 [ℹ]  waiting for stack "eksctl-eks-multi-tenant-spot-8x-8vcpu-16gb-nodegroup-ng-5b846ccd" to get deleted
2023-02-23 23:38:57 [ℹ]  waiting for CloudFormation stack "eksctl-eks-multi-tenant-spot-8x-8vcpu-16gb-nodegroup-ng-5b846ccd"
2023-02-23 23:39:27 [ℹ]  waiting for CloudFormation stack "eksctl-eks-multi-tenant-spot-8x-8vcpu-16gb-nodegroup-ng-5b846ccd"
2023-02-23 23:40:09 [ℹ]  waiting for CloudFormation stack "eksctl-eks-multi-tenant-spot-8x-8vcpu-16gb-nodegroup-ng-5b846ccd"
2023-02-23 23:41:39 [ℹ]  waiting for CloudFormation stack "eksctl-eks-multi-tenant-spot-8x-8vcpu-16gb-nodegroup-ng-5b846ccd"
2023-02-23 23:43:07 [ℹ]  waiting for CloudFormation stack "eksctl-eks-multi-tenant-spot-8x-8vcpu-16gb-nodegroup-ng-5b846ccd"
2023-02-23 23:44:27 [ℹ]  waiting for CloudFormation stack "eksctl-eks-multi-tenant-spot-8x-8vcpu-16gb-nodegroup-ng-5b846ccd"
2023-02-23 23:45:17 [ℹ]  waiting for CloudFormation stack "eksctl-eks-multi-tenant-spot-8x-8vcpu-16gb-nodegroup-ng-5b846ccd"
2023-02-23 23:47:01 [ℹ]  waiting for CloudFormation stack "eksctl-eks-multi-tenant-spot-8x-8vcpu-16gb-nodegroup-ng-5b846ccd"
2023-02-23 23:48:18 [ℹ]  waiting for CloudFormation stack "eksctl-eks-multi-tenant-spot-8x-8vcpu-16gb-nodegroup-ng-5b846ccd"
2023-02-23 23:48:18 [ℹ]  will delete stack "eksctl-eks-multi-tenant-spot-8x-8vcpu-16gb-cluster"
2023-02-23 23:48:19 [✔]  all cluster resources were deleted

Time: 567 seconds
