2023-02-23 23:21:54 [ℹ]  eksctl version 0.130.0
2023-02-23 23:21:54 [ℹ]  using region us-east-2
2023-02-23 23:21:55 [ℹ]  subnets for us-east-2a - public:192.168.0.0/19 private:192.168.64.0/19
2023-02-23 23:21:55 [ℹ]  subnets for us-east-2b - public:192.168.32.0/19 private:192.168.96.0/19
2023-02-23 23:21:55 [ℹ]  nodegroup "ng-5b846ccd" will use "ami-055cd5e1dec7dabb7" [Ubuntu2004/1.24]
2023-02-23 23:21:55 [ℹ]  using SSH public key "/home/bschmitz/.ssh/id_rsa.pub" as "eksctl-eks-multi-tenant-spot-8x-8vcpu-16gb-nodegroup-ng-5b846ccd-2c:86:4f:38:01:42:a7:2d:7f:aa:4c:b3:0d:f9:35:0c" 
2023-02-23 23:21:55 [ℹ]  using Kubernetes version 1.24
2023-02-23 23:21:55 [ℹ]  creating EKS cluster "eks-multi-tenant-spot-8x-8vcpu-16gb" in "us-east-2" region with managed nodes
2023-02-23 23:21:55 [ℹ]  1 nodegroup (ng-5b846ccd) was included (based on the include/exclude rules)
2023-02-23 23:21:55 [ℹ]  will create a CloudFormation stack for cluster itself and 0 nodegroup stack(s)
2023-02-23 23:21:55 [ℹ]  will create a CloudFormation stack for cluster itself and 1 managed nodegroup stack(s)
2023-02-23 23:21:55 [ℹ]  if you encounter any issues, check CloudFormation console or try 'eksctl utils describe-stacks --region=us-east-2 --cluster=eks-multi-tenant-spot-8x-8vcpu-16gb'
2023-02-23 23:21:55 [ℹ]  Kubernetes API endpoint access will use default of {publicAccess=true, privateAccess=false} for cluster "eks-multi-tenant-spot-8x-8vcpu-16gb" in "us-east-2"
2023-02-23 23:21:55 [ℹ]  CloudWatch logging will not be enabled for cluster "eks-multi-tenant-spot-8x-8vcpu-16gb" in "us-east-2"
2023-02-23 23:21:55 [ℹ]  you can enable it with 'eksctl utils update-cluster-logging --enable-types={SPECIFY-YOUR-LOG-TYPES-HERE (e.g. all)} --region=us-east-2 --cluster=eks-multi-tenant-spot-8x-8vcpu-16gb'
2023-02-23 23:21:55 [ℹ]  
2 sequential tasks: { create cluster control plane "eks-multi-tenant-spot-8x-8vcpu-16gb", 
    2 sequential sub-tasks: { 
        wait for control plane to become ready,
        create managed nodegroup "ng-5b846ccd",
    } 
}
2023-02-23 23:21:55 [ℹ]  building cluster stack "eksctl-eks-multi-tenant-spot-8x-8vcpu-16gb-cluster"
2023-02-23 23:21:55 [ℹ]  deploying stack "eksctl-eks-multi-tenant-spot-8x-8vcpu-16gb-cluster"
2023-02-23 23:22:25 [ℹ]  waiting for CloudFormation stack "eksctl-eks-multi-tenant-spot-8x-8vcpu-16gb-cluster"
2023-02-23 23:22:56 [ℹ]  waiting for CloudFormation stack "eksctl-eks-multi-tenant-spot-8x-8vcpu-16gb-cluster"
2023-02-23 23:23:56 [ℹ]  waiting for CloudFormation stack "eksctl-eks-multi-tenant-spot-8x-8vcpu-16gb-cluster"
2023-02-23 23:24:56 [ℹ]  waiting for CloudFormation stack "eksctl-eks-multi-tenant-spot-8x-8vcpu-16gb-cluster"
2023-02-23 23:25:56 [ℹ]  waiting for CloudFormation stack "eksctl-eks-multi-tenant-spot-8x-8vcpu-16gb-cluster"
2023-02-23 23:26:57 [ℹ]  waiting for CloudFormation stack "eksctl-eks-multi-tenant-spot-8x-8vcpu-16gb-cluster"
2023-02-23 23:27:57 [ℹ]  waiting for CloudFormation stack "eksctl-eks-multi-tenant-spot-8x-8vcpu-16gb-cluster"
2023-02-23 23:28:57 [ℹ]  waiting for CloudFormation stack "eksctl-eks-multi-tenant-spot-8x-8vcpu-16gb-cluster"
2023-02-23 23:29:58 [ℹ]  waiting for CloudFormation stack "eksctl-eks-multi-tenant-spot-8x-8vcpu-16gb-cluster"
2023-02-23 23:30:58 [ℹ]  waiting for CloudFormation stack "eksctl-eks-multi-tenant-spot-8x-8vcpu-16gb-cluster"
2023-02-23 23:31:58 [ℹ]  waiting for CloudFormation stack "eksctl-eks-multi-tenant-spot-8x-8vcpu-16gb-cluster"
2023-02-23 23:32:58 [ℹ]  waiting for CloudFormation stack "eksctl-eks-multi-tenant-spot-8x-8vcpu-16gb-cluster"
2023-02-23 23:35:01 [ℹ]  building managed nodegroup stack "eksctl-eks-multi-tenant-spot-8x-8vcpu-16gb-nodegroup-ng-5b846ccd"
2023-02-23 23:35:01 [ℹ]  deploying stack "eksctl-eks-multi-tenant-spot-8x-8vcpu-16gb-nodegroup-ng-5b846ccd"
2023-02-23 23:35:01 [ℹ]  waiting for CloudFormation stack "eksctl-eks-multi-tenant-spot-8x-8vcpu-16gb-nodegroup-ng-5b846ccd"
2023-02-23 23:35:31 [ℹ]  waiting for CloudFormation stack "eksctl-eks-multi-tenant-spot-8x-8vcpu-16gb-nodegroup-ng-5b846ccd"
2023-02-23 23:36:09 [ℹ]  waiting for CloudFormation stack "eksctl-eks-multi-tenant-spot-8x-8vcpu-16gb-nodegroup-ng-5b846ccd"
2023-02-23 23:37:00 [ℹ]  waiting for CloudFormation stack "eksctl-eks-multi-tenant-spot-8x-8vcpu-16gb-nodegroup-ng-5b846ccd"
2023-02-23 23:38:49 [ℹ]  waiting for CloudFormation stack "eksctl-eks-multi-tenant-spot-8x-8vcpu-16gb-nodegroup-ng-5b846ccd"
2023-02-23 23:38:49 [ℹ]  waiting for the control plane to become ready
2023-02-23 23:38:50 [✔]  saved kubeconfig as "/home/bschmitz/.kube/eksctl/clusters/eks-multi-tenant-spot-8x-8vcpu-16gb"
2023-02-23 23:38:50 [ℹ]  no tasks
2023-02-23 23:38:50 [✔]  all EKS cluster resources for "eks-multi-tenant-spot-8x-8vcpu-16gb" have been created
2023-02-23 23:38:50 [ℹ]  nodegroup "ng-5b846ccd" has 8 node(s)
2023-02-23 23:38:50 [ℹ]  node "ip-192-168-2-235.us-east-2.compute.internal" is ready
2023-02-23 23:38:50 [ℹ]  node "ip-192-168-3-132.us-east-2.compute.internal" is ready
2023-02-23 23:38:50 [ℹ]  node "ip-192-168-3-94.us-east-2.compute.internal" is ready
2023-02-23 23:38:50 [ℹ]  node "ip-192-168-35-222.us-east-2.compute.internal" is ready
2023-02-23 23:38:50 [ℹ]  node "ip-192-168-42-225.us-east-2.compute.internal" is ready
2023-02-23 23:38:50 [ℹ]  node "ip-192-168-53-70.us-east-2.compute.internal" is ready
2023-02-23 23:38:50 [ℹ]  node "ip-192-168-57-4.us-east-2.compute.internal" is ready
2023-02-23 23:38:50 [ℹ]  node "ip-192-168-9-236.us-east-2.compute.internal" is ready
2023-02-23 23:38:50 [ℹ]  waiting for at least 8 node(s) to become ready in "ng-5b846ccd"
2023-02-23 23:38:50 [ℹ]  nodegroup "ng-5b846ccd" has 8 node(s)
2023-02-23 23:38:50 [ℹ]  node "ip-192-168-2-235.us-east-2.compute.internal" is ready
2023-02-23 23:38:50 [ℹ]  node "ip-192-168-3-132.us-east-2.compute.internal" is ready
2023-02-23 23:38:50 [ℹ]  node "ip-192-168-3-94.us-east-2.compute.internal" is ready
2023-02-23 23:38:50 [ℹ]  node "ip-192-168-35-222.us-east-2.compute.internal" is ready
2023-02-23 23:38:50 [ℹ]  node "ip-192-168-42-225.us-east-2.compute.internal" is ready
2023-02-23 23:38:50 [ℹ]  node "ip-192-168-53-70.us-east-2.compute.internal" is ready
2023-02-23 23:38:50 [ℹ]  node "ip-192-168-57-4.us-east-2.compute.internal" is ready
2023-02-23 23:38:50 [ℹ]  node "ip-192-168-9-236.us-east-2.compute.internal" is ready
2023-02-23 23:38:52 [ℹ]  kubectl command should work with "/home/bschmitz/.kube/eksctl/clusters/eks-multi-tenant-spot-8x-8vcpu-16gb", try 'kubectl --kubeconfig=/home/bschmitz/.kube/eksctl/clusters/eks-multi-tenant-spot-8x-8vcpu-16gb get nodes'
2023-02-23 23:38:52 [✔]  EKS cluster "eks-multi-tenant-spot-8x-8vcpu-16gb" in "us-east-2" region is ready

Time: 1018 seconds
