2023-02-03 18:39:26 [ℹ]  eksctl version 0.122.0
2023-02-03 18:39:26 [ℹ]  using region us-east-2
2023-02-03 18:39:27 [ℹ]  subnets for us-east-2b - public:192.168.0.0/19 private:192.168.64.0/19
2023-02-03 18:39:27 [ℹ]  subnets for us-east-2c - public:192.168.32.0/19 private:192.168.96.0/19
2023-02-03 18:39:27 [ℹ]  nodegroup "ng-5b846ccd" will use "" [AmazonLinux2/1.23]
2023-02-03 18:39:27 [ℹ]  using SSH public key "/home/bschmitz/.ssh/id_rsa.pub" as "eksctl-tcss702-eks-nodegroup-ng-5b846ccd-8d:b5:ab:ea:83:79:23:ae:93:f9:94:1c:88:4b:08:2f" 
2023-02-03 18:39:28 [ℹ]  using Kubernetes version 1.23
2023-02-03 18:39:28 [ℹ]  creating EKS cluster "tcss702-eks" in "us-east-2" region with managed nodes
2023-02-03 18:39:28 [ℹ]  1 nodegroup (ng-5b846ccd) was included (based on the include/exclude rules)
2023-02-03 18:39:28 [ℹ]  will create a CloudFormation stack for cluster itself and 0 nodegroup stack(s)
2023-02-03 18:39:28 [ℹ]  will create a CloudFormation stack for cluster itself and 1 managed nodegroup stack(s)
2023-02-03 18:39:28 [ℹ]  if you encounter any issues, check CloudFormation console or try 'eksctl utils describe-stacks --region=us-east-2 --cluster=tcss702-eks'
2023-02-03 18:39:28 [ℹ]  Kubernetes API endpoint access will use default of {publicAccess=true, privateAccess=false} for cluster "tcss702-eks" in "us-east-2"
2023-02-03 18:39:28 [ℹ]  CloudWatch logging will not be enabled for cluster "tcss702-eks" in "us-east-2"
2023-02-03 18:39:28 [ℹ]  you can enable it with 'eksctl utils update-cluster-logging --enable-types={SPECIFY-YOUR-LOG-TYPES-HERE (e.g. all)} --region=us-east-2 --cluster=tcss702-eks'
2023-02-03 18:39:28 [ℹ]  
2 sequential tasks: { create cluster control plane "tcss702-eks", 
    2 sequential sub-tasks: { 
        wait for control plane to become ready,
        create managed nodegroup "ng-5b846ccd",
    } 
}
2023-02-03 18:39:28 [ℹ]  building cluster stack "eksctl-tcss702-eks-cluster"
2023-02-03 18:39:29 [ℹ]  deploying stack "eksctl-tcss702-eks-cluster"
2023-02-03 18:39:59 [ℹ]  waiting for CloudFormation stack "eksctl-tcss702-eks-cluster"
2023-02-03 18:40:30 [ℹ]  waiting for CloudFormation stack "eksctl-tcss702-eks-cluster"
2023-02-03 18:41:31 [ℹ]  waiting for CloudFormation stack "eksctl-tcss702-eks-cluster"
2023-02-03 18:42:32 [ℹ]  waiting for CloudFormation stack "eksctl-tcss702-eks-cluster"
2023-02-03 18:43:32 [ℹ]  waiting for CloudFormation stack "eksctl-tcss702-eks-cluster"
2023-02-03 18:44:35 [ℹ]  waiting for CloudFormation stack "eksctl-tcss702-eks-cluster"
2023-02-03 18:45:38 [ℹ]  waiting for CloudFormation stack "eksctl-tcss702-eks-cluster"
2023-02-03 18:46:41 [ℹ]  waiting for CloudFormation stack "eksctl-tcss702-eks-cluster"
2023-02-03 18:47:42 [ℹ]  waiting for CloudFormation stack "eksctl-tcss702-eks-cluster"
2023-02-03 18:48:46 [ℹ]  waiting for CloudFormation stack "eksctl-tcss702-eks-cluster"
2023-02-03 18:49:47 [ℹ]  waiting for CloudFormation stack "eksctl-tcss702-eks-cluster"
2023-02-03 18:52:01 [ℹ]  building managed nodegroup stack "eksctl-tcss702-eks-nodegroup-ng-5b846ccd"
2023-02-03 18:52:01 [ℹ]  deploying stack "eksctl-tcss702-eks-nodegroup-ng-5b846ccd"
2023-02-03 18:52:01 [ℹ]  waiting for CloudFormation stack "eksctl-tcss702-eks-nodegroup-ng-5b846ccd"
2023-02-03 18:52:34 [ℹ]  waiting for CloudFormation stack "eksctl-tcss702-eks-nodegroup-ng-5b846ccd"
2023-02-03 18:53:35 [ℹ]  waiting for CloudFormation stack "eksctl-tcss702-eks-nodegroup-ng-5b846ccd"
2023-02-03 18:54:13 [ℹ]  waiting for CloudFormation stack "eksctl-tcss702-eks-nodegroup-ng-5b846ccd"
2023-02-03 18:55:16 [ℹ]  waiting for CloudFormation stack "eksctl-tcss702-eks-nodegroup-ng-5b846ccd"
2023-02-03 18:55:17 [ℹ]  waiting for the control plane to become ready
2023-02-03 18:55:18 [✔]  saved kubeconfig as "/home/bschmitz/.kube/eksctl/clusters/tcss702-eks"
2023-02-03 18:55:18 [ℹ]  no tasks
2023-02-03 18:55:18 [✔]  all EKS cluster resources for "tcss702-eks" have been created
2023-02-03 18:55:19 [ℹ]  nodegroup "ng-5b846ccd" has 8 node(s)
2023-02-03 18:55:19 [ℹ]  node "ip-192-168-0-166.us-east-2.compute.internal" is ready
2023-02-03 18:55:19 [ℹ]  node "ip-192-168-20-235.us-east-2.compute.internal" is ready
2023-02-03 18:55:19 [ℹ]  node "ip-192-168-27-125.us-east-2.compute.internal" is ready
2023-02-03 18:55:19 [ℹ]  node "ip-192-168-35-85.us-east-2.compute.internal" is ready
2023-02-03 18:55:19 [ℹ]  node "ip-192-168-36-173.us-east-2.compute.internal" is ready
2023-02-03 18:55:19 [ℹ]  node "ip-192-168-45-74.us-east-2.compute.internal" is ready
2023-02-03 18:55:19 [ℹ]  node "ip-192-168-54-12.us-east-2.compute.internal" is ready
2023-02-03 18:55:19 [ℹ]  node "ip-192-168-9-91.us-east-2.compute.internal" is ready
2023-02-03 18:55:19 [ℹ]  waiting for at least 8 node(s) to become ready in "ng-5b846ccd"
2023-02-03 18:55:20 [ℹ]  nodegroup "ng-5b846ccd" has 8 node(s)
2023-02-03 18:55:20 [ℹ]  node "ip-192-168-0-166.us-east-2.compute.internal" is ready
2023-02-03 18:55:20 [ℹ]  node "ip-192-168-20-235.us-east-2.compute.internal" is ready
2023-02-03 18:55:20 [ℹ]  node "ip-192-168-27-125.us-east-2.compute.internal" is ready
2023-02-03 18:55:20 [ℹ]  node "ip-192-168-35-85.us-east-2.compute.internal" is ready
2023-02-03 18:55:20 [ℹ]  node "ip-192-168-36-173.us-east-2.compute.internal" is ready
2023-02-03 18:55:20 [ℹ]  node "ip-192-168-45-74.us-east-2.compute.internal" is ready
2023-02-03 18:55:20 [ℹ]  node "ip-192-168-54-12.us-east-2.compute.internal" is ready
2023-02-03 18:55:20 [ℹ]  node "ip-192-168-9-91.us-east-2.compute.internal" is ready
2023-02-03 18:55:24 [ℹ]  kubectl command should work with "/home/bschmitz/.kube/eksctl/clusters/tcss702-eks", try 'kubectl --kubeconfig=/home/bschmitz/.kube/eksctl/clusters/tcss702-eks get nodes'
2023-02-03 18:55:24 [✔]  EKS cluster "tcss702-eks" in "us-east-2" region is ready

Successfully deployed cluster in 16 minutes, 00 seconds
Deployed from cluster spec, "eks/eks_multi-tenant_spot_8x_8vcpu_16gb.yml"
