2023-02-23 22:38:43 [ℹ]  eksctl version 0.130.0
2023-02-23 22:38:43 [ℹ]  using region us-east-2
2023-02-23 22:38:43 [ℹ]  subnets for us-east-2a - public:192.168.0.0/19 private:192.168.64.0/19
2023-02-23 22:38:43 [ℹ]  subnets for us-east-2b - public:192.168.32.0/19 private:192.168.96.0/19
2023-02-23 22:38:43 [ℹ]  nodegroup "ng-5b846ccd" will use "ami-055cd5e1dec7dabb7" [Ubuntu2004/1.24]
2023-02-23 22:38:43 [ℹ]  using SSH public key "/home/bschmitz/.ssh/id_rsa.pub" as "eksctl-eks-multi-tenant-spot-8x-8vcpu-16gb-nodegroup-ng-5b846ccd-2c:86:4f:38:01:42:a7:2d:7f:aa:4c:b3:0d:f9:35:0c" 
2023-02-23 22:38:43 [ℹ]  using Kubernetes version 1.24
2023-02-23 22:38:43 [ℹ]  creating EKS cluster "eks-multi-tenant-spot-8x-8vcpu-16gb" in "us-east-2" region with managed nodes
2023-02-23 22:38:43 [ℹ]  1 nodegroup (ng-5b846ccd) was included (based on the include/exclude rules)
2023-02-23 22:38:43 [ℹ]  will create a CloudFormation stack for cluster itself and 0 nodegroup stack(s)
2023-02-23 22:38:43 [ℹ]  will create a CloudFormation stack for cluster itself and 1 managed nodegroup stack(s)
2023-02-23 22:38:43 [ℹ]  if you encounter any issues, check CloudFormation console or try 'eksctl utils describe-stacks --region=us-east-2 --cluster=eks-multi-tenant-spot-8x-8vcpu-16gb'
2023-02-23 22:38:43 [ℹ]  Kubernetes API endpoint access will use default of {publicAccess=true, privateAccess=false} for cluster "eks-multi-tenant-spot-8x-8vcpu-16gb" in "us-east-2"
2023-02-23 22:38:43 [ℹ]  CloudWatch logging will not be enabled for cluster "eks-multi-tenant-spot-8x-8vcpu-16gb" in "us-east-2"
2023-02-23 22:38:43 [ℹ]  you can enable it with 'eksctl utils update-cluster-logging --enable-types={SPECIFY-YOUR-LOG-TYPES-HERE (e.g. all)} --region=us-east-2 --cluster=eks-multi-tenant-spot-8x-8vcpu-16gb'
2023-02-23 22:38:43 [ℹ]  
2 sequential tasks: { create cluster control plane "eks-multi-tenant-spot-8x-8vcpu-16gb", 
    2 sequential sub-tasks: { 
        wait for control plane to become ready,
        create managed nodegroup "ng-5b846ccd",
    } 
}
2023-02-23 22:38:43 [ℹ]  building cluster stack "eksctl-eks-multi-tenant-spot-8x-8vcpu-16gb-cluster"
2023-02-23 22:38:44 [ℹ]  deploying stack "eksctl-eks-multi-tenant-spot-8x-8vcpu-16gb-cluster"
2023-02-23 22:39:14 [ℹ]  waiting for CloudFormation stack "eksctl-eks-multi-tenant-spot-8x-8vcpu-16gb-cluster"
2023-02-23 22:39:44 [ℹ]  waiting for CloudFormation stack "eksctl-eks-multi-tenant-spot-8x-8vcpu-16gb-cluster"
2023-02-23 22:40:44 [ℹ]  waiting for CloudFormation stack "eksctl-eks-multi-tenant-spot-8x-8vcpu-16gb-cluster"
2023-02-23 22:41:44 [ℹ]  waiting for CloudFormation stack "eksctl-eks-multi-tenant-spot-8x-8vcpu-16gb-cluster"
2023-02-23 22:42:45 [ℹ]  waiting for CloudFormation stack "eksctl-eks-multi-tenant-spot-8x-8vcpu-16gb-cluster"
2023-02-23 22:43:45 [ℹ]  waiting for CloudFormation stack "eksctl-eks-multi-tenant-spot-8x-8vcpu-16gb-cluster"
2023-02-23 22:44:45 [ℹ]  waiting for CloudFormation stack "eksctl-eks-multi-tenant-spot-8x-8vcpu-16gb-cluster"
2023-02-23 22:45:45 [ℹ]  waiting for CloudFormation stack "eksctl-eks-multi-tenant-spot-8x-8vcpu-16gb-cluster"
2023-02-23 22:46:45 [ℹ]  waiting for CloudFormation stack "eksctl-eks-multi-tenant-spot-8x-8vcpu-16gb-cluster"
2023-02-23 22:47:46 [ℹ]  waiting for CloudFormation stack "eksctl-eks-multi-tenant-spot-8x-8vcpu-16gb-cluster"
2023-02-23 22:48:46 [ℹ]  waiting for CloudFormation stack "eksctl-eks-multi-tenant-spot-8x-8vcpu-16gb-cluster"
2023-02-23 22:49:47 [ℹ]  waiting for CloudFormation stack "eksctl-eks-multi-tenant-spot-8x-8vcpu-16gb-cluster"
2023-02-23 22:50:49 [ℹ]  waiting for CloudFormation stack "eksctl-eks-multi-tenant-spot-8x-8vcpu-16gb-cluster"
2023-02-23 22:52:51 [ℹ]  building managed nodegroup stack "eksctl-eks-multi-tenant-spot-8x-8vcpu-16gb-nodegroup-ng-5b846ccd"
2023-02-23 22:52:51 [ℹ]  deploying stack "eksctl-eks-multi-tenant-spot-8x-8vcpu-16gb-nodegroup-ng-5b846ccd"
2023-02-23 22:52:51 [ℹ]  waiting for CloudFormation stack "eksctl-eks-multi-tenant-spot-8x-8vcpu-16gb-nodegroup-ng-5b846ccd"
2023-02-23 22:53:21 [ℹ]  waiting for CloudFormation stack "eksctl-eks-multi-tenant-spot-8x-8vcpu-16gb-nodegroup-ng-5b846ccd"
2023-02-23 22:54:04 [ℹ]  waiting for CloudFormation stack "eksctl-eks-multi-tenant-spot-8x-8vcpu-16gb-nodegroup-ng-5b846ccd"
2023-02-23 22:55:39 [ℹ]  waiting for CloudFormation stack "eksctl-eks-multi-tenant-spot-8x-8vcpu-16gb-nodegroup-ng-5b846ccd"
2023-02-23 22:57:01 [ℹ]  waiting for CloudFormation stack "eksctl-eks-multi-tenant-spot-8x-8vcpu-16gb-nodegroup-ng-5b846ccd"
2023-02-23 22:57:01 [ℹ]  waiting for the control plane to become ready
2023-02-23 22:57:01 [✔]  saved kubeconfig as "/home/bschmitz/.kube/eksctl/clusters/eks-multi-tenant-spot-8x-8vcpu-16gb"
2023-02-23 22:57:01 [ℹ]  no tasks
2023-02-23 22:57:01 [✔]  all EKS cluster resources for "eks-multi-tenant-spot-8x-8vcpu-16gb" have been created
2023-02-23 22:57:01 [ℹ]  nodegroup "ng-5b846ccd" has 8 node(s)
2023-02-23 22:57:01 [ℹ]  node "ip-192-168-15-138.us-east-2.compute.internal" is ready
2023-02-23 22:57:01 [ℹ]  node "ip-192-168-18-211.us-east-2.compute.internal" is ready
2023-02-23 22:57:01 [ℹ]  node "ip-192-168-29-192.us-east-2.compute.internal" is ready
2023-02-23 22:57:01 [ℹ]  node "ip-192-168-31-142.us-east-2.compute.internal" is ready
2023-02-23 22:57:01 [ℹ]  node "ip-192-168-43-104.us-east-2.compute.internal" is ready
2023-02-23 22:57:01 [ℹ]  node "ip-192-168-49-193.us-east-2.compute.internal" is ready
2023-02-23 22:57:01 [ℹ]  node "ip-192-168-53-82.us-east-2.compute.internal" is ready
2023-02-23 22:57:01 [ℹ]  node "ip-192-168-61-99.us-east-2.compute.internal" is ready
2023-02-23 22:57:01 [ℹ]  waiting for at least 8 node(s) to become ready in "ng-5b846ccd"
2023-02-23 22:57:01 [ℹ]  nodegroup "ng-5b846ccd" has 8 node(s)
2023-02-23 22:57:01 [ℹ]  node "ip-192-168-15-138.us-east-2.compute.internal" is ready
2023-02-23 22:57:01 [ℹ]  node "ip-192-168-18-211.us-east-2.compute.internal" is ready
2023-02-23 22:57:01 [ℹ]  node "ip-192-168-29-192.us-east-2.compute.internal" is ready
2023-02-23 22:57:01 [ℹ]  node "ip-192-168-31-142.us-east-2.compute.internal" is ready
2023-02-23 22:57:01 [ℹ]  node "ip-192-168-43-104.us-east-2.compute.internal" is ready
2023-02-23 22:57:01 [ℹ]  node "ip-192-168-49-193.us-east-2.compute.internal" is ready
2023-02-23 22:57:01 [ℹ]  node "ip-192-168-53-82.us-east-2.compute.internal" is ready
2023-02-23 22:57:01 [ℹ]  node "ip-192-168-61-99.us-east-2.compute.internal" is ready
2023-02-23 22:57:03 [ℹ]  kubectl command should work with "/home/bschmitz/.kube/eksctl/clusters/eks-multi-tenant-spot-8x-8vcpu-16gb", try 'kubectl --kubeconfig=/home/bschmitz/.kube/eksctl/clusters/eks-multi-tenant-spot-8x-8vcpu-16gb get nodes'
2023-02-23 22:57:03 [✔]  EKS cluster "eks-multi-tenant-spot-8x-8vcpu-16gb" in "us-east-2" region is ready

Time: 1100 seconds
