2023-02-22 04:57:29 [ℹ]  deleting EKS cluster "tcss702-eks"
2023-02-22 04:57:30 [ℹ]  will drain 0 unmanaged nodegroup(s) in cluster "tcss702-eks"
2023-02-22 04:57:30 [ℹ]  starting parallel draining, max in-flight of 1
2023-02-22 04:57:30 [ℹ]  deleted 0 Fargate profile(s)
2023-02-22 04:57:31 [✔]  kubeconfig has been updated
2023-02-22 04:57:31 [ℹ]  cleaning up AWS load balancers created by Kubernetes objects of Kind Service or Ingress
2023-02-22 04:57:58 [ℹ]  
2 sequential tasks: { delete nodegroup "ng-5b846ccd", delete cluster control plane "tcss702-eks" [async] 
}
2023-02-22 04:57:58 [ℹ]  will delete stack "eksctl-tcss702-eks-nodegroup-ng-5b846ccd"
2023-02-22 04:57:58 [ℹ]  waiting for stack "eksctl-tcss702-eks-nodegroup-ng-5b846ccd" to get deleted
2023-02-22 04:57:58 [ℹ]  waiting for CloudFormation stack "eksctl-tcss702-eks-nodegroup-ng-5b846ccd"
2023-02-22 04:58:29 [ℹ]  waiting for CloudFormation stack "eksctl-tcss702-eks-nodegroup-ng-5b846ccd"
2023-02-22 04:59:20 [ℹ]  waiting for CloudFormation stack "eksctl-tcss702-eks-nodegroup-ng-5b846ccd"
2023-02-22 05:00:19 [ℹ]  waiting for CloudFormation stack "eksctl-tcss702-eks-nodegroup-ng-5b846ccd"
2023-02-22 05:01:49 [ℹ]  waiting for CloudFormation stack "eksctl-tcss702-eks-nodegroup-ng-5b846ccd"
2023-02-22 05:03:38 [ℹ]  waiting for CloudFormation stack "eksctl-tcss702-eks-nodegroup-ng-5b846ccd"
2023-02-22 05:04:17 [ℹ]  waiting for CloudFormation stack "eksctl-tcss702-eks-nodegroup-ng-5b846ccd"
2023-02-22 05:06:12 [ℹ]  waiting for CloudFormation stack "eksctl-tcss702-eks-nodegroup-ng-5b846ccd"
2023-02-22 05:07:41 [ℹ]  waiting for CloudFormation stack "eksctl-tcss702-eks-nodegroup-ng-5b846ccd"
2023-02-22 05:08:15 [ℹ]  waiting for CloudFormation stack "eksctl-tcss702-eks-nodegroup-ng-5b846ccd"
2023-02-22 05:09:17 [ℹ]  waiting for CloudFormation stack "eksctl-tcss702-eks-nodegroup-ng-5b846ccd"
2023-02-22 05:09:17 [ℹ]  will delete stack "eksctl-tcss702-eks-cluster"
2023-02-22 05:09:17 [✔]  all cluster resources were deleted

Shutdown cluster in 11 minutes, 48 seconds
