2023-03-11 17:22:32 [ℹ]  deleting EKS cluster "eks-multi-tenant-spot-1x-72vcpu-144gb"
2023-03-11 17:22:32 [ℹ]  will drain 0 unmanaged nodegroup(s) in cluster "eks-multi-tenant-spot-1x-72vcpu-144gb"
2023-03-11 17:22:32 [ℹ]  starting parallel draining, max in-flight of 1
2023-03-11 17:22:33 [ℹ]  deleted 0 Fargate profile(s)
2023-03-11 17:22:34 [ℹ]  cleaning up AWS load balancers created by Kubernetes objects of Kind Service or Ingress
2023-03-11 17:22:34 [ℹ]  
2 sequential tasks: { delete nodegroup "ng-5b846ccd", delete cluster control plane "eks-multi-tenant-spot-1x-72vcpu-144gb" [async] 
}
2023-03-11 17:22:35 [ℹ]  will delete stack "eksctl-eks-multi-tenant-spot-1x-72vcpu-144gb-nodegroup-ng-5b846ccd"
2023-03-11 17:22:35 [ℹ]  waiting for stack "eksctl-eks-multi-tenant-spot-1x-72vcpu-144gb-nodegroup-ng-5b846ccd" to get deleted
2023-03-11 17:22:35 [ℹ]  waiting for CloudFormation stack "eksctl-eks-multi-tenant-spot-1x-72vcpu-144gb-nodegroup-ng-5b846ccd"
2023-03-11 17:23:05 [ℹ]  waiting for CloudFormation stack "eksctl-eks-multi-tenant-spot-1x-72vcpu-144gb-nodegroup-ng-5b846ccd"
2023-03-11 17:23:50 [ℹ]  waiting for CloudFormation stack "eksctl-eks-multi-tenant-spot-1x-72vcpu-144gb-nodegroup-ng-5b846ccd"
2023-03-11 17:25:31 [ℹ]  waiting for CloudFormation stack "eksctl-eks-multi-tenant-spot-1x-72vcpu-144gb-nodegroup-ng-5b846ccd"
2023-03-11 17:26:03 [ℹ]  waiting for CloudFormation stack "eksctl-eks-multi-tenant-spot-1x-72vcpu-144gb-nodegroup-ng-5b846ccd"
2023-03-11 17:27:38 [ℹ]  waiting for CloudFormation stack "eksctl-eks-multi-tenant-spot-1x-72vcpu-144gb-nodegroup-ng-5b846ccd"
2023-03-11 17:28:58 [ℹ]  waiting for CloudFormation stack "eksctl-eks-multi-tenant-spot-1x-72vcpu-144gb-nodegroup-ng-5b846ccd"
2023-03-11 17:29:40 [ℹ]  waiting for CloudFormation stack "eksctl-eks-multi-tenant-spot-1x-72vcpu-144gb-nodegroup-ng-5b846ccd"
2023-03-11 17:31:26 [ℹ]  waiting for CloudFormation stack "eksctl-eks-multi-tenant-spot-1x-72vcpu-144gb-nodegroup-ng-5b846ccd"
2023-03-11 17:31:26 [ℹ]  will delete stack "eksctl-eks-multi-tenant-spot-1x-72vcpu-144gb-cluster"
2023-03-11 17:31:27 [✔]  all cluster resources were deleted

Time: 535 seconds
