2023-03-11 16:29:09 [ℹ]  eksctl version 0.130.0
2023-03-11 16:29:09 [ℹ]  using region us-east-2
2023-03-11 16:29:09 [ℹ]  subnets for us-east-2a - public:192.168.0.0/19 private:192.168.64.0/19
2023-03-11 16:29:09 [ℹ]  subnets for us-east-2b - public:192.168.32.0/19 private:192.168.96.0/19
2023-03-11 16:29:10 [ℹ]  nodegroup "ng-5b846ccd" will use "ami-0e11bb2963634f7a8" [Ubuntu2004/1.24]
2023-03-11 16:29:10 [ℹ]  using SSH public key "/home/bschmitz/.ssh/id_rsa.pub" as "eksctl-eks-multi-tenant-spot-1x-72vcpu-144gb-nodegroup-ng-5b846ccd-2c:86:4f:38:01:42:a7:2d:7f:aa:4c:b3:0d:f9:35:0c" 
2023-03-11 16:29:10 [ℹ]  using Kubernetes version 1.24
2023-03-11 16:29:10 [ℹ]  creating EKS cluster "eks-multi-tenant-spot-1x-72vcpu-144gb" in "us-east-2" region with managed nodes
2023-03-11 16:29:10 [ℹ]  1 nodegroup (ng-5b846ccd) was included (based on the include/exclude rules)
2023-03-11 16:29:10 [ℹ]  will create a CloudFormation stack for cluster itself and 0 nodegroup stack(s)
2023-03-11 16:29:10 [ℹ]  will create a CloudFormation stack for cluster itself and 1 managed nodegroup stack(s)
2023-03-11 16:29:10 [ℹ]  if you encounter any issues, check CloudFormation console or try 'eksctl utils describe-stacks --region=us-east-2 --cluster=eks-multi-tenant-spot-1x-72vcpu-144gb'
2023-03-11 16:29:10 [ℹ]  Kubernetes API endpoint access will use default of {publicAccess=true, privateAccess=false} for cluster "eks-multi-tenant-spot-1x-72vcpu-144gb" in "us-east-2"
2023-03-11 16:29:10 [ℹ]  CloudWatch logging will not be enabled for cluster "eks-multi-tenant-spot-1x-72vcpu-144gb" in "us-east-2"
2023-03-11 16:29:10 [ℹ]  you can enable it with 'eksctl utils update-cluster-logging --enable-types={SPECIFY-YOUR-LOG-TYPES-HERE (e.g. all)} --region=us-east-2 --cluster=eks-multi-tenant-spot-1x-72vcpu-144gb'
2023-03-11 16:29:10 [ℹ]  
2 sequential tasks: { create cluster control plane "eks-multi-tenant-spot-1x-72vcpu-144gb", 
    2 sequential sub-tasks: { 
        wait for control plane to become ready,
        create managed nodegroup "ng-5b846ccd",
    } 
}
2023-03-11 16:29:10 [ℹ]  building cluster stack "eksctl-eks-multi-tenant-spot-1x-72vcpu-144gb-cluster"
2023-03-11 16:29:10 [ℹ]  deploying stack "eksctl-eks-multi-tenant-spot-1x-72vcpu-144gb-cluster"
2023-03-11 16:29:40 [ℹ]  waiting for CloudFormation stack "eksctl-eks-multi-tenant-spot-1x-72vcpu-144gb-cluster"
2023-03-11 16:30:11 [ℹ]  waiting for CloudFormation stack "eksctl-eks-multi-tenant-spot-1x-72vcpu-144gb-cluster"
2023-03-11 16:31:11 [ℹ]  waiting for CloudFormation stack "eksctl-eks-multi-tenant-spot-1x-72vcpu-144gb-cluster"
2023-03-11 16:32:11 [ℹ]  waiting for CloudFormation stack "eksctl-eks-multi-tenant-spot-1x-72vcpu-144gb-cluster"
2023-03-11 16:33:11 [ℹ]  waiting for CloudFormation stack "eksctl-eks-multi-tenant-spot-1x-72vcpu-144gb-cluster"
2023-03-11 16:34:11 [ℹ]  waiting for CloudFormation stack "eksctl-eks-multi-tenant-spot-1x-72vcpu-144gb-cluster"
2023-03-11 16:35:12 [ℹ]  waiting for CloudFormation stack "eksctl-eks-multi-tenant-spot-1x-72vcpu-144gb-cluster"
2023-03-11 16:36:12 [ℹ]  waiting for CloudFormation stack "eksctl-eks-multi-tenant-spot-1x-72vcpu-144gb-cluster"
2023-03-11 16:37:12 [ℹ]  waiting for CloudFormation stack "eksctl-eks-multi-tenant-spot-1x-72vcpu-144gb-cluster"
2023-03-11 16:38:12 [ℹ]  waiting for CloudFormation stack "eksctl-eks-multi-tenant-spot-1x-72vcpu-144gb-cluster"
2023-03-11 16:39:12 [ℹ]  waiting for CloudFormation stack "eksctl-eks-multi-tenant-spot-1x-72vcpu-144gb-cluster"
2023-03-11 16:40:13 [ℹ]  waiting for CloudFormation stack "eksctl-eks-multi-tenant-spot-1x-72vcpu-144gb-cluster"
2023-03-11 16:41:13 [ℹ]  waiting for CloudFormation stack "eksctl-eks-multi-tenant-spot-1x-72vcpu-144gb-cluster"
2023-03-11 16:43:17 [ℹ]  building managed nodegroup stack "eksctl-eks-multi-tenant-spot-1x-72vcpu-144gb-nodegroup-ng-5b846ccd"
2023-03-11 16:43:17 [ℹ]  deploying stack "eksctl-eks-multi-tenant-spot-1x-72vcpu-144gb-nodegroup-ng-5b846ccd"
2023-03-11 16:43:17 [ℹ]  waiting for CloudFormation stack "eksctl-eks-multi-tenant-spot-1x-72vcpu-144gb-nodegroup-ng-5b846ccd"
2023-03-11 16:43:47 [ℹ]  waiting for CloudFormation stack "eksctl-eks-multi-tenant-spot-1x-72vcpu-144gb-nodegroup-ng-5b846ccd"
2023-03-11 16:44:28 [ℹ]  waiting for CloudFormation stack "eksctl-eks-multi-tenant-spot-1x-72vcpu-144gb-nodegroup-ng-5b846ccd"
2023-03-11 16:45:32 [ℹ]  waiting for CloudFormation stack "eksctl-eks-multi-tenant-spot-1x-72vcpu-144gb-nodegroup-ng-5b846ccd"
2023-03-11 16:47:09 [ℹ]  waiting for CloudFormation stack "eksctl-eks-multi-tenant-spot-1x-72vcpu-144gb-nodegroup-ng-5b846ccd"
2023-03-11 16:48:54 [ℹ]  waiting for CloudFormation stack "eksctl-eks-multi-tenant-spot-1x-72vcpu-144gb-nodegroup-ng-5b846ccd"
2023-03-11 16:48:54 [ℹ]  waiting for the control plane to become ready
2023-03-11 16:48:55 [✔]  saved kubeconfig as "/home/bschmitz/.kube/eksctl/clusters/eks-multi-tenant-spot-1x-72vcpu-144gb"
2023-03-11 16:48:55 [ℹ]  no tasks
2023-03-11 16:48:55 [✔]  all EKS cluster resources for "eks-multi-tenant-spot-1x-72vcpu-144gb" have been created
2023-03-11 16:48:55 [ℹ]  nodegroup "ng-5b846ccd" has 1 node(s)
2023-03-11 16:48:55 [ℹ]  node "ip-192-168-0-137.us-east-2.compute.internal" is ready
2023-03-11 16:48:55 [ℹ]  waiting for at least 1 node(s) to become ready in "ng-5b846ccd"
2023-03-11 16:48:55 [ℹ]  nodegroup "ng-5b846ccd" has 1 node(s)
2023-03-11 16:48:55 [ℹ]  node "ip-192-168-0-137.us-east-2.compute.internal" is ready
2023-03-11 16:48:57 [ℹ]  kubectl command should work with "/home/bschmitz/.kube/eksctl/clusters/eks-multi-tenant-spot-1x-72vcpu-144gb", try 'kubectl --kubeconfig=/home/bschmitz/.kube/eksctl/clusters/eks-multi-tenant-spot-1x-72vcpu-144gb get nodes'
2023-03-11 16:48:57 [✔]  EKS cluster "eks-multi-tenant-spot-1x-72vcpu-144gb" in "us-east-2" region is ready

Time: 1188 seconds
