2023-02-24 02:35:49 [ℹ]  eksctl version 0.130.0
2023-02-24 02:35:49 [ℹ]  using region us-east-2
2023-02-24 02:35:49 [ℹ]  subnets for us-east-2a - public:192.168.0.0/19 private:192.168.64.0/19
2023-02-24 02:35:49 [ℹ]  subnets for us-east-2b - public:192.168.32.0/19 private:192.168.96.0/19
2023-02-24 02:35:49 [ℹ]  nodegroup "ng-5b846ccd" will use "ami-055cd5e1dec7dabb7" [Ubuntu2004/1.24]
2023-02-24 02:35:49 [ℹ]  using SSH public key "/home/bschmitz/.ssh/id_rsa.pub" as "eksctl-eks-multi-tenant-spot-8x-8vcpu-16gb-nodegroup-ng-5b846ccd-2c:86:4f:38:01:42:a7:2d:7f:aa:4c:b3:0d:f9:35:0c" 
2023-02-24 02:35:50 [ℹ]  using Kubernetes version 1.24
2023-02-24 02:35:50 [ℹ]  creating EKS cluster "eks-multi-tenant-spot-8x-8vcpu-16gb" in "us-east-2" region with managed nodes
2023-02-24 02:35:50 [ℹ]  1 nodegroup (ng-5b846ccd) was included (based on the include/exclude rules)
2023-02-24 02:35:50 [ℹ]  will create a CloudFormation stack for cluster itself and 0 nodegroup stack(s)
2023-02-24 02:35:50 [ℹ]  will create a CloudFormation stack for cluster itself and 1 managed nodegroup stack(s)
2023-02-24 02:35:50 [ℹ]  if you encounter any issues, check CloudFormation console or try 'eksctl utils describe-stacks --region=us-east-2 --cluster=eks-multi-tenant-spot-8x-8vcpu-16gb'
2023-02-24 02:35:50 [ℹ]  Kubernetes API endpoint access will use default of {publicAccess=true, privateAccess=false} for cluster "eks-multi-tenant-spot-8x-8vcpu-16gb" in "us-east-2"
2023-02-24 02:35:50 [ℹ]  CloudWatch logging will not be enabled for cluster "eks-multi-tenant-spot-8x-8vcpu-16gb" in "us-east-2"
2023-02-24 02:35:50 [ℹ]  you can enable it with 'eksctl utils update-cluster-logging --enable-types={SPECIFY-YOUR-LOG-TYPES-HERE (e.g. all)} --region=us-east-2 --cluster=eks-multi-tenant-spot-8x-8vcpu-16gb'
2023-02-24 02:35:50 [ℹ]  
2 sequential tasks: { create cluster control plane "eks-multi-tenant-spot-8x-8vcpu-16gb", 
    2 sequential sub-tasks: { 
        wait for control plane to become ready,
        create managed nodegroup "ng-5b846ccd",
    } 
}
2023-02-24 02:35:50 [ℹ]  building cluster stack "eksctl-eks-multi-tenant-spot-8x-8vcpu-16gb-cluster"
2023-02-24 02:35:50 [ℹ]  deploying stack "eksctl-eks-multi-tenant-spot-8x-8vcpu-16gb-cluster"
2023-02-24 02:36:20 [ℹ]  waiting for CloudFormation stack "eksctl-eks-multi-tenant-spot-8x-8vcpu-16gb-cluster"
2023-02-24 02:36:50 [ℹ]  waiting for CloudFormation stack "eksctl-eks-multi-tenant-spot-8x-8vcpu-16gb-cluster"
2023-02-24 02:37:51 [ℹ]  waiting for CloudFormation stack "eksctl-eks-multi-tenant-spot-8x-8vcpu-16gb-cluster"
2023-02-24 02:38:51 [ℹ]  waiting for CloudFormation stack "eksctl-eks-multi-tenant-spot-8x-8vcpu-16gb-cluster"
2023-02-24 02:39:51 [ℹ]  waiting for CloudFormation stack "eksctl-eks-multi-tenant-spot-8x-8vcpu-16gb-cluster"
2023-02-24 02:40:51 [ℹ]  waiting for CloudFormation stack "eksctl-eks-multi-tenant-spot-8x-8vcpu-16gb-cluster"
2023-02-24 02:41:51 [ℹ]  waiting for CloudFormation stack "eksctl-eks-multi-tenant-spot-8x-8vcpu-16gb-cluster"
2023-02-24 02:42:52 [ℹ]  waiting for CloudFormation stack "eksctl-eks-multi-tenant-spot-8x-8vcpu-16gb-cluster"
2023-02-24 02:43:52 [ℹ]  waiting for CloudFormation stack "eksctl-eks-multi-tenant-spot-8x-8vcpu-16gb-cluster"
2023-02-24 02:44:52 [ℹ]  waiting for CloudFormation stack "eksctl-eks-multi-tenant-spot-8x-8vcpu-16gb-cluster"
2023-02-24 02:45:53 [ℹ]  waiting for CloudFormation stack "eksctl-eks-multi-tenant-spot-8x-8vcpu-16gb-cluster"
2023-02-24 02:46:53 [ℹ]  waiting for CloudFormation stack "eksctl-eks-multi-tenant-spot-8x-8vcpu-16gb-cluster"
2023-02-24 02:47:53 [ℹ]  waiting for CloudFormation stack "eksctl-eks-multi-tenant-spot-8x-8vcpu-16gb-cluster"
2023-02-24 02:49:59 [ℹ]  building managed nodegroup stack "eksctl-eks-multi-tenant-spot-8x-8vcpu-16gb-nodegroup-ng-5b846ccd"
2023-02-24 02:49:59 [ℹ]  deploying stack "eksctl-eks-multi-tenant-spot-8x-8vcpu-16gb-nodegroup-ng-5b846ccd"
2023-02-24 02:49:59 [ℹ]  waiting for CloudFormation stack "eksctl-eks-multi-tenant-spot-8x-8vcpu-16gb-nodegroup-ng-5b846ccd"
2023-02-24 02:50:29 [ℹ]  waiting for CloudFormation stack "eksctl-eks-multi-tenant-spot-8x-8vcpu-16gb-nodegroup-ng-5b846ccd"
2023-02-24 02:51:01 [ℹ]  waiting for CloudFormation stack "eksctl-eks-multi-tenant-spot-8x-8vcpu-16gb-nodegroup-ng-5b846ccd"
2023-02-24 02:52:58 [ℹ]  waiting for CloudFormation stack "eksctl-eks-multi-tenant-spot-8x-8vcpu-16gb-nodegroup-ng-5b846ccd"
2023-02-24 02:54:08 [ℹ]  waiting for CloudFormation stack "eksctl-eks-multi-tenant-spot-8x-8vcpu-16gb-nodegroup-ng-5b846ccd"
2023-02-24 02:54:08 [ℹ]  waiting for the control plane to become ready
2023-02-24 02:54:08 [✔]  saved kubeconfig as "/home/bschmitz/.kube/eksctl/clusters/eks-multi-tenant-spot-8x-8vcpu-16gb"
2023-02-24 02:54:08 [ℹ]  no tasks
2023-02-24 02:54:08 [✔]  all EKS cluster resources for "eks-multi-tenant-spot-8x-8vcpu-16gb" have been created
2023-02-24 02:54:09 [ℹ]  nodegroup "ng-5b846ccd" has 8 node(s)
2023-02-24 02:54:09 [ℹ]  node "ip-192-168-22-197.us-east-2.compute.internal" is ready
2023-02-24 02:54:09 [ℹ]  node "ip-192-168-26-121.us-east-2.compute.internal" is ready
2023-02-24 02:54:09 [ℹ]  node "ip-192-168-36-138.us-east-2.compute.internal" is ready
2023-02-24 02:54:09 [ℹ]  node "ip-192-168-39-109.us-east-2.compute.internal" is ready
2023-02-24 02:54:09 [ℹ]  node "ip-192-168-57-196.us-east-2.compute.internal" is ready
2023-02-24 02:54:09 [ℹ]  node "ip-192-168-61-244.us-east-2.compute.internal" is ready
2023-02-24 02:54:09 [ℹ]  node "ip-192-168-7-252.us-east-2.compute.internal" is ready
2023-02-24 02:54:09 [ℹ]  node "ip-192-168-9-197.us-east-2.compute.internal" is ready
2023-02-24 02:54:09 [ℹ]  waiting for at least 8 node(s) to become ready in "ng-5b846ccd"
2023-02-24 02:54:09 [ℹ]  nodegroup "ng-5b846ccd" has 8 node(s)
2023-02-24 02:54:09 [ℹ]  node "ip-192-168-22-197.us-east-2.compute.internal" is ready
2023-02-24 02:54:09 [ℹ]  node "ip-192-168-26-121.us-east-2.compute.internal" is ready
2023-02-24 02:54:09 [ℹ]  node "ip-192-168-36-138.us-east-2.compute.internal" is ready
2023-02-24 02:54:09 [ℹ]  node "ip-192-168-39-109.us-east-2.compute.internal" is ready
2023-02-24 02:54:09 [ℹ]  node "ip-192-168-57-196.us-east-2.compute.internal" is ready
2023-02-24 02:54:09 [ℹ]  node "ip-192-168-61-244.us-east-2.compute.internal" is ready
2023-02-24 02:54:09 [ℹ]  node "ip-192-168-7-252.us-east-2.compute.internal" is ready
2023-02-24 02:54:09 [ℹ]  node "ip-192-168-9-197.us-east-2.compute.internal" is ready
2023-02-24 02:54:10 [ℹ]  kubectl command should work with "/home/bschmitz/.kube/eksctl/clusters/eks-multi-tenant-spot-8x-8vcpu-16gb", try 'kubectl --kubeconfig=/home/bschmitz/.kube/eksctl/clusters/eks-multi-tenant-spot-8x-8vcpu-16gb get nodes'
2023-02-24 02:54:10 [✔]  EKS cluster "eks-multi-tenant-spot-8x-8vcpu-16gb" in "us-east-2" region is ready

Time: 1101 seconds
