2023-02-23 21:31:06 [ℹ]  eksctl version 0.130.0
2023-02-23 21:31:06 [ℹ]  using region us-east-2
2023-02-23 21:31:06 [ℹ]  subnets for us-east-2a - public:192.168.0.0/19 private:192.168.64.0/19
2023-02-23 21:31:06 [ℹ]  subnets for us-east-2b - public:192.168.32.0/19 private:192.168.96.0/19
2023-02-23 21:31:06 [ℹ]  nodegroup "ng-5b846ccd" will use "ami-055cd5e1dec7dabb7" [Ubuntu2004/1.24]
2023-02-23 21:31:06 [ℹ]  using SSH public key "/home/bschmitz/.ssh/id_rsa.pub" as "eksctl-eks-multi-tenant-spot-8x-8vcpu-16gb-nodegroup-ng-5b846ccd-2c:86:4f:38:01:42:a7:2d:7f:aa:4c:b3:0d:f9:35:0c" 
2023-02-23 21:31:07 [ℹ]  using Kubernetes version 1.24
2023-02-23 21:31:07 [ℹ]  creating EKS cluster "eks-multi-tenant-spot-8x-8vcpu-16gb" in "us-east-2" region with managed nodes
2023-02-23 21:31:07 [ℹ]  1 nodegroup (ng-5b846ccd) was included (based on the include/exclude rules)
2023-02-23 21:31:07 [ℹ]  will create a CloudFormation stack for cluster itself and 0 nodegroup stack(s)
2023-02-23 21:31:07 [ℹ]  will create a CloudFormation stack for cluster itself and 1 managed nodegroup stack(s)
2023-02-23 21:31:07 [ℹ]  if you encounter any issues, check CloudFormation console or try 'eksctl utils describe-stacks --region=us-east-2 --cluster=eks-multi-tenant-spot-8x-8vcpu-16gb'
2023-02-23 21:31:07 [ℹ]  Kubernetes API endpoint access will use default of {publicAccess=true, privateAccess=false} for cluster "eks-multi-tenant-spot-8x-8vcpu-16gb" in "us-east-2"
2023-02-23 21:31:07 [ℹ]  CloudWatch logging will not be enabled for cluster "eks-multi-tenant-spot-8x-8vcpu-16gb" in "us-east-2"
2023-02-23 21:31:07 [ℹ]  you can enable it with 'eksctl utils update-cluster-logging --enable-types={SPECIFY-YOUR-LOG-TYPES-HERE (e.g. all)} --region=us-east-2 --cluster=eks-multi-tenant-spot-8x-8vcpu-16gb'
2023-02-23 21:31:07 [ℹ]  
2 sequential tasks: { create cluster control plane "eks-multi-tenant-spot-8x-8vcpu-16gb", 
    2 sequential sub-tasks: { 
        wait for control plane to become ready,
        create managed nodegroup "ng-5b846ccd",
    } 
}
2023-02-23 21:31:07 [ℹ]  building cluster stack "eksctl-eks-multi-tenant-spot-8x-8vcpu-16gb-cluster"
2023-02-23 21:31:07 [ℹ]  deploying stack "eksctl-eks-multi-tenant-spot-8x-8vcpu-16gb-cluster"
2023-02-23 21:31:37 [ℹ]  waiting for CloudFormation stack "eksctl-eks-multi-tenant-spot-8x-8vcpu-16gb-cluster"
2023-02-23 21:32:07 [ℹ]  waiting for CloudFormation stack "eksctl-eks-multi-tenant-spot-8x-8vcpu-16gb-cluster"
2023-02-23 21:33:08 [ℹ]  waiting for CloudFormation stack "eksctl-eks-multi-tenant-spot-8x-8vcpu-16gb-cluster"
2023-02-23 21:34:08 [ℹ]  waiting for CloudFormation stack "eksctl-eks-multi-tenant-spot-8x-8vcpu-16gb-cluster"
2023-02-23 21:35:08 [ℹ]  waiting for CloudFormation stack "eksctl-eks-multi-tenant-spot-8x-8vcpu-16gb-cluster"
2023-02-23 21:36:08 [ℹ]  waiting for CloudFormation stack "eksctl-eks-multi-tenant-spot-8x-8vcpu-16gb-cluster"
2023-02-23 21:37:09 [ℹ]  waiting for CloudFormation stack "eksctl-eks-multi-tenant-spot-8x-8vcpu-16gb-cluster"
2023-02-23 21:38:10 [ℹ]  waiting for CloudFormation stack "eksctl-eks-multi-tenant-spot-8x-8vcpu-16gb-cluster"
2023-02-23 21:39:10 [ℹ]  waiting for CloudFormation stack "eksctl-eks-multi-tenant-spot-8x-8vcpu-16gb-cluster"
2023-02-23 21:40:10 [ℹ]  waiting for CloudFormation stack "eksctl-eks-multi-tenant-spot-8x-8vcpu-16gb-cluster"
2023-02-23 21:41:10 [ℹ]  waiting for CloudFormation stack "eksctl-eks-multi-tenant-spot-8x-8vcpu-16gb-cluster"
2023-02-23 21:42:10 [ℹ]  waiting for CloudFormation stack "eksctl-eks-multi-tenant-spot-8x-8vcpu-16gb-cluster"
2023-02-23 21:43:11 [ℹ]  waiting for CloudFormation stack "eksctl-eks-multi-tenant-spot-8x-8vcpu-16gb-cluster"
2023-02-23 21:45:14 [ℹ]  building managed nodegroup stack "eksctl-eks-multi-tenant-spot-8x-8vcpu-16gb-nodegroup-ng-5b846ccd"
2023-02-23 21:45:14 [ℹ]  deploying stack "eksctl-eks-multi-tenant-spot-8x-8vcpu-16gb-nodegroup-ng-5b846ccd"
2023-02-23 21:45:14 [ℹ]  waiting for CloudFormation stack "eksctl-eks-multi-tenant-spot-8x-8vcpu-16gb-nodegroup-ng-5b846ccd"
2023-02-23 21:45:45 [ℹ]  waiting for CloudFormation stack "eksctl-eks-multi-tenant-spot-8x-8vcpu-16gb-nodegroup-ng-5b846ccd"
2023-02-23 21:46:15 [ℹ]  waiting for CloudFormation stack "eksctl-eks-multi-tenant-spot-8x-8vcpu-16gb-nodegroup-ng-5b846ccd"
2023-02-23 21:47:48 [ℹ]  waiting for CloudFormation stack "eksctl-eks-multi-tenant-spot-8x-8vcpu-16gb-nodegroup-ng-5b846ccd"
2023-02-23 21:49:07 [ℹ]  waiting for CloudFormation stack "eksctl-eks-multi-tenant-spot-8x-8vcpu-16gb-nodegroup-ng-5b846ccd"
2023-02-23 21:50:27 [ℹ]  waiting for CloudFormation stack "eksctl-eks-multi-tenant-spot-8x-8vcpu-16gb-nodegroup-ng-5b846ccd"
2023-02-23 21:50:27 [ℹ]  waiting for the control plane to become ready
2023-02-23 21:50:28 [✔]  saved kubeconfig as "/home/bschmitz/.kube/eksctl/clusters/eks-multi-tenant-spot-8x-8vcpu-16gb"
2023-02-23 21:50:28 [ℹ]  no tasks
2023-02-23 21:50:28 [✔]  all EKS cluster resources for "eks-multi-tenant-spot-8x-8vcpu-16gb" have been created
2023-02-23 21:50:28 [ℹ]  nodegroup "ng-5b846ccd" has 8 node(s)
2023-02-23 21:50:28 [ℹ]  node "ip-192-168-0-44.us-east-2.compute.internal" is ready
2023-02-23 21:50:28 [ℹ]  node "ip-192-168-14-152.us-east-2.compute.internal" is ready
2023-02-23 21:50:28 [ℹ]  node "ip-192-168-18-101.us-east-2.compute.internal" is ready
2023-02-23 21:50:28 [ℹ]  node "ip-192-168-18-145.us-east-2.compute.internal" is ready
2023-02-23 21:50:28 [ℹ]  node "ip-192-168-23-143.us-east-2.compute.internal" is ready
2023-02-23 21:50:28 [ℹ]  node "ip-192-168-24-23.us-east-2.compute.internal" is ready
2023-02-23 21:50:28 [ℹ]  node "ip-192-168-29-107.us-east-2.compute.internal" is ready
2023-02-23 21:50:28 [ℹ]  node "ip-192-168-4-165.us-east-2.compute.internal" is ready
2023-02-23 21:50:28 [ℹ]  waiting for at least 8 node(s) to become ready in "ng-5b846ccd"
2023-02-23 21:50:28 [ℹ]  nodegroup "ng-5b846ccd" has 8 node(s)
2023-02-23 21:50:28 [ℹ]  node "ip-192-168-0-44.us-east-2.compute.internal" is ready
2023-02-23 21:50:28 [ℹ]  node "ip-192-168-14-152.us-east-2.compute.internal" is ready
2023-02-23 21:50:28 [ℹ]  node "ip-192-168-18-101.us-east-2.compute.internal" is ready
2023-02-23 21:50:28 [ℹ]  node "ip-192-168-18-145.us-east-2.compute.internal" is ready
2023-02-23 21:50:28 [ℹ]  node "ip-192-168-23-143.us-east-2.compute.internal" is ready
2023-02-23 21:50:28 [ℹ]  node "ip-192-168-24-23.us-east-2.compute.internal" is ready
2023-02-23 21:50:28 [ℹ]  node "ip-192-168-29-107.us-east-2.compute.internal" is ready
2023-02-23 21:50:28 [ℹ]  node "ip-192-168-4-165.us-east-2.compute.internal" is ready
2023-02-23 21:50:30 [ℹ]  kubectl command should work with "/home/bschmitz/.kube/eksctl/clusters/eks-multi-tenant-spot-8x-8vcpu-16gb", try 'kubectl --kubeconfig=/home/bschmitz/.kube/eksctl/clusters/eks-multi-tenant-spot-8x-8vcpu-16gb get nodes'
2023-02-23 21:50:30 [✔]  EKS cluster "eks-multi-tenant-spot-8x-8vcpu-16gb" in "us-east-2" region is ready

Time: 1164 seconds
