2023-02-20 06:40:13 [ℹ]  eksctl version 0.130.0
2023-02-20 06:40:13 [ℹ]  using region us-east-2
2023-02-20 06:40:14 [ℹ]  subnets for us-east-2a - public:192.168.0.0/19 private:192.168.64.0/19
2023-02-20 06:40:14 [ℹ]  subnets for us-east-2b - public:192.168.32.0/19 private:192.168.96.0/19
2023-02-20 06:40:14 [ℹ]  nodegroup "ng-5b846ccd" will use "ami-03395004910732a55" [Ubuntu2004/1.24]
2023-02-20 06:40:14 [ℹ]  using SSH public key "/home/bschmitz/.ssh/id_rsa.pub" as "eksctl-tcss702-eks-nodegroup-ng-5b846ccd-2c:86:4f:38:01:42:a7:2d:7f:aa:4c:b3:0d:f9:35:0c" 
2023-02-20 06:40:14 [ℹ]  using Kubernetes version 1.24
2023-02-20 06:40:14 [ℹ]  creating EKS cluster "tcss702-eks" in "us-east-2" region with managed nodes
2023-02-20 06:40:14 [ℹ]  1 nodegroup (ng-5b846ccd) was included (based on the include/exclude rules)
2023-02-20 06:40:14 [ℹ]  will create a CloudFormation stack for cluster itself and 0 nodegroup stack(s)
2023-02-20 06:40:14 [ℹ]  will create a CloudFormation stack for cluster itself and 1 managed nodegroup stack(s)
2023-02-20 06:40:14 [ℹ]  if you encounter any issues, check CloudFormation console or try 'eksctl utils describe-stacks --region=us-east-2 --cluster=tcss702-eks'
2023-02-20 06:40:14 [ℹ]  Kubernetes API endpoint access will use default of {publicAccess=true, privateAccess=false} for cluster "tcss702-eks" in "us-east-2"
2023-02-20 06:40:14 [ℹ]  CloudWatch logging will not be enabled for cluster "tcss702-eks" in "us-east-2"
2023-02-20 06:40:14 [ℹ]  you can enable it with 'eksctl utils update-cluster-logging --enable-types={SPECIFY-YOUR-LOG-TYPES-HERE (e.g. all)} --region=us-east-2 --cluster=tcss702-eks'
2023-02-20 06:40:14 [ℹ]  
2 sequential tasks: { create cluster control plane "tcss702-eks", 
    2 sequential sub-tasks: { 
        wait for control plane to become ready,
        create managed nodegroup "ng-5b846ccd",
    } 
}
2023-02-20 06:40:14 [ℹ]  building cluster stack "eksctl-tcss702-eks-cluster"
2023-02-20 06:40:15 [ℹ]  deploying stack "eksctl-tcss702-eks-cluster"
2023-02-20 06:40:45 [ℹ]  waiting for CloudFormation stack "eksctl-tcss702-eks-cluster"
2023-02-20 06:41:15 [ℹ]  waiting for CloudFormation stack "eksctl-tcss702-eks-cluster"
2023-02-20 06:42:15 [ℹ]  waiting for CloudFormation stack "eksctl-tcss702-eks-cluster"
2023-02-20 06:43:15 [ℹ]  waiting for CloudFormation stack "eksctl-tcss702-eks-cluster"
2023-02-20 06:44:16 [ℹ]  waiting for CloudFormation stack "eksctl-tcss702-eks-cluster"
2023-02-20 06:45:16 [ℹ]  waiting for CloudFormation stack "eksctl-tcss702-eks-cluster"
2023-02-20 06:46:16 [ℹ]  waiting for CloudFormation stack "eksctl-tcss702-eks-cluster"
2023-02-20 06:47:16 [ℹ]  waiting for CloudFormation stack "eksctl-tcss702-eks-cluster"
2023-02-20 06:48:17 [ℹ]  waiting for CloudFormation stack "eksctl-tcss702-eks-cluster"
2023-02-20 06:49:17 [ℹ]  waiting for CloudFormation stack "eksctl-tcss702-eks-cluster"
2023-02-20 06:50:17 [ℹ]  waiting for CloudFormation stack "eksctl-tcss702-eks-cluster"
2023-02-20 06:51:17 [ℹ]  waiting for CloudFormation stack "eksctl-tcss702-eks-cluster"
2023-02-20 06:52:18 [ℹ]  waiting for CloudFormation stack "eksctl-tcss702-eks-cluster"
2023-02-20 06:54:20 [ℹ]  building managed nodegroup stack "eksctl-tcss702-eks-nodegroup-ng-5b846ccd"
2023-02-20 06:54:20 [ℹ]  deploying stack "eksctl-tcss702-eks-nodegroup-ng-5b846ccd"
2023-02-20 06:54:20 [ℹ]  waiting for CloudFormation stack "eksctl-tcss702-eks-nodegroup-ng-5b846ccd"
2023-02-20 06:54:50 [ℹ]  waiting for CloudFormation stack "eksctl-tcss702-eks-nodegroup-ng-5b846ccd"
2023-02-20 06:55:40 [ℹ]  waiting for CloudFormation stack "eksctl-tcss702-eks-nodegroup-ng-5b846ccd"
2023-02-20 06:57:31 [ℹ]  waiting for CloudFormation stack "eksctl-tcss702-eks-nodegroup-ng-5b846ccd"
2023-02-20 06:58:28 [ℹ]  waiting for CloudFormation stack "eksctl-tcss702-eks-nodegroup-ng-5b846ccd"
2023-02-20 06:58:28 [ℹ]  waiting for the control plane to become ready
2023-02-20 06:58:28 [✔]  saved kubeconfig as "/home/bschmitz/.kube/config"
2023-02-20 06:58:28 [ℹ]  no tasks
2023-02-20 06:58:28 [✔]  all EKS cluster resources for "tcss702-eks" have been created
2023-02-20 06:58:29 [ℹ]  nodegroup "ng-5b846ccd" has 8 node(s)
2023-02-20 06:58:29 [ℹ]  node "ip-192-168-27-51.us-east-2.compute.internal" is ready
2023-02-20 06:58:29 [ℹ]  node "ip-192-168-31-220.us-east-2.compute.internal" is ready
2023-02-20 06:58:29 [ℹ]  node "ip-192-168-39-235.us-east-2.compute.internal" is ready
2023-02-20 06:58:29 [ℹ]  node "ip-192-168-4-148.us-east-2.compute.internal" is ready
2023-02-20 06:58:29 [ℹ]  node "ip-192-168-44-13.us-east-2.compute.internal" is ready
2023-02-20 06:58:29 [ℹ]  node "ip-192-168-5-43.us-east-2.compute.internal" is ready
2023-02-20 06:58:29 [ℹ]  node "ip-192-168-62-69.us-east-2.compute.internal" is ready
2023-02-20 06:58:29 [ℹ]  node "ip-192-168-63-28.us-east-2.compute.internal" is ready
2023-02-20 06:58:29 [ℹ]  waiting for at least 8 node(s) to become ready in "ng-5b846ccd"
2023-02-20 06:58:29 [ℹ]  nodegroup "ng-5b846ccd" has 8 node(s)
2023-02-20 06:58:29 [ℹ]  node "ip-192-168-27-51.us-east-2.compute.internal" is ready
2023-02-20 06:58:29 [ℹ]  node "ip-192-168-31-220.us-east-2.compute.internal" is ready
2023-02-20 06:58:29 [ℹ]  node "ip-192-168-39-235.us-east-2.compute.internal" is ready
2023-02-20 06:58:29 [ℹ]  node "ip-192-168-4-148.us-east-2.compute.internal" is ready
2023-02-20 06:58:29 [ℹ]  node "ip-192-168-44-13.us-east-2.compute.internal" is ready
2023-02-20 06:58:29 [ℹ]  node "ip-192-168-5-43.us-east-2.compute.internal" is ready
2023-02-20 06:58:29 [ℹ]  node "ip-192-168-62-69.us-east-2.compute.internal" is ready
2023-02-20 06:58:29 [ℹ]  node "ip-192-168-63-28.us-east-2.compute.internal" is ready
2023-02-20 06:58:30 [ℹ]  kubectl command should work with "/home/bschmitz/.kube/config", try 'kubectl get nodes'
2023-02-20 06:58:30 [✔]  EKS cluster "tcss702-eks" in "us-east-2" region is ready

Successfully deployed cluster in 18 minutes, 17 seconds
Deployed from cluster spec, "eks/eks_multi-tenant_spot_8x_8vcpu_16gb.yml"
