2023-03-11 14:38:07 [ℹ]  deleting EKS cluster "eks-multi-tenant-spot-1x-72vcpu-144gb"
2023-03-11 14:38:08 [ℹ]  will drain 0 unmanaged nodegroup(s) in cluster "eks-multi-tenant-spot-1x-72vcpu-144gb"
2023-03-11 14:38:08 [ℹ]  starting parallel draining, max in-flight of 1
2023-03-11 14:38:08 [ℹ]  deleted 0 Fargate profile(s)
2023-03-11 14:38:09 [ℹ]  cleaning up AWS load balancers created by Kubernetes objects of Kind Service or Ingress
2023-03-11 14:38:10 [ℹ]  
2 sequential tasks: { delete nodegroup "ng-5b846ccd", delete cluster control plane "eks-multi-tenant-spot-1x-72vcpu-144gb" [async] 
}
2023-03-11 14:38:10 [ℹ]  will delete stack "eksctl-eks-multi-tenant-spot-1x-72vcpu-144gb-nodegroup-ng-5b846ccd"
2023-03-11 14:38:10 [ℹ]  waiting for stack "eksctl-eks-multi-tenant-spot-1x-72vcpu-144gb-nodegroup-ng-5b846ccd" to get deleted
2023-03-11 14:38:10 [ℹ]  waiting for CloudFormation stack "eksctl-eks-multi-tenant-spot-1x-72vcpu-144gb-nodegroup-ng-5b846ccd"
2023-03-11 14:38:41 [ℹ]  waiting for CloudFormation stack "eksctl-eks-multi-tenant-spot-1x-72vcpu-144gb-nodegroup-ng-5b846ccd"
2023-03-11 14:39:38 [ℹ]  waiting for CloudFormation stack "eksctl-eks-multi-tenant-spot-1x-72vcpu-144gb-nodegroup-ng-5b846ccd"
2023-03-11 14:40:35 [ℹ]  waiting for CloudFormation stack "eksctl-eks-multi-tenant-spot-1x-72vcpu-144gb-nodegroup-ng-5b846ccd"
2023-03-11 14:41:53 [ℹ]  waiting for CloudFormation stack "eksctl-eks-multi-tenant-spot-1x-72vcpu-144gb-nodegroup-ng-5b846ccd"
2023-03-11 14:42:49 [ℹ]  waiting for CloudFormation stack "eksctl-eks-multi-tenant-spot-1x-72vcpu-144gb-nodegroup-ng-5b846ccd"
2023-03-11 14:43:44 [ℹ]  waiting for CloudFormation stack "eksctl-eks-multi-tenant-spot-1x-72vcpu-144gb-nodegroup-ng-5b846ccd"
2023-03-11 14:45:30 [ℹ]  waiting for CloudFormation stack "eksctl-eks-multi-tenant-spot-1x-72vcpu-144gb-nodegroup-ng-5b846ccd"
2023-03-11 14:47:15 [ℹ]  waiting for CloudFormation stack "eksctl-eks-multi-tenant-spot-1x-72vcpu-144gb-nodegroup-ng-5b846ccd"
2023-03-11 14:47:15 [ℹ]  will delete stack "eksctl-eks-multi-tenant-spot-1x-72vcpu-144gb-cluster"
2023-03-11 14:47:15 [✔]  all cluster resources were deleted

Time: 548 seconds
