2023-02-23 22:23:56 [ℹ]  deleting EKS cluster "eks-multi-tenant-spot-8x-8vcpu-16gb"
2023-02-23 22:23:57 [ℹ]  will drain 0 unmanaged nodegroup(s) in cluster "eks-multi-tenant-spot-8x-8vcpu-16gb"
2023-02-23 22:23:57 [ℹ]  starting parallel draining, max in-flight of 1
2023-02-23 22:23:57 [ℹ]  deleted 0 Fargate profile(s)
2023-02-23 22:23:58 [ℹ]  cleaning up AWS load balancers created by Kubernetes objects of Kind Service or Ingress
2023-02-23 22:23:59 [ℹ]  
2 sequential tasks: { delete nodegroup "ng-5b846ccd", delete cluster control plane "eks-multi-tenant-spot-8x-8vcpu-16gb" [async] 
}
2023-02-23 22:23:59 [ℹ]  will delete stack "eksctl-eks-multi-tenant-spot-8x-8vcpu-16gb-nodegroup-ng-5b846ccd"
2023-02-23 22:23:59 [ℹ]  waiting for stack "eksctl-eks-multi-tenant-spot-8x-8vcpu-16gb-nodegroup-ng-5b846ccd" to get deleted
2023-02-23 22:23:59 [ℹ]  waiting for CloudFormation stack "eksctl-eks-multi-tenant-spot-8x-8vcpu-16gb-nodegroup-ng-5b846ccd"
2023-02-23 22:24:31 [ℹ]  waiting for CloudFormation stack "eksctl-eks-multi-tenant-spot-8x-8vcpu-16gb-nodegroup-ng-5b846ccd"
2023-02-23 22:25:01 [ℹ]  waiting for CloudFormation stack "eksctl-eks-multi-tenant-spot-8x-8vcpu-16gb-nodegroup-ng-5b846ccd"
2023-02-23 22:26:11 [ℹ]  waiting for CloudFormation stack "eksctl-eks-multi-tenant-spot-8x-8vcpu-16gb-nodegroup-ng-5b846ccd"
2023-02-23 22:27:52 [ℹ]  waiting for CloudFormation stack "eksctl-eks-multi-tenant-spot-8x-8vcpu-16gb-nodegroup-ng-5b846ccd"
2023-02-23 22:29:17 [ℹ]  waiting for CloudFormation stack "eksctl-eks-multi-tenant-spot-8x-8vcpu-16gb-nodegroup-ng-5b846ccd"
2023-02-23 22:30:44 [ℹ]  waiting for CloudFormation stack "eksctl-eks-multi-tenant-spot-8x-8vcpu-16gb-nodegroup-ng-5b846ccd"
2023-02-23 22:32:44 [ℹ]  waiting for CloudFormation stack "eksctl-eks-multi-tenant-spot-8x-8vcpu-16gb-nodegroup-ng-5b846ccd"
2023-02-23 22:32:44 [ℹ]  will delete stack "eksctl-eks-multi-tenant-spot-8x-8vcpu-16gb-cluster"
2023-02-23 22:32:45 [✔]  all cluster resources were deleted

Time: 529 seconds
