2023-03-11 13:12:00 [ℹ]  eksctl version 0.130.0
2023-03-11 13:12:00 [ℹ]  using region us-east-2
2023-03-11 13:12:00 [ℹ]  subnets for us-east-2a - public:192.168.0.0/19 private:192.168.64.0/19
2023-03-11 13:12:00 [ℹ]  subnets for us-east-2b - public:192.168.32.0/19 private:192.168.96.0/19
2023-03-11 13:12:01 [ℹ]  nodegroup "ng-5b846ccd" will use "ami-0e11bb2963634f7a8" [Ubuntu2004/1.24]
2023-03-11 13:12:01 [ℹ]  using SSH public key "/home/bschmitz/.ssh/id_rsa.pub" as "eksctl-eks-multi-tenant-spot-1x-72vcpu-144gb-nodegroup-ng-5b846ccd-2c:86:4f:38:01:42:a7:2d:7f:aa:4c:b3:0d:f9:35:0c" 
2023-03-11 13:12:02 [ℹ]  using Kubernetes version 1.24
2023-03-11 13:12:02 [ℹ]  creating EKS cluster "eks-multi-tenant-spot-1x-72vcpu-144gb" in "us-east-2" region with managed nodes
2023-03-11 13:12:02 [ℹ]  1 nodegroup (ng-5b846ccd) was included (based on the include/exclude rules)
2023-03-11 13:12:02 [ℹ]  will create a CloudFormation stack for cluster itself and 0 nodegroup stack(s)
2023-03-11 13:12:02 [ℹ]  will create a CloudFormation stack for cluster itself and 1 managed nodegroup stack(s)
2023-03-11 13:12:02 [ℹ]  if you encounter any issues, check CloudFormation console or try 'eksctl utils describe-stacks --region=us-east-2 --cluster=eks-multi-tenant-spot-1x-72vcpu-144gb'
2023-03-11 13:12:02 [ℹ]  Kubernetes API endpoint access will use default of {publicAccess=true, privateAccess=false} for cluster "eks-multi-tenant-spot-1x-72vcpu-144gb" in "us-east-2"
2023-03-11 13:12:02 [ℹ]  CloudWatch logging will not be enabled for cluster "eks-multi-tenant-spot-1x-72vcpu-144gb" in "us-east-2"
2023-03-11 13:12:02 [ℹ]  you can enable it with 'eksctl utils update-cluster-logging --enable-types={SPECIFY-YOUR-LOG-TYPES-HERE (e.g. all)} --region=us-east-2 --cluster=eks-multi-tenant-spot-1x-72vcpu-144gb'
2023-03-11 13:12:02 [ℹ]  
2 sequential tasks: { create cluster control plane "eks-multi-tenant-spot-1x-72vcpu-144gb", 
    2 sequential sub-tasks: { 
        wait for control plane to become ready,
        create managed nodegroup "ng-5b846ccd",
    } 
}
2023-03-11 13:12:02 [ℹ]  building cluster stack "eksctl-eks-multi-tenant-spot-1x-72vcpu-144gb-cluster"
2023-03-11 13:12:03 [ℹ]  deploying stack "eksctl-eks-multi-tenant-spot-1x-72vcpu-144gb-cluster"
2023-03-11 13:12:33 [ℹ]  waiting for CloudFormation stack "eksctl-eks-multi-tenant-spot-1x-72vcpu-144gb-cluster"
2023-03-11 13:13:03 [ℹ]  waiting for CloudFormation stack "eksctl-eks-multi-tenant-spot-1x-72vcpu-144gb-cluster"
2023-03-11 13:14:04 [ℹ]  waiting for CloudFormation stack "eksctl-eks-multi-tenant-spot-1x-72vcpu-144gb-cluster"
2023-03-11 13:15:05 [ℹ]  waiting for CloudFormation stack "eksctl-eks-multi-tenant-spot-1x-72vcpu-144gb-cluster"
2023-03-11 13:16:05 [ℹ]  waiting for CloudFormation stack "eksctl-eks-multi-tenant-spot-1x-72vcpu-144gb-cluster"
2023-03-11 13:17:05 [ℹ]  waiting for CloudFormation stack "eksctl-eks-multi-tenant-spot-1x-72vcpu-144gb-cluster"
2023-03-11 13:18:05 [ℹ]  waiting for CloudFormation stack "eksctl-eks-multi-tenant-spot-1x-72vcpu-144gb-cluster"
2023-03-11 13:19:05 [ℹ]  waiting for CloudFormation stack "eksctl-eks-multi-tenant-spot-1x-72vcpu-144gb-cluster"
2023-03-11 13:20:06 [ℹ]  waiting for CloudFormation stack "eksctl-eks-multi-tenant-spot-1x-72vcpu-144gb-cluster"
2023-03-11 13:21:06 [ℹ]  waiting for CloudFormation stack "eksctl-eks-multi-tenant-spot-1x-72vcpu-144gb-cluster"
2023-03-11 13:22:06 [ℹ]  waiting for CloudFormation stack "eksctl-eks-multi-tenant-spot-1x-72vcpu-144gb-cluster"
2023-03-11 13:23:06 [ℹ]  waiting for CloudFormation stack "eksctl-eks-multi-tenant-spot-1x-72vcpu-144gb-cluster"
2023-03-11 13:24:07 [ℹ]  waiting for CloudFormation stack "eksctl-eks-multi-tenant-spot-1x-72vcpu-144gb-cluster"
2023-03-11 13:25:07 [ℹ]  waiting for CloudFormation stack "eksctl-eks-multi-tenant-spot-1x-72vcpu-144gb-cluster"
2023-03-11 13:27:10 [ℹ]  building managed nodegroup stack "eksctl-eks-multi-tenant-spot-1x-72vcpu-144gb-nodegroup-ng-5b846ccd"
2023-03-11 13:27:10 [ℹ]  deploying stack "eksctl-eks-multi-tenant-spot-1x-72vcpu-144gb-nodegroup-ng-5b846ccd"
2023-03-11 13:27:10 [ℹ]  waiting for CloudFormation stack "eksctl-eks-multi-tenant-spot-1x-72vcpu-144gb-nodegroup-ng-5b846ccd"
2023-03-11 13:27:40 [ℹ]  waiting for CloudFormation stack "eksctl-eks-multi-tenant-spot-1x-72vcpu-144gb-nodegroup-ng-5b846ccd"
2023-03-11 13:28:17 [ℹ]  waiting for CloudFormation stack "eksctl-eks-multi-tenant-spot-1x-72vcpu-144gb-nodegroup-ng-5b846ccd"
2023-03-11 13:30:01 [ℹ]  waiting for CloudFormation stack "eksctl-eks-multi-tenant-spot-1x-72vcpu-144gb-nodegroup-ng-5b846ccd"
2023-03-11 13:31:56 [ℹ]  waiting for CloudFormation stack "eksctl-eks-multi-tenant-spot-1x-72vcpu-144gb-nodegroup-ng-5b846ccd"
2023-03-11 13:31:56 [ℹ]  waiting for the control plane to become ready
2023-03-11 13:31:57 [✔]  saved kubeconfig as "/home/bschmitz/.kube/eksctl/clusters/eks-multi-tenant-spot-1x-72vcpu-144gb"
2023-03-11 13:31:57 [ℹ]  no tasks
2023-03-11 13:31:57 [✔]  all EKS cluster resources for "eks-multi-tenant-spot-1x-72vcpu-144gb" have been created
2023-03-11 13:31:57 [ℹ]  nodegroup "ng-5b846ccd" has 1 node(s)
2023-03-11 13:31:57 [ℹ]  node "ip-192-168-22-157.us-east-2.compute.internal" is ready
2023-03-11 13:31:57 [ℹ]  waiting for at least 1 node(s) to become ready in "ng-5b846ccd"
2023-03-11 13:31:57 [ℹ]  nodegroup "ng-5b846ccd" has 1 node(s)
2023-03-11 13:31:57 [ℹ]  node "ip-192-168-22-157.us-east-2.compute.internal" is ready
2023-03-11 13:31:59 [ℹ]  kubectl command should work with "/home/bschmitz/.kube/eksctl/clusters/eks-multi-tenant-spot-1x-72vcpu-144gb", try 'kubectl --kubeconfig=/home/bschmitz/.kube/eksctl/clusters/eks-multi-tenant-spot-1x-72vcpu-144gb get nodes'
2023-03-11 13:31:59 [✔]  EKS cluster "eks-multi-tenant-spot-1x-72vcpu-144gb" in "us-east-2" region is ready

Time: 1199 seconds
