2023-02-23 22:04:22 [ℹ]  eksctl version 0.130.0
2023-02-23 22:04:22 [ℹ]  using region us-east-2
2023-02-23 22:04:22 [ℹ]  subnets for us-east-2a - public:192.168.0.0/19 private:192.168.64.0/19
2023-02-23 22:04:22 [ℹ]  subnets for us-east-2b - public:192.168.32.0/19 private:192.168.96.0/19
2023-02-23 22:04:22 [ℹ]  nodegroup "ng-5b846ccd" will use "ami-055cd5e1dec7dabb7" [Ubuntu2004/1.24]
2023-02-23 22:04:22 [ℹ]  using SSH public key "/home/bschmitz/.ssh/id_rsa.pub" as "eksctl-eks-multi-tenant-spot-8x-8vcpu-16gb-nodegroup-ng-5b846ccd-2c:86:4f:38:01:42:a7:2d:7f:aa:4c:b3:0d:f9:35:0c" 
2023-02-23 22:04:22 [ℹ]  using Kubernetes version 1.24
2023-02-23 22:04:22 [ℹ]  creating EKS cluster "eks-multi-tenant-spot-8x-8vcpu-16gb" in "us-east-2" region with managed nodes
2023-02-23 22:04:22 [ℹ]  1 nodegroup (ng-5b846ccd) was included (based on the include/exclude rules)
2023-02-23 22:04:22 [ℹ]  will create a CloudFormation stack for cluster itself and 0 nodegroup stack(s)
2023-02-23 22:04:22 [ℹ]  will create a CloudFormation stack for cluster itself and 1 managed nodegroup stack(s)
2023-02-23 22:04:22 [ℹ]  if you encounter any issues, check CloudFormation console or try 'eksctl utils describe-stacks --region=us-east-2 --cluster=eks-multi-tenant-spot-8x-8vcpu-16gb'
2023-02-23 22:04:22 [ℹ]  Kubernetes API endpoint access will use default of {publicAccess=true, privateAccess=false} for cluster "eks-multi-tenant-spot-8x-8vcpu-16gb" in "us-east-2"
2023-02-23 22:04:22 [ℹ]  CloudWatch logging will not be enabled for cluster "eks-multi-tenant-spot-8x-8vcpu-16gb" in "us-east-2"
2023-02-23 22:04:22 [ℹ]  you can enable it with 'eksctl utils update-cluster-logging --enable-types={SPECIFY-YOUR-LOG-TYPES-HERE (e.g. all)} --region=us-east-2 --cluster=eks-multi-tenant-spot-8x-8vcpu-16gb'
2023-02-23 22:04:22 [ℹ]  
2 sequential tasks: { create cluster control plane "eks-multi-tenant-spot-8x-8vcpu-16gb", 
    2 sequential sub-tasks: { 
        wait for control plane to become ready,
        create managed nodegroup "ng-5b846ccd",
    } 
}
2023-02-23 22:04:22 [ℹ]  building cluster stack "eksctl-eks-multi-tenant-spot-8x-8vcpu-16gb-cluster"
2023-02-23 22:04:23 [ℹ]  deploying stack "eksctl-eks-multi-tenant-spot-8x-8vcpu-16gb-cluster"
2023-02-23 22:04:53 [ℹ]  waiting for CloudFormation stack "eksctl-eks-multi-tenant-spot-8x-8vcpu-16gb-cluster"
2023-02-23 22:05:24 [ℹ]  waiting for CloudFormation stack "eksctl-eks-multi-tenant-spot-8x-8vcpu-16gb-cluster"
2023-02-23 22:06:24 [ℹ]  waiting for CloudFormation stack "eksctl-eks-multi-tenant-spot-8x-8vcpu-16gb-cluster"
2023-02-23 22:07:24 [ℹ]  waiting for CloudFormation stack "eksctl-eks-multi-tenant-spot-8x-8vcpu-16gb-cluster"
2023-02-23 22:08:24 [ℹ]  waiting for CloudFormation stack "eksctl-eks-multi-tenant-spot-8x-8vcpu-16gb-cluster"
2023-02-23 22:09:25 [ℹ]  waiting for CloudFormation stack "eksctl-eks-multi-tenant-spot-8x-8vcpu-16gb-cluster"
2023-02-23 22:10:25 [ℹ]  waiting for CloudFormation stack "eksctl-eks-multi-tenant-spot-8x-8vcpu-16gb-cluster"
2023-02-23 22:11:25 [ℹ]  waiting for CloudFormation stack "eksctl-eks-multi-tenant-spot-8x-8vcpu-16gb-cluster"
2023-02-23 22:12:25 [ℹ]  waiting for CloudFormation stack "eksctl-eks-multi-tenant-spot-8x-8vcpu-16gb-cluster"
2023-02-23 22:13:26 [ℹ]  waiting for CloudFormation stack "eksctl-eks-multi-tenant-spot-8x-8vcpu-16gb-cluster"
2023-02-23 22:14:26 [ℹ]  waiting for CloudFormation stack "eksctl-eks-multi-tenant-spot-8x-8vcpu-16gb-cluster"
2023-02-23 22:15:26 [ℹ]  waiting for CloudFormation stack "eksctl-eks-multi-tenant-spot-8x-8vcpu-16gb-cluster"
2023-02-23 22:16:26 [ℹ]  waiting for CloudFormation stack "eksctl-eks-multi-tenant-spot-8x-8vcpu-16gb-cluster"
2023-02-23 22:18:28 [ℹ]  building managed nodegroup stack "eksctl-eks-multi-tenant-spot-8x-8vcpu-16gb-nodegroup-ng-5b846ccd"
2023-02-23 22:18:29 [ℹ]  deploying stack "eksctl-eks-multi-tenant-spot-8x-8vcpu-16gb-nodegroup-ng-5b846ccd"
2023-02-23 22:18:29 [ℹ]  waiting for CloudFormation stack "eksctl-eks-multi-tenant-spot-8x-8vcpu-16gb-nodegroup-ng-5b846ccd"
2023-02-23 22:19:00 [ℹ]  waiting for CloudFormation stack "eksctl-eks-multi-tenant-spot-8x-8vcpu-16gb-nodegroup-ng-5b846ccd"
2023-02-23 22:19:58 [ℹ]  waiting for CloudFormation stack "eksctl-eks-multi-tenant-spot-8x-8vcpu-16gb-nodegroup-ng-5b846ccd"
2023-02-23 22:21:12 [ℹ]  waiting for CloudFormation stack "eksctl-eks-multi-tenant-spot-8x-8vcpu-16gb-nodegroup-ng-5b846ccd"
2023-02-23 22:22:54 [ℹ]  waiting for CloudFormation stack "eksctl-eks-multi-tenant-spot-8x-8vcpu-16gb-nodegroup-ng-5b846ccd"
2023-02-23 22:23:53 [ℹ]  waiting for CloudFormation stack "eksctl-eks-multi-tenant-spot-8x-8vcpu-16gb-nodegroup-ng-5b846ccd"
2023-02-23 22:23:53 [ℹ]  waiting for the control plane to become ready
2023-02-23 22:23:53 [✔]  saved kubeconfig as "/home/bschmitz/.kube/eksctl/clusters/eks-multi-tenant-spot-8x-8vcpu-16gb"
2023-02-23 22:23:53 [ℹ]  no tasks
2023-02-23 22:23:53 [✔]  all EKS cluster resources for "eks-multi-tenant-spot-8x-8vcpu-16gb" have been created
2023-02-23 22:23:54 [ℹ]  nodegroup "ng-5b846ccd" has 8 node(s)
2023-02-23 22:23:54 [ℹ]  node "ip-192-168-1-194.us-east-2.compute.internal" is ready
2023-02-23 22:23:54 [ℹ]  node "ip-192-168-1-50.us-east-2.compute.internal" is ready
2023-02-23 22:23:54 [ℹ]  node "ip-192-168-27-178.us-east-2.compute.internal" is ready
2023-02-23 22:23:54 [ℹ]  node "ip-192-168-31-243.us-east-2.compute.internal" is ready
2023-02-23 22:23:54 [ℹ]  node "ip-192-168-32-141.us-east-2.compute.internal" is ready
2023-02-23 22:23:54 [ℹ]  node "ip-192-168-34-137.us-east-2.compute.internal" is ready
2023-02-23 22:23:54 [ℹ]  node "ip-192-168-55-3.us-east-2.compute.internal" is ready
2023-02-23 22:23:54 [ℹ]  node "ip-192-168-57-166.us-east-2.compute.internal" is ready
2023-02-23 22:23:54 [ℹ]  waiting for at least 8 node(s) to become ready in "ng-5b846ccd"
2023-02-23 22:23:54 [ℹ]  nodegroup "ng-5b846ccd" has 8 node(s)
2023-02-23 22:23:54 [ℹ]  node "ip-192-168-1-194.us-east-2.compute.internal" is ready
2023-02-23 22:23:54 [ℹ]  node "ip-192-168-1-50.us-east-2.compute.internal" is ready
2023-02-23 22:23:54 [ℹ]  node "ip-192-168-27-178.us-east-2.compute.internal" is ready
2023-02-23 22:23:54 [ℹ]  node "ip-192-168-31-243.us-east-2.compute.internal" is ready
2023-02-23 22:23:54 [ℹ]  node "ip-192-168-32-141.us-east-2.compute.internal" is ready
2023-02-23 22:23:54 [ℹ]  node "ip-192-168-34-137.us-east-2.compute.internal" is ready
2023-02-23 22:23:54 [ℹ]  node "ip-192-168-55-3.us-east-2.compute.internal" is ready
2023-02-23 22:23:54 [ℹ]  node "ip-192-168-57-166.us-east-2.compute.internal" is ready
2023-02-23 22:23:56 [ℹ]  kubectl command should work with "/home/bschmitz/.kube/eksctl/clusters/eks-multi-tenant-spot-8x-8vcpu-16gb", try 'kubectl --kubeconfig=/home/bschmitz/.kube/eksctl/clusters/eks-multi-tenant-spot-8x-8vcpu-16gb get nodes'
2023-02-23 22:23:56 [✔]  EKS cluster "eks-multi-tenant-spot-8x-8vcpu-16gb" in "us-east-2" region is ready

Time: 1175 seconds
