2023-02-23 23:53:19 [ℹ]  eksctl version 0.130.0
2023-02-23 23:53:19 [ℹ]  using region us-east-2
2023-02-23 23:53:19 [ℹ]  subnets for us-east-2a - public:192.168.0.0/19 private:192.168.64.0/19
2023-02-23 23:53:19 [ℹ]  subnets for us-east-2b - public:192.168.32.0/19 private:192.168.96.0/19
2023-02-23 23:53:19 [ℹ]  nodegroup "ng-5b846ccd" will use "ami-055cd5e1dec7dabb7" [Ubuntu2004/1.24]
2023-02-23 23:53:19 [ℹ]  using SSH public key "/home/bschmitz/.ssh/id_rsa.pub" as "eksctl-eks-multi-tenant-spot-8x-8vcpu-16gb-nodegroup-ng-5b846ccd-2c:86:4f:38:01:42:a7:2d:7f:aa:4c:b3:0d:f9:35:0c" 
2023-02-23 23:53:20 [ℹ]  using Kubernetes version 1.24
2023-02-23 23:53:20 [ℹ]  creating EKS cluster "eks-multi-tenant-spot-8x-8vcpu-16gb" in "us-east-2" region with managed nodes
2023-02-23 23:53:20 [ℹ]  1 nodegroup (ng-5b846ccd) was included (based on the include/exclude rules)
2023-02-23 23:53:20 [ℹ]  will create a CloudFormation stack for cluster itself and 0 nodegroup stack(s)
2023-02-23 23:53:20 [ℹ]  will create a CloudFormation stack for cluster itself and 1 managed nodegroup stack(s)
2023-02-23 23:53:20 [ℹ]  if you encounter any issues, check CloudFormation console or try 'eksctl utils describe-stacks --region=us-east-2 --cluster=eks-multi-tenant-spot-8x-8vcpu-16gb'
2023-02-23 23:53:20 [ℹ]  Kubernetes API endpoint access will use default of {publicAccess=true, privateAccess=false} for cluster "eks-multi-tenant-spot-8x-8vcpu-16gb" in "us-east-2"
2023-02-23 23:53:20 [ℹ]  CloudWatch logging will not be enabled for cluster "eks-multi-tenant-spot-8x-8vcpu-16gb" in "us-east-2"
2023-02-23 23:53:20 [ℹ]  you can enable it with 'eksctl utils update-cluster-logging --enable-types={SPECIFY-YOUR-LOG-TYPES-HERE (e.g. all)} --region=us-east-2 --cluster=eks-multi-tenant-spot-8x-8vcpu-16gb'
2023-02-23 23:53:20 [ℹ]  
2 sequential tasks: { create cluster control plane "eks-multi-tenant-spot-8x-8vcpu-16gb", 
    2 sequential sub-tasks: { 
        wait for control plane to become ready,
        create managed nodegroup "ng-5b846ccd",
    } 
}
2023-02-23 23:53:20 [ℹ]  building cluster stack "eksctl-eks-multi-tenant-spot-8x-8vcpu-16gb-cluster"
2023-02-23 23:53:21 [ℹ]  deploying stack "eksctl-eks-multi-tenant-spot-8x-8vcpu-16gb-cluster"
2023-02-23 23:53:51 [ℹ]  waiting for CloudFormation stack "eksctl-eks-multi-tenant-spot-8x-8vcpu-16gb-cluster"
2023-02-23 23:54:21 [ℹ]  waiting for CloudFormation stack "eksctl-eks-multi-tenant-spot-8x-8vcpu-16gb-cluster"
2023-02-23 23:55:21 [ℹ]  waiting for CloudFormation stack "eksctl-eks-multi-tenant-spot-8x-8vcpu-16gb-cluster"
2023-02-23 23:56:21 [ℹ]  waiting for CloudFormation stack "eksctl-eks-multi-tenant-spot-8x-8vcpu-16gb-cluster"
2023-02-23 23:57:21 [ℹ]  waiting for CloudFormation stack "eksctl-eks-multi-tenant-spot-8x-8vcpu-16gb-cluster"
2023-02-23 23:58:22 [ℹ]  waiting for CloudFormation stack "eksctl-eks-multi-tenant-spot-8x-8vcpu-16gb-cluster"
2023-02-23 23:59:22 [ℹ]  waiting for CloudFormation stack "eksctl-eks-multi-tenant-spot-8x-8vcpu-16gb-cluster"
2023-02-24 00:00:22 [ℹ]  waiting for CloudFormation stack "eksctl-eks-multi-tenant-spot-8x-8vcpu-16gb-cluster"
2023-02-24 00:01:22 [ℹ]  waiting for CloudFormation stack "eksctl-eks-multi-tenant-spot-8x-8vcpu-16gb-cluster"
2023-02-24 00:02:22 [ℹ]  waiting for CloudFormation stack "eksctl-eks-multi-tenant-spot-8x-8vcpu-16gb-cluster"
2023-02-24 00:03:23 [ℹ]  waiting for CloudFormation stack "eksctl-eks-multi-tenant-spot-8x-8vcpu-16gb-cluster"
2023-02-24 00:04:23 [ℹ]  waiting for CloudFormation stack "eksctl-eks-multi-tenant-spot-8x-8vcpu-16gb-cluster"
2023-02-24 00:05:23 [ℹ]  waiting for CloudFormation stack "eksctl-eks-multi-tenant-spot-8x-8vcpu-16gb-cluster"
2023-02-24 00:07:25 [ℹ]  building managed nodegroup stack "eksctl-eks-multi-tenant-spot-8x-8vcpu-16gb-nodegroup-ng-5b846ccd"
2023-02-24 00:07:26 [ℹ]  deploying stack "eksctl-eks-multi-tenant-spot-8x-8vcpu-16gb-nodegroup-ng-5b846ccd"
2023-02-24 00:07:26 [ℹ]  waiting for CloudFormation stack "eksctl-eks-multi-tenant-spot-8x-8vcpu-16gb-nodegroup-ng-5b846ccd"
2023-02-24 00:07:56 [ℹ]  waiting for CloudFormation stack "eksctl-eks-multi-tenant-spot-8x-8vcpu-16gb-nodegroup-ng-5b846ccd"
2023-02-24 00:08:48 [ℹ]  waiting for CloudFormation stack "eksctl-eks-multi-tenant-spot-8x-8vcpu-16gb-nodegroup-ng-5b846ccd"
2023-02-24 00:10:11 [ℹ]  waiting for CloudFormation stack "eksctl-eks-multi-tenant-spot-8x-8vcpu-16gb-nodegroup-ng-5b846ccd"
2023-02-24 00:11:44 [ℹ]  waiting for CloudFormation stack "eksctl-eks-multi-tenant-spot-8x-8vcpu-16gb-nodegroup-ng-5b846ccd"
2023-02-24 00:12:31 [ℹ]  waiting for CloudFormation stack "eksctl-eks-multi-tenant-spot-8x-8vcpu-16gb-nodegroup-ng-5b846ccd"
2023-02-24 00:12:31 [ℹ]  waiting for the control plane to become ready
2023-02-24 00:12:31 [✔]  saved kubeconfig as "/home/bschmitz/.kube/eksctl/clusters/eks-multi-tenant-spot-8x-8vcpu-16gb"
2023-02-24 00:12:31 [ℹ]  no tasks
2023-02-24 00:12:31 [✔]  all EKS cluster resources for "eks-multi-tenant-spot-8x-8vcpu-16gb" have been created
2023-02-24 00:12:32 [ℹ]  nodegroup "ng-5b846ccd" has 8 node(s)
2023-02-24 00:12:32 [ℹ]  node "ip-192-168-10-163.us-east-2.compute.internal" is ready
2023-02-24 00:12:32 [ℹ]  node "ip-192-168-18-9.us-east-2.compute.internal" is ready
2023-02-24 00:12:32 [ℹ]  node "ip-192-168-19-131.us-east-2.compute.internal" is ready
2023-02-24 00:12:32 [ℹ]  node "ip-192-168-28-140.us-east-2.compute.internal" is ready
2023-02-24 00:12:32 [ℹ]  node "ip-192-168-34-147.us-east-2.compute.internal" is ready
2023-02-24 00:12:32 [ℹ]  node "ip-192-168-44-16.us-east-2.compute.internal" is ready
2023-02-24 00:12:32 [ℹ]  node "ip-192-168-54-104.us-east-2.compute.internal" is ready
2023-02-24 00:12:32 [ℹ]  node "ip-192-168-59-91.us-east-2.compute.internal" is ready
2023-02-24 00:12:32 [ℹ]  waiting for at least 8 node(s) to become ready in "ng-5b846ccd"
2023-02-24 00:12:32 [ℹ]  nodegroup "ng-5b846ccd" has 8 node(s)
2023-02-24 00:12:32 [ℹ]  node "ip-192-168-10-163.us-east-2.compute.internal" is ready
2023-02-24 00:12:32 [ℹ]  node "ip-192-168-18-9.us-east-2.compute.internal" is ready
2023-02-24 00:12:32 [ℹ]  node "ip-192-168-19-131.us-east-2.compute.internal" is ready
2023-02-24 00:12:32 [ℹ]  node "ip-192-168-28-140.us-east-2.compute.internal" is ready
2023-02-24 00:12:32 [ℹ]  node "ip-192-168-34-147.us-east-2.compute.internal" is ready
2023-02-24 00:12:32 [ℹ]  node "ip-192-168-44-16.us-east-2.compute.internal" is ready
2023-02-24 00:12:32 [ℹ]  node "ip-192-168-54-104.us-east-2.compute.internal" is ready
2023-02-24 00:12:32 [ℹ]  node "ip-192-168-59-91.us-east-2.compute.internal" is ready
2023-02-24 00:12:33 [ℹ]  kubectl command should work with "/home/bschmitz/.kube/eksctl/clusters/eks-multi-tenant-spot-8x-8vcpu-16gb", try 'kubectl --kubeconfig=/home/bschmitz/.kube/eksctl/clusters/eks-multi-tenant-spot-8x-8vcpu-16gb get nodes'
2023-02-24 00:12:33 [✔]  EKS cluster "eks-multi-tenant-spot-8x-8vcpu-16gb" in "us-east-2" region is ready

Time: 1154 seconds
