2023-02-24 01:32:04 [ℹ]  eksctl version 0.130.0
2023-02-24 01:32:04 [ℹ]  using region us-east-2
2023-02-24 01:32:04 [ℹ]  subnets for us-east-2a - public:192.168.0.0/19 private:192.168.64.0/19
2023-02-24 01:32:04 [ℹ]  subnets for us-east-2b - public:192.168.32.0/19 private:192.168.96.0/19
2023-02-24 01:32:04 [ℹ]  nodegroup "ng-5b846ccd" will use "ami-055cd5e1dec7dabb7" [Ubuntu2004/1.24]
2023-02-24 01:32:04 [ℹ]  using SSH public key "/home/bschmitz/.ssh/id_rsa.pub" as "eksctl-eks-multi-tenant-spot-8x-8vcpu-16gb-nodegroup-ng-5b846ccd-2c:86:4f:38:01:42:a7:2d:7f:aa:4c:b3:0d:f9:35:0c" 
2023-02-24 01:32:04 [ℹ]  using Kubernetes version 1.24
2023-02-24 01:32:04 [ℹ]  creating EKS cluster "eks-multi-tenant-spot-8x-8vcpu-16gb" in "us-east-2" region with managed nodes
2023-02-24 01:32:04 [ℹ]  1 nodegroup (ng-5b846ccd) was included (based on the include/exclude rules)
2023-02-24 01:32:04 [ℹ]  will create a CloudFormation stack for cluster itself and 0 nodegroup stack(s)
2023-02-24 01:32:04 [ℹ]  will create a CloudFormation stack for cluster itself and 1 managed nodegroup stack(s)
2023-02-24 01:32:04 [ℹ]  if you encounter any issues, check CloudFormation console or try 'eksctl utils describe-stacks --region=us-east-2 --cluster=eks-multi-tenant-spot-8x-8vcpu-16gb'
2023-02-24 01:32:04 [ℹ]  Kubernetes API endpoint access will use default of {publicAccess=true, privateAccess=false} for cluster "eks-multi-tenant-spot-8x-8vcpu-16gb" in "us-east-2"
2023-02-24 01:32:04 [ℹ]  CloudWatch logging will not be enabled for cluster "eks-multi-tenant-spot-8x-8vcpu-16gb" in "us-east-2"
2023-02-24 01:32:04 [ℹ]  you can enable it with 'eksctl utils update-cluster-logging --enable-types={SPECIFY-YOUR-LOG-TYPES-HERE (e.g. all)} --region=us-east-2 --cluster=eks-multi-tenant-spot-8x-8vcpu-16gb'
2023-02-24 01:32:04 [ℹ]  
2 sequential tasks: { create cluster control plane "eks-multi-tenant-spot-8x-8vcpu-16gb", 
    2 sequential sub-tasks: { 
        wait for control plane to become ready,
        create managed nodegroup "ng-5b846ccd",
    } 
}
2023-02-24 01:32:04 [ℹ]  building cluster stack "eksctl-eks-multi-tenant-spot-8x-8vcpu-16gb-cluster"
2023-02-24 01:32:05 [ℹ]  deploying stack "eksctl-eks-multi-tenant-spot-8x-8vcpu-16gb-cluster"
2023-02-24 01:32:35 [ℹ]  waiting for CloudFormation stack "eksctl-eks-multi-tenant-spot-8x-8vcpu-16gb-cluster"
2023-02-24 01:33:05 [ℹ]  waiting for CloudFormation stack "eksctl-eks-multi-tenant-spot-8x-8vcpu-16gb-cluster"
2023-02-24 01:34:05 [ℹ]  waiting for CloudFormation stack "eksctl-eks-multi-tenant-spot-8x-8vcpu-16gb-cluster"
2023-02-24 01:35:06 [ℹ]  waiting for CloudFormation stack "eksctl-eks-multi-tenant-spot-8x-8vcpu-16gb-cluster"
2023-02-24 01:36:06 [ℹ]  waiting for CloudFormation stack "eksctl-eks-multi-tenant-spot-8x-8vcpu-16gb-cluster"
2023-02-24 01:37:07 [ℹ]  waiting for CloudFormation stack "eksctl-eks-multi-tenant-spot-8x-8vcpu-16gb-cluster"
2023-02-24 01:38:07 [ℹ]  waiting for CloudFormation stack "eksctl-eks-multi-tenant-spot-8x-8vcpu-16gb-cluster"
2023-02-24 01:39:07 [ℹ]  waiting for CloudFormation stack "eksctl-eks-multi-tenant-spot-8x-8vcpu-16gb-cluster"
2023-02-24 01:40:07 [ℹ]  waiting for CloudFormation stack "eksctl-eks-multi-tenant-spot-8x-8vcpu-16gb-cluster"
2023-02-24 01:41:07 [ℹ]  waiting for CloudFormation stack "eksctl-eks-multi-tenant-spot-8x-8vcpu-16gb-cluster"
2023-02-24 01:42:08 [ℹ]  waiting for CloudFormation stack "eksctl-eks-multi-tenant-spot-8x-8vcpu-16gb-cluster"
2023-02-24 01:43:08 [ℹ]  waiting for CloudFormation stack "eksctl-eks-multi-tenant-spot-8x-8vcpu-16gb-cluster"
2023-02-24 01:44:08 [ℹ]  waiting for CloudFormation stack "eksctl-eks-multi-tenant-spot-8x-8vcpu-16gb-cluster"
2023-02-24 01:46:12 [ℹ]  building managed nodegroup stack "eksctl-eks-multi-tenant-spot-8x-8vcpu-16gb-nodegroup-ng-5b846ccd"
2023-02-24 01:46:12 [ℹ]  deploying stack "eksctl-eks-multi-tenant-spot-8x-8vcpu-16gb-nodegroup-ng-5b846ccd"
2023-02-24 01:46:12 [ℹ]  waiting for CloudFormation stack "eksctl-eks-multi-tenant-spot-8x-8vcpu-16gb-nodegroup-ng-5b846ccd"
2023-02-24 01:46:43 [ℹ]  waiting for CloudFormation stack "eksctl-eks-multi-tenant-spot-8x-8vcpu-16gb-nodegroup-ng-5b846ccd"
2023-02-24 01:47:25 [ℹ]  waiting for CloudFormation stack "eksctl-eks-multi-tenant-spot-8x-8vcpu-16gb-nodegroup-ng-5b846ccd"
2023-02-24 01:48:33 [ℹ]  waiting for CloudFormation stack "eksctl-eks-multi-tenant-spot-8x-8vcpu-16gb-nodegroup-ng-5b846ccd"
2023-02-24 01:50:06 [ℹ]  waiting for CloudFormation stack "eksctl-eks-multi-tenant-spot-8x-8vcpu-16gb-nodegroup-ng-5b846ccd"
2023-02-24 01:51:04 [ℹ]  waiting for CloudFormation stack "eksctl-eks-multi-tenant-spot-8x-8vcpu-16gb-nodegroup-ng-5b846ccd"
2023-02-24 01:51:04 [ℹ]  waiting for the control plane to become ready
2023-02-24 01:51:05 [✔]  saved kubeconfig as "/home/bschmitz/.kube/eksctl/clusters/eks-multi-tenant-spot-8x-8vcpu-16gb"
2023-02-24 01:51:05 [ℹ]  no tasks
2023-02-24 01:51:05 [✔]  all EKS cluster resources for "eks-multi-tenant-spot-8x-8vcpu-16gb" have been created
2023-02-24 01:51:05 [ℹ]  nodegroup "ng-5b846ccd" has 8 node(s)
2023-02-24 01:51:05 [ℹ]  node "ip-192-168-15-117.us-east-2.compute.internal" is ready
2023-02-24 01:51:05 [ℹ]  node "ip-192-168-17-80.us-east-2.compute.internal" is ready
2023-02-24 01:51:05 [ℹ]  node "ip-192-168-2-212.us-east-2.compute.internal" is ready
2023-02-24 01:51:05 [ℹ]  node "ip-192-168-42-235.us-east-2.compute.internal" is ready
2023-02-24 01:51:05 [ℹ]  node "ip-192-168-47-202.us-east-2.compute.internal" is ready
2023-02-24 01:51:05 [ℹ]  node "ip-192-168-55-23.us-east-2.compute.internal" is ready
2023-02-24 01:51:05 [ℹ]  node "ip-192-168-60-116.us-east-2.compute.internal" is ready
2023-02-24 01:51:05 [ℹ]  node "ip-192-168-9-244.us-east-2.compute.internal" is ready
2023-02-24 01:51:05 [ℹ]  waiting for at least 8 node(s) to become ready in "ng-5b846ccd"
2023-02-24 01:51:05 [ℹ]  nodegroup "ng-5b846ccd" has 8 node(s)
2023-02-24 01:51:05 [ℹ]  node "ip-192-168-15-117.us-east-2.compute.internal" is ready
2023-02-24 01:51:05 [ℹ]  node "ip-192-168-17-80.us-east-2.compute.internal" is ready
2023-02-24 01:51:05 [ℹ]  node "ip-192-168-2-212.us-east-2.compute.internal" is ready
2023-02-24 01:51:05 [ℹ]  node "ip-192-168-42-235.us-east-2.compute.internal" is ready
2023-02-24 01:51:05 [ℹ]  node "ip-192-168-47-202.us-east-2.compute.internal" is ready
2023-02-24 01:51:05 [ℹ]  node "ip-192-168-55-23.us-east-2.compute.internal" is ready
2023-02-24 01:51:05 [ℹ]  node "ip-192-168-60-116.us-east-2.compute.internal" is ready
2023-02-24 01:51:05 [ℹ]  node "ip-192-168-9-244.us-east-2.compute.internal" is ready
2023-02-24 01:51:07 [ℹ]  kubectl command should work with "/home/bschmitz/.kube/eksctl/clusters/eks-multi-tenant-spot-8x-8vcpu-16gb", try 'kubectl --kubeconfig=/home/bschmitz/.kube/eksctl/clusters/eks-multi-tenant-spot-8x-8vcpu-16gb get nodes'
2023-02-24 01:51:07 [✔]  EKS cluster "eks-multi-tenant-spot-8x-8vcpu-16gb" in "us-east-2" region is ready

Time: 1144 seconds
