2023-02-03 23:48:54 [ℹ]  eksctl version 0.128.0
2023-02-03 23:48:54 [ℹ]  using region us-east-2
2023-02-03 23:48:55 [ℹ]  subnets for us-east-2b - public:192.168.0.0/19 private:192.168.64.0/19
2023-02-03 23:48:55 [ℹ]  subnets for us-east-2c - public:192.168.32.0/19 private:192.168.96.0/19
2023-02-03 23:48:55 [ℹ]  nodegroup "ng-5b846ccd" will use "ami-0a8fed39d4c2b85c1" [Ubuntu2004/1.23]
2023-02-03 23:48:56 [ℹ]  using SSH public key "/home/bschmitz/.ssh/id_rsa.pub" as "eksctl-tcss702-eks-nodegroup-ng-5b846ccd-8d:b5:ab:ea:83:79:23:ae:93:f9:94:1c:88:4b:08:2f" 
2023-02-03 23:48:57 [ℹ]  using Kubernetes version 1.23
2023-02-03 23:48:57 [ℹ]  creating EKS cluster "tcss702-eks" in "us-east-2" region with managed nodes
2023-02-03 23:48:57 [ℹ]  1 nodegroup (ng-5b846ccd) was included (based on the include/exclude rules)
2023-02-03 23:48:57 [ℹ]  will create a CloudFormation stack for cluster itself and 0 nodegroup stack(s)
2023-02-03 23:48:57 [ℹ]  will create a CloudFormation stack for cluster itself and 1 managed nodegroup stack(s)
2023-02-03 23:48:57 [ℹ]  if you encounter any issues, check CloudFormation console or try 'eksctl utils describe-stacks --region=us-east-2 --cluster=tcss702-eks'
2023-02-03 23:48:57 [ℹ]  Kubernetes API endpoint access will use default of {publicAccess=true, privateAccess=false} for cluster "tcss702-eks" in "us-east-2"
2023-02-03 23:48:57 [ℹ]  CloudWatch logging will not be enabled for cluster "tcss702-eks" in "us-east-2"
2023-02-03 23:48:57 [ℹ]  you can enable it with 'eksctl utils update-cluster-logging --enable-types={SPECIFY-YOUR-LOG-TYPES-HERE (e.g. all)} --region=us-east-2 --cluster=tcss702-eks'
2023-02-03 23:48:57 [ℹ]  
2 sequential tasks: { create cluster control plane "tcss702-eks", 
    2 sequential sub-tasks: { 
        wait for control plane to become ready,
        create managed nodegroup "ng-5b846ccd",
    } 
}
2023-02-03 23:48:57 [ℹ]  building cluster stack "eksctl-tcss702-eks-cluster"
2023-02-03 23:48:59 [ℹ]  deploying stack "eksctl-tcss702-eks-cluster"
2023-02-03 23:49:29 [ℹ]  waiting for CloudFormation stack "eksctl-tcss702-eks-cluster"
2023-02-03 23:50:01 [ℹ]  waiting for CloudFormation stack "eksctl-tcss702-eks-cluster"
2023-02-03 23:51:02 [ℹ]  waiting for CloudFormation stack "eksctl-tcss702-eks-cluster"
2023-02-03 23:52:03 [ℹ]  waiting for CloudFormation stack "eksctl-tcss702-eks-cluster"
2023-02-03 23:53:04 [ℹ]  waiting for CloudFormation stack "eksctl-tcss702-eks-cluster"
2023-02-03 23:54:06 [ℹ]  waiting for CloudFormation stack "eksctl-tcss702-eks-cluster"
2023-02-03 23:55:07 [ℹ]  waiting for CloudFormation stack "eksctl-tcss702-eks-cluster"
2023-02-03 23:56:10 [ℹ]  waiting for CloudFormation stack "eksctl-tcss702-eks-cluster"
2023-02-03 23:57:11 [ℹ]  waiting for CloudFormation stack "eksctl-tcss702-eks-cluster"
2023-02-03 23:58:12 [ℹ]  waiting for CloudFormation stack "eksctl-tcss702-eks-cluster"
2023-02-03 23:59:14 [ℹ]  waiting for CloudFormation stack "eksctl-tcss702-eks-cluster"
2023-02-04 00:00:17 [ℹ]  waiting for CloudFormation stack "eksctl-tcss702-eks-cluster"
2023-02-04 00:01:18 [ℹ]  waiting for CloudFormation stack "eksctl-tcss702-eks-cluster"
2023-02-04 00:03:35 [ℹ]  building managed nodegroup stack "eksctl-tcss702-eks-nodegroup-ng-5b846ccd"
2023-02-04 00:03:36 [ℹ]  deploying stack "eksctl-tcss702-eks-nodegroup-ng-5b846ccd"
2023-02-04 00:03:37 [ℹ]  waiting for CloudFormation stack "eksctl-tcss702-eks-nodegroup-ng-5b846ccd"
2023-02-04 00:04:08 [ℹ]  waiting for CloudFormation stack "eksctl-tcss702-eks-nodegroup-ng-5b846ccd"
2023-02-04 00:05:09 [ℹ]  waiting for CloudFormation stack "eksctl-tcss702-eks-nodegroup-ng-5b846ccd"
2023-02-04 00:06:41 [ℹ]  waiting for CloudFormation stack "eksctl-tcss702-eks-nodegroup-ng-5b846ccd"
2023-02-04 00:08:30 [ℹ]  waiting for CloudFormation stack "eksctl-tcss702-eks-nodegroup-ng-5b846ccd"
2023-02-04 00:10:18 [ℹ]  waiting for CloudFormation stack "eksctl-tcss702-eks-nodegroup-ng-5b846ccd"
2023-02-04 00:10:18 [ℹ]  waiting for the control plane to become ready
2023-02-04 00:10:19 [✔]  saved kubeconfig as "/home/bschmitz/.kube/eksctl/clusters/tcss702-eks"
2023-02-04 00:10:19 [ℹ]  no tasks
2023-02-04 00:10:19 [✔]  all EKS cluster resources for "tcss702-eks" have been created
2023-02-04 00:10:21 [ℹ]  nodegroup "ng-5b846ccd" has 8 node(s)
2023-02-04 00:10:21 [ℹ]  node "ip-192-168-0-42.us-east-2.compute.internal" is ready
2023-02-04 00:10:21 [ℹ]  node "ip-192-168-1-55.us-east-2.compute.internal" is ready
2023-02-04 00:10:21 [ℹ]  node "ip-192-168-26-117.us-east-2.compute.internal" is ready
2023-02-04 00:10:21 [ℹ]  node "ip-192-168-26-137.us-east-2.compute.internal" is ready
2023-02-04 00:10:21 [ℹ]  node "ip-192-168-35-196.us-east-2.compute.internal" is ready
2023-02-04 00:10:21 [ℹ]  node "ip-192-168-37-148.us-east-2.compute.internal" is ready
2023-02-04 00:10:21 [ℹ]  node "ip-192-168-52-79.us-east-2.compute.internal" is ready
2023-02-04 00:10:21 [ℹ]  node "ip-192-168-62-115.us-east-2.compute.internal" is ready
2023-02-04 00:10:21 [ℹ]  waiting for at least 8 node(s) to become ready in "ng-5b846ccd"
2023-02-04 00:10:23 [ℹ]  nodegroup "ng-5b846ccd" has 8 node(s)
2023-02-04 00:10:23 [ℹ]  node "ip-192-168-0-42.us-east-2.compute.internal" is ready
2023-02-04 00:10:23 [ℹ]  node "ip-192-168-1-55.us-east-2.compute.internal" is ready
2023-02-04 00:10:23 [ℹ]  node "ip-192-168-26-117.us-east-2.compute.internal" is ready
2023-02-04 00:10:23 [ℹ]  node "ip-192-168-26-137.us-east-2.compute.internal" is ready
2023-02-04 00:10:23 [ℹ]  node "ip-192-168-35-196.us-east-2.compute.internal" is ready
2023-02-04 00:10:23 [ℹ]  node "ip-192-168-37-148.us-east-2.compute.internal" is ready
2023-02-04 00:10:23 [ℹ]  node "ip-192-168-52-79.us-east-2.compute.internal" is ready
2023-02-04 00:10:23 [ℹ]  node "ip-192-168-62-115.us-east-2.compute.internal" is ready
2023-02-04 00:10:27 [ℹ]  kubectl command should work with "/home/bschmitz/.kube/eksctl/clusters/tcss702-eks", try 'kubectl --kubeconfig=/home/bschmitz/.kube/eksctl/clusters/tcss702-eks get nodes'
2023-02-04 00:10:27 [✔]  EKS cluster "tcss702-eks" in "us-east-2" region is ready

Successfully deployed cluster in 21 minutes, 34 seconds
Deployed from cluster spec, "eks/eks_multi-tenant_spot_8x_8vcpu_16gb.yml"
