TYPE			NAME														ID
autoscaling-config	master-us-east-2a.masters.kops-multi-tenant-spot-1x-72vcpu-144gb.k8s.local					lt-0da8f7e0d2fe4b793
autoscaling-config	spot-group-base-72vcpus-144gb.kops-multi-tenant-spot-1x-72vcpu-144gb.k8s.local					lt-0d0d9bfa2ca110985
autoscaling-group	master-us-east-2a.masters.kops-multi-tenant-spot-1x-72vcpu-144gb.k8s.local					master-us-east-2a.masters.kops-multi-tenant-spot-1x-72vcpu-144gb.k8s.local
autoscaling-group	spot-group-base-72vcpus-144gb.kops-multi-tenant-spot-1x-72vcpu-144gb.k8s.local					spot-group-base-72vcpus-144gb.kops-multi-tenant-spot-1x-72vcpu-144gb.k8s.local
dhcp-options		kops-multi-tenant-spot-1x-72vcpu-144gb.k8s.local								dopt-015d0cce7a18408d4
iam-instance-profile	masters.kops-multi-tenant-spot-1x-72vcpu-144gb.k8s.local							masters.kops-multi-tenant-spot-1x-72vcpu-144gb.k8s.local
iam-instance-profile	nodes.kops-multi-tenant-spot-1x-72vcpu-144gb.k8s.local								nodes.kops-multi-tenant-spot-1x-72vcpu-144gb.k8s.local
iam-role		masters.kops-multi-tenant-spot-1x-72vcpu-144gb.k8s.local							masters.kops-multi-tenant-spot-1x-72vcpu-144gb.k8s.local
iam-role		nodes.kops-multi-tenant-spot-1x-72vcpu-144gb.k8s.local								nodes.kops-multi-tenant-spot-1x-72vcpu-144gb.k8s.local
instance		master-us-east-2a.masters.kops-multi-tenant-spot-1x-72vcpu-144gb.k8s.local					i-07be7594f37b06d38
instance		spot-group-base-72vcpus-144gb.kops-multi-tenant-spot-1x-72vcpu-144gb.k8s.local					i-0196bec9ece718f02
internet-gateway	kops-multi-tenant-spot-1x-72vcpu-144gb.k8s.local								igw-03a942543bbe6b2af
keypair			kubernetes.kops-multi-tenant-spot-1x-72vcpu-144gb.k8s.local-4d:80:ed:89:18:48:88:b4:f8:df:3e:d9:39:3a:5d:48	key-0e5169967559f6934
load-balancer		api.kops-multi-tenant-spot-1x-72vcpu-144gb.k8s.local								api-kops-multi-tenant-spo-i5algb
route-table		kops-multi-tenant-spot-1x-72vcpu-144gb.k8s.local								rtb-067d8578b3fe001f8
security-group		api-elb.kops-multi-tenant-spot-1x-72vcpu-144gb.k8s.local							sg-0636c3c3f6602599a
security-group		masters.kops-multi-tenant-spot-1x-72vcpu-144gb.k8s.local							sg-0530d707f997e92f8
security-group		nodes.kops-multi-tenant-spot-1x-72vcpu-144gb.k8s.local								sg-0a21093b307085d56
subnet			us-east-2a.kops-multi-tenant-spot-1x-72vcpu-144gb.k8s.local							subnet-01a9790ade649812a
volume			c.etcd-events.kops-multi-tenant-spot-1x-72vcpu-144gb.k8s.local							vol-07ba77b54eea06b62
volume			c.etcd-main.kops-multi-tenant-spot-1x-72vcpu-144gb.k8s.local							vol-0cdd3c4842a7916d2
volume			master-us-east-2a.masters.kops-multi-tenant-spot-1x-72vcpu-144gb.k8s.local					vol-077da1ae5e56bf1a9
volume			spot-group-base-72vcpus-144gb.kops-multi-tenant-spot-1x-72vcpu-144gb.k8s.local					vol-0a13d6c640dfd7e0b
vpc			kops-multi-tenant-spot-1x-72vcpu-144gb.k8s.local								vpc-041ce6481df760260

load-balancer:api-kops-multi-tenant-spo-i5algb	ok
autoscaling-group:spot-group-base-72vcpus-144gb.kops-multi-tenant-spot-1x-72vcpu-144gb.k8s.local	ok
iam-instance-profile:nodes.kops-multi-tenant-spot-1x-72vcpu-144gb.k8s.local	ok
iam-instance-profile:masters.kops-multi-tenant-spot-1x-72vcpu-144gb.k8s.local	ok
autoscaling-config:lt-0d0d9bfa2ca110985	ok
autoscaling-config:lt-0da8f7e0d2fe4b793	ok
instance:i-07be7594f37b06d38	ok
autoscaling-group:master-us-east-2a.masters.kops-multi-tenant-spot-1x-72vcpu-144gb.k8s.local	ok
internet-gateway:igw-03a942543bbe6b2af	still has dependencies, will retry
keypair:key-0e5169967559f6934	ok
instance:i-0196bec9ece718f02	ok
volume:vol-0cdd3c4842a7916d2	still has dependencies, will retry
volume:vol-07ba77b54eea06b62	still has dependencies, will retry
volume:vol-0a13d6c640dfd7e0b	still has dependencies, will retry
volume:vol-077da1ae5e56bf1a9	still has dependencies, will retry
iam-role:nodes.kops-multi-tenant-spot-1x-72vcpu-144gb.k8s.local	ok
iam-role:masters.kops-multi-tenant-spot-1x-72vcpu-144gb.k8s.local	ok
subnet:subnet-01a9790ade649812a	still has dependencies, will retry
security-group:sg-0530d707f997e92f8	still has dependencies, will retry
security-group:sg-0636c3c3f6602599a	still has dependencies, will retry
security-group:sg-0a21093b307085d56	still has dependencies, will retry
Not all resources deleted; waiting before reattempting deletion
	volume:vol-077da1ae5e56bf1a9
	volume:vol-0cdd3c4842a7916d2
	internet-gateway:igw-03a942543bbe6b2af
	security-group:sg-0530d707f997e92f8
	volume:vol-07ba77b54eea06b62
	subnet:subnet-01a9790ade649812a
	route-table:rtb-067d8578b3fe001f8
	dhcp-options:dopt-015d0cce7a18408d4
	vpc:vpc-041ce6481df760260
	security-group:sg-0636c3c3f6602599a
	security-group:sg-0a21093b307085d56
	volume:vol-0a13d6c640dfd7e0b
volume:vol-07ba77b54eea06b62	still has dependencies, will retry
volume:vol-0cdd3c4842a7916d2	still has dependencies, will retry
volume:vol-077da1ae5e56bf1a9	still has dependencies, will retry
volume:vol-0a13d6c640dfd7e0b	still has dependencies, will retry
subnet:subnet-01a9790ade649812a	still has dependencies, will retry
internet-gateway:igw-03a942543bbe6b2af	still has dependencies, will retry
security-group:sg-0636c3c3f6602599a	still has dependencies, will retry
security-group:sg-0530d707f997e92f8	still has dependencies, will retry
security-group:sg-0a21093b307085d56	still has dependencies, will retry
Not all resources deleted; waiting before reattempting deletion
	volume:vol-0cdd3c4842a7916d2
	volume:vol-077da1ae5e56bf1a9
	security-group:sg-0530d707f997e92f8
	internet-gateway:igw-03a942543bbe6b2af
	route-table:rtb-067d8578b3fe001f8
	volume:vol-07ba77b54eea06b62
	subnet:subnet-01a9790ade649812a
	security-group:sg-0636c3c3f6602599a
	security-group:sg-0a21093b307085d56
	volume:vol-0a13d6c640dfd7e0b
	dhcp-options:dopt-015d0cce7a18408d4
	vpc:vpc-041ce6481df760260
volume:vol-0cdd3c4842a7916d2	still has dependencies, will retry
volume:vol-0a13d6c640dfd7e0b	still has dependencies, will retry
volume:vol-07ba77b54eea06b62	still has dependencies, will retry
volume:vol-077da1ae5e56bf1a9	still has dependencies, will retry
subnet:subnet-01a9790ade649812a	still has dependencies, will retry
internet-gateway:igw-03a942543bbe6b2af	still has dependencies, will retry
security-group:sg-0a21093b307085d56	still has dependencies, will retry
security-group:sg-0530d707f997e92f8	still has dependencies, will retry
security-group:sg-0636c3c3f6602599a	ok
Not all resources deleted; waiting before reattempting deletion
	volume:vol-077da1ae5e56bf1a9
	volume:vol-0cdd3c4842a7916d2
	internet-gateway:igw-03a942543bbe6b2af
	security-group:sg-0530d707f997e92f8
	volume:vol-07ba77b54eea06b62
	subnet:subnet-01a9790ade649812a
	route-table:rtb-067d8578b3fe001f8
	volume:vol-0a13d6c640dfd7e0b
	dhcp-options:dopt-015d0cce7a18408d4
	vpc:vpc-041ce6481df760260
	security-group:sg-0a21093b307085d56
volume:vol-07ba77b54eea06b62	still has dependencies, will retry
volume:vol-0cdd3c4842a7916d2	still has dependencies, will retry
volume:vol-077da1ae5e56bf1a9	still has dependencies, will retry
volume:vol-0a13d6c640dfd7e0b	still has dependencies, will retry
subnet:subnet-01a9790ade649812a	still has dependencies, will retry
internet-gateway:igw-03a942543bbe6b2af	still has dependencies, will retry
security-group:sg-0530d707f997e92f8	still has dependencies, will retry
security-group:sg-0a21093b307085d56	still has dependencies, will retry
Not all resources deleted; waiting before reattempting deletion
	security-group:sg-0530d707f997e92f8
	internet-gateway:igw-03a942543bbe6b2af
	route-table:rtb-067d8578b3fe001f8
	volume:vol-07ba77b54eea06b62
	subnet:subnet-01a9790ade649812a
	security-group:sg-0a21093b307085d56
	volume:vol-0a13d6c640dfd7e0b
	dhcp-options:dopt-015d0cce7a18408d4
	vpc:vpc-041ce6481df760260
	volume:vol-0cdd3c4842a7916d2
	volume:vol-077da1ae5e56bf1a9
volume:vol-07ba77b54eea06b62	still has dependencies, will retry
volume:vol-0cdd3c4842a7916d2	still has dependencies, will retry
volume:vol-077da1ae5e56bf1a9	still has dependencies, will retry
volume:vol-0a13d6c640dfd7e0b	ok
internet-gateway:igw-03a942543bbe6b2af	still has dependencies, will retry
subnet:subnet-01a9790ade649812a	still has dependencies, will retry
security-group:sg-0530d707f997e92f8	still has dependencies, will retry
security-group:sg-0a21093b307085d56	ok
Not all resources deleted; waiting before reattempting deletion
	dhcp-options:dopt-015d0cce7a18408d4
	vpc:vpc-041ce6481df760260
	volume:vol-0cdd3c4842a7916d2
	volume:vol-077da1ae5e56bf1a9
	internet-gateway:igw-03a942543bbe6b2af
	security-group:sg-0530d707f997e92f8
	volume:vol-07ba77b54eea06b62
	subnet:subnet-01a9790ade649812a
	route-table:rtb-067d8578b3fe001f8
volume:vol-07ba77b54eea06b62	still has dependencies, will retry
volume:vol-077da1ae5e56bf1a9	still has dependencies, will retry
internet-gateway:igw-03a942543bbe6b2af	still has dependencies, will retry
volume:vol-0cdd3c4842a7916d2	still has dependencies, will retry
subnet:subnet-01a9790ade649812a	still has dependencies, will retry
security-group:sg-0530d707f997e92f8	still has dependencies, will retry
Not all resources deleted; waiting before reattempting deletion
	dhcp-options:dopt-015d0cce7a18408d4
	vpc:vpc-041ce6481df760260
	volume:vol-0cdd3c4842a7916d2
	volume:vol-077da1ae5e56bf1a9
	security-group:sg-0530d707f997e92f8
	internet-gateway:igw-03a942543bbe6b2af
	route-table:rtb-067d8578b3fe001f8
	volume:vol-07ba77b54eea06b62
	subnet:subnet-01a9790ade649812a
volume:vol-07ba77b54eea06b62	still has dependencies, will retry
volume:vol-077da1ae5e56bf1a9	still has dependencies, will retry
volume:vol-0cdd3c4842a7916d2	still has dependencies, will retry
internet-gateway:igw-03a942543bbe6b2af	still has dependencies, will retry
subnet:subnet-01a9790ade649812a	still has dependencies, will retry
security-group:sg-0530d707f997e92f8	still has dependencies, will retry
Not all resources deleted; waiting before reattempting deletion
	dhcp-options:dopt-015d0cce7a18408d4
	vpc:vpc-041ce6481df760260
	volume:vol-077da1ae5e56bf1a9
	volume:vol-0cdd3c4842a7916d2
	internet-gateway:igw-03a942543bbe6b2af
	security-group:sg-0530d707f997e92f8
	volume:vol-07ba77b54eea06b62
	subnet:subnet-01a9790ade649812a
	route-table:rtb-067d8578b3fe001f8
volume:vol-07ba77b54eea06b62	still has dependencies, will retry
volume:vol-077da1ae5e56bf1a9	still has dependencies, will retry
volume:vol-0cdd3c4842a7916d2	still has dependencies, will retry
subnet:subnet-01a9790ade649812a	still has dependencies, will retry
internet-gateway:igw-03a942543bbe6b2af	still has dependencies, will retry
security-group:sg-0530d707f997e92f8	still has dependencies, will retry
Not all resources deleted; waiting before reattempting deletion
	volume:vol-0cdd3c4842a7916d2
	volume:vol-077da1ae5e56bf1a9
	internet-gateway:igw-03a942543bbe6b2af
	security-group:sg-0530d707f997e92f8
	volume:vol-07ba77b54eea06b62
	subnet:subnet-01a9790ade649812a
	route-table:rtb-067d8578b3fe001f8
	dhcp-options:dopt-015d0cce7a18408d4
	vpc:vpc-041ce6481df760260
volume:vol-077da1ae5e56bf1a9	still has dependencies, will retry
volume:vol-07ba77b54eea06b62	still has dependencies, will retry
volume:vol-0cdd3c4842a7916d2	still has dependencies, will retry
subnet:subnet-01a9790ade649812a	still has dependencies, will retry
internet-gateway:igw-03a942543bbe6b2af	still has dependencies, will retry
security-group:sg-0530d707f997e92f8	still has dependencies, will retry
Not all resources deleted; waiting before reattempting deletion
	volume:vol-07ba77b54eea06b62
	subnet:subnet-01a9790ade649812a
	route-table:rtb-067d8578b3fe001f8
	dhcp-options:dopt-015d0cce7a18408d4
	vpc:vpc-041ce6481df760260
	volume:vol-0cdd3c4842a7916d2
	volume:vol-077da1ae5e56bf1a9
	internet-gateway:igw-03a942543bbe6b2af
	security-group:sg-0530d707f997e92f8
volume:vol-077da1ae5e56bf1a9	ok
volume:vol-07ba77b54eea06b62	ok
volume:vol-0cdd3c4842a7916d2	ok
subnet:subnet-01a9790ade649812a	ok
internet-gateway:igw-03a942543bbe6b2af	ok
security-group:sg-0530d707f997e92f8	ok
route-table:rtb-067d8578b3fe001f8	ok
vpc:vpc-041ce6481df760260	ok
dhcp-options:dopt-015d0cce7a18408d4	ok
Deleted kubectl config for kops-multi-tenant-spot-1x-72vcpu-144gb.k8s.local

Deleted cluster: "kops-multi-tenant-spot-1x-72vcpu-144gb.k8s.local"

Time: 108 seconds
