kOps has set your kubectl context to kops-multi-tenant-spot-1x-72vcpu-144gb.k8s.local

Cluster is starting.  It should be ready in a few minutes.

Suggestions:
 * validate cluster: kops validate cluster --wait 10m
 * list nodes: kubectl get nodes --show-labels
 * ssh to the master: ssh -i ~/.ssh/id_rsa ubuntu@api.kops-multi-tenant-spot-1x-72vcpu-144gb.k8s.local
 * the ubuntu user is specific to Ubuntu. If not using Ubuntu please use the appropriate user based on your OS.
 * read about installing addons at: https://kops.sigs.k8s.io/addons.

Validating cluster kops-multi-tenant-spot-1x-72vcpu-144gb.k8s.local

INSTANCE GROUPS
NAME				ROLE	MACHINETYPE	MIN	MAX	SUBNETS
master-us-east-2a		Master	m5n.2xlarge	1	1	us-east-2a
spot-group-base-72vcpus-144gb	Node	c5.18xlarge	1	1	us-east-2a

NODE STATUS
NAME	ROLE	READY

VALIDATION ERRORS
KIND	NAME			MESSAGE
Machine	i-06f0c86c1a0f895e4	machine "i-06f0c86c1a0f895e4" has not yet joined cluster
Machine	i-0db567a2fb09b299b	machine "i-0db567a2fb09b299b" has not yet joined cluster

Validation Failed
INSTANCE GROUPS
NAME				ROLE	MACHINETYPE	MIN	MAX	SUBNETS
master-us-east-2a		Master	m5n.2xlarge	1	1	us-east-2a
spot-group-base-72vcpus-144gb	Node	c5.18xlarge	1	1	us-east-2a

NODE STATUS
NAME	ROLE	READY

VALIDATION ERRORS
KIND	NAME			MESSAGE
Machine	i-06f0c86c1a0f895e4	machine "i-06f0c86c1a0f895e4" has not yet joined cluster
Machine	i-0db567a2fb09b299b	machine "i-0db567a2fb09b299b" has not yet joined cluster

Validation Failed
INSTANCE GROUPS
NAME				ROLE	MACHINETYPE	MIN	MAX	SUBNETS
master-us-east-2a		Master	m5n.2xlarge	1	1	us-east-2a
spot-group-base-72vcpus-144gb	Node	c5.18xlarge	1	1	us-east-2a

NODE STATUS
NAME	ROLE	READY

VALIDATION ERRORS
KIND	NAME							MESSAGE
Machine	i-06f0c86c1a0f895e4					machine "i-06f0c86c1a0f895e4" has not yet joined cluster
Machine	i-0db567a2fb09b299b					machine "i-0db567a2fb09b299b" has not yet joined cluster
Pod	kube-system/aws-cloud-controller-manager-tknhc		system-cluster-critical pod "aws-cloud-controller-manager-tknhc" is pending
Pod	kube-system/calico-kube-controllers-8b548fb5d-gssxk	system-cluster-critical pod "calico-kube-controllers-8b548fb5d-gssxk" is pending
Pod	kube-system/calico-node-kpfqp				system-node-critical pod "calico-node-kpfqp" is pending
Pod	kube-system/coredns-6b5bc459c-bnflb			system-cluster-critical pod "coredns-6b5bc459c-bnflb" is pending
Pod	kube-system/coredns-autoscaler-5685d4f67b-p25l6		system-cluster-critical pod "coredns-autoscaler-5685d4f67b-p25l6" is pending
Pod	kube-system/dns-controller-7988b4697f-nn5ql		system-cluster-critical pod "dns-controller-7988b4697f-nn5ql" is pending
Pod	kube-system/ebs-csi-controller-6bb9b686b6-ftv5k		system-cluster-critical pod "ebs-csi-controller-6bb9b686b6-ftv5k" is pending
Pod	kube-system/ebs-csi-node-6nc5l				system-node-critical pod "ebs-csi-node-6nc5l" is pending
Pod	kube-system/kops-controller-wt9n4			system-cluster-critical pod "kops-controller-wt9n4" is pending

Validation Failed
INSTANCE GROUPS
NAME				ROLE	MACHINETYPE	MIN	MAX	SUBNETS
master-us-east-2a		Master	m5n.2xlarge	1	1	us-east-2a
spot-group-base-72vcpus-144gb	Node	c5.18xlarge	1	1	us-east-2a

NODE STATUS
NAME			ROLE	READY
i-0db567a2fb09b299b	master	False

VALIDATION ERRORS
KIND	NAME							MESSAGE
Machine	i-06f0c86c1a0f895e4					machine "i-06f0c86c1a0f895e4" has not yet joined cluster
Node	i-0db567a2fb09b299b					node "i-0db567a2fb09b299b" of role "master" is not ready
Pod	kube-system/calico-kube-controllers-8b548fb5d-gssxk	system-cluster-critical pod "calico-kube-controllers-8b548fb5d-gssxk" is pending
Pod	kube-system/calico-node-kpfqp				system-node-critical pod "calico-node-kpfqp" is pending
Pod	kube-system/coredns-6b5bc459c-bnflb			system-cluster-critical pod "coredns-6b5bc459c-bnflb" is pending
Pod	kube-system/coredns-autoscaler-5685d4f67b-p25l6		system-cluster-critical pod "coredns-autoscaler-5685d4f67b-p25l6" is pending
Pod	kube-system/ebs-csi-controller-6bb9b686b6-ftv5k		system-cluster-critical pod "ebs-csi-controller-6bb9b686b6-ftv5k" is pending
Pod	kube-system/ebs-csi-node-6nc5l				system-node-critical pod "ebs-csi-node-6nc5l" is pending

Validation Failed
INSTANCE GROUPS
NAME				ROLE	MACHINETYPE	MIN	MAX	SUBNETS
master-us-east-2a		Master	m5n.2xlarge	1	1	us-east-2a
spot-group-base-72vcpus-144gb	Node	c5.18xlarge	1	1	us-east-2a

NODE STATUS
NAME			ROLE	READY
i-0db567a2fb09b299b	master	True

VALIDATION ERRORS
KIND	NAME						MESSAGE
Machine	i-06f0c86c1a0f895e4				machine "i-06f0c86c1a0f895e4" has not yet joined cluster
Node	i-0db567a2fb09b299b				master "i-0db567a2fb09b299b" is missing kube-apiserver pod
Node	i-0db567a2fb09b299b				master "i-0db567a2fb09b299b" is missing kube-scheduler pod
Pod	kube-system/coredns-6b5bc459c-bnflb		system-cluster-critical pod "coredns-6b5bc459c-bnflb" is pending
Pod	kube-system/coredns-autoscaler-5685d4f67b-p25l6	system-cluster-critical pod "coredns-autoscaler-5685d4f67b-p25l6" is pending
Pod	kube-system/ebs-csi-controller-6bb9b686b6-ftv5k	system-cluster-critical pod "ebs-csi-controller-6bb9b686b6-ftv5k" is pending
Pod	kube-system/ebs-csi-node-6nc5l			system-node-critical pod "ebs-csi-node-6nc5l" is pending

Validation Failed
INSTANCE GROUPS
NAME				ROLE	MACHINETYPE	MIN	MAX	SUBNETS
master-us-east-2a		Master	m5n.2xlarge	1	1	us-east-2a
spot-group-base-72vcpus-144gb	Node	c5.18xlarge	1	1	us-east-2a

NODE STATUS
NAME			ROLE	READY
i-0db567a2fb09b299b	master	True

VALIDATION ERRORS
KIND	NAME						MESSAGE
Machine	i-06f0c86c1a0f895e4				machine "i-06f0c86c1a0f895e4" has not yet joined cluster
Node	i-0db567a2fb09b299b				master "i-0db567a2fb09b299b" is missing kube-apiserver pod
Node	i-0db567a2fb09b299b				master "i-0db567a2fb09b299b" is missing kube-scheduler pod
Pod	kube-system/coredns-6b5bc459c-bnflb		system-cluster-critical pod "coredns-6b5bc459c-bnflb" is pending
Pod	kube-system/coredns-autoscaler-5685d4f67b-p25l6	system-cluster-critical pod "coredns-autoscaler-5685d4f67b-p25l6" is pending
Pod	kube-system/ebs-csi-controller-6bb9b686b6-ftv5k	system-cluster-critical pod "ebs-csi-controller-6bb9b686b6-ftv5k" is pending
Pod	kube-system/kube-scheduler-i-0db567a2fb09b299b	system-cluster-critical pod "kube-scheduler-i-0db567a2fb09b299b" is pending

Validation Failed
INSTANCE GROUPS
NAME				ROLE	MACHINETYPE	MIN	MAX	SUBNETS
master-us-east-2a		Master	m5n.2xlarge	1	1	us-east-2a
spot-group-base-72vcpus-144gb	Node	c5.18xlarge	1	1	us-east-2a

NODE STATUS
NAME			ROLE	READY
i-0db567a2fb09b299b	master	True

VALIDATION ERRORS
KIND	NAME						MESSAGE
Machine	i-06f0c86c1a0f895e4				machine "i-06f0c86c1a0f895e4" has not yet joined cluster
Node	i-0db567a2fb09b299b				master "i-0db567a2fb09b299b" is missing kube-apiserver pod
Pod	kube-system/coredns-6b5bc459c-bnflb		system-cluster-critical pod "coredns-6b5bc459c-bnflb" is pending
Pod	kube-system/coredns-autoscaler-5685d4f67b-p25l6	system-cluster-critical pod "coredns-autoscaler-5685d4f67b-p25l6" is pending
Pod	kube-system/kube-apiserver-i-0db567a2fb09b299b	system-cluster-critical pod "kube-apiserver-i-0db567a2fb09b299b" is pending

Validation Failed
INSTANCE GROUPS
NAME				ROLE	MACHINETYPE	MIN	MAX	SUBNETS
master-us-east-2a		Master	m5n.2xlarge	1	1	us-east-2a
spot-group-base-72vcpus-144gb	Node	c5.18xlarge	1	1	us-east-2a

NODE STATUS
NAME			ROLE	READY
i-06f0c86c1a0f895e4	node	False
i-0db567a2fb09b299b	master	True

VALIDATION ERRORS
KIND	NAME						MESSAGE
Node	i-06f0c86c1a0f895e4				node "i-06f0c86c1a0f895e4" of role "node" is not ready
Pod	kube-system/calico-node-qv5pz			system-node-critical pod "calico-node-qv5pz" is pending
Pod	kube-system/coredns-6b5bc459c-bnflb		system-cluster-critical pod "coredns-6b5bc459c-bnflb" is pending
Pod	kube-system/coredns-autoscaler-5685d4f67b-p25l6	system-cluster-critical pod "coredns-autoscaler-5685d4f67b-p25l6" is pending
Pod	kube-system/ebs-csi-node-7k7bm			system-node-critical pod "ebs-csi-node-7k7bm" is pending

Validation Failed
INSTANCE GROUPS
NAME				ROLE	MACHINETYPE	MIN	MAX	SUBNETS
master-us-east-2a		Master	m5n.2xlarge	1	1	us-east-2a
spot-group-base-72vcpus-144gb	Node	c5.18xlarge	1	1	us-east-2a

NODE STATUS
NAME			ROLE	READY
i-06f0c86c1a0f895e4	node	False
i-0db567a2fb09b299b	master	True

VALIDATION ERRORS
KIND	NAME						MESSAGE
Node	i-06f0c86c1a0f895e4				node "i-06f0c86c1a0f895e4" of role "node" is not ready
Pod	kube-system/calico-node-qv5pz			system-node-critical pod "calico-node-qv5pz" is pending
Pod	kube-system/coredns-6b5bc459c-bnflb		system-cluster-critical pod "coredns-6b5bc459c-bnflb" is pending
Pod	kube-system/coredns-autoscaler-5685d4f67b-p25l6	system-cluster-critical pod "coredns-autoscaler-5685d4f67b-p25l6" is pending
Pod	kube-system/ebs-csi-node-7k7bm			system-node-critical pod "ebs-csi-node-7k7bm" is pending

Validation Failed
INSTANCE GROUPS
NAME				ROLE	MACHINETYPE	MIN	MAX	SUBNETS
master-us-east-2a		Master	m5n.2xlarge	1	1	us-east-2a
spot-group-base-72vcpus-144gb	Node	c5.18xlarge	1	1	us-east-2a

NODE STATUS
NAME			ROLE	READY
i-06f0c86c1a0f895e4	node	False
i-0db567a2fb09b299b	master	True

VALIDATION ERRORS
KIND	NAME						MESSAGE
Node	i-06f0c86c1a0f895e4				node "i-06f0c86c1a0f895e4" of role "node" is not ready
Pod	kube-system/calico-node-qv5pz			system-node-critical pod "calico-node-qv5pz" is pending
Pod	kube-system/coredns-6b5bc459c-bnflb		system-cluster-critical pod "coredns-6b5bc459c-bnflb" is pending
Pod	kube-system/coredns-autoscaler-5685d4f67b-p25l6	system-cluster-critical pod "coredns-autoscaler-5685d4f67b-p25l6" is pending
Pod	kube-system/ebs-csi-node-7k7bm			system-node-critical pod "ebs-csi-node-7k7bm" is pending

Validation Failed
INSTANCE GROUPS
NAME				ROLE	MACHINETYPE	MIN	MAX	SUBNETS
master-us-east-2a		Master	m5n.2xlarge	1	1	us-east-2a
spot-group-base-72vcpus-144gb	Node	c5.18xlarge	1	1	us-east-2a

NODE STATUS
NAME			ROLE	READY
i-06f0c86c1a0f895e4	node	False
i-0db567a2fb09b299b	master	True

VALIDATION ERRORS
KIND	NAME						MESSAGE
Node	i-06f0c86c1a0f895e4				node "i-06f0c86c1a0f895e4" of role "node" is not ready
Pod	kube-system/calico-node-qv5pz			system-node-critical pod "calico-node-qv5pz" is pending
Pod	kube-system/coredns-6b5bc459c-bnflb		system-cluster-critical pod "coredns-6b5bc459c-bnflb" is pending
Pod	kube-system/coredns-autoscaler-5685d4f67b-p25l6	system-cluster-critical pod "coredns-autoscaler-5685d4f67b-p25l6" is pending
Pod	kube-system/ebs-csi-node-7k7bm			system-node-critical pod "ebs-csi-node-7k7bm" is pending

Validation Failed
INSTANCE GROUPS
NAME				ROLE	MACHINETYPE	MIN	MAX	SUBNETS
master-us-east-2a		Master	m5n.2xlarge	1	1	us-east-2a
spot-group-base-72vcpus-144gb	Node	c5.18xlarge	1	1	us-east-2a

NODE STATUS
NAME			ROLE	READY
i-06f0c86c1a0f895e4	node	True
i-0db567a2fb09b299b	master	True

VALIDATION ERRORS
KIND	NAME						MESSAGE
Pod	kube-system/calico-node-qv5pz			system-node-critical pod "calico-node-qv5pz" is not ready (calico-node)
Pod	kube-system/ebs-csi-node-7k7bm			system-node-critical pod "ebs-csi-node-7k7bm" is pending
Pod	kube-system/kube-proxy-i-06f0c86c1a0f895e4	system-node-critical pod "kube-proxy-i-06f0c86c1a0f895e4" is pending

Validation Failed
INSTANCE GROUPS
NAME				ROLE	MACHINETYPE	MIN	MAX	SUBNETS
master-us-east-2a		Master	m5n.2xlarge	1	1	us-east-2a
spot-group-base-72vcpus-144gb	Node	c5.18xlarge	1	1	us-east-2a

NODE STATUS
NAME			ROLE	READY
i-06f0c86c1a0f895e4	node	True
i-0db567a2fb09b299b	master	True

Your cluster kops-multi-tenant-spot-1x-72vcpu-144gb.k8s.local is ready

Time: 288 seconds
