TYPE			NAME														ID
autoscaling-config	master-us-east-2a.masters.kops-multi-tenant-spot-1x-72vcpu-144gb.k8s.local					lt-06361997f48a89616
autoscaling-config	spot-group-base-72vcpus-144gb.kops-multi-tenant-spot-1x-72vcpu-144gb.k8s.local					lt-0689252b527c486c7
autoscaling-group	master-us-east-2a.masters.kops-multi-tenant-spot-1x-72vcpu-144gb.k8s.local					master-us-east-2a.masters.kops-multi-tenant-spot-1x-72vcpu-144gb.k8s.local
autoscaling-group	spot-group-base-72vcpus-144gb.kops-multi-tenant-spot-1x-72vcpu-144gb.k8s.local					spot-group-base-72vcpus-144gb.kops-multi-tenant-spot-1x-72vcpu-144gb.k8s.local
dhcp-options		kops-multi-tenant-spot-1x-72vcpu-144gb.k8s.local								dopt-0d1a1399b3eafd036
iam-instance-profile	masters.kops-multi-tenant-spot-1x-72vcpu-144gb.k8s.local							masters.kops-multi-tenant-spot-1x-72vcpu-144gb.k8s.local
iam-instance-profile	nodes.kops-multi-tenant-spot-1x-72vcpu-144gb.k8s.local								nodes.kops-multi-tenant-spot-1x-72vcpu-144gb.k8s.local
iam-role		masters.kops-multi-tenant-spot-1x-72vcpu-144gb.k8s.local							masters.kops-multi-tenant-spot-1x-72vcpu-144gb.k8s.local
iam-role		nodes.kops-multi-tenant-spot-1x-72vcpu-144gb.k8s.local								nodes.kops-multi-tenant-spot-1x-72vcpu-144gb.k8s.local
instance		master-us-east-2a.masters.kops-multi-tenant-spot-1x-72vcpu-144gb.k8s.local					i-0db567a2fb09b299b
instance		spot-group-base-72vcpus-144gb.kops-multi-tenant-spot-1x-72vcpu-144gb.k8s.local					i-06f0c86c1a0f895e4
internet-gateway	kops-multi-tenant-spot-1x-72vcpu-144gb.k8s.local								igw-0f1d3be72fbc88766
keypair			kubernetes.kops-multi-tenant-spot-1x-72vcpu-144gb.k8s.local-4d:80:ed:89:18:48:88:b4:f8:df:3e:d9:39:3a:5d:48	key-0e48035a4fd919eba
load-balancer		api.kops-multi-tenant-spot-1x-72vcpu-144gb.k8s.local								api-kops-multi-tenant-spo-i5algb
route-table		kops-multi-tenant-spot-1x-72vcpu-144gb.k8s.local								rtb-0d9aeb813d1c78b18
security-group		api-elb.kops-multi-tenant-spot-1x-72vcpu-144gb.k8s.local							sg-0274a44bb18572a80
security-group		masters.kops-multi-tenant-spot-1x-72vcpu-144gb.k8s.local							sg-0c273d4155e49484f
security-group		nodes.kops-multi-tenant-spot-1x-72vcpu-144gb.k8s.local								sg-02697394893010946
subnet			us-east-2a.kops-multi-tenant-spot-1x-72vcpu-144gb.k8s.local							subnet-020b758693a9b84c1
volume			c.etcd-events.kops-multi-tenant-spot-1x-72vcpu-144gb.k8s.local							vol-03903c50141b18c7a
volume			c.etcd-main.kops-multi-tenant-spot-1x-72vcpu-144gb.k8s.local							vol-0af0d1ff42d703fb7
volume			master-us-east-2a.masters.kops-multi-tenant-spot-1x-72vcpu-144gb.k8s.local					vol-0f837122682389441
volume			spot-group-base-72vcpus-144gb.kops-multi-tenant-spot-1x-72vcpu-144gb.k8s.local					vol-07e2e303ed7f28e20
vpc			kops-multi-tenant-spot-1x-72vcpu-144gb.k8s.local								vpc-083d030166e592b18

load-balancer:api-kops-multi-tenant-spo-i5algb	ok
autoscaling-config:lt-0689252b527c486c7	ok
autoscaling-group:spot-group-base-72vcpus-144gb.kops-multi-tenant-spot-1x-72vcpu-144gb.k8s.local	ok
iam-instance-profile:masters.kops-multi-tenant-spot-1x-72vcpu-144gb.k8s.local	ok
autoscaling-config:lt-06361997f48a89616	ok
instance:i-0db567a2fb09b299b	ok
iam-instance-profile:nodes.kops-multi-tenant-spot-1x-72vcpu-144gb.k8s.local	ok
autoscaling-group:master-us-east-2a.masters.kops-multi-tenant-spot-1x-72vcpu-144gb.k8s.local	ok
keypair:key-0e48035a4fd919eba	ok
internet-gateway:igw-0f1d3be72fbc88766	still has dependencies, will retry
instance:i-06f0c86c1a0f895e4	ok
volume:vol-0af0d1ff42d703fb7	still has dependencies, will retry
volume:vol-0f837122682389441	still has dependencies, will retry
volume:vol-03903c50141b18c7a	still has dependencies, will retry
volume:vol-07e2e303ed7f28e20	still has dependencies, will retry
iam-role:masters.kops-multi-tenant-spot-1x-72vcpu-144gb.k8s.local	ok
iam-role:nodes.kops-multi-tenant-spot-1x-72vcpu-144gb.k8s.local	ok
subnet:subnet-020b758693a9b84c1	still has dependencies, will retry
security-group:sg-02697394893010946	still has dependencies, will retry
security-group:sg-0c273d4155e49484f	still has dependencies, will retry
security-group:sg-0274a44bb18572a80	still has dependencies, will retry
Not all resources deleted; waiting before reattempting deletion
	security-group:sg-0274a44bb18572a80
	volume:vol-0f837122682389441
	security-group:sg-02697394893010946
	dhcp-options:dopt-0d1a1399b3eafd036
	vpc:vpc-083d030166e592b18
	internet-gateway:igw-0f1d3be72fbc88766
	volume:vol-0af0d1ff42d703fb7
	security-group:sg-0c273d4155e49484f
	volume:vol-07e2e303ed7f28e20
	route-table:rtb-0d9aeb813d1c78b18
	volume:vol-03903c50141b18c7a
	subnet:subnet-020b758693a9b84c1
volume:vol-07e2e303ed7f28e20	still has dependencies, will retry
volume:vol-0af0d1ff42d703fb7	still has dependencies, will retry
volume:vol-0f837122682389441	still has dependencies, will retry
volume:vol-03903c50141b18c7a	still has dependencies, will retry
internet-gateway:igw-0f1d3be72fbc88766	still has dependencies, will retry
subnet:subnet-020b758693a9b84c1	still has dependencies, will retry
security-group:sg-02697394893010946	still has dependencies, will retry
security-group:sg-0274a44bb18572a80	still has dependencies, will retry
security-group:sg-0c273d4155e49484f	still has dependencies, will retry
Not all resources deleted; waiting before reattempting deletion
	volume:vol-07e2e303ed7f28e20
	route-table:rtb-0d9aeb813d1c78b18
	volume:vol-0af0d1ff42d703fb7
	security-group:sg-0c273d4155e49484f
	volume:vol-03903c50141b18c7a
	subnet:subnet-020b758693a9b84c1
	security-group:sg-02697394893010946
	security-group:sg-0274a44bb18572a80
	volume:vol-0f837122682389441
	dhcp-options:dopt-0d1a1399b3eafd036
	vpc:vpc-083d030166e592b18
	internet-gateway:igw-0f1d3be72fbc88766
volume:vol-0af0d1ff42d703fb7	still has dependencies, will retry
volume:vol-07e2e303ed7f28e20	still has dependencies, will retry
volume:vol-0f837122682389441	still has dependencies, will retry
volume:vol-03903c50141b18c7a	still has dependencies, will retry
subnet:subnet-020b758693a9b84c1	still has dependencies, will retry
internet-gateway:igw-0f1d3be72fbc88766	still has dependencies, will retry
security-group:sg-02697394893010946	still has dependencies, will retry
security-group:sg-0274a44bb18572a80	still has dependencies, will retry
security-group:sg-0c273d4155e49484f	still has dependencies, will retry
Not all resources deleted; waiting before reattempting deletion
	security-group:sg-0274a44bb18572a80
	volume:vol-0f837122682389441
	security-group:sg-02697394893010946
	dhcp-options:dopt-0d1a1399b3eafd036
	vpc:vpc-083d030166e592b18
	internet-gateway:igw-0f1d3be72fbc88766
	volume:vol-0af0d1ff42d703fb7
	security-group:sg-0c273d4155e49484f
	volume:vol-07e2e303ed7f28e20
	route-table:rtb-0d9aeb813d1c78b18
	volume:vol-03903c50141b18c7a
	subnet:subnet-020b758693a9b84c1
volume:vol-0f837122682389441	still has dependencies, will retry
volume:vol-0af0d1ff42d703fb7	still has dependencies, will retry
volume:vol-07e2e303ed7f28e20	still has dependencies, will retry
volume:vol-03903c50141b18c7a	still has dependencies, will retry
subnet:subnet-020b758693a9b84c1	still has dependencies, will retry
internet-gateway:igw-0f1d3be72fbc88766	still has dependencies, will retry
security-group:sg-0274a44bb18572a80	ok
security-group:sg-0c273d4155e49484f	still has dependencies, will retry
security-group:sg-02697394893010946	still has dependencies, will retry
Not all resources deleted; waiting before reattempting deletion
	vpc:vpc-083d030166e592b18
	internet-gateway:igw-0f1d3be72fbc88766
	dhcp-options:dopt-0d1a1399b3eafd036
	security-group:sg-0c273d4155e49484f
	volume:vol-07e2e303ed7f28e20
	route-table:rtb-0d9aeb813d1c78b18
	volume:vol-0af0d1ff42d703fb7
	subnet:subnet-020b758693a9b84c1
	volume:vol-03903c50141b18c7a
	volume:vol-0f837122682389441
	security-group:sg-02697394893010946
volume:vol-0f837122682389441	still has dependencies, will retry
volume:vol-0af0d1ff42d703fb7	still has dependencies, will retry
volume:vol-03903c50141b18c7a	still has dependencies, will retry
volume:vol-07e2e303ed7f28e20	still has dependencies, will retry
subnet:subnet-020b758693a9b84c1	still has dependencies, will retry
internet-gateway:igw-0f1d3be72fbc88766	still has dependencies, will retry
security-group:sg-0c273d4155e49484f	still has dependencies, will retry
security-group:sg-02697394893010946	still has dependencies, will retry
Not all resources deleted; waiting before reattempting deletion
	dhcp-options:dopt-0d1a1399b3eafd036
	vpc:vpc-083d030166e592b18
	internet-gateway:igw-0f1d3be72fbc88766
	volume:vol-0af0d1ff42d703fb7
	security-group:sg-0c273d4155e49484f
	volume:vol-07e2e303ed7f28e20
	route-table:rtb-0d9aeb813d1c78b18
	volume:vol-03903c50141b18c7a
	subnet:subnet-020b758693a9b84c1
	volume:vol-0f837122682389441
	security-group:sg-02697394893010946
volume:vol-07e2e303ed7f28e20	ok
volume:vol-0af0d1ff42d703fb7	ok
volume:vol-03903c50141b18c7a	ok
volume:vol-0f837122682389441	ok
subnet:subnet-020b758693a9b84c1	still has dependencies, will retry
internet-gateway:igw-0f1d3be72fbc88766	ok
security-group:sg-0c273d4155e49484f	still has dependencies, will retry
security-group:sg-02697394893010946	ok
Not all resources deleted; waiting before reattempting deletion
	dhcp-options:dopt-0d1a1399b3eafd036
	vpc:vpc-083d030166e592b18
	security-group:sg-0c273d4155e49484f
	route-table:rtb-0d9aeb813d1c78b18
	subnet:subnet-020b758693a9b84c1
subnet:subnet-020b758693a9b84c1	ok
security-group:sg-0c273d4155e49484f	ok
route-table:rtb-0d9aeb813d1c78b18	ok
vpc:vpc-083d030166e592b18	ok
dhcp-options:dopt-0d1a1399b3eafd036	ok
Deleted kubectl config for kops-multi-tenant-spot-1x-72vcpu-144gb.k8s.local

Deleted cluster: "kops-multi-tenant-spot-1x-72vcpu-144gb.k8s.local"

Time: 77 seconds
