
*********************************************************************************

A new kops version is available: 1.25.3
Upgrading is recommended
More information: https://github.com/kubernetes/kops/blob/master/permalinks/upgrade_kops.md#1.25.3

*********************************************************************************


*********************************************************************************

A new kubernetes version is available: 1.23.16
Upgrading is recommended (try kops upgrade cluster)

More information: https://github.com/kubernetes/kops/blob/master/permalinks/upgrade_k8s.md#1.23.16

*********************************************************************************

kOps has set your kubectl context to tcss702.k8s.local

Cluster is starting.  It should be ready in a few minutes.

Suggestions:
 * validate cluster: kops validate cluster --wait 10m
 * list nodes: kubectl get nodes --show-labels
 * ssh to the master: ssh -i ~/.ssh/id_rsa ubuntu@api.tcss702.k8s.local
 * the ubuntu user is specific to Ubuntu. If not using Ubuntu please use the appropriate user based on your OS.
 * read about installing addons at: https://kops.sigs.k8s.io/addons.

Validating cluster tcss702.k8s.local

INSTANCE GROUPS
NAME				ROLE	MACHINETYPE	MIN	MAX	SUBNETS
master-us-east-2c		Master	m5.large	1	1	us-east-2c
spot-group-base-8vcpus-16gb	Node	c5.2xlarge	8	8	us-east-2c

NODE STATUS
NAME						ROLE	READY
ip-172-20-40-201.us-east-2.compute.internal	master	False

VALIDATION ERRORS
KIND	NAME						MESSAGE
Machine	i-02a4a128c52c977fd				machine "i-02a4a128c52c977fd" has not yet joined cluster
Machine	i-0577faa4f4bbef6a3				machine "i-0577faa4f4bbef6a3" has not yet joined cluster
Machine	i-098c64007a57e5770				machine "i-098c64007a57e5770" has not yet joined cluster
Machine	i-09f5b774a0ec73b1c				machine "i-09f5b774a0ec73b1c" has not yet joined cluster
Machine	i-0b10efb572865a40e				machine "i-0b10efb572865a40e" has not yet joined cluster
Machine	i-0d10530e12e782b55				machine "i-0d10530e12e782b55" has not yet joined cluster
Machine	i-0d6cba26142787baf				machine "i-0d6cba26142787baf" has not yet joined cluster
Machine	i-0f54028b6de768171				machine "i-0f54028b6de768171" has not yet joined cluster
Node	ip-172-20-40-201.us-east-2.compute.internal	node "ip-172-20-40-201.us-east-2.compute.internal" of role "master" is not ready

Validation Failed
INSTANCE GROUPS
NAME				ROLE	MACHINETYPE	MIN	MAX	SUBNETS
master-us-east-2c		Master	m5.large	1	1	us-east-2c
spot-group-base-8vcpus-16gb	Node	c5.2xlarge	8	8	us-east-2c

NODE STATUS
NAME						ROLE	READY
ip-172-20-40-201.us-east-2.compute.internal	master	False

VALIDATION ERRORS
KIND	NAME							MESSAGE
Machine	i-02a4a128c52c977fd					machine "i-02a4a128c52c977fd" has not yet joined cluster
Machine	i-0577faa4f4bbef6a3					machine "i-0577faa4f4bbef6a3" has not yet joined cluster
Machine	i-098c64007a57e5770					machine "i-098c64007a57e5770" has not yet joined cluster
Machine	i-09f5b774a0ec73b1c					machine "i-09f5b774a0ec73b1c" has not yet joined cluster
Machine	i-0b10efb572865a40e					machine "i-0b10efb572865a40e" has not yet joined cluster
Machine	i-0d10530e12e782b55					machine "i-0d10530e12e782b55" has not yet joined cluster
Machine	i-0d6cba26142787baf					machine "i-0d6cba26142787baf" has not yet joined cluster
Machine	i-0f54028b6de768171					machine "i-0f54028b6de768171" has not yet joined cluster
Node	ip-172-20-40-201.us-east-2.compute.internal		node "ip-172-20-40-201.us-east-2.compute.internal" of role "master" is not ready
Pod	kube-system/calico-kube-controllers-58449699bc-rmcwf	system-cluster-critical pod "calico-kube-controllers-58449699bc-rmcwf" is pending
Pod	kube-system/calico-node-q9xfw				system-node-critical pod "calico-node-q9xfw" is pending
Pod	kube-system/coredns-8555c7d6d6-nz6rw			system-cluster-critical pod "coredns-8555c7d6d6-nz6rw" is pending
Pod	kube-system/coredns-autoscaler-57dd87df6c-265rj		system-cluster-critical pod "coredns-autoscaler-57dd87df6c-265rj" is pending
Pod	kube-system/dns-controller-77c787b6bc-xhkn5		system-cluster-critical pod "dns-controller-77c787b6bc-xhkn5" is pending
Pod	kube-system/ebs-csi-controller-86784976dc-c9chm		system-cluster-critical pod "ebs-csi-controller-86784976dc-c9chm" is pending
Pod	kube-system/ebs-csi-node-v7cx8				system-node-critical pod "ebs-csi-node-v7cx8" is pending
Pod	kube-system/kops-controller-wt7dh			system-cluster-critical pod "kops-controller-wt7dh" is pending

Validation Failed
INSTANCE GROUPS
NAME				ROLE	MACHINETYPE	MIN	MAX	SUBNETS
master-us-east-2c		Master	m5.large	1	1	us-east-2c
spot-group-base-8vcpus-16gb	Node	c5.2xlarge	8	8	us-east-2c

NODE STATUS
NAME						ROLE	READY
ip-172-20-40-201.us-east-2.compute.internal	master	False

VALIDATION ERRORS
KIND	NAME										MESSAGE
Machine	i-02a4a128c52c977fd								machine "i-02a4a128c52c977fd" has not yet joined cluster
Machine	i-0577faa4f4bbef6a3								machine "i-0577faa4f4bbef6a3" has not yet joined cluster
Machine	i-098c64007a57e5770								machine "i-098c64007a57e5770" has not yet joined cluster
Machine	i-09f5b774a0ec73b1c								machine "i-09f5b774a0ec73b1c" has not yet joined cluster
Machine	i-0b10efb572865a40e								machine "i-0b10efb572865a40e" has not yet joined cluster
Machine	i-0d10530e12e782b55								machine "i-0d10530e12e782b55" has not yet joined cluster
Machine	i-0d6cba26142787baf								machine "i-0d6cba26142787baf" has not yet joined cluster
Machine	i-0f54028b6de768171								machine "i-0f54028b6de768171" has not yet joined cluster
Node	ip-172-20-40-201.us-east-2.compute.internal					node "ip-172-20-40-201.us-east-2.compute.internal" of role "master" is not ready
Pod	kube-system/calico-kube-controllers-58449699bc-rmcwf				system-cluster-critical pod "calico-kube-controllers-58449699bc-rmcwf" is pending
Pod	kube-system/calico-node-q9xfw							system-node-critical pod "calico-node-q9xfw" is pending
Pod	kube-system/coredns-8555c7d6d6-nz6rw						system-cluster-critical pod "coredns-8555c7d6d6-nz6rw" is pending
Pod	kube-system/coredns-autoscaler-57dd87df6c-265rj					system-cluster-critical pod "coredns-autoscaler-57dd87df6c-265rj" is pending
Pod	kube-system/ebs-csi-controller-86784976dc-c9chm					system-cluster-critical pod "ebs-csi-controller-86784976dc-c9chm" is pending
Pod	kube-system/ebs-csi-node-v7cx8							system-node-critical pod "ebs-csi-node-v7cx8" is pending
Pod	kube-system/etcd-manager-events-ip-172-20-40-201.us-east-2.compute.internal	system-cluster-critical pod "etcd-manager-events-ip-172-20-40-201.us-east-2.compute.internal" is pending

Validation Failed
INSTANCE GROUPS
NAME				ROLE	MACHINETYPE	MIN	MAX	SUBNETS
master-us-east-2c		Master	m5.large	1	1	us-east-2c
spot-group-base-8vcpus-16gb	Node	c5.2xlarge	8	8	us-east-2c

NODE STATUS
NAME						ROLE	READY
ip-172-20-40-201.us-east-2.compute.internal	master	True

VALIDATION ERRORS
KIND	NAME									MESSAGE
Machine	i-02a4a128c52c977fd							machine "i-02a4a128c52c977fd" has not yet joined cluster
Machine	i-0577faa4f4bbef6a3							machine "i-0577faa4f4bbef6a3" has not yet joined cluster
Machine	i-098c64007a57e5770							machine "i-098c64007a57e5770" has not yet joined cluster
Machine	i-09f5b774a0ec73b1c							machine "i-09f5b774a0ec73b1c" has not yet joined cluster
Machine	i-0b10efb572865a40e							machine "i-0b10efb572865a40e" has not yet joined cluster
Machine	i-0d10530e12e782b55							machine "i-0d10530e12e782b55" has not yet joined cluster
Machine	i-0d6cba26142787baf							machine "i-0d6cba26142787baf" has not yet joined cluster
Machine	i-0f54028b6de768171							machine "i-0f54028b6de768171" has not yet joined cluster
Node	ip-172-20-40-201.us-east-2.compute.internal				master "ip-172-20-40-201.us-east-2.compute.internal" is missing kube-apiserver pod
Pod	kube-system/coredns-8555c7d6d6-nz6rw					system-cluster-critical pod "coredns-8555c7d6d6-nz6rw" is pending
Pod	kube-system/coredns-autoscaler-57dd87df6c-265rj				system-cluster-critical pod "coredns-autoscaler-57dd87df6c-265rj" is pending
Pod	kube-system/ebs-csi-controller-86784976dc-c9chm				system-cluster-critical pod "ebs-csi-controller-86784976dc-c9chm" is pending
Pod	kube-system/ebs-csi-node-v7cx8						system-node-critical pod "ebs-csi-node-v7cx8" is pending
Pod	kube-system/kube-proxy-ip-172-20-40-201.us-east-2.compute.internal	system-node-critical pod "kube-proxy-ip-172-20-40-201.us-east-2.compute.internal" is pending

Validation Failed
INSTANCE GROUPS
NAME				ROLE	MACHINETYPE	MIN	MAX	SUBNETS
master-us-east-2c		Master	m5.large	1	1	us-east-2c
spot-group-base-8vcpus-16gb	Node	c5.2xlarge	8	8	us-east-2c

NODE STATUS
NAME						ROLE	READY
ip-172-20-40-201.us-east-2.compute.internal	master	True

VALIDATION ERRORS
KIND	NAME									MESSAGE
Machine	i-02a4a128c52c977fd							machine "i-02a4a128c52c977fd" has not yet joined cluster
Machine	i-0577faa4f4bbef6a3							machine "i-0577faa4f4bbef6a3" has not yet joined cluster
Machine	i-098c64007a57e5770							machine "i-098c64007a57e5770" has not yet joined cluster
Machine	i-09f5b774a0ec73b1c							machine "i-09f5b774a0ec73b1c" has not yet joined cluster
Machine	i-0b10efb572865a40e							machine "i-0b10efb572865a40e" has not yet joined cluster
Machine	i-0d10530e12e782b55							machine "i-0d10530e12e782b55" has not yet joined cluster
Machine	i-0d6cba26142787baf							machine "i-0d6cba26142787baf" has not yet joined cluster
Machine	i-0f54028b6de768171							machine "i-0f54028b6de768171" has not yet joined cluster
Node	ip-172-20-40-201.us-east-2.compute.internal				master "ip-172-20-40-201.us-east-2.compute.internal" is missing kube-apiserver pod
Pod	kube-system/calico-node-8lx54						system-node-critical pod "calico-node-8lx54" is pending
Pod	kube-system/calico-node-bdnmf						system-node-critical pod "calico-node-bdnmf" is pending
Pod	kube-system/calico-node-l8mwv						system-node-critical pod "calico-node-l8mwv" is pending
Pod	kube-system/coredns-8555c7d6d6-nz6rw					system-cluster-critical pod "coredns-8555c7d6d6-nz6rw" is pending
Pod	kube-system/coredns-autoscaler-57dd87df6c-265rj				system-cluster-critical pod "coredns-autoscaler-57dd87df6c-265rj" is pending
Pod	kube-system/ebs-csi-controller-86784976dc-c9chm				system-cluster-critical pod "ebs-csi-controller-86784976dc-c9chm" is pending
Pod	kube-system/ebs-csi-node-87jpc						system-node-critical pod "ebs-csi-node-87jpc" is pending
Pod	kube-system/ebs-csi-node-r9bqw						system-node-critical pod "ebs-csi-node-r9bqw" is pending
Pod	kube-system/ebs-csi-node-rbvqh						system-node-critical pod "ebs-csi-node-rbvqh" is pending
Pod	kube-system/ebs-csi-node-v7cx8						system-node-critical pod "ebs-csi-node-v7cx8" is pending
Pod	kube-system/kube-apiserver-ip-172-20-40-201.us-east-2.compute.internal	system-cluster-critical pod "kube-apiserver-ip-172-20-40-201.us-east-2.compute.internal" is pending

Validation Failed
INSTANCE GROUPS
NAME				ROLE	MACHINETYPE	MIN	MAX	SUBNETS
master-us-east-2c		Master	m5.large	1	1	us-east-2c
spot-group-base-8vcpus-16gb	Node	c5.2xlarge	8	8	us-east-2c

NODE STATUS
NAME						ROLE	READY
ip-172-20-35-36.us-east-2.compute.internal	node	False
ip-172-20-40-201.us-east-2.compute.internal	master	True
ip-172-20-41-209.us-east-2.compute.internal	node	False
ip-172-20-45-207.us-east-2.compute.internal	node	False
ip-172-20-48-196.us-east-2.compute.internal	node	False
ip-172-20-50-150.us-east-2.compute.internal	node	True
ip-172-20-54-26.us-east-2.compute.internal	node	False
ip-172-20-63-197.us-east-2.compute.internal	node	False
ip-172-20-63-254.us-east-2.compute.internal	node	False

VALIDATION ERRORS
KIND	NAME						MESSAGE
Node	ip-172-20-35-36.us-east-2.compute.internal	node "ip-172-20-35-36.us-east-2.compute.internal" of role "node" is not ready
Node	ip-172-20-41-209.us-east-2.compute.internal	node "ip-172-20-41-209.us-east-2.compute.internal" of role "node" is not ready
Node	ip-172-20-45-207.us-east-2.compute.internal	node "ip-172-20-45-207.us-east-2.compute.internal" of role "node" is not ready
Node	ip-172-20-48-196.us-east-2.compute.internal	node "ip-172-20-48-196.us-east-2.compute.internal" of role "node" is not ready
Node	ip-172-20-54-26.us-east-2.compute.internal	node "ip-172-20-54-26.us-east-2.compute.internal" of role "node" is not ready
Node	ip-172-20-63-197.us-east-2.compute.internal	node "ip-172-20-63-197.us-east-2.compute.internal" of role "node" is not ready
Node	ip-172-20-63-254.us-east-2.compute.internal	node "ip-172-20-63-254.us-east-2.compute.internal" of role "node" is not ready
Pod	kube-system/calico-node-6d4ng			system-node-critical pod "calico-node-6d4ng" is pending
Pod	kube-system/calico-node-7z2qm			system-node-critical pod "calico-node-7z2qm" is not ready (calico-node)
Pod	kube-system/calico-node-8bwrq			system-node-critical pod "calico-node-8bwrq" is pending
Pod	kube-system/calico-node-8lx54			system-node-critical pod "calico-node-8lx54" is pending
Pod	kube-system/calico-node-bdnmf			system-node-critical pod "calico-node-bdnmf" is pending
Pod	kube-system/calico-node-dt7k9			system-node-critical pod "calico-node-dt7k9" is not ready (calico-node)
Pod	kube-system/calico-node-l8mwv			system-node-critical pod "calico-node-l8mwv" is not ready (calico-node)
Pod	kube-system/calico-node-njsfc			system-node-critical pod "calico-node-njsfc" is not ready (calico-node)
Pod	kube-system/coredns-8555c7d6d6-nz6rw		system-cluster-critical pod "coredns-8555c7d6d6-nz6rw" is pending
Pod	kube-system/coredns-autoscaler-57dd87df6c-265rj	system-cluster-critical pod "coredns-autoscaler-57dd87df6c-265rj" is pending
Pod	kube-system/ebs-csi-node-7v9tv			system-node-critical pod "ebs-csi-node-7v9tv" is pending
Pod	kube-system/ebs-csi-node-87jpc			system-node-critical pod "ebs-csi-node-87jpc" is pending
Pod	kube-system/ebs-csi-node-b4nxq			system-node-critical pod "ebs-csi-node-b4nxq" is pending
Pod	kube-system/ebs-csi-node-p6g5v			system-node-critical pod "ebs-csi-node-p6g5v" is pending
Pod	kube-system/ebs-csi-node-qjxll			system-node-critical pod "ebs-csi-node-qjxll" is pending
Pod	kube-system/ebs-csi-node-r9bqw			system-node-critical pod "ebs-csi-node-r9bqw" is pending
Pod	kube-system/ebs-csi-node-rbvqh			system-node-critical pod "ebs-csi-node-rbvqh" is pending
Pod	kube-system/ebs-csi-node-xnzc6			system-node-critical pod "ebs-csi-node-xnzc6" is pending

Validation Failed
INSTANCE GROUPS
NAME				ROLE	MACHINETYPE	MIN	MAX	SUBNETS
master-us-east-2c		Master	m5.large	1	1	us-east-2c
spot-group-base-8vcpus-16gb	Node	c5.2xlarge	8	8	us-east-2c

NODE STATUS
NAME						ROLE	READY
ip-172-20-35-36.us-east-2.compute.internal	node	True
ip-172-20-40-201.us-east-2.compute.internal	master	True
ip-172-20-41-209.us-east-2.compute.internal	node	True
ip-172-20-45-207.us-east-2.compute.internal	node	True
ip-172-20-48-196.us-east-2.compute.internal	node	True
ip-172-20-50-150.us-east-2.compute.internal	node	True
ip-172-20-54-26.us-east-2.compute.internal	node	True
ip-172-20-63-197.us-east-2.compute.internal	node	False
ip-172-20-63-254.us-east-2.compute.internal	node	True

VALIDATION ERRORS
KIND	NAME						MESSAGE
Node	ip-172-20-63-197.us-east-2.compute.internal	node "ip-172-20-63-197.us-east-2.compute.internal" of role "node" is not ready
Pod	kube-system/calico-node-6d4ng			system-node-critical pod "calico-node-6d4ng" is not ready (calico-node)
Pod	kube-system/calico-node-7z2qm			system-node-critical pod "calico-node-7z2qm" is not ready (calico-node)
Pod	kube-system/calico-node-8bwrq			system-node-critical pod "calico-node-8bwrq" is not ready (calico-node)
Pod	kube-system/calico-node-8lx54			system-node-critical pod "calico-node-8lx54" is not ready (calico-node)
Pod	kube-system/calico-node-bdnmf			system-node-critical pod "calico-node-bdnmf" is not ready (calico-node)
Pod	kube-system/calico-node-l8mwv			system-node-critical pod "calico-node-l8mwv" is not ready (calico-node)
Pod	kube-system/ebs-csi-node-7v9tv			system-node-critical pod "ebs-csi-node-7v9tv" is pending
Pod	kube-system/ebs-csi-node-87jpc			system-node-critical pod "ebs-csi-node-87jpc" is pending
Pod	kube-system/ebs-csi-node-b4nxq			system-node-critical pod "ebs-csi-node-b4nxq" is pending
Pod	kube-system/ebs-csi-node-p6g5v			system-node-critical pod "ebs-csi-node-p6g5v" is pending
Pod	kube-system/ebs-csi-node-qjxll			system-node-critical pod "ebs-csi-node-qjxll" is pending
Pod	kube-system/ebs-csi-node-r9bqw			system-node-critical pod "ebs-csi-node-r9bqw" is pending
Pod	kube-system/ebs-csi-node-rbvqh			system-node-critical pod "ebs-csi-node-rbvqh" is pending
Pod	kube-system/ebs-csi-node-xnzc6			system-node-critical pod "ebs-csi-node-xnzc6" is pending

Validation Failed
INSTANCE GROUPS
NAME				ROLE	MACHINETYPE	MIN	MAX	SUBNETS
master-us-east-2c		Master	m5.large	1	1	us-east-2c
spot-group-base-8vcpus-16gb	Node	c5.2xlarge	8	8	us-east-2c

NODE STATUS
NAME						ROLE	READY
ip-172-20-35-36.us-east-2.compute.internal	node	True
ip-172-20-40-201.us-east-2.compute.internal	master	True
ip-172-20-41-209.us-east-2.compute.internal	node	True
ip-172-20-45-207.us-east-2.compute.internal	node	True
ip-172-20-48-196.us-east-2.compute.internal	node	True
ip-172-20-50-150.us-east-2.compute.internal	node	True
ip-172-20-54-26.us-east-2.compute.internal	node	True
ip-172-20-63-197.us-east-2.compute.internal	node	True
ip-172-20-63-254.us-east-2.compute.internal	node	True

Your cluster tcss702.k8s.local is ready

Successfully deployed cluster in 05 minutes, 10 seconds
Deployed from cluster spec, "kops/kops_multi-tenant_spot_8x_8vcpu_16gb.yml"
