TYPE			NAME														ID
autoscaling-config	master-us-east-2a.masters.kops-multi-tenant-spot-1x-72vcpu-144gb.k8s.local					lt-0d0f861fb3c76fbeb
autoscaling-config	spot-group-base-72vcpus-144gb.kops-multi-tenant-spot-1x-72vcpu-144gb.k8s.local					lt-014b14d292295034f
autoscaling-group	master-us-east-2a.masters.kops-multi-tenant-spot-1x-72vcpu-144gb.k8s.local					master-us-east-2a.masters.kops-multi-tenant-spot-1x-72vcpu-144gb.k8s.local
autoscaling-group	spot-group-base-72vcpus-144gb.kops-multi-tenant-spot-1x-72vcpu-144gb.k8s.local					spot-group-base-72vcpus-144gb.kops-multi-tenant-spot-1x-72vcpu-144gb.k8s.local
dhcp-options		kops-multi-tenant-spot-1x-72vcpu-144gb.k8s.local								dopt-009436698c87f4ba7
iam-instance-profile	masters.kops-multi-tenant-spot-1x-72vcpu-144gb.k8s.local							masters.kops-multi-tenant-spot-1x-72vcpu-144gb.k8s.local
iam-instance-profile	nodes.kops-multi-tenant-spot-1x-72vcpu-144gb.k8s.local								nodes.kops-multi-tenant-spot-1x-72vcpu-144gb.k8s.local
iam-role		masters.kops-multi-tenant-spot-1x-72vcpu-144gb.k8s.local							masters.kops-multi-tenant-spot-1x-72vcpu-144gb.k8s.local
iam-role		nodes.kops-multi-tenant-spot-1x-72vcpu-144gb.k8s.local								nodes.kops-multi-tenant-spot-1x-72vcpu-144gb.k8s.local
instance		master-us-east-2a.masters.kops-multi-tenant-spot-1x-72vcpu-144gb.k8s.local					i-0d53958c1c098c14b
instance		spot-group-base-72vcpus-144gb.kops-multi-tenant-spot-1x-72vcpu-144gb.k8s.local					i-0741c081e2d8e9096
internet-gateway	kops-multi-tenant-spot-1x-72vcpu-144gb.k8s.local								igw-02a17f462ebcc975a
keypair			kubernetes.kops-multi-tenant-spot-1x-72vcpu-144gb.k8s.local-4d:80:ed:89:18:48:88:b4:f8:df:3e:d9:39:3a:5d:48	key-03094a902e1585252
load-balancer		api.kops-multi-tenant-spot-1x-72vcpu-144gb.k8s.local								api-kops-multi-tenant-spo-i5algb
route-table		kops-multi-tenant-spot-1x-72vcpu-144gb.k8s.local								rtb-0696bdfc6b2a14852
security-group		api-elb.kops-multi-tenant-spot-1x-72vcpu-144gb.k8s.local							sg-0948a7f4211fc2db3
security-group		masters.kops-multi-tenant-spot-1x-72vcpu-144gb.k8s.local							sg-08e478009a3139ba6
security-group		nodes.kops-multi-tenant-spot-1x-72vcpu-144gb.k8s.local								sg-035d4efdc3743cc29
subnet			us-east-2a.kops-multi-tenant-spot-1x-72vcpu-144gb.k8s.local							subnet-0a7c0e736f6b19d41
volume			c.etcd-events.kops-multi-tenant-spot-1x-72vcpu-144gb.k8s.local							vol-0b78e46e26d199e45
volume			c.etcd-main.kops-multi-tenant-spot-1x-72vcpu-144gb.k8s.local							vol-02c5a3c0c5cb5011f
volume			master-us-east-2a.masters.kops-multi-tenant-spot-1x-72vcpu-144gb.k8s.local					vol-04b166daf4b89afbd
volume			spot-group-base-72vcpus-144gb.kops-multi-tenant-spot-1x-72vcpu-144gb.k8s.local					vol-04ede94a5014c2eb6
vpc			kops-multi-tenant-spot-1x-72vcpu-144gb.k8s.local								vpc-0798c0835924b6927

load-balancer:api-kops-multi-tenant-spo-i5algb	ok
iam-instance-profile:nodes.kops-multi-tenant-spot-1x-72vcpu-144gb.k8s.local	ok
autoscaling-group:master-us-east-2a.masters.kops-multi-tenant-spot-1x-72vcpu-144gb.k8s.local	ok
iam-instance-profile:masters.kops-multi-tenant-spot-1x-72vcpu-144gb.k8s.local	ok
keypair:key-03094a902e1585252	ok
autoscaling-config:lt-0d0f861fb3c76fbeb	ok
autoscaling-config:lt-014b14d292295034f	ok
autoscaling-group:spot-group-base-72vcpus-144gb.kops-multi-tenant-spot-1x-72vcpu-144gb.k8s.local	ok
internet-gateway:igw-02a17f462ebcc975a	still has dependencies, will retry
instance:i-0d53958c1c098c14b	ok
instance:i-0741c081e2d8e9096	ok
volume:vol-04b166daf4b89afbd	still has dependencies, will retry
subnet:subnet-0a7c0e736f6b19d41	still has dependencies, will retry
volume:vol-04ede94a5014c2eb6	still has dependencies, will retry
volume:vol-0b78e46e26d199e45	still has dependencies, will retry
volume:vol-02c5a3c0c5cb5011f	still has dependencies, will retry
iam-role:masters.kops-multi-tenant-spot-1x-72vcpu-144gb.k8s.local	ok
iam-role:nodes.kops-multi-tenant-spot-1x-72vcpu-144gb.k8s.local	ok
security-group:sg-035d4efdc3743cc29	still has dependencies, will retry
security-group:sg-0948a7f4211fc2db3	still has dependencies, will retry
security-group:sg-08e478009a3139ba6	still has dependencies, will retry
Not all resources deleted; waiting before reattempting deletion
	subnet:subnet-0a7c0e736f6b19d41
	volume:vol-0b78e46e26d199e45
	dhcp-options:dopt-009436698c87f4ba7
	security-group:sg-08e478009a3139ba6
	volume:vol-02c5a3c0c5cb5011f
	volume:vol-04b166daf4b89afbd
	volume:vol-04ede94a5014c2eb6
	internet-gateway:igw-02a17f462ebcc975a
	route-table:rtb-0696bdfc6b2a14852
	security-group:sg-035d4efdc3743cc29
	security-group:sg-0948a7f4211fc2db3
	vpc:vpc-0798c0835924b6927
volume:vol-02c5a3c0c5cb5011f	still has dependencies, will retry
volume:vol-04b166daf4b89afbd	still has dependencies, will retry
volume:vol-04ede94a5014c2eb6	still has dependencies, will retry
volume:vol-0b78e46e26d199e45	still has dependencies, will retry
subnet:subnet-0a7c0e736f6b19d41	still has dependencies, will retry
internet-gateway:igw-02a17f462ebcc975a	still has dependencies, will retry
security-group:sg-08e478009a3139ba6	still has dependencies, will retry
security-group:sg-0948a7f4211fc2db3	still has dependencies, will retry
security-group:sg-035d4efdc3743cc29	still has dependencies, will retry
Not all resources deleted; waiting before reattempting deletion
	security-group:sg-08e478009a3139ba6
	subnet:subnet-0a7c0e736f6b19d41
	volume:vol-0b78e46e26d199e45
	dhcp-options:dopt-009436698c87f4ba7
	volume:vol-04ede94a5014c2eb6
	volume:vol-02c5a3c0c5cb5011f
	volume:vol-04b166daf4b89afbd
	internet-gateway:igw-02a17f462ebcc975a
	route-table:rtb-0696bdfc6b2a14852
	vpc:vpc-0798c0835924b6927
	security-group:sg-035d4efdc3743cc29
	security-group:sg-0948a7f4211fc2db3
volume:vol-0b78e46e26d199e45	still has dependencies, will retry
volume:vol-02c5a3c0c5cb5011f	still has dependencies, will retry
volume:vol-04ede94a5014c2eb6	still has dependencies, will retry
volume:vol-04b166daf4b89afbd	still has dependencies, will retry
internet-gateway:igw-02a17f462ebcc975a	still has dependencies, will retry
subnet:subnet-0a7c0e736f6b19d41	still has dependencies, will retry
security-group:sg-035d4efdc3743cc29	still has dependencies, will retry
security-group:sg-08e478009a3139ba6	still has dependencies, will retry
security-group:sg-0948a7f4211fc2db3	ok
Not all resources deleted; waiting before reattempting deletion
	volume:vol-04b166daf4b89afbd
	volume:vol-04ede94a5014c2eb6
	volume:vol-02c5a3c0c5cb5011f
	internet-gateway:igw-02a17f462ebcc975a
	route-table:rtb-0696bdfc6b2a14852
	vpc:vpc-0798c0835924b6927
	security-group:sg-035d4efdc3743cc29
	volume:vol-0b78e46e26d199e45
	dhcp-options:dopt-009436698c87f4ba7
	security-group:sg-08e478009a3139ba6
	subnet:subnet-0a7c0e736f6b19d41
volume:vol-02c5a3c0c5cb5011f	still has dependencies, will retry
volume:vol-04b166daf4b89afbd	still has dependencies, will retry
volume:vol-04ede94a5014c2eb6	still has dependencies, will retry
volume:vol-0b78e46e26d199e45	still has dependencies, will retry
subnet:subnet-0a7c0e736f6b19d41	still has dependencies, will retry
security-group:sg-08e478009a3139ba6	still has dependencies, will retry
internet-gateway:igw-02a17f462ebcc975a	still has dependencies, will retry
security-group:sg-035d4efdc3743cc29	still has dependencies, will retry
Not all resources deleted; waiting before reattempting deletion
	subnet:subnet-0a7c0e736f6b19d41
	volume:vol-0b78e46e26d199e45
	dhcp-options:dopt-009436698c87f4ba7
	security-group:sg-08e478009a3139ba6
	volume:vol-02c5a3c0c5cb5011f
	volume:vol-04b166daf4b89afbd
	volume:vol-04ede94a5014c2eb6
	internet-gateway:igw-02a17f462ebcc975a
	route-table:rtb-0696bdfc6b2a14852
	security-group:sg-035d4efdc3743cc29
	vpc:vpc-0798c0835924b6927
volume:vol-04ede94a5014c2eb6	ok
volume:vol-04b166daf4b89afbd	still has dependencies, will retry
volume:vol-0b78e46e26d199e45	still has dependencies, will retry
volume:vol-02c5a3c0c5cb5011f	still has dependencies, will retry
subnet:subnet-0a7c0e736f6b19d41	still has dependencies, will retry
internet-gateway:igw-02a17f462ebcc975a	still has dependencies, will retry
security-group:sg-08e478009a3139ba6	still has dependencies, will retry
security-group:sg-035d4efdc3743cc29	ok
Not all resources deleted; waiting before reattempting deletion
	internet-gateway:igw-02a17f462ebcc975a
	route-table:rtb-0696bdfc6b2a14852
	vpc:vpc-0798c0835924b6927
	dhcp-options:dopt-009436698c87f4ba7
	security-group:sg-08e478009a3139ba6
	subnet:subnet-0a7c0e736f6b19d41
	volume:vol-0b78e46e26d199e45
	volume:vol-04b166daf4b89afbd
	volume:vol-02c5a3c0c5cb5011f
volume:vol-0b78e46e26d199e45	still has dependencies, will retry
volume:vol-04b166daf4b89afbd	still has dependencies, will retry
subnet:subnet-0a7c0e736f6b19d41	still has dependencies, will retry
volume:vol-02c5a3c0c5cb5011f	still has dependencies, will retry
internet-gateway:igw-02a17f462ebcc975a	still has dependencies, will retry
security-group:sg-08e478009a3139ba6	still has dependencies, will retry
Not all resources deleted; waiting before reattempting deletion
	security-group:sg-08e478009a3139ba6
	subnet:subnet-0a7c0e736f6b19d41
	volume:vol-0b78e46e26d199e45
	dhcp-options:dopt-009436698c87f4ba7
	volume:vol-02c5a3c0c5cb5011f
	volume:vol-04b166daf4b89afbd
	route-table:rtb-0696bdfc6b2a14852
	internet-gateway:igw-02a17f462ebcc975a
	vpc:vpc-0798c0835924b6927
volume:vol-04b166daf4b89afbd	still has dependencies, will retry
volume:vol-0b78e46e26d199e45	still has dependencies, will retry
volume:vol-02c5a3c0c5cb5011f	still has dependencies, will retry
subnet:subnet-0a7c0e736f6b19d41	still has dependencies, will retry
internet-gateway:igw-02a17f462ebcc975a	still has dependencies, will retry
security-group:sg-08e478009a3139ba6	still has dependencies, will retry
Not all resources deleted; waiting before reattempting deletion
	internet-gateway:igw-02a17f462ebcc975a
	route-table:rtb-0696bdfc6b2a14852
	vpc:vpc-0798c0835924b6927
	volume:vol-0b78e46e26d199e45
	dhcp-options:dopt-009436698c87f4ba7
	security-group:sg-08e478009a3139ba6
	subnet:subnet-0a7c0e736f6b19d41
	volume:vol-04b166daf4b89afbd
	volume:vol-02c5a3c0c5cb5011f
volume:vol-02c5a3c0c5cb5011f	ok
volume:vol-04b166daf4b89afbd	ok
subnet:subnet-0a7c0e736f6b19d41	still has dependencies, will retry
volume:vol-0b78e46e26d199e45	ok
internet-gateway:igw-02a17f462ebcc975a	ok
security-group:sg-08e478009a3139ba6	still has dependencies, will retry
Not all resources deleted; waiting before reattempting deletion
	route-table:rtb-0696bdfc6b2a14852
	vpc:vpc-0798c0835924b6927
	security-group:sg-08e478009a3139ba6
	subnet:subnet-0a7c0e736f6b19d41
	dhcp-options:dopt-009436698c87f4ba7
subnet:subnet-0a7c0e736f6b19d41	ok
security-group:sg-08e478009a3139ba6	ok
route-table:rtb-0696bdfc6b2a14852	ok
vpc:vpc-0798c0835924b6927	ok
dhcp-options:dopt-009436698c87f4ba7	ok
Deleted kubectl config for kops-multi-tenant-spot-1x-72vcpu-144gb.k8s.local

Deleted cluster: "kops-multi-tenant-spot-1x-72vcpu-144gb.k8s.local"

Time: 99 seconds
