kOps has set your kubectl context to kops-multi-tenant-spot-1x-72vcpu-144gb.k8s.local

Cluster is starting.  It should be ready in a few minutes.

Suggestions:
 * validate cluster: kops validate cluster --wait 10m
 * list nodes: kubectl get nodes --show-labels
 * ssh to the master: ssh -i ~/.ssh/id_rsa ubuntu@api.kops-multi-tenant-spot-1x-72vcpu-144gb.k8s.local
 * the ubuntu user is specific to Ubuntu. If not using Ubuntu please use the appropriate user based on your OS.
 * read about installing addons at: https://kops.sigs.k8s.io/addons.

Validating cluster kops-multi-tenant-spot-1x-72vcpu-144gb.k8s.local

INSTANCE GROUPS
NAME				ROLE	MACHINETYPE	MIN	MAX	SUBNETS
master-us-east-2a		Master	m5n.2xlarge	1	1	us-east-2a
spot-group-base-72vcpus-144gb	Node	c5.18xlarge	1	1	us-east-2a

NODE STATUS
NAME	ROLE	READY

VALIDATION ERRORS
KIND	NAME			MESSAGE
Machine	i-022962047cec37b75	machine "i-022962047cec37b75" has not yet joined cluster
Machine	i-084650f2695df40e8	machine "i-084650f2695df40e8" has not yet joined cluster

Validation Failed
INSTANCE GROUPS
NAME				ROLE	MACHINETYPE	MIN	MAX	SUBNETS
master-us-east-2a		Master	m5n.2xlarge	1	1	us-east-2a
spot-group-base-72vcpus-144gb	Node	c5.18xlarge	1	1	us-east-2a

NODE STATUS
NAME	ROLE	READY

VALIDATION ERRORS
KIND	NAME							MESSAGE
Machine	i-022962047cec37b75					machine "i-022962047cec37b75" has not yet joined cluster
Machine	i-084650f2695df40e8					machine "i-084650f2695df40e8" has not yet joined cluster
Pod	kube-system/aws-cloud-controller-manager-xhsfm		system-cluster-critical pod "aws-cloud-controller-manager-xhsfm" is pending
Pod	kube-system/calico-kube-controllers-8b548fb5d-zctgf	system-cluster-critical pod "calico-kube-controllers-8b548fb5d-zctgf" is pending
Pod	kube-system/calico-node-frgrj				system-node-critical pod "calico-node-frgrj" is pending
Pod	kube-system/coredns-6b5bc459c-fclr9			system-cluster-critical pod "coredns-6b5bc459c-fclr9" is pending
Pod	kube-system/coredns-autoscaler-5685d4f67b-mx8jn		system-cluster-critical pod "coredns-autoscaler-5685d4f67b-mx8jn" is pending
Pod	kube-system/dns-controller-7988b4697f-vm8kw		system-cluster-critical pod "dns-controller-7988b4697f-vm8kw" is pending
Pod	kube-system/ebs-csi-controller-6bb9b686b6-5blv6		system-cluster-critical pod "ebs-csi-controller-6bb9b686b6-5blv6" is pending
Pod	kube-system/ebs-csi-node-4w84c				system-node-critical pod "ebs-csi-node-4w84c" is pending
Pod	kube-system/kops-controller-s4f9g			system-cluster-critical pod "kops-controller-s4f9g" is pending

Validation Failed
INSTANCE GROUPS
NAME				ROLE	MACHINETYPE	MIN	MAX	SUBNETS
master-us-east-2a		Master	m5n.2xlarge	1	1	us-east-2a
spot-group-base-72vcpus-144gb	Node	c5.18xlarge	1	1	us-east-2a

NODE STATUS
NAME			ROLE	READY
i-084650f2695df40e8	master	False

VALIDATION ERRORS
KIND	NAME							MESSAGE
Machine	i-022962047cec37b75					machine "i-022962047cec37b75" has not yet joined cluster
Node	i-084650f2695df40e8					node "i-084650f2695df40e8" of role "master" is not ready
Pod	kube-system/calico-kube-controllers-8b548fb5d-zctgf	system-cluster-critical pod "calico-kube-controllers-8b548fb5d-zctgf" is pending
Pod	kube-system/calico-node-frgrj				system-node-critical pod "calico-node-frgrj" is pending
Pod	kube-system/coredns-6b5bc459c-fclr9			system-cluster-critical pod "coredns-6b5bc459c-fclr9" is pending
Pod	kube-system/coredns-autoscaler-5685d4f67b-mx8jn		system-cluster-critical pod "coredns-autoscaler-5685d4f67b-mx8jn" is pending
Pod	kube-system/ebs-csi-controller-6bb9b686b6-5blv6		system-cluster-critical pod "ebs-csi-controller-6bb9b686b6-5blv6" is pending
Pod	kube-system/ebs-csi-node-4w84c				system-node-critical pod "ebs-csi-node-4w84c" is pending
Pod	kube-system/kops-controller-s4f9g			system-cluster-critical pod "kops-controller-s4f9g" is pending

Validation Failed
INSTANCE GROUPS
NAME				ROLE	MACHINETYPE	MIN	MAX	SUBNETS
master-us-east-2a		Master	m5n.2xlarge	1	1	us-east-2a
spot-group-base-72vcpus-144gb	Node	c5.18xlarge	1	1	us-east-2a

NODE STATUS
NAME			ROLE	READY
i-084650f2695df40e8	master	True

VALIDATION ERRORS
KIND	NAME							MESSAGE
Machine	i-022962047cec37b75					machine "i-022962047cec37b75" has not yet joined cluster
Node	i-084650f2695df40e8					master "i-084650f2695df40e8" is missing kube-apiserver pod
Node	i-084650f2695df40e8					master "i-084650f2695df40e8" is missing kube-controller-manager pod
Node	i-084650f2695df40e8					master "i-084650f2695df40e8" is missing kube-scheduler pod
Pod	kube-system/calico-kube-controllers-8b548fb5d-zctgf	system-cluster-critical pod "calico-kube-controllers-8b548fb5d-zctgf" is pending
Pod	kube-system/calico-node-frgrj				system-node-critical pod "calico-node-frgrj" is not ready (calico-node)
Pod	kube-system/coredns-6b5bc459c-fclr9			system-cluster-critical pod "coredns-6b5bc459c-fclr9" is pending
Pod	kube-system/coredns-autoscaler-5685d4f67b-mx8jn		system-cluster-critical pod "coredns-autoscaler-5685d4f67b-mx8jn" is pending
Pod	kube-system/ebs-csi-controller-6bb9b686b6-5blv6		system-cluster-critical pod "ebs-csi-controller-6bb9b686b6-5blv6" is pending
Pod	kube-system/ebs-csi-node-4w84c				system-node-critical pod "ebs-csi-node-4w84c" is pending

Validation Failed
INSTANCE GROUPS
NAME				ROLE	MACHINETYPE	MIN	MAX	SUBNETS
master-us-east-2a		Master	m5n.2xlarge	1	1	us-east-2a
spot-group-base-72vcpus-144gb	Node	c5.18xlarge	1	1	us-east-2a

NODE STATUS
NAME			ROLE	READY
i-084650f2695df40e8	master	True

VALIDATION ERRORS
KIND	NAME							MESSAGE
Machine	i-022962047cec37b75					machine "i-022962047cec37b75" has not yet joined cluster
Node	i-084650f2695df40e8					master "i-084650f2695df40e8" is missing kube-apiserver pod
Node	i-084650f2695df40e8					master "i-084650f2695df40e8" is missing kube-controller-manager pod
Node	i-084650f2695df40e8					master "i-084650f2695df40e8" is missing kube-scheduler pod
Pod	kube-system/coredns-6b5bc459c-fclr9			system-cluster-critical pod "coredns-6b5bc459c-fclr9" is pending
Pod	kube-system/coredns-autoscaler-5685d4f67b-mx8jn		system-cluster-critical pod "coredns-autoscaler-5685d4f67b-mx8jn" is pending
Pod	kube-system/ebs-csi-controller-6bb9b686b6-5blv6		system-cluster-critical pod "ebs-csi-controller-6bb9b686b6-5blv6" is pending
Pod	kube-system/etcd-manager-events-i-084650f2695df40e8	system-cluster-critical pod "etcd-manager-events-i-084650f2695df40e8" is pending

Validation Failed
INSTANCE GROUPS
NAME				ROLE	MACHINETYPE	MIN	MAX	SUBNETS
master-us-east-2a		Master	m5n.2xlarge	1	1	us-east-2a
spot-group-base-72vcpus-144gb	Node	c5.18xlarge	1	1	us-east-2a

NODE STATUS
NAME			ROLE	READY
i-084650f2695df40e8	master	True

VALIDATION ERRORS
KIND	NAME						MESSAGE
Machine	i-022962047cec37b75				machine "i-022962047cec37b75" has not yet joined cluster
Node	i-084650f2695df40e8				master "i-084650f2695df40e8" is missing kube-apiserver pod
Node	i-084650f2695df40e8				master "i-084650f2695df40e8" is missing kube-controller-manager pod
Node	i-084650f2695df40e8				master "i-084650f2695df40e8" is missing kube-scheduler pod
Pod	kube-system/coredns-6b5bc459c-fclr9		system-cluster-critical pod "coredns-6b5bc459c-fclr9" is pending
Pod	kube-system/coredns-autoscaler-5685d4f67b-mx8jn	system-cluster-critical pod "coredns-autoscaler-5685d4f67b-mx8jn" is pending

Validation Failed
INSTANCE GROUPS
NAME				ROLE	MACHINETYPE	MIN	MAX	SUBNETS
master-us-east-2a		Master	m5n.2xlarge	1	1	us-east-2a
spot-group-base-72vcpus-144gb	Node	c5.18xlarge	1	1	us-east-2a

NODE STATUS
NAME			ROLE	READY
i-022962047cec37b75	node	False
i-084650f2695df40e8	master	True

VALIDATION ERRORS
KIND	NAME							MESSAGE
Node	i-022962047cec37b75					node "i-022962047cec37b75" of role "node" is not ready
Node	i-084650f2695df40e8					master "i-084650f2695df40e8" is missing kube-controller-manager pod
Node	i-084650f2695df40e8					master "i-084650f2695df40e8" is missing kube-scheduler pod
Pod	kube-system/calico-node-mfcgv				system-node-critical pod "calico-node-mfcgv" is pending
Pod	kube-system/coredns-6b5bc459c-fclr9			system-cluster-critical pod "coredns-6b5bc459c-fclr9" is pending
Pod	kube-system/coredns-autoscaler-5685d4f67b-mx8jn		system-cluster-critical pod "coredns-autoscaler-5685d4f67b-mx8jn" is pending
Pod	kube-system/ebs-csi-node-h622n				system-node-critical pod "ebs-csi-node-h622n" is pending
Pod	kube-system/kube-controller-manager-i-084650f2695df40e8	system-cluster-critical pod "kube-controller-manager-i-084650f2695df40e8" is pending
Pod	kube-system/kube-scheduler-i-084650f2695df40e8		system-cluster-critical pod "kube-scheduler-i-084650f2695df40e8" is pending

Validation Failed
INSTANCE GROUPS
NAME				ROLE	MACHINETYPE	MIN	MAX	SUBNETS
master-us-east-2a		Master	m5n.2xlarge	1	1	us-east-2a
spot-group-base-72vcpus-144gb	Node	c5.18xlarge	1	1	us-east-2a

NODE STATUS
NAME			ROLE	READY
i-022962047cec37b75	node	False
i-084650f2695df40e8	master	True

VALIDATION ERRORS
KIND	NAME						MESSAGE
Node	i-022962047cec37b75				node "i-022962047cec37b75" of role "node" is not ready
Pod	kube-system/calico-node-mfcgv			system-node-critical pod "calico-node-mfcgv" is pending
Pod	kube-system/coredns-6b5bc459c-fclr9		system-cluster-critical pod "coredns-6b5bc459c-fclr9" is pending
Pod	kube-system/coredns-autoscaler-5685d4f67b-mx8jn	system-cluster-critical pod "coredns-autoscaler-5685d4f67b-mx8jn" is pending
Pod	kube-system/ebs-csi-node-h622n			system-node-critical pod "ebs-csi-node-h622n" is pending

Validation Failed
INSTANCE GROUPS
NAME				ROLE	MACHINETYPE	MIN	MAX	SUBNETS
master-us-east-2a		Master	m5n.2xlarge	1	1	us-east-2a
spot-group-base-72vcpus-144gb	Node	c5.18xlarge	1	1	us-east-2a

NODE STATUS
NAME			ROLE	READY
i-022962047cec37b75	node	False
i-084650f2695df40e8	master	True

VALIDATION ERRORS
KIND	NAME						MESSAGE
Node	i-022962047cec37b75				node "i-022962047cec37b75" of role "node" is not ready
Pod	kube-system/calico-node-mfcgv			system-node-critical pod "calico-node-mfcgv" is pending
Pod	kube-system/coredns-6b5bc459c-fclr9		system-cluster-critical pod "coredns-6b5bc459c-fclr9" is pending
Pod	kube-system/coredns-autoscaler-5685d4f67b-mx8jn	system-cluster-critical pod "coredns-autoscaler-5685d4f67b-mx8jn" is pending
Pod	kube-system/ebs-csi-node-h622n			system-node-critical pod "ebs-csi-node-h622n" is pending

Validation Failed
INSTANCE GROUPS
NAME				ROLE	MACHINETYPE	MIN	MAX	SUBNETS
master-us-east-2a		Master	m5n.2xlarge	1	1	us-east-2a
spot-group-base-72vcpus-144gb	Node	c5.18xlarge	1	1	us-east-2a

NODE STATUS
NAME			ROLE	READY
i-022962047cec37b75	node	False
i-084650f2695df40e8	master	True

VALIDATION ERRORS
KIND	NAME						MESSAGE
Node	i-022962047cec37b75				node "i-022962047cec37b75" of role "node" is not ready
Pod	kube-system/calico-node-mfcgv			system-node-critical pod "calico-node-mfcgv" is pending
Pod	kube-system/coredns-6b5bc459c-fclr9		system-cluster-critical pod "coredns-6b5bc459c-fclr9" is pending
Pod	kube-system/coredns-autoscaler-5685d4f67b-mx8jn	system-cluster-critical pod "coredns-autoscaler-5685d4f67b-mx8jn" is pending
Pod	kube-system/ebs-csi-node-h622n			system-node-critical pod "ebs-csi-node-h622n" is pending

Validation Failed
INSTANCE GROUPS
NAME				ROLE	MACHINETYPE	MIN	MAX	SUBNETS
master-us-east-2a		Master	m5n.2xlarge	1	1	us-east-2a
spot-group-base-72vcpus-144gb	Node	c5.18xlarge	1	1	us-east-2a

NODE STATUS
NAME			ROLE	READY
i-022962047cec37b75	node	False
i-084650f2695df40e8	master	True

VALIDATION ERRORS
KIND	NAME						MESSAGE
Node	i-022962047cec37b75				node "i-022962047cec37b75" of role "node" is not ready
Pod	kube-system/calico-node-mfcgv			system-node-critical pod "calico-node-mfcgv" is not ready (calico-node)
Pod	kube-system/coredns-6b5bc459c-fclr9		system-cluster-critical pod "coredns-6b5bc459c-fclr9" is pending
Pod	kube-system/coredns-autoscaler-5685d4f67b-mx8jn	system-cluster-critical pod "coredns-autoscaler-5685d4f67b-mx8jn" is pending
Pod	kube-system/ebs-csi-node-h622n			system-node-critical pod "ebs-csi-node-h622n" is pending

Validation Failed
INSTANCE GROUPS
NAME				ROLE	MACHINETYPE	MIN	MAX	SUBNETS
master-us-east-2a		Master	m5n.2xlarge	1	1	us-east-2a
spot-group-base-72vcpus-144gb	Node	c5.18xlarge	1	1	us-east-2a

NODE STATUS
NAME			ROLE	READY
i-022962047cec37b75	node	True
i-084650f2695df40e8	master	True

Your cluster kops-multi-tenant-spot-1x-72vcpu-144gb.k8s.local is ready

Time: 258 seconds
