
*********************************************************************************

A new kops version is available: 1.25.3
Upgrading is recommended
More information: https://github.com/kubernetes/kops/blob/master/permalinks/upgrade_kops.md#1.25.3

*********************************************************************************


*********************************************************************************

A new kubernetes version is available: 1.23.16
Upgrading is recommended (try kops upgrade cluster)

More information: https://github.com/kubernetes/kops/blob/master/permalinks/upgrade_k8s.md#1.23.16

*********************************************************************************

kOps has set your kubectl context to tcss702.k8s.local

Cluster is starting.  It should be ready in a few minutes.

Suggestions:
 * validate cluster: kops validate cluster --wait 10m
 * list nodes: kubectl get nodes --show-labels
 * ssh to the master: ssh -i ~/.ssh/id_rsa ubuntu@api.tcss702.k8s.local
 * the ubuntu user is specific to Ubuntu. If not using Ubuntu please use the appropriate user based on your OS.
 * read about installing addons at: https://kops.sigs.k8s.io/addons.

Validating cluster tcss702.k8s.local

INSTANCE GROUPS
NAME				ROLE	MACHINETYPE	MIN	MAX	SUBNETS
master-us-east-2c		Master	m5.large	1	1	us-east-2c
spot-group-base-8vcpus-16gb	Node	c5.2xlarge	8	8	us-east-2c

NODE STATUS
NAME						ROLE	READY
ip-172-20-58-71.us-east-2.compute.internal	master	False

VALIDATION ERRORS
KIND	NAME							MESSAGE
Machine	i-0379c1ea6404621a7					machine "i-0379c1ea6404621a7" has not yet joined cluster
Machine	i-0494cf3f6631028f1					machine "i-0494cf3f6631028f1" has not yet joined cluster
Machine	i-071866106f7ba2797					machine "i-071866106f7ba2797" has not yet joined cluster
Machine	i-0b67b07b1b8aaa09a					machine "i-0b67b07b1b8aaa09a" has not yet joined cluster
Machine	i-0b7ba68ba2f00c878					machine "i-0b7ba68ba2f00c878" has not yet joined cluster
Machine	i-0c99290bc7fbd51c7					machine "i-0c99290bc7fbd51c7" has not yet joined cluster
Machine	i-0e0e69b9379617ada					machine "i-0e0e69b9379617ada" has not yet joined cluster
Machine	i-0fd0cf45a98993c5c					machine "i-0fd0cf45a98993c5c" has not yet joined cluster
Node	ip-172-20-58-71.us-east-2.compute.internal		node "ip-172-20-58-71.us-east-2.compute.internal" of role "master" is not ready
Pod	kube-system/calico-kube-controllers-58449699bc-bkvdp	system-cluster-critical pod "calico-kube-controllers-58449699bc-bkvdp" is pending
Pod	kube-system/calico-node-62lkq				system-node-critical pod "calico-node-62lkq" is pending
Pod	kube-system/coredns-8555c7d6d6-kvzqf			system-cluster-critical pod "coredns-8555c7d6d6-kvzqf" is pending
Pod	kube-system/coredns-autoscaler-57dd87df6c-mtvzd		system-cluster-critical pod "coredns-autoscaler-57dd87df6c-mtvzd" is pending
Pod	kube-system/dns-controller-77c787b6bc-5qwgz		system-cluster-critical pod "dns-controller-77c787b6bc-5qwgz" is pending
Pod	kube-system/ebs-csi-controller-86784976dc-5hsf6		system-cluster-critical pod "ebs-csi-controller-86784976dc-5hsf6" is pending
Pod	kube-system/ebs-csi-node-kpd52				system-node-critical pod "ebs-csi-node-kpd52" is pending
Pod	kube-system/kops-controller-8dbh8			system-cluster-critical pod "kops-controller-8dbh8" is pending

Validation Failed
INSTANCE GROUPS
NAME				ROLE	MACHINETYPE	MIN	MAX	SUBNETS
master-us-east-2c		Master	m5.large	1	1	us-east-2c
spot-group-base-8vcpus-16gb	Node	c5.2xlarge	8	8	us-east-2c

NODE STATUS
NAME						ROLE	READY
ip-172-20-58-71.us-east-2.compute.internal	master	False

VALIDATION ERRORS
KIND	NAME							MESSAGE
Machine	i-0379c1ea6404621a7					machine "i-0379c1ea6404621a7" has not yet joined cluster
Machine	i-0494cf3f6631028f1					machine "i-0494cf3f6631028f1" has not yet joined cluster
Machine	i-071866106f7ba2797					machine "i-071866106f7ba2797" has not yet joined cluster
Machine	i-0b67b07b1b8aaa09a					machine "i-0b67b07b1b8aaa09a" has not yet joined cluster
Machine	i-0b7ba68ba2f00c878					machine "i-0b7ba68ba2f00c878" has not yet joined cluster
Machine	i-0c99290bc7fbd51c7					machine "i-0c99290bc7fbd51c7" has not yet joined cluster
Machine	i-0e0e69b9379617ada					machine "i-0e0e69b9379617ada" has not yet joined cluster
Machine	i-0fd0cf45a98993c5c					machine "i-0fd0cf45a98993c5c" has not yet joined cluster
Node	ip-172-20-58-71.us-east-2.compute.internal		node "ip-172-20-58-71.us-east-2.compute.internal" of role "master" is not ready
Pod	kube-system/calico-kube-controllers-58449699bc-bkvdp	system-cluster-critical pod "calico-kube-controllers-58449699bc-bkvdp" is pending
Pod	kube-system/calico-node-62lkq				system-node-critical pod "calico-node-62lkq" is pending
Pod	kube-system/coredns-8555c7d6d6-kvzqf			system-cluster-critical pod "coredns-8555c7d6d6-kvzqf" is pending
Pod	kube-system/coredns-autoscaler-57dd87df6c-mtvzd		system-cluster-critical pod "coredns-autoscaler-57dd87df6c-mtvzd" is pending
Pod	kube-system/ebs-csi-controller-86784976dc-5hsf6		system-cluster-critical pod "ebs-csi-controller-86784976dc-5hsf6" is pending
Pod	kube-system/ebs-csi-node-kpd52				system-node-critical pod "ebs-csi-node-kpd52" is pending

Validation Failed
INSTANCE GROUPS
NAME				ROLE	MACHINETYPE	MIN	MAX	SUBNETS
master-us-east-2c		Master	m5.large	1	1	us-east-2c
spot-group-base-8vcpus-16gb	Node	c5.2xlarge	8	8	us-east-2c

NODE STATUS
NAME						ROLE	READY
ip-172-20-58-71.us-east-2.compute.internal	master	True

VALIDATION ERRORS
KIND	NAME									MESSAGE
Machine	i-0379c1ea6404621a7							machine "i-0379c1ea6404621a7" has not yet joined cluster
Machine	i-0494cf3f6631028f1							machine "i-0494cf3f6631028f1" has not yet joined cluster
Machine	i-071866106f7ba2797							machine "i-071866106f7ba2797" has not yet joined cluster
Machine	i-0b67b07b1b8aaa09a							machine "i-0b67b07b1b8aaa09a" has not yet joined cluster
Machine	i-0b7ba68ba2f00c878							machine "i-0b7ba68ba2f00c878" has not yet joined cluster
Machine	i-0c99290bc7fbd51c7							machine "i-0c99290bc7fbd51c7" has not yet joined cluster
Machine	i-0e0e69b9379617ada							machine "i-0e0e69b9379617ada" has not yet joined cluster
Machine	i-0fd0cf45a98993c5c							machine "i-0fd0cf45a98993c5c" has not yet joined cluster
Node	ip-172-20-58-71.us-east-2.compute.internal				master "ip-172-20-58-71.us-east-2.compute.internal" is missing kube-apiserver pod
Node	ip-172-20-58-71.us-east-2.compute.internal				master "ip-172-20-58-71.us-east-2.compute.internal" is missing kube-controller-manager pod
Node	ip-172-20-58-71.us-east-2.compute.internal				master "ip-172-20-58-71.us-east-2.compute.internal" is missing kube-scheduler pod
Pod	kube-system/calico-kube-controllers-58449699bc-bkvdp			system-cluster-critical pod "calico-kube-controllers-58449699bc-bkvdp" is pending
Pod	kube-system/calico-node-62lkq						system-node-critical pod "calico-node-62lkq" is not ready (calico-node)
Pod	kube-system/coredns-8555c7d6d6-kvzqf					system-cluster-critical pod "coredns-8555c7d6d6-kvzqf" is pending
Pod	kube-system/coredns-autoscaler-57dd87df6c-mtvzd				system-cluster-critical pod "coredns-autoscaler-57dd87df6c-mtvzd" is pending
Pod	kube-system/ebs-csi-controller-86784976dc-5hsf6				system-cluster-critical pod "ebs-csi-controller-86784976dc-5hsf6" is pending
Pod	kube-system/ebs-csi-node-kpd52						system-node-critical pod "ebs-csi-node-kpd52" is pending
Pod	kube-system/kube-proxy-ip-172-20-58-71.us-east-2.compute.internal	system-node-critical pod "kube-proxy-ip-172-20-58-71.us-east-2.compute.internal" is pending

Validation Failed
INSTANCE GROUPS
NAME				ROLE	MACHINETYPE	MIN	MAX	SUBNETS
master-us-east-2c		Master	m5.large	1	1	us-east-2c
spot-group-base-8vcpus-16gb	Node	c5.2xlarge	8	8	us-east-2c

NODE STATUS
NAME						ROLE	READY
ip-172-20-58-71.us-east-2.compute.internal	master	True

VALIDATION ERRORS
KIND	NAME									MESSAGE
Machine	i-0379c1ea6404621a7							machine "i-0379c1ea6404621a7" has not yet joined cluster
Machine	i-0494cf3f6631028f1							machine "i-0494cf3f6631028f1" has not yet joined cluster
Machine	i-071866106f7ba2797							machine "i-071866106f7ba2797" has not yet joined cluster
Machine	i-0b67b07b1b8aaa09a							machine "i-0b67b07b1b8aaa09a" has not yet joined cluster
Machine	i-0b7ba68ba2f00c878							machine "i-0b7ba68ba2f00c878" has not yet joined cluster
Machine	i-0c99290bc7fbd51c7							machine "i-0c99290bc7fbd51c7" has not yet joined cluster
Machine	i-0e0e69b9379617ada							machine "i-0e0e69b9379617ada" has not yet joined cluster
Machine	i-0fd0cf45a98993c5c							machine "i-0fd0cf45a98993c5c" has not yet joined cluster
Node	ip-172-20-58-71.us-east-2.compute.internal				master "ip-172-20-58-71.us-east-2.compute.internal" is missing kube-apiserver pod
Node	ip-172-20-58-71.us-east-2.compute.internal				master "ip-172-20-58-71.us-east-2.compute.internal" is missing kube-controller-manager pod
Node	ip-172-20-58-71.us-east-2.compute.internal				master "ip-172-20-58-71.us-east-2.compute.internal" is missing kube-scheduler pod
Pod	kube-system/calico-kube-controllers-58449699bc-bkvdp			system-cluster-critical pod "calico-kube-controllers-58449699bc-bkvdp" is not ready (calico-kube-controllers)
Pod	kube-system/coredns-8555c7d6d6-kvzqf					system-cluster-critical pod "coredns-8555c7d6d6-kvzqf" is pending
Pod	kube-system/coredns-autoscaler-57dd87df6c-mtvzd				system-cluster-critical pod "coredns-autoscaler-57dd87df6c-mtvzd" is pending
Pod	kube-system/ebs-csi-controller-86784976dc-5hsf6				system-cluster-critical pod "ebs-csi-controller-86784976dc-5hsf6" is pending
Pod	kube-system/ebs-csi-node-kpd52						system-node-critical pod "ebs-csi-node-kpd52" is pending
Pod	kube-system/kube-apiserver-ip-172-20-58-71.us-east-2.compute.internal	system-cluster-critical pod "kube-apiserver-ip-172-20-58-71.us-east-2.compute.internal" is pending

Validation Failed
INSTANCE GROUPS
NAME				ROLE	MACHINETYPE	MIN	MAX	SUBNETS
master-us-east-2c		Master	m5.large	1	1	us-east-2c
spot-group-base-8vcpus-16gb	Node	c5.2xlarge	8	8	us-east-2c

NODE STATUS
NAME						ROLE	READY
ip-172-20-46-230.us-east-2.compute.internal	node	False
ip-172-20-55-220.us-east-2.compute.internal	node	False
ip-172-20-58-71.us-east-2.compute.internal	master	True

VALIDATION ERRORS
KIND	NAME										MESSAGE
Machine	i-0379c1ea6404621a7								machine "i-0379c1ea6404621a7" has not yet joined cluster
Machine	i-0494cf3f6631028f1								machine "i-0494cf3f6631028f1" has not yet joined cluster
Machine	i-071866106f7ba2797								machine "i-071866106f7ba2797" has not yet joined cluster
Machine	i-0b67b07b1b8aaa09a								machine "i-0b67b07b1b8aaa09a" has not yet joined cluster
Machine	i-0b7ba68ba2f00c878								machine "i-0b7ba68ba2f00c878" has not yet joined cluster
Machine	i-0c99290bc7fbd51c7								machine "i-0c99290bc7fbd51c7" has not yet joined cluster
Node	ip-172-20-46-230.us-east-2.compute.internal					node "ip-172-20-46-230.us-east-2.compute.internal" of role "node" is not ready
Node	ip-172-20-55-220.us-east-2.compute.internal					node "ip-172-20-55-220.us-east-2.compute.internal" of role "node" is not ready
Node	ip-172-20-58-71.us-east-2.compute.internal					master "ip-172-20-58-71.us-east-2.compute.internal" is missing kube-controller-manager pod
Node	ip-172-20-58-71.us-east-2.compute.internal					master "ip-172-20-58-71.us-east-2.compute.internal" is missing kube-scheduler pod
Pod	kube-system/calico-node-2c29d							system-node-critical pod "calico-node-2c29d" is pending
Pod	kube-system/calico-node-45sbp							system-node-critical pod "calico-node-45sbp" is pending
Pod	kube-system/calico-node-6mhvk							system-node-critical pod "calico-node-6mhvk" is pending
Pod	kube-system/calico-node-gkcww							system-node-critical pod "calico-node-gkcww" is pending
Pod	kube-system/calico-node-jdbfm							system-node-critical pod "calico-node-jdbfm" is pending
Pod	kube-system/calico-node-l2446							system-node-critical pod "calico-node-l2446" is pending
Pod	kube-system/calico-node-p7dmf							system-node-critical pod "calico-node-p7dmf" is pending
Pod	kube-system/coredns-8555c7d6d6-kvzqf						system-cluster-critical pod "coredns-8555c7d6d6-kvzqf" is pending
Pod	kube-system/coredns-autoscaler-57dd87df6c-mtvzd					system-cluster-critical pod "coredns-autoscaler-57dd87df6c-mtvzd" is pending
Pod	kube-system/ebs-csi-controller-86784976dc-5hsf6					system-cluster-critical pod "ebs-csi-controller-86784976dc-5hsf6" is pending
Pod	kube-system/ebs-csi-node-9vslz							system-node-critical pod "ebs-csi-node-9vslz" is pending
Pod	kube-system/ebs-csi-node-cbgxl							system-node-critical pod "ebs-csi-node-cbgxl" is pending
Pod	kube-system/ebs-csi-node-p8qr9							system-node-critical pod "ebs-csi-node-p8qr9" is pending
Pod	kube-system/ebs-csi-node-rb7vn							system-node-critical pod "ebs-csi-node-rb7vn" is pending
Pod	kube-system/ebs-csi-node-rmddz							system-node-critical pod "ebs-csi-node-rmddz" is pending
Pod	kube-system/ebs-csi-node-rw6bj							system-node-critical pod "ebs-csi-node-rw6bj" is pending
Pod	kube-system/ebs-csi-node-tfkfp							system-node-critical pod "ebs-csi-node-tfkfp" is pending
Pod	kube-system/kube-controller-manager-ip-172-20-58-71.us-east-2.compute.internal	system-cluster-critical pod "kube-controller-manager-ip-172-20-58-71.us-east-2.compute.internal" is pending

Validation Failed
INSTANCE GROUPS
NAME				ROLE	MACHINETYPE	MIN	MAX	SUBNETS
master-us-east-2c		Master	m5.large	1	1	us-east-2c
spot-group-base-8vcpus-16gb	Node	c5.2xlarge	8	8	us-east-2c

NODE STATUS
NAME						ROLE	READY
ip-172-20-34-20.us-east-2.compute.internal	node	False
ip-172-20-39-2.us-east-2.compute.internal	node	False
ip-172-20-41-149.us-east-2.compute.internal	node	False
ip-172-20-45-105.us-east-2.compute.internal	node	False
ip-172-20-46-230.us-east-2.compute.internal	node	False
ip-172-20-53-228.us-east-2.compute.internal	node	False
ip-172-20-55-220.us-east-2.compute.internal	node	False
ip-172-20-56-30.us-east-2.compute.internal	node	False
ip-172-20-58-71.us-east-2.compute.internal	master	True

VALIDATION ERRORS
KIND	NAME									MESSAGE
Node	ip-172-20-34-20.us-east-2.compute.internal				node "ip-172-20-34-20.us-east-2.compute.internal" of role "node" is not ready
Node	ip-172-20-39-2.us-east-2.compute.internal				node "ip-172-20-39-2.us-east-2.compute.internal" of role "node" is not ready
Node	ip-172-20-41-149.us-east-2.compute.internal				node "ip-172-20-41-149.us-east-2.compute.internal" of role "node" is not ready
Node	ip-172-20-45-105.us-east-2.compute.internal				node "ip-172-20-45-105.us-east-2.compute.internal" of role "node" is not ready
Node	ip-172-20-46-230.us-east-2.compute.internal				node "ip-172-20-46-230.us-east-2.compute.internal" of role "node" is not ready
Node	ip-172-20-53-228.us-east-2.compute.internal				node "ip-172-20-53-228.us-east-2.compute.internal" of role "node" is not ready
Node	ip-172-20-55-220.us-east-2.compute.internal				node "ip-172-20-55-220.us-east-2.compute.internal" of role "node" is not ready
Node	ip-172-20-56-30.us-east-2.compute.internal				node "ip-172-20-56-30.us-east-2.compute.internal" of role "node" is not ready
Node	ip-172-20-58-71.us-east-2.compute.internal				master "ip-172-20-58-71.us-east-2.compute.internal" is missing kube-scheduler pod
Pod	kube-system/calico-node-2c29d						system-node-critical pod "calico-node-2c29d" is pending
Pod	kube-system/calico-node-45sbp						system-node-critical pod "calico-node-45sbp" is not ready (calico-node)
Pod	kube-system/calico-node-6mhvk						system-node-critical pod "calico-node-6mhvk" is pending
Pod	kube-system/calico-node-gkcww						system-node-critical pod "calico-node-gkcww" is not ready (calico-node)
Pod	kube-system/calico-node-jdbfm						system-node-critical pod "calico-node-jdbfm" is not ready (calico-node)
Pod	kube-system/calico-node-l2446						system-node-critical pod "calico-node-l2446" is pending
Pod	kube-system/calico-node-mn9d7						system-node-critical pod "calico-node-mn9d7" is pending
Pod	kube-system/calico-node-p7dmf						system-node-critical pod "calico-node-p7dmf" is pending
Pod	kube-system/coredns-8555c7d6d6-kvzqf					system-cluster-critical pod "coredns-8555c7d6d6-kvzqf" is pending
Pod	kube-system/coredns-autoscaler-57dd87df6c-mtvzd				system-cluster-critical pod "coredns-autoscaler-57dd87df6c-mtvzd" is pending
Pod	kube-system/ebs-csi-node-9vslz						system-node-critical pod "ebs-csi-node-9vslz" is pending
Pod	kube-system/ebs-csi-node-cbgxl						system-node-critical pod "ebs-csi-node-cbgxl" is pending
Pod	kube-system/ebs-csi-node-jcjv8						system-node-critical pod "ebs-csi-node-jcjv8" is pending
Pod	kube-system/ebs-csi-node-p8qr9						system-node-critical pod "ebs-csi-node-p8qr9" is pending
Pod	kube-system/ebs-csi-node-rb7vn						system-node-critical pod "ebs-csi-node-rb7vn" is pending
Pod	kube-system/ebs-csi-node-rmddz						system-node-critical pod "ebs-csi-node-rmddz" is pending
Pod	kube-system/ebs-csi-node-rw6bj						system-node-critical pod "ebs-csi-node-rw6bj" is pending
Pod	kube-system/ebs-csi-node-tfkfp						system-node-critical pod "ebs-csi-node-tfkfp" is pending
Pod	kube-system/kube-scheduler-ip-172-20-58-71.us-east-2.compute.internal	system-cluster-critical pod "kube-scheduler-ip-172-20-58-71.us-east-2.compute.internal" is pending

Validation Failed
INSTANCE GROUPS
NAME				ROLE	MACHINETYPE	MIN	MAX	SUBNETS
master-us-east-2c		Master	m5.large	1	1	us-east-2c
spot-group-base-8vcpus-16gb	Node	c5.2xlarge	8	8	us-east-2c

NODE STATUS
NAME						ROLE	READY
ip-172-20-34-20.us-east-2.compute.internal	node	True
ip-172-20-39-2.us-east-2.compute.internal	node	False
ip-172-20-41-149.us-east-2.compute.internal	node	True
ip-172-20-45-105.us-east-2.compute.internal	node	True
ip-172-20-46-230.us-east-2.compute.internal	node	False
ip-172-20-53-228.us-east-2.compute.internal	node	True
ip-172-20-55-220.us-east-2.compute.internal	node	True
ip-172-20-56-30.us-east-2.compute.internal	node	True
ip-172-20-58-71.us-east-2.compute.internal	master	True

VALIDATION ERRORS
KIND	NAME						MESSAGE
Node	ip-172-20-39-2.us-east-2.compute.internal	node "ip-172-20-39-2.us-east-2.compute.internal" of role "node" is not ready
Node	ip-172-20-46-230.us-east-2.compute.internal	node "ip-172-20-46-230.us-east-2.compute.internal" of role "node" is not ready
Pod	kube-system/calico-node-2c29d			system-node-critical pod "calico-node-2c29d" is not ready (calico-node)
Pod	kube-system/calico-node-45sbp			system-node-critical pod "calico-node-45sbp" is not ready (calico-node)
Pod	kube-system/calico-node-6mhvk			system-node-critical pod "calico-node-6mhvk" is not ready (calico-node)
Pod	kube-system/calico-node-gkcww			system-node-critical pod "calico-node-gkcww" is not ready (calico-node)
Pod	kube-system/calico-node-l2446			system-node-critical pod "calico-node-l2446" is not ready (calico-node)
Pod	kube-system/calico-node-mn9d7			system-node-critical pod "calico-node-mn9d7" is not ready (calico-node)
Pod	kube-system/calico-node-p7dmf			system-node-critical pod "calico-node-p7dmf" is not ready (calico-node)
Pod	kube-system/ebs-csi-node-9vslz			system-node-critical pod "ebs-csi-node-9vslz" is pending
Pod	kube-system/ebs-csi-node-cbgxl			system-node-critical pod "ebs-csi-node-cbgxl" is pending
Pod	kube-system/ebs-csi-node-jcjv8			system-node-critical pod "ebs-csi-node-jcjv8" is pending
Pod	kube-system/ebs-csi-node-p8qr9			system-node-critical pod "ebs-csi-node-p8qr9" is pending
Pod	kube-system/ebs-csi-node-rb7vn			system-node-critical pod "ebs-csi-node-rb7vn" is pending
Pod	kube-system/ebs-csi-node-rmddz			system-node-critical pod "ebs-csi-node-rmddz" is pending
Pod	kube-system/ebs-csi-node-rw6bj			system-node-critical pod "ebs-csi-node-rw6bj" is pending

Validation Failed
INSTANCE GROUPS
NAME				ROLE	MACHINETYPE	MIN	MAX	SUBNETS
master-us-east-2c		Master	m5.large	1	1	us-east-2c
spot-group-base-8vcpus-16gb	Node	c5.2xlarge	8	8	us-east-2c

NODE STATUS
NAME						ROLE	READY
ip-172-20-34-20.us-east-2.compute.internal	node	True
ip-172-20-39-2.us-east-2.compute.internal	node	True
ip-172-20-41-149.us-east-2.compute.internal	node	True
ip-172-20-45-105.us-east-2.compute.internal	node	True
ip-172-20-46-230.us-east-2.compute.internal	node	True
ip-172-20-53-228.us-east-2.compute.internal	node	True
ip-172-20-55-220.us-east-2.compute.internal	node	True
ip-172-20-56-30.us-east-2.compute.internal	node	True
ip-172-20-58-71.us-east-2.compute.internal	master	True

Your cluster tcss702.k8s.local is ready

Successfully deployed cluster in 04 minutes, 42 seconds
Deployed from cluster spec, "kops/kops_multi-tenant_spot_8x_8vcpu_16gb.yml"
