kOps has set your kubectl context to kops-multi-tenant-spot-1x-72vcpu-144gb.k8s.local

Cluster is starting.  It should be ready in a few minutes.

Suggestions:
 * validate cluster: kops validate cluster --wait 10m
 * list nodes: kubectl get nodes --show-labels
 * ssh to the master: ssh -i ~/.ssh/id_rsa ubuntu@api.kops-multi-tenant-spot-1x-72vcpu-144gb.k8s.local
 * the ubuntu user is specific to Ubuntu. If not using Ubuntu please use the appropriate user based on your OS.
 * read about installing addons at: https://kops.sigs.k8s.io/addons.

Validating cluster kops-multi-tenant-spot-1x-72vcpu-144gb.k8s.local

INSTANCE GROUPS
NAME				ROLE	MACHINETYPE	MIN	MAX	SUBNETS
master-us-east-2a		Master	m5n.2xlarge	1	1	us-east-2a
spot-group-base-72vcpus-144gb	Node	c5.18xlarge	1	1	us-east-2a

NODE STATUS
NAME	ROLE	READY

VALIDATION ERRORS
KIND	NAME			MESSAGE
Machine	i-010f1d57a52387e47	machine "i-010f1d57a52387e47" has not yet joined cluster
Machine	i-0d643b55379c20be6	machine "i-0d643b55379c20be6" has not yet joined cluster

Validation Failed
INSTANCE GROUPS
NAME				ROLE	MACHINETYPE	MIN	MAX	SUBNETS
master-us-east-2a		Master	m5n.2xlarge	1	1	us-east-2a
spot-group-base-72vcpus-144gb	Node	c5.18xlarge	1	1	us-east-2a

NODE STATUS
NAME	ROLE	READY

VALIDATION ERRORS
KIND	NAME			MESSAGE
Machine	i-010f1d57a52387e47	machine "i-010f1d57a52387e47" has not yet joined cluster
Machine	i-0d643b55379c20be6	machine "i-0d643b55379c20be6" has not yet joined cluster

Validation Failed
INSTANCE GROUPS
NAME				ROLE	MACHINETYPE	MIN	MAX	SUBNETS
master-us-east-2a		Master	m5n.2xlarge	1	1	us-east-2a
spot-group-base-72vcpus-144gb	Node	c5.18xlarge	1	1	us-east-2a

NODE STATUS
NAME	ROLE	READY

VALIDATION ERRORS
KIND	NAME							MESSAGE
Machine	i-010f1d57a52387e47					machine "i-010f1d57a52387e47" has not yet joined cluster
Machine	i-0d643b55379c20be6					machine "i-0d643b55379c20be6" has not yet joined cluster
Pod	kube-system/aws-cloud-controller-manager-pzs9c		system-cluster-critical pod "aws-cloud-controller-manager-pzs9c" is pending
Pod	kube-system/calico-kube-controllers-8b548fb5d-gpcjv	system-cluster-critical pod "calico-kube-controllers-8b548fb5d-gpcjv" is pending
Pod	kube-system/calico-node-ddmjg				system-node-critical pod "calico-node-ddmjg" is pending
Pod	kube-system/coredns-6b5bc459c-7vsp8			system-cluster-critical pod "coredns-6b5bc459c-7vsp8" is pending
Pod	kube-system/coredns-autoscaler-5685d4f67b-jj7pt		system-cluster-critical pod "coredns-autoscaler-5685d4f67b-jj7pt" is pending
Pod	kube-system/dns-controller-7988b4697f-mp2q7		system-cluster-critical pod "dns-controller-7988b4697f-mp2q7" is pending
Pod	kube-system/ebs-csi-controller-6bb9b686b6-bdg7l		system-cluster-critical pod "ebs-csi-controller-6bb9b686b6-bdg7l" is pending
Pod	kube-system/ebs-csi-node-fxqj7				system-node-critical pod "ebs-csi-node-fxqj7" is pending
Pod	kube-system/kops-controller-rc6nv			system-cluster-critical pod "kops-controller-rc6nv" is pending

Validation Failed
INSTANCE GROUPS
NAME				ROLE	MACHINETYPE	MIN	MAX	SUBNETS
master-us-east-2a		Master	m5n.2xlarge	1	1	us-east-2a
spot-group-base-72vcpus-144gb	Node	c5.18xlarge	1	1	us-east-2a

NODE STATUS
NAME			ROLE	READY
i-010f1d57a52387e47	master	False

VALIDATION ERRORS
KIND	NAME							MESSAGE
Machine	i-0d643b55379c20be6					machine "i-0d643b55379c20be6" has not yet joined cluster
Node	i-010f1d57a52387e47					node "i-010f1d57a52387e47" of role "master" is not ready
Pod	kube-system/calico-kube-controllers-8b548fb5d-gpcjv	system-cluster-critical pod "calico-kube-controllers-8b548fb5d-gpcjv" is pending
Pod	kube-system/calico-node-ddmjg				system-node-critical pod "calico-node-ddmjg" is pending
Pod	kube-system/coredns-6b5bc459c-7vsp8			system-cluster-critical pod "coredns-6b5bc459c-7vsp8" is pending
Pod	kube-system/coredns-autoscaler-5685d4f67b-jj7pt		system-cluster-critical pod "coredns-autoscaler-5685d4f67b-jj7pt" is pending
Pod	kube-system/ebs-csi-controller-6bb9b686b6-bdg7l		system-cluster-critical pod "ebs-csi-controller-6bb9b686b6-bdg7l" is pending
Pod	kube-system/ebs-csi-node-fxqj7				system-node-critical pod "ebs-csi-node-fxqj7" is pending
Pod	kube-system/kube-proxy-i-010f1d57a52387e47		system-node-critical pod "kube-proxy-i-010f1d57a52387e47" is pending

Validation Failed
INSTANCE GROUPS
NAME				ROLE	MACHINETYPE	MIN	MAX	SUBNETS
master-us-east-2a		Master	m5n.2xlarge	1	1	us-east-2a
spot-group-base-72vcpus-144gb	Node	c5.18xlarge	1	1	us-east-2a

NODE STATUS
NAME			ROLE	READY
i-010f1d57a52387e47	master	True

VALIDATION ERRORS
KIND	NAME							MESSAGE
Machine	i-0d643b55379c20be6					machine "i-0d643b55379c20be6" has not yet joined cluster
Node	i-010f1d57a52387e47					master "i-010f1d57a52387e47" is missing kube-apiserver pod
Node	i-010f1d57a52387e47					master "i-010f1d57a52387e47" is missing kube-scheduler pod
Pod	kube-system/calico-kube-controllers-8b548fb5d-gpcjv	system-cluster-critical pod "calico-kube-controllers-8b548fb5d-gpcjv" is pending
Pod	kube-system/calico-node-ddmjg				system-node-critical pod "calico-node-ddmjg" is not ready (calico-node)
Pod	kube-system/coredns-6b5bc459c-7vsp8			system-cluster-critical pod "coredns-6b5bc459c-7vsp8" is pending
Pod	kube-system/coredns-autoscaler-5685d4f67b-jj7pt		system-cluster-critical pod "coredns-autoscaler-5685d4f67b-jj7pt" is pending
Pod	kube-system/ebs-csi-controller-6bb9b686b6-bdg7l		system-cluster-critical pod "ebs-csi-controller-6bb9b686b6-bdg7l" is pending
Pod	kube-system/ebs-csi-node-fxqj7				system-node-critical pod "ebs-csi-node-fxqj7" is pending

Validation Failed
INSTANCE GROUPS
NAME				ROLE	MACHINETYPE	MIN	MAX	SUBNETS
master-us-east-2a		Master	m5n.2xlarge	1	1	us-east-2a
spot-group-base-72vcpus-144gb	Node	c5.18xlarge	1	1	us-east-2a

NODE STATUS
NAME			ROLE	READY
i-010f1d57a52387e47	master	True

VALIDATION ERRORS
KIND	NAME							MESSAGE
Machine	i-0d643b55379c20be6					machine "i-0d643b55379c20be6" has not yet joined cluster
Node	i-010f1d57a52387e47					master "i-010f1d57a52387e47" is missing kube-apiserver pod
Node	i-010f1d57a52387e47					master "i-010f1d57a52387e47" is missing kube-scheduler pod
Pod	kube-system/calico-kube-controllers-8b548fb5d-gpcjv	system-cluster-critical pod "calico-kube-controllers-8b548fb5d-gpcjv" is pending
Pod	kube-system/coredns-6b5bc459c-7vsp8			system-cluster-critical pod "coredns-6b5bc459c-7vsp8" is pending
Pod	kube-system/coredns-autoscaler-5685d4f67b-jj7pt		system-cluster-critical pod "coredns-autoscaler-5685d4f67b-jj7pt" is pending
Pod	kube-system/ebs-csi-controller-6bb9b686b6-bdg7l		system-cluster-critical pod "ebs-csi-controller-6bb9b686b6-bdg7l" is not ready (ebs-plugin)
Pod	kube-system/etcd-manager-events-i-010f1d57a52387e47	system-cluster-critical pod "etcd-manager-events-i-010f1d57a52387e47" is pending
Pod	kube-system/kube-scheduler-i-010f1d57a52387e47		system-cluster-critical pod "kube-scheduler-i-010f1d57a52387e47" is pending

Validation Failed
INSTANCE GROUPS
NAME				ROLE	MACHINETYPE	MIN	MAX	SUBNETS
master-us-east-2a		Master	m5n.2xlarge	1	1	us-east-2a
spot-group-base-72vcpus-144gb	Node	c5.18xlarge	1	1	us-east-2a

NODE STATUS
NAME			ROLE	READY
i-010f1d57a52387e47	master	True

VALIDATION ERRORS
KIND	NAME						MESSAGE
Machine	i-0d643b55379c20be6				machine "i-0d643b55379c20be6" has not yet joined cluster
Node	i-010f1d57a52387e47				master "i-010f1d57a52387e47" is missing kube-apiserver pod
Pod	kube-system/coredns-6b5bc459c-7vsp8		system-cluster-critical pod "coredns-6b5bc459c-7vsp8" is pending
Pod	kube-system/coredns-autoscaler-5685d4f67b-jj7pt	system-cluster-critical pod "coredns-autoscaler-5685d4f67b-jj7pt" is pending
Pod	kube-system/kube-apiserver-i-010f1d57a52387e47	system-cluster-critical pod "kube-apiserver-i-010f1d57a52387e47" is pending

Validation Failed
INSTANCE GROUPS
NAME				ROLE	MACHINETYPE	MIN	MAX	SUBNETS
master-us-east-2a		Master	m5n.2xlarge	1	1	us-east-2a
spot-group-base-72vcpus-144gb	Node	c5.18xlarge	1	1	us-east-2a

NODE STATUS
NAME			ROLE	READY
i-010f1d57a52387e47	master	True
i-0d643b55379c20be6	node	False

VALIDATION ERRORS
KIND	NAME						MESSAGE
Node	i-0d643b55379c20be6				node "i-0d643b55379c20be6" of role "node" is not ready
Pod	kube-system/calico-node-7bsdv			system-node-critical pod "calico-node-7bsdv" is pending
Pod	kube-system/coredns-6b5bc459c-7vsp8		system-cluster-critical pod "coredns-6b5bc459c-7vsp8" is pending
Pod	kube-system/coredns-autoscaler-5685d4f67b-jj7pt	system-cluster-critical pod "coredns-autoscaler-5685d4f67b-jj7pt" is pending
Pod	kube-system/ebs-csi-node-8db2w			system-node-critical pod "ebs-csi-node-8db2w" is pending

Validation Failed
INSTANCE GROUPS
NAME				ROLE	MACHINETYPE	MIN	MAX	SUBNETS
master-us-east-2a		Master	m5n.2xlarge	1	1	us-east-2a
spot-group-base-72vcpus-144gb	Node	c5.18xlarge	1	1	us-east-2a

NODE STATUS
NAME			ROLE	READY
i-010f1d57a52387e47	master	True
i-0d643b55379c20be6	node	False

VALIDATION ERRORS
KIND	NAME						MESSAGE
Node	i-0d643b55379c20be6				node "i-0d643b55379c20be6" of role "node" is not ready
Pod	kube-system/calico-node-7bsdv			system-node-critical pod "calico-node-7bsdv" is pending
Pod	kube-system/coredns-6b5bc459c-7vsp8		system-cluster-critical pod "coredns-6b5bc459c-7vsp8" is pending
Pod	kube-system/coredns-autoscaler-5685d4f67b-jj7pt	system-cluster-critical pod "coredns-autoscaler-5685d4f67b-jj7pt" is pending
Pod	kube-system/ebs-csi-node-8db2w			system-node-critical pod "ebs-csi-node-8db2w" is pending

Validation Failed
INSTANCE GROUPS
NAME				ROLE	MACHINETYPE	MIN	MAX	SUBNETS
master-us-east-2a		Master	m5n.2xlarge	1	1	us-east-2a
spot-group-base-72vcpus-144gb	Node	c5.18xlarge	1	1	us-east-2a

NODE STATUS
NAME			ROLE	READY
i-010f1d57a52387e47	master	True
i-0d643b55379c20be6	node	True

VALIDATION ERRORS
KIND	NAME						MESSAGE
Pod	kube-system/calico-node-7bsdv			system-node-critical pod "calico-node-7bsdv" is not ready (calico-node)
Pod	kube-system/coredns-6b5bc459c-7vsp8		system-cluster-critical pod "coredns-6b5bc459c-7vsp8" is pending
Pod	kube-system/coredns-autoscaler-5685d4f67b-jj7pt	system-cluster-critical pod "coredns-autoscaler-5685d4f67b-jj7pt" is pending
Pod	kube-system/ebs-csi-node-8db2w			system-node-critical pod "ebs-csi-node-8db2w" is pending

Validation Failed
INSTANCE GROUPS
NAME				ROLE	MACHINETYPE	MIN	MAX	SUBNETS
master-us-east-2a		Master	m5n.2xlarge	1	1	us-east-2a
spot-group-base-72vcpus-144gb	Node	c5.18xlarge	1	1	us-east-2a

NODE STATUS
NAME			ROLE	READY
i-010f1d57a52387e47	master	True
i-0d643b55379c20be6	node	True

VALIDATION ERRORS
KIND	NAME						MESSAGE
Pod	kube-system/ebs-csi-node-8db2w			system-node-critical pod "ebs-csi-node-8db2w" is pending
Pod	kube-system/kube-proxy-i-0d643b55379c20be6	system-node-critical pod "kube-proxy-i-0d643b55379c20be6" is pending

Validation Failed
INSTANCE GROUPS
NAME				ROLE	MACHINETYPE	MIN	MAX	SUBNETS
master-us-east-2a		Master	m5n.2xlarge	1	1	us-east-2a
spot-group-base-72vcpus-144gb	Node	c5.18xlarge	1	1	us-east-2a

NODE STATUS
NAME			ROLE	READY
i-010f1d57a52387e47	master	True
i-0d643b55379c20be6	node	True

Your cluster kops-multi-tenant-spot-1x-72vcpu-144gb.k8s.local is ready

Time: 276 seconds
