TYPE			NAME														ID
autoscaling-config	master-us-east-2a.masters.kops-multi-tenant-spot-1x-72vcpu-144gb.k8s.local					lt-09ee42d9b43fcb2a7
autoscaling-config	spot-group-base-72vcpus-144gb.kops-multi-tenant-spot-1x-72vcpu-144gb.k8s.local					lt-0e0d6f50b720b6c38
autoscaling-group	master-us-east-2a.masters.kops-multi-tenant-spot-1x-72vcpu-144gb.k8s.local					master-us-east-2a.masters.kops-multi-tenant-spot-1x-72vcpu-144gb.k8s.local
autoscaling-group	spot-group-base-72vcpus-144gb.kops-multi-tenant-spot-1x-72vcpu-144gb.k8s.local					spot-group-base-72vcpus-144gb.kops-multi-tenant-spot-1x-72vcpu-144gb.k8s.local
dhcp-options		kops-multi-tenant-spot-1x-72vcpu-144gb.k8s.local								dopt-0d394263d9d3c1d2b
iam-instance-profile	masters.kops-multi-tenant-spot-1x-72vcpu-144gb.k8s.local							masters.kops-multi-tenant-spot-1x-72vcpu-144gb.k8s.local
iam-instance-profile	nodes.kops-multi-tenant-spot-1x-72vcpu-144gb.k8s.local								nodes.kops-multi-tenant-spot-1x-72vcpu-144gb.k8s.local
iam-role		masters.kops-multi-tenant-spot-1x-72vcpu-144gb.k8s.local							masters.kops-multi-tenant-spot-1x-72vcpu-144gb.k8s.local
iam-role		nodes.kops-multi-tenant-spot-1x-72vcpu-144gb.k8s.local								nodes.kops-multi-tenant-spot-1x-72vcpu-144gb.k8s.local
instance		master-us-east-2a.masters.kops-multi-tenant-spot-1x-72vcpu-144gb.k8s.local					i-084650f2695df40e8
instance		spot-group-base-72vcpus-144gb.kops-multi-tenant-spot-1x-72vcpu-144gb.k8s.local					i-022962047cec37b75
internet-gateway	kops-multi-tenant-spot-1x-72vcpu-144gb.k8s.local								igw-086dd51a849c2dafa
keypair			kubernetes.kops-multi-tenant-spot-1x-72vcpu-144gb.k8s.local-4d:80:ed:89:18:48:88:b4:f8:df:3e:d9:39:3a:5d:48	key-099956e6e6ac9813d
load-balancer		api.kops-multi-tenant-spot-1x-72vcpu-144gb.k8s.local								api-kops-multi-tenant-spo-i5algb
route-table		kops-multi-tenant-spot-1x-72vcpu-144gb.k8s.local								rtb-0cd81c9ccd55fb6e3
security-group		api-elb.kops-multi-tenant-spot-1x-72vcpu-144gb.k8s.local							sg-0bc17f9aed2a41b70
security-group		masters.kops-multi-tenant-spot-1x-72vcpu-144gb.k8s.local							sg-06ee51afe3eb77c36
security-group		nodes.kops-multi-tenant-spot-1x-72vcpu-144gb.k8s.local								sg-006031ae32cb88a93
subnet			us-east-2a.kops-multi-tenant-spot-1x-72vcpu-144gb.k8s.local							subnet-09623fb04c9f9a04f
volume			c.etcd-events.kops-multi-tenant-spot-1x-72vcpu-144gb.k8s.local							vol-017f70b67d54bb480
volume			c.etcd-main.kops-multi-tenant-spot-1x-72vcpu-144gb.k8s.local							vol-06526aa090e8e3a60
volume			master-us-east-2a.masters.kops-multi-tenant-spot-1x-72vcpu-144gb.k8s.local					vol-0b8a64f925f02242c
volume			spot-group-base-72vcpus-144gb.kops-multi-tenant-spot-1x-72vcpu-144gb.k8s.local					vol-0775f378c63f804cb
vpc			kops-multi-tenant-spot-1x-72vcpu-144gb.k8s.local								vpc-070cdde0ccf4e0e15

load-balancer:api-kops-multi-tenant-spo-i5algb	ok
autoscaling-config:lt-09ee42d9b43fcb2a7	ok
iam-instance-profile:nodes.kops-multi-tenant-spot-1x-72vcpu-144gb.k8s.local	ok
autoscaling-group:spot-group-base-72vcpus-144gb.kops-multi-tenant-spot-1x-72vcpu-144gb.k8s.local	ok
autoscaling-config:lt-0e0d6f50b720b6c38	ok
iam-instance-profile:masters.kops-multi-tenant-spot-1x-72vcpu-144gb.k8s.local	ok
autoscaling-group:master-us-east-2a.masters.kops-multi-tenant-spot-1x-72vcpu-144gb.k8s.local	ok
internet-gateway:igw-086dd51a849c2dafa	still has dependencies, will retry
keypair:key-099956e6e6ac9813d	ok
instance:i-084650f2695df40e8	ok
instance:i-022962047cec37b75	ok
volume:vol-017f70b67d54bb480	still has dependencies, will retry
volume:vol-0775f378c63f804cb	still has dependencies, will retry
volume:vol-06526aa090e8e3a60	still has dependencies, will retry
volume:vol-0b8a64f925f02242c	still has dependencies, will retry
subnet:subnet-09623fb04c9f9a04f	still has dependencies, will retry
iam-role:nodes.kops-multi-tenant-spot-1x-72vcpu-144gb.k8s.local	ok
iam-role:masters.kops-multi-tenant-spot-1x-72vcpu-144gb.k8s.local	ok
security-group:sg-006031ae32cb88a93	still has dependencies, will retry
security-group:sg-0bc17f9aed2a41b70	still has dependencies, will retry
security-group:sg-06ee51afe3eb77c36	still has dependencies, will retry
Not all resources deleted; waiting before reattempting deletion
	internet-gateway:igw-086dd51a849c2dafa
	volume:vol-017f70b67d54bb480
	vpc:vpc-070cdde0ccf4e0e15
	volume:vol-0775f378c63f804cb
	volume:vol-0b8a64f925f02242c
	security-group:sg-006031ae32cb88a93
	volume:vol-06526aa090e8e3a60
	route-table:rtb-0cd81c9ccd55fb6e3
	dhcp-options:dopt-0d394263d9d3c1d2b
	subnet:subnet-09623fb04c9f9a04f
	security-group:sg-0bc17f9aed2a41b70
	security-group:sg-06ee51afe3eb77c36
volume:vol-0775f378c63f804cb	still has dependencies, will retry
volume:vol-06526aa090e8e3a60	still has dependencies, will retry
volume:vol-0b8a64f925f02242c	still has dependencies, will retry
volume:vol-017f70b67d54bb480	still has dependencies, will retry
internet-gateway:igw-086dd51a849c2dafa	still has dependencies, will retry
security-group:sg-06ee51afe3eb77c36	still has dependencies, will retry
security-group:sg-006031ae32cb88a93	still has dependencies, will retry
subnet:subnet-09623fb04c9f9a04f	still has dependencies, will retry
security-group:sg-0bc17f9aed2a41b70	still has dependencies, will retry
Not all resources deleted; waiting before reattempting deletion
	volume:vol-0b8a64f925f02242c
	security-group:sg-006031ae32cb88a93
	vpc:vpc-070cdde0ccf4e0e15
	volume:vol-0775f378c63f804cb
	dhcp-options:dopt-0d394263d9d3c1d2b
	subnet:subnet-09623fb04c9f9a04f
	volume:vol-06526aa090e8e3a60
	route-table:rtb-0cd81c9ccd55fb6e3
	security-group:sg-0bc17f9aed2a41b70
	security-group:sg-06ee51afe3eb77c36
	internet-gateway:igw-086dd51a849c2dafa
	volume:vol-017f70b67d54bb480
volume:vol-0b8a64f925f02242c	still has dependencies, will retry
volume:vol-06526aa090e8e3a60	still has dependencies, will retry
volume:vol-017f70b67d54bb480	still has dependencies, will retry
volume:vol-0775f378c63f804cb	still has dependencies, will retry
internet-gateway:igw-086dd51a849c2dafa	still has dependencies, will retry
subnet:subnet-09623fb04c9f9a04f	still has dependencies, will retry
security-group:sg-006031ae32cb88a93	still has dependencies, will retry
security-group:sg-06ee51afe3eb77c36	still has dependencies, will retry
security-group:sg-0bc17f9aed2a41b70	ok
Not all resources deleted; waiting before reattempting deletion
	route-table:rtb-0cd81c9ccd55fb6e3
	dhcp-options:dopt-0d394263d9d3c1d2b
	subnet:subnet-09623fb04c9f9a04f
	volume:vol-06526aa090e8e3a60
	security-group:sg-06ee51afe3eb77c36
	volume:vol-017f70b67d54bb480
	internet-gateway:igw-086dd51a849c2dafa
	volume:vol-0b8a64f925f02242c
	security-group:sg-006031ae32cb88a93
	vpc:vpc-070cdde0ccf4e0e15
	volume:vol-0775f378c63f804cb
subnet:subnet-09623fb04c9f9a04f	still has dependencies, will retry
volume:vol-0775f378c63f804cb	still has dependencies, will retry
volume:vol-0b8a64f925f02242c	still has dependencies, will retry
volume:vol-017f70b67d54bb480	still has dependencies, will retry
volume:vol-06526aa090e8e3a60	still has dependencies, will retry
internet-gateway:igw-086dd51a849c2dafa	still has dependencies, will retry
security-group:sg-06ee51afe3eb77c36	still has dependencies, will retry
security-group:sg-006031ae32cb88a93	still has dependencies, will retry
Not all resources deleted; waiting before reattempting deletion
	dhcp-options:dopt-0d394263d9d3c1d2b
	subnet:subnet-09623fb04c9f9a04f
	volume:vol-06526aa090e8e3a60
	route-table:rtb-0cd81c9ccd55fb6e3
	security-group:sg-06ee51afe3eb77c36
	internet-gateway:igw-086dd51a849c2dafa
	volume:vol-017f70b67d54bb480
	volume:vol-0b8a64f925f02242c
	security-group:sg-006031ae32cb88a93
	vpc:vpc-070cdde0ccf4e0e15
	volume:vol-0775f378c63f804cb
volume:vol-0775f378c63f804cb	still has dependencies, will retry
volume:vol-0b8a64f925f02242c	still has dependencies, will retry
volume:vol-017f70b67d54bb480	still has dependencies, will retry
volume:vol-06526aa090e8e3a60	still has dependencies, will retry
subnet:subnet-09623fb04c9f9a04f	still has dependencies, will retry
internet-gateway:igw-086dd51a849c2dafa	still has dependencies, will retry
security-group:sg-006031ae32cb88a93	still has dependencies, will retry
security-group:sg-06ee51afe3eb77c36	still has dependencies, will retry
Not all resources deleted; waiting before reattempting deletion
	dhcp-options:dopt-0d394263d9d3c1d2b
	subnet:subnet-09623fb04c9f9a04f
	volume:vol-06526aa090e8e3a60
	route-table:rtb-0cd81c9ccd55fb6e3
	security-group:sg-06ee51afe3eb77c36
	internet-gateway:igw-086dd51a849c2dafa
	volume:vol-017f70b67d54bb480
	security-group:sg-006031ae32cb88a93
	vpc:vpc-070cdde0ccf4e0e15
	volume:vol-0775f378c63f804cb
	volume:vol-0b8a64f925f02242c
volume:vol-06526aa090e8e3a60	still has dependencies, will retry
volume:vol-0775f378c63f804cb	still has dependencies, will retry
volume:vol-017f70b67d54bb480	still has dependencies, will retry
volume:vol-0b8a64f925f02242c	still has dependencies, will retry
subnet:subnet-09623fb04c9f9a04f	still has dependencies, will retry
internet-gateway:igw-086dd51a849c2dafa	still has dependencies, will retry
security-group:sg-006031ae32cb88a93	still has dependencies, will retry
security-group:sg-06ee51afe3eb77c36	still has dependencies, will retry
Not all resources deleted; waiting before reattempting deletion
	dhcp-options:dopt-0d394263d9d3c1d2b
	subnet:subnet-09623fb04c9f9a04f
	volume:vol-06526aa090e8e3a60
	route-table:rtb-0cd81c9ccd55fb6e3
	security-group:sg-06ee51afe3eb77c36
	internet-gateway:igw-086dd51a849c2dafa
	volume:vol-017f70b67d54bb480
	security-group:sg-006031ae32cb88a93
	vpc:vpc-070cdde0ccf4e0e15
	volume:vol-0775f378c63f804cb
	volume:vol-0b8a64f925f02242c
volume:vol-0775f378c63f804cb	still has dependencies, will retry
volume:vol-0b8a64f925f02242c	still has dependencies, will retry
volume:vol-06526aa090e8e3a60	still has dependencies, will retry
volume:vol-017f70b67d54bb480	still has dependencies, will retry
subnet:subnet-09623fb04c9f9a04f	still has dependencies, will retry
internet-gateway:igw-086dd51a849c2dafa	still has dependencies, will retry
security-group:sg-006031ae32cb88a93	still has dependencies, will retry
security-group:sg-06ee51afe3eb77c36	still has dependencies, will retry
Not all resources deleted; waiting before reattempting deletion
	security-group:sg-006031ae32cb88a93
	vpc:vpc-070cdde0ccf4e0e15
	volume:vol-0775f378c63f804cb
	volume:vol-0b8a64f925f02242c
	dhcp-options:dopt-0d394263d9d3c1d2b
	subnet:subnet-09623fb04c9f9a04f
	volume:vol-06526aa090e8e3a60
	route-table:rtb-0cd81c9ccd55fb6e3
	security-group:sg-06ee51afe3eb77c36
	internet-gateway:igw-086dd51a849c2dafa
	volume:vol-017f70b67d54bb480
volume:vol-017f70b67d54bb480	still has dependencies, will retry
volume:vol-0b8a64f925f02242c	still has dependencies, will retry
volume:vol-0775f378c63f804cb	still has dependencies, will retry
subnet:subnet-09623fb04c9f9a04f	still has dependencies, will retry
internet-gateway:igw-086dd51a849c2dafa	still has dependencies, will retry
volume:vol-06526aa090e8e3a60	still has dependencies, will retry
security-group:sg-006031ae32cb88a93	still has dependencies, will retry
security-group:sg-06ee51afe3eb77c36	still has dependencies, will retry
Not all resources deleted; waiting before reattempting deletion
	route-table:rtb-0cd81c9ccd55fb6e3
	dhcp-options:dopt-0d394263d9d3c1d2b
	subnet:subnet-09623fb04c9f9a04f
	volume:vol-06526aa090e8e3a60
	security-group:sg-06ee51afe3eb77c36
	volume:vol-017f70b67d54bb480
	internet-gateway:igw-086dd51a849c2dafa
	volume:vol-0b8a64f925f02242c
	security-group:sg-006031ae32cb88a93
	vpc:vpc-070cdde0ccf4e0e15
	volume:vol-0775f378c63f804cb
volume:vol-0775f378c63f804cb	ok
volume:vol-0b8a64f925f02242c	still has dependencies, will retry
volume:vol-017f70b67d54bb480	still has dependencies, will retry
subnet:subnet-09623fb04c9f9a04f	still has dependencies, will retry
internet-gateway:igw-086dd51a849c2dafa	still has dependencies, will retry
volume:vol-06526aa090e8e3a60	still has dependencies, will retry
security-group:sg-06ee51afe3eb77c36	still has dependencies, will retry
security-group:sg-006031ae32cb88a93	still has dependencies, will retry
Not all resources deleted; waiting before reattempting deletion
	security-group:sg-06ee51afe3eb77c36
	internet-gateway:igw-086dd51a849c2dafa
	volume:vol-017f70b67d54bb480
	vpc:vpc-070cdde0ccf4e0e15
	volume:vol-0b8a64f925f02242c
	security-group:sg-006031ae32cb88a93
	volume:vol-06526aa090e8e3a60
	route-table:rtb-0cd81c9ccd55fb6e3
	dhcp-options:dopt-0d394263d9d3c1d2b
	subnet:subnet-09623fb04c9f9a04f
volume:vol-0b8a64f925f02242c	ok
volume:vol-06526aa090e8e3a60	ok
volume:vol-017f70b67d54bb480	ok
subnet:subnet-09623fb04c9f9a04f	ok
internet-gateway:igw-086dd51a849c2dafa	ok
security-group:sg-06ee51afe3eb77c36	ok
security-group:sg-006031ae32cb88a93	ok
route-table:rtb-0cd81c9ccd55fb6e3	ok
vpc:vpc-070cdde0ccf4e0e15	ok
dhcp-options:dopt-0d394263d9d3c1d2b	ok
Deleted kubectl config for kops-multi-tenant-spot-1x-72vcpu-144gb.k8s.local

Deleted cluster: "kops-multi-tenant-spot-1x-72vcpu-144gb.k8s.local"

Time: 107 seconds
