
*********************************************************************************

A new kops version is available: 1.25.3
Upgrading is recommended
More information: https://github.com/kubernetes/kops/blob/master/permalinks/upgrade_kops.md#1.25.3

*********************************************************************************


*********************************************************************************

A new kubernetes version is available: 1.23.15
Upgrading is recommended (try kops upgrade cluster)

More information: https://github.com/kubernetes/kops/blob/master/permalinks/upgrade_k8s.md#1.23.15

*********************************************************************************

kOps has set your kubectl context to tcss702.k8s.local

Cluster is starting.  It should be ready in a few minutes.

Suggestions:
 * validate cluster: kops validate cluster --wait 10m
 * list nodes: kubectl get nodes --show-labels
 * ssh to the master: ssh -i ~/.ssh/id_rsa ubuntu@api.tcss702.k8s.local
 * the ubuntu user is specific to Ubuntu. If not using Ubuntu please use the appropriate user based on your OS.
 * read about installing addons at: https://kops.sigs.k8s.io/addons.

Validating cluster tcss702.k8s.local

INSTANCE GROUPS
NAME				ROLE	MACHINETYPE	MIN	MAX	SUBNETS
master-us-east-2c		Master	m5.large	1	1	us-east-2c
spot-group-base-8vcpus-16gb	Node	c5.2xlarge	8	8	us-east-2c

NODE STATUS
NAME						ROLE	READY
ip-172-20-61-137.us-east-2.compute.internal	master	False

VALIDATION ERRORS
KIND	NAME							MESSAGE
Machine	i-00f7a68bd1f41b179					machine "i-00f7a68bd1f41b179" has not yet joined cluster
Machine	i-0145c9c6e948a90f2					machine "i-0145c9c6e948a90f2" has not yet joined cluster
Machine	i-01a2c4890de156596					machine "i-01a2c4890de156596" has not yet joined cluster
Machine	i-01cfb70518888137f					machine "i-01cfb70518888137f" has not yet joined cluster
Machine	i-07271f7a048064a02					machine "i-07271f7a048064a02" has not yet joined cluster
Machine	i-0aa99432f4e29a066					machine "i-0aa99432f4e29a066" has not yet joined cluster
Machine	i-0bdf7324dba91f700					machine "i-0bdf7324dba91f700" has not yet joined cluster
Machine	i-0fc0ebc141ca1d582					machine "i-0fc0ebc141ca1d582" has not yet joined cluster
Node	ip-172-20-61-137.us-east-2.compute.internal		node "ip-172-20-61-137.us-east-2.compute.internal" of role "master" is not ready
Pod	kube-system/calico-kube-controllers-58449699bc-k7chh	system-cluster-critical pod "calico-kube-controllers-58449699bc-k7chh" is pending
Pod	kube-system/calico-node-lccbh				system-node-critical pod "calico-node-lccbh" is pending
Pod	kube-system/coredns-8555c7d6d6-df9qh			system-cluster-critical pod "coredns-8555c7d6d6-df9qh" is pending
Pod	kube-system/coredns-autoscaler-57dd87df6c-tsdwf		system-cluster-critical pod "coredns-autoscaler-57dd87df6c-tsdwf" is pending
Pod	kube-system/dns-controller-77c787b6bc-s2zfs		system-cluster-critical pod "dns-controller-77c787b6bc-s2zfs" is pending
Pod	kube-system/ebs-csi-controller-86784976dc-7f2gn		system-cluster-critical pod "ebs-csi-controller-86784976dc-7f2gn" is pending
Pod	kube-system/ebs-csi-node-b2zp5				system-node-critical pod "ebs-csi-node-b2zp5" is pending
Pod	kube-system/kops-controller-h4cmw			system-cluster-critical pod "kops-controller-h4cmw" is pending

Validation Failed
INSTANCE GROUPS
NAME				ROLE	MACHINETYPE	MIN	MAX	SUBNETS
master-us-east-2c		Master	m5.large	1	1	us-east-2c
spot-group-base-8vcpus-16gb	Node	c5.2xlarge	8	8	us-east-2c

NODE STATUS
NAME						ROLE	READY
ip-172-20-61-137.us-east-2.compute.internal	master	False

VALIDATION ERRORS
KIND	NAME							MESSAGE
Machine	i-00f7a68bd1f41b179					machine "i-00f7a68bd1f41b179" has not yet joined cluster
Machine	i-0145c9c6e948a90f2					machine "i-0145c9c6e948a90f2" has not yet joined cluster
Machine	i-01a2c4890de156596					machine "i-01a2c4890de156596" has not yet joined cluster
Machine	i-01cfb70518888137f					machine "i-01cfb70518888137f" has not yet joined cluster
Machine	i-07271f7a048064a02					machine "i-07271f7a048064a02" has not yet joined cluster
Machine	i-0aa99432f4e29a066					machine "i-0aa99432f4e29a066" has not yet joined cluster
Machine	i-0bdf7324dba91f700					machine "i-0bdf7324dba91f700" has not yet joined cluster
Machine	i-0fc0ebc141ca1d582					machine "i-0fc0ebc141ca1d582" has not yet joined cluster
Node	ip-172-20-61-137.us-east-2.compute.internal		node "ip-172-20-61-137.us-east-2.compute.internal" of role "master" is not ready
Pod	kube-system/calico-kube-controllers-58449699bc-k7chh	system-cluster-critical pod "calico-kube-controllers-58449699bc-k7chh" is pending
Pod	kube-system/calico-node-lccbh				system-node-critical pod "calico-node-lccbh" is pending
Pod	kube-system/coredns-8555c7d6d6-df9qh			system-cluster-critical pod "coredns-8555c7d6d6-df9qh" is pending
Pod	kube-system/coredns-autoscaler-57dd87df6c-tsdwf		system-cluster-critical pod "coredns-autoscaler-57dd87df6c-tsdwf" is pending
Pod	kube-system/dns-controller-77c787b6bc-s2zfs		system-cluster-critical pod "dns-controller-77c787b6bc-s2zfs" is pending
Pod	kube-system/ebs-csi-controller-86784976dc-7f2gn		system-cluster-critical pod "ebs-csi-controller-86784976dc-7f2gn" is pending
Pod	kube-system/ebs-csi-node-b2zp5				system-node-critical pod "ebs-csi-node-b2zp5" is pending
Pod	kube-system/kops-controller-h4cmw			system-cluster-critical pod "kops-controller-h4cmw" is pending

Validation Failed
INSTANCE GROUPS
NAME				ROLE	MACHINETYPE	MIN	MAX	SUBNETS
master-us-east-2c		Master	m5.large	1	1	us-east-2c
spot-group-base-8vcpus-16gb	Node	c5.2xlarge	8	8	us-east-2c

NODE STATUS
NAME						ROLE	READY
ip-172-20-61-137.us-east-2.compute.internal	master	False

VALIDATION ERRORS
KIND	NAME							MESSAGE
Machine	i-00f7a68bd1f41b179					machine "i-00f7a68bd1f41b179" has not yet joined cluster
Machine	i-0145c9c6e948a90f2					machine "i-0145c9c6e948a90f2" has not yet joined cluster
Machine	i-01a2c4890de156596					machine "i-01a2c4890de156596" has not yet joined cluster
Machine	i-01cfb70518888137f					machine "i-01cfb70518888137f" has not yet joined cluster
Machine	i-07271f7a048064a02					machine "i-07271f7a048064a02" has not yet joined cluster
Machine	i-0aa99432f4e29a066					machine "i-0aa99432f4e29a066" has not yet joined cluster
Machine	i-0bdf7324dba91f700					machine "i-0bdf7324dba91f700" has not yet joined cluster
Machine	i-0fc0ebc141ca1d582					machine "i-0fc0ebc141ca1d582" has not yet joined cluster
Node	ip-172-20-61-137.us-east-2.compute.internal		node "ip-172-20-61-137.us-east-2.compute.internal" of role "master" is not ready
Pod	kube-system/calico-kube-controllers-58449699bc-k7chh	system-cluster-critical pod "calico-kube-controllers-58449699bc-k7chh" is pending
Pod	kube-system/calico-node-lccbh				system-node-critical pod "calico-node-lccbh" is pending
Pod	kube-system/coredns-8555c7d6d6-df9qh			system-cluster-critical pod "coredns-8555c7d6d6-df9qh" is pending
Pod	kube-system/coredns-autoscaler-57dd87df6c-tsdwf		system-cluster-critical pod "coredns-autoscaler-57dd87df6c-tsdwf" is pending
Pod	kube-system/dns-controller-77c787b6bc-s2zfs		system-cluster-critical pod "dns-controller-77c787b6bc-s2zfs" is pending
Pod	kube-system/ebs-csi-controller-86784976dc-7f2gn		system-cluster-critical pod "ebs-csi-controller-86784976dc-7f2gn" is pending
Pod	kube-system/ebs-csi-node-b2zp5				system-node-critical pod "ebs-csi-node-b2zp5" is pending

Validation Failed
INSTANCE GROUPS
NAME				ROLE	MACHINETYPE	MIN	MAX	SUBNETS
master-us-east-2c		Master	m5.large	1	1	us-east-2c
spot-group-base-8vcpus-16gb	Node	c5.2xlarge	8	8	us-east-2c

NODE STATUS
NAME						ROLE	READY
ip-172-20-61-137.us-east-2.compute.internal	master	False

VALIDATION ERRORS
KIND	NAME						MESSAGE
Machine	i-00f7a68bd1f41b179				machine "i-00f7a68bd1f41b179" has not yet joined cluster
Machine	i-0145c9c6e948a90f2				machine "i-0145c9c6e948a90f2" has not yet joined cluster
Machine	i-01a2c4890de156596				machine "i-01a2c4890de156596" has not yet joined cluster
Machine	i-01cfb70518888137f				machine "i-01cfb70518888137f" has not yet joined cluster
Machine	i-07271f7a048064a02				machine "i-07271f7a048064a02" has not yet joined cluster
Machine	i-0aa99432f4e29a066				machine "i-0aa99432f4e29a066" has not yet joined cluster
Machine	i-0bdf7324dba91f700				machine "i-0bdf7324dba91f700" has not yet joined cluster
Machine	i-0fc0ebc141ca1d582				machine "i-0fc0ebc141ca1d582" has not yet joined cluster
Node	ip-172-20-61-137.us-east-2.compute.internal	node "ip-172-20-61-137.us-east-2.compute.internal" of role "master" is not ready
Pod	kube-system/calico-node-lccbh			system-node-critical pod "calico-node-lccbh" is not ready (calico-node)
Pod	kube-system/coredns-8555c7d6d6-df9qh		system-cluster-critical pod "coredns-8555c7d6d6-df9qh" is pending
Pod	kube-system/coredns-autoscaler-57dd87df6c-tsdwf	system-cluster-critical pod "coredns-autoscaler-57dd87df6c-tsdwf" is pending
Pod	kube-system/ebs-csi-controller-86784976dc-7f2gn	system-cluster-critical pod "ebs-csi-controller-86784976dc-7f2gn" is pending
Pod	kube-system/ebs-csi-node-b2zp5			system-node-critical pod "ebs-csi-node-b2zp5" is pending

Validation Failed
INSTANCE GROUPS
NAME				ROLE	MACHINETYPE	MIN	MAX	SUBNETS
master-us-east-2c		Master	m5.large	1	1	us-east-2c
spot-group-base-8vcpus-16gb	Node	c5.2xlarge	8	8	us-east-2c

NODE STATUS
NAME						ROLE	READY
ip-172-20-61-137.us-east-2.compute.internal	master	True

VALIDATION ERRORS
KIND	NAME						MESSAGE
Machine	i-00f7a68bd1f41b179				machine "i-00f7a68bd1f41b179" has not yet joined cluster
Machine	i-0145c9c6e948a90f2				machine "i-0145c9c6e948a90f2" has not yet joined cluster
Machine	i-01a2c4890de156596				machine "i-01a2c4890de156596" has not yet joined cluster
Machine	i-01cfb70518888137f				machine "i-01cfb70518888137f" has not yet joined cluster
Machine	i-07271f7a048064a02				machine "i-07271f7a048064a02" has not yet joined cluster
Machine	i-0aa99432f4e29a066				machine "i-0aa99432f4e29a066" has not yet joined cluster
Machine	i-0bdf7324dba91f700				machine "i-0bdf7324dba91f700" has not yet joined cluster
Machine	i-0fc0ebc141ca1d582				machine "i-0fc0ebc141ca1d582" has not yet joined cluster
Node	ip-172-20-61-137.us-east-2.compute.internal	master "ip-172-20-61-137.us-east-2.compute.internal" is missing kube-apiserver pod
Node	ip-172-20-61-137.us-east-2.compute.internal	master "ip-172-20-61-137.us-east-2.compute.internal" is missing kube-controller-manager pod
Pod	kube-system/coredns-8555c7d6d6-df9qh		system-cluster-critical pod "coredns-8555c7d6d6-df9qh" is pending
Pod	kube-system/coredns-autoscaler-57dd87df6c-tsdwf	system-cluster-critical pod "coredns-autoscaler-57dd87df6c-tsdwf" is pending
Pod	kube-system/ebs-csi-controller-86784976dc-7f2gn	system-cluster-critical pod "ebs-csi-controller-86784976dc-7f2gn" is pending
Pod	kube-system/ebs-csi-node-b2zp5			system-node-critical pod "ebs-csi-node-b2zp5" is pending

Validation Failed
INSTANCE GROUPS
NAME				ROLE	MACHINETYPE	MIN	MAX	SUBNETS
master-us-east-2c		Master	m5.large	1	1	us-east-2c
spot-group-base-8vcpus-16gb	Node	c5.2xlarge	8	8	us-east-2c

NODE STATUS
NAME						ROLE	READY
ip-172-20-61-137.us-east-2.compute.internal	master	True

VALIDATION ERRORS
KIND	NAME						MESSAGE
Machine	i-00f7a68bd1f41b179				machine "i-00f7a68bd1f41b179" has not yet joined cluster
Machine	i-0145c9c6e948a90f2				machine "i-0145c9c6e948a90f2" has not yet joined cluster
Machine	i-01a2c4890de156596				machine "i-01a2c4890de156596" has not yet joined cluster
Machine	i-01cfb70518888137f				machine "i-01cfb70518888137f" has not yet joined cluster
Machine	i-07271f7a048064a02				machine "i-07271f7a048064a02" has not yet joined cluster
Machine	i-0aa99432f4e29a066				machine "i-0aa99432f4e29a066" has not yet joined cluster
Machine	i-0bdf7324dba91f700				machine "i-0bdf7324dba91f700" has not yet joined cluster
Machine	i-0fc0ebc141ca1d582				machine "i-0fc0ebc141ca1d582" has not yet joined cluster
Node	ip-172-20-61-137.us-east-2.compute.internal	master "ip-172-20-61-137.us-east-2.compute.internal" is missing kube-controller-manager pod
Pod	kube-system/calico-node-6jzsp			system-node-critical pod "calico-node-6jzsp" is pending
Pod	kube-system/calico-node-768lb			system-node-critical pod "calico-node-768lb" is pending
Pod	kube-system/calico-node-btjwx			system-node-critical pod "calico-node-btjwx" is pending
Pod	kube-system/calico-node-hvhkk			system-node-critical pod "calico-node-hvhkk" is pending
Pod	kube-system/calico-node-kn8bx			system-node-critical pod "calico-node-kn8bx" is pending
Pod	kube-system/calico-node-n4scz			system-node-critical pod "calico-node-n4scz" is pending
Pod	kube-system/calico-node-nd97p			system-node-critical pod "calico-node-nd97p" is pending
Pod	kube-system/calico-node-wqj92			system-node-critical pod "calico-node-wqj92" is pending
Pod	kube-system/coredns-8555c7d6d6-df9qh		system-cluster-critical pod "coredns-8555c7d6d6-df9qh" is pending
Pod	kube-system/coredns-autoscaler-57dd87df6c-tsdwf	system-cluster-critical pod "coredns-autoscaler-57dd87df6c-tsdwf" is pending
Pod	kube-system/ebs-csi-node-2xw5d			system-node-critical pod "ebs-csi-node-2xw5d" is pending
Pod	kube-system/ebs-csi-node-9zgkl			system-node-critical pod "ebs-csi-node-9zgkl" is pending
Pod	kube-system/ebs-csi-node-f72tr			system-node-critical pod "ebs-csi-node-f72tr" is pending
Pod	kube-system/ebs-csi-node-k2f2h			system-node-critical pod "ebs-csi-node-k2f2h" is pending
Pod	kube-system/ebs-csi-node-k576s			system-node-critical pod "ebs-csi-node-k576s" is pending
Pod	kube-system/ebs-csi-node-r7lj8			system-node-critical pod "ebs-csi-node-r7lj8" is pending
Pod	kube-system/ebs-csi-node-vm4dz			system-node-critical pod "ebs-csi-node-vm4dz" is pending
Pod	kube-system/ebs-csi-node-x58x6			system-node-critical pod "ebs-csi-node-x58x6" is pending

Validation Failed
INSTANCE GROUPS
NAME				ROLE	MACHINETYPE	MIN	MAX	SUBNETS
master-us-east-2c		Master	m5.large	1	1	us-east-2c
spot-group-base-8vcpus-16gb	Node	c5.2xlarge	8	8	us-east-2c

NODE STATUS
NAME						ROLE	READY
ip-172-20-35-218.us-east-2.compute.internal	node	False
ip-172-20-38-155.us-east-2.compute.internal	node	True
ip-172-20-39-143.us-east-2.compute.internal	node	False
ip-172-20-39-251.us-east-2.compute.internal	node	False
ip-172-20-40-122.us-east-2.compute.internal	node	False
ip-172-20-45-120.us-east-2.compute.internal	node	False
ip-172-20-46-139.us-east-2.compute.internal	node	False
ip-172-20-54-42.us-east-2.compute.internal	node	False
ip-172-20-61-137.us-east-2.compute.internal	master	True

VALIDATION ERRORS
KIND	NAME						MESSAGE
Node	ip-172-20-35-218.us-east-2.compute.internal	node "ip-172-20-35-218.us-east-2.compute.internal" of role "node" is not ready
Node	ip-172-20-39-143.us-east-2.compute.internal	node "ip-172-20-39-143.us-east-2.compute.internal" of role "node" is not ready
Node	ip-172-20-39-251.us-east-2.compute.internal	node "ip-172-20-39-251.us-east-2.compute.internal" of role "node" is not ready
Node	ip-172-20-40-122.us-east-2.compute.internal	node "ip-172-20-40-122.us-east-2.compute.internal" of role "node" is not ready
Node	ip-172-20-45-120.us-east-2.compute.internal	node "ip-172-20-45-120.us-east-2.compute.internal" of role "node" is not ready
Node	ip-172-20-46-139.us-east-2.compute.internal	node "ip-172-20-46-139.us-east-2.compute.internal" of role "node" is not ready
Node	ip-172-20-54-42.us-east-2.compute.internal	node "ip-172-20-54-42.us-east-2.compute.internal" of role "node" is not ready
Pod	kube-system/calico-node-6jzsp			system-node-critical pod "calico-node-6jzsp" is pending
Pod	kube-system/calico-node-768lb			system-node-critical pod "calico-node-768lb" is pending
Pod	kube-system/calico-node-btjwx			system-node-critical pod "calico-node-btjwx" is pending
Pod	kube-system/calico-node-hvhkk			system-node-critical pod "calico-node-hvhkk" is pending
Pod	kube-system/calico-node-kn8bx			system-node-critical pod "calico-node-kn8bx" is pending
Pod	kube-system/calico-node-n4scz			system-node-critical pod "calico-node-n4scz" is not ready (calico-node)
Pod	kube-system/calico-node-nd97p			system-node-critical pod "calico-node-nd97p" is pending
Pod	kube-system/calico-node-wqj92			system-node-critical pod "calico-node-wqj92" is pending
Pod	kube-system/coredns-8555c7d6d6-df9qh		system-cluster-critical pod "coredns-8555c7d6d6-df9qh" is pending
Pod	kube-system/coredns-autoscaler-57dd87df6c-tsdwf	system-cluster-critical pod "coredns-autoscaler-57dd87df6c-tsdwf" is pending
Pod	kube-system/ebs-csi-node-2xw5d			system-node-critical pod "ebs-csi-node-2xw5d" is pending
Pod	kube-system/ebs-csi-node-9zgkl			system-node-critical pod "ebs-csi-node-9zgkl" is pending
Pod	kube-system/ebs-csi-node-f72tr			system-node-critical pod "ebs-csi-node-f72tr" is pending
Pod	kube-system/ebs-csi-node-k2f2h			system-node-critical pod "ebs-csi-node-k2f2h" is pending
Pod	kube-system/ebs-csi-node-k576s			system-node-critical pod "ebs-csi-node-k576s" is pending
Pod	kube-system/ebs-csi-node-r7lj8			system-node-critical pod "ebs-csi-node-r7lj8" is pending
Pod	kube-system/ebs-csi-node-vm4dz			system-node-critical pod "ebs-csi-node-vm4dz" is pending
Pod	kube-system/ebs-csi-node-x58x6			system-node-critical pod "ebs-csi-node-x58x6" is pending

Validation Failed
INSTANCE GROUPS
NAME				ROLE	MACHINETYPE	MIN	MAX	SUBNETS
master-us-east-2c		Master	m5.large	1	1	us-east-2c
spot-group-base-8vcpus-16gb	Node	c5.2xlarge	8	8	us-east-2c

NODE STATUS
NAME						ROLE	READY
ip-172-20-35-218.us-east-2.compute.internal	node	True
ip-172-20-38-155.us-east-2.compute.internal	node	True
ip-172-20-39-143.us-east-2.compute.internal	node	False
ip-172-20-39-251.us-east-2.compute.internal	node	False
ip-172-20-40-122.us-east-2.compute.internal	node	False
ip-172-20-45-120.us-east-2.compute.internal	node	False
ip-172-20-46-139.us-east-2.compute.internal	node	False
ip-172-20-54-42.us-east-2.compute.internal	node	False
ip-172-20-61-137.us-east-2.compute.internal	master	True

VALIDATION ERRORS
KIND	NAME						MESSAGE
Node	ip-172-20-39-143.us-east-2.compute.internal	node "ip-172-20-39-143.us-east-2.compute.internal" of role "node" is not ready
Node	ip-172-20-39-251.us-east-2.compute.internal	node "ip-172-20-39-251.us-east-2.compute.internal" of role "node" is not ready
Node	ip-172-20-40-122.us-east-2.compute.internal	node "ip-172-20-40-122.us-east-2.compute.internal" of role "node" is not ready
Node	ip-172-20-45-120.us-east-2.compute.internal	node "ip-172-20-45-120.us-east-2.compute.internal" of role "node" is not ready
Node	ip-172-20-46-139.us-east-2.compute.internal	node "ip-172-20-46-139.us-east-2.compute.internal" of role "node" is not ready
Node	ip-172-20-54-42.us-east-2.compute.internal	node "ip-172-20-54-42.us-east-2.compute.internal" of role "node" is not ready
Pod	kube-system/calico-node-6jzsp			system-node-critical pod "calico-node-6jzsp" is not ready (calico-node)
Pod	kube-system/calico-node-768lb			system-node-critical pod "calico-node-768lb" is pending
Pod	kube-system/calico-node-btjwx			system-node-critical pod "calico-node-btjwx" is not ready (calico-node)
Pod	kube-system/calico-node-hvhkk			system-node-critical pod "calico-node-hvhkk" is pending
Pod	kube-system/calico-node-kn8bx			system-node-critical pod "calico-node-kn8bx" is not ready (calico-node)
Pod	kube-system/calico-node-nd97p			system-node-critical pod "calico-node-nd97p" is pending
Pod	kube-system/calico-node-wqj92			system-node-critical pod "calico-node-wqj92" is not ready (calico-node)
Pod	kube-system/coredns-8555c7d6d6-2lzzj		system-cluster-critical pod "coredns-8555c7d6d6-2lzzj" is pending
Pod	kube-system/coredns-autoscaler-57dd87df6c-tsdwf	system-cluster-critical pod "coredns-autoscaler-57dd87df6c-tsdwf" is pending
Pod	kube-system/ebs-csi-node-2xw5d			system-node-critical pod "ebs-csi-node-2xw5d" is pending
Pod	kube-system/ebs-csi-node-9zgkl			system-node-critical pod "ebs-csi-node-9zgkl" is pending
Pod	kube-system/ebs-csi-node-f72tr			system-node-critical pod "ebs-csi-node-f72tr" is pending
Pod	kube-system/ebs-csi-node-k2f2h			system-node-critical pod "ebs-csi-node-k2f2h" is pending
Pod	kube-system/ebs-csi-node-k576s			system-node-critical pod "ebs-csi-node-k576s" is pending
Pod	kube-system/ebs-csi-node-r7lj8			system-node-critical pod "ebs-csi-node-r7lj8" is pending
Pod	kube-system/ebs-csi-node-vm4dz			system-node-critical pod "ebs-csi-node-vm4dz" is pending
Pod	kube-system/ebs-csi-node-x58x6			system-node-critical pod "ebs-csi-node-x58x6" is pending

Validation Failed
INSTANCE GROUPS
NAME				ROLE	MACHINETYPE	MIN	MAX	SUBNETS
master-us-east-2c		Master	m5.large	1	1	us-east-2c
spot-group-base-8vcpus-16gb	Node	c5.2xlarge	8	8	us-east-2c

NODE STATUS
NAME						ROLE	READY
ip-172-20-35-218.us-east-2.compute.internal	node	True
ip-172-20-38-155.us-east-2.compute.internal	node	True
ip-172-20-39-143.us-east-2.compute.internal	node	True
ip-172-20-39-251.us-east-2.compute.internal	node	True
ip-172-20-40-122.us-east-2.compute.internal	node	True
ip-172-20-45-120.us-east-2.compute.internal	node	True
ip-172-20-46-139.us-east-2.compute.internal	node	True
ip-172-20-54-42.us-east-2.compute.internal	node	True
ip-172-20-61-137.us-east-2.compute.internal	master	True

VALIDATION ERRORS
KIND	NAME				MESSAGE
Pod	kube-system/calico-node-768lb	system-node-critical pod "calico-node-768lb" is not ready (calico-node)
Pod	kube-system/calico-node-btjwx	system-node-critical pod "calico-node-btjwx" is not ready (calico-node)
Pod	kube-system/calico-node-hvhkk	system-node-critical pod "calico-node-hvhkk" is not ready (calico-node)
Pod	kube-system/calico-node-nd97p	system-node-critical pod "calico-node-nd97p" is not ready (calico-node)
Pod	kube-system/ebs-csi-node-2xw5d	system-node-critical pod "ebs-csi-node-2xw5d" is pending
Pod	kube-system/ebs-csi-node-k2f2h	system-node-critical pod "ebs-csi-node-k2f2h" is pending
Pod	kube-system/ebs-csi-node-vm4dz	system-node-critical pod "ebs-csi-node-vm4dz" is pending
Pod	kube-system/ebs-csi-node-x58x6	system-node-critical pod "ebs-csi-node-x58x6" is pending

Validation Failed
INSTANCE GROUPS
NAME				ROLE	MACHINETYPE	MIN	MAX	SUBNETS
master-us-east-2c		Master	m5.large	1	1	us-east-2c
spot-group-base-8vcpus-16gb	Node	c5.2xlarge	8	8	us-east-2c

NODE STATUS
NAME						ROLE	READY
ip-172-20-35-218.us-east-2.compute.internal	node	True
ip-172-20-38-155.us-east-2.compute.internal	node	True
ip-172-20-39-143.us-east-2.compute.internal	node	True
ip-172-20-39-251.us-east-2.compute.internal	node	True
ip-172-20-40-122.us-east-2.compute.internal	node	True
ip-172-20-45-120.us-east-2.compute.internal	node	True
ip-172-20-46-139.us-east-2.compute.internal	node	True
ip-172-20-54-42.us-east-2.compute.internal	node	True
ip-172-20-61-137.us-east-2.compute.internal	master	True

VALIDATION ERRORS
KIND	NAME									MESSAGE
Pod	kube-system/kube-proxy-ip-172-20-45-120.us-east-2.compute.internal	system-node-critical pod "kube-proxy-ip-172-20-45-120.us-east-2.compute.internal" is pending

Validation Failed
INSTANCE GROUPS
NAME				ROLE	MACHINETYPE	MIN	MAX	SUBNETS
master-us-east-2c		Master	m5.large	1	1	us-east-2c
spot-group-base-8vcpus-16gb	Node	c5.2xlarge	8	8	us-east-2c

NODE STATUS
NAME						ROLE	READY
ip-172-20-35-218.us-east-2.compute.internal	node	True
ip-172-20-38-155.us-east-2.compute.internal	node	True
ip-172-20-39-143.us-east-2.compute.internal	node	True
ip-172-20-39-251.us-east-2.compute.internal	node	True
ip-172-20-40-122.us-east-2.compute.internal	node	True
ip-172-20-45-120.us-east-2.compute.internal	node	True
ip-172-20-46-139.us-east-2.compute.internal	node	True
ip-172-20-54-42.us-east-2.compute.internal	node	True
ip-172-20-61-137.us-east-2.compute.internal	master	True

VALIDATION ERRORS
KIND	NAME									MESSAGE
Pod	kube-system/kube-proxy-ip-172-20-38-155.us-east-2.compute.internal	system-node-critical pod "kube-proxy-ip-172-20-38-155.us-east-2.compute.internal" is pending

Validation Failed
INSTANCE GROUPS
NAME				ROLE	MACHINETYPE	MIN	MAX	SUBNETS
master-us-east-2c		Master	m5.large	1	1	us-east-2c
spot-group-base-8vcpus-16gb	Node	c5.2xlarge	8	8	us-east-2c

NODE STATUS
NAME						ROLE	READY
ip-172-20-35-218.us-east-2.compute.internal	node	True
ip-172-20-38-155.us-east-2.compute.internal	node	True
ip-172-20-39-143.us-east-2.compute.internal	node	True
ip-172-20-39-251.us-east-2.compute.internal	node	True
ip-172-20-40-122.us-east-2.compute.internal	node	True
ip-172-20-45-120.us-east-2.compute.internal	node	True
ip-172-20-46-139.us-east-2.compute.internal	node	True
ip-172-20-54-42.us-east-2.compute.internal	node	True
ip-172-20-61-137.us-east-2.compute.internal	master	True

Your cluster tcss702.k8s.local is ready

Successfully deployed cluster in 07 minutes, 32 seconds
Deployed from cluster spec, "kops/kops_multi-tenant_spot_8x_8vcpu_16gb.yml"
