
*********************************************************************************

A new kops version is available: 1.25.3
Upgrading is recommended
More information: https://github.com/kubernetes/kops/blob/master/permalinks/upgrade_kops.md#1.25.3

*********************************************************************************


*********************************************************************************

A new kubernetes version is available: 1.23.16
Upgrading is recommended (try kops upgrade cluster)

More information: https://github.com/kubernetes/kops/blob/master/permalinks/upgrade_k8s.md#1.23.16

*********************************************************************************

kOps has set your kubectl context to tcss702.k8s.local

Cluster is starting.  It should be ready in a few minutes.

Suggestions:
 * validate cluster: kops validate cluster --wait 10m
 * list nodes: kubectl get nodes --show-labels
 * ssh to the master: ssh -i ~/.ssh/id_rsa ubuntu@api.tcss702.k8s.local
 * the ubuntu user is specific to Ubuntu. If not using Ubuntu please use the appropriate user based on your OS.
 * read about installing addons at: https://kops.sigs.k8s.io/addons.

Validating cluster tcss702.k8s.local

INSTANCE GROUPS
NAME				ROLE	MACHINETYPE	MIN	MAX	SUBNETS
master-us-east-2a		Master	m5n.2xlarge	1	1	us-east-2a
spot-group-base-8vcpus-16gb	Node	c5.2xlarge	1	1	us-east-2a

NODE STATUS
NAME						ROLE	READY
ip-172-20-49-46.us-east-2.compute.internal	master	False

VALIDATION ERRORS
KIND	NAME										MESSAGE
Machine	i-051075454f6160f34								machine "i-051075454f6160f34" has not yet joined cluster
Node	ip-172-20-49-46.us-east-2.compute.internal					node "ip-172-20-49-46.us-east-2.compute.internal" of role "master" is not ready
Pod	kube-system/kube-controller-manager-ip-172-20-49-46.us-east-2.compute.internal	system-cluster-critical pod "kube-controller-manager-ip-172-20-49-46.us-east-2.compute.internal" is pending

Validation Failed
INSTANCE GROUPS
NAME				ROLE	MACHINETYPE	MIN	MAX	SUBNETS
master-us-east-2a		Master	m5n.2xlarge	1	1	us-east-2a
spot-group-base-8vcpus-16gb	Node	c5.2xlarge	1	1	us-east-2a

NODE STATUS
NAME						ROLE	READY
ip-172-20-49-46.us-east-2.compute.internal	master	False

VALIDATION ERRORS
KIND	NAME						MESSAGE
Machine	i-051075454f6160f34				machine "i-051075454f6160f34" has not yet joined cluster
Node	ip-172-20-49-46.us-east-2.compute.internal	node "ip-172-20-49-46.us-east-2.compute.internal" of role "master" is not ready

Validation Failed
INSTANCE GROUPS
NAME				ROLE	MACHINETYPE	MIN	MAX	SUBNETS
master-us-east-2a		Master	m5n.2xlarge	1	1	us-east-2a
spot-group-base-8vcpus-16gb	Node	c5.2xlarge	1	1	us-east-2a

NODE STATUS
NAME						ROLE	READY
ip-172-20-49-46.us-east-2.compute.internal	master	False

VALIDATION ERRORS
KIND	NAME							MESSAGE
Machine	i-051075454f6160f34					machine "i-051075454f6160f34" has not yet joined cluster
Node	ip-172-20-49-46.us-east-2.compute.internal		node "ip-172-20-49-46.us-east-2.compute.internal" of role "master" is not ready
Pod	kube-system/calico-kube-controllers-958d47df6-qqm7j	system-cluster-critical pod "calico-kube-controllers-958d47df6-qqm7j" is pending
Pod	kube-system/calico-node-4tkn9				system-node-critical pod "calico-node-4tkn9" is pending
Pod	kube-system/coredns-86965cc884-dtdc2			system-cluster-critical pod "coredns-86965cc884-dtdc2" is pending
Pod	kube-system/coredns-autoscaler-558d7cdbbc-r58xr		system-cluster-critical pod "coredns-autoscaler-558d7cdbbc-r58xr" is pending
Pod	kube-system/ebs-csi-controller-b756c57b8-jg86s		system-cluster-critical pod "ebs-csi-controller-b756c57b8-jg86s" is pending
Pod	kube-system/ebs-csi-node-wrdpp				system-node-critical pod "ebs-csi-node-wrdpp" is pending
Pod	kube-system/kops-controller-k7lnx			system-cluster-critical pod "kops-controller-k7lnx" is pending

Validation Failed
INSTANCE GROUPS
NAME				ROLE	MACHINETYPE	MIN	MAX	SUBNETS
master-us-east-2a		Master	m5n.2xlarge	1	1	us-east-2a
spot-group-base-8vcpus-16gb	Node	c5.2xlarge	1	1	us-east-2a

NODE STATUS
NAME						ROLE	READY
ip-172-20-49-46.us-east-2.compute.internal	master	True

VALIDATION ERRORS
KIND	NAME										MESSAGE
Machine	i-051075454f6160f34								machine "i-051075454f6160f34" has not yet joined cluster
Node	ip-172-20-49-46.us-east-2.compute.internal					master "ip-172-20-49-46.us-east-2.compute.internal" is missing kube-apiserver pod
Node	ip-172-20-49-46.us-east-2.compute.internal					master "ip-172-20-49-46.us-east-2.compute.internal" is missing kube-scheduler pod
Pod	kube-system/calico-kube-controllers-958d47df6-qqm7j				system-cluster-critical pod "calico-kube-controllers-958d47df6-qqm7j" is pending
Pod	kube-system/calico-node-4tkn9							system-node-critical pod "calico-node-4tkn9" is not ready (calico-node)
Pod	kube-system/coredns-86965cc884-dtdc2						system-cluster-critical pod "coredns-86965cc884-dtdc2" is pending
Pod	kube-system/coredns-autoscaler-558d7cdbbc-r58xr					system-cluster-critical pod "coredns-autoscaler-558d7cdbbc-r58xr" is pending
Pod	kube-system/ebs-csi-controller-b756c57b8-jg86s					system-cluster-critical pod "ebs-csi-controller-b756c57b8-jg86s" is pending
Pod	kube-system/ebs-csi-node-wrdpp							system-node-critical pod "ebs-csi-node-wrdpp" is pending
Pod	kube-system/etcd-manager-main-ip-172-20-49-46.us-east-2.compute.internal	system-cluster-critical pod "etcd-manager-main-ip-172-20-49-46.us-east-2.compute.internal" is pending
Pod	kube-system/kube-proxy-ip-172-20-49-46.us-east-2.compute.internal		system-node-critical pod "kube-proxy-ip-172-20-49-46.us-east-2.compute.internal" is pending

Validation Failed
INSTANCE GROUPS
NAME				ROLE	MACHINETYPE	MIN	MAX	SUBNETS
master-us-east-2a		Master	m5n.2xlarge	1	1	us-east-2a
spot-group-base-8vcpus-16gb	Node	c5.2xlarge	1	1	us-east-2a

NODE STATUS
NAME						ROLE	READY
ip-172-20-49-46.us-east-2.compute.internal	master	True

VALIDATION ERRORS
KIND	NAME						MESSAGE
Machine	i-051075454f6160f34				machine "i-051075454f6160f34" has not yet joined cluster
Node	ip-172-20-49-46.us-east-2.compute.internal	master "ip-172-20-49-46.us-east-2.compute.internal" is missing kube-apiserver pod
Node	ip-172-20-49-46.us-east-2.compute.internal	master "ip-172-20-49-46.us-east-2.compute.internal" is missing kube-scheduler pod
Pod	kube-system/coredns-86965cc884-dtdc2		system-cluster-critical pod "coredns-86965cc884-dtdc2" is pending
Pod	kube-system/coredns-autoscaler-558d7cdbbc-r58xr	system-cluster-critical pod "coredns-autoscaler-558d7cdbbc-r58xr" is pending
Pod	kube-system/ebs-csi-controller-b756c57b8-jg86s	system-cluster-critical pod "ebs-csi-controller-b756c57b8-jg86s" is pending
Pod	kube-system/ebs-csi-node-wrdpp			system-node-critical pod "ebs-csi-node-wrdpp" is pending

Validation Failed
INSTANCE GROUPS
NAME				ROLE	MACHINETYPE	MIN	MAX	SUBNETS
master-us-east-2a		Master	m5n.2xlarge	1	1	us-east-2a
spot-group-base-8vcpus-16gb	Node	c5.2xlarge	1	1	us-east-2a

NODE STATUS
NAME						ROLE	READY
ip-172-20-49-46.us-east-2.compute.internal	master	True

VALIDATION ERRORS
KIND	NAME						MESSAGE
Machine	i-051075454f6160f34				machine "i-051075454f6160f34" has not yet joined cluster
Pod	kube-system/coredns-86965cc884-dtdc2		system-cluster-critical pod "coredns-86965cc884-dtdc2" is pending
Pod	kube-system/coredns-autoscaler-558d7cdbbc-r58xr	system-cluster-critical pod "coredns-autoscaler-558d7cdbbc-r58xr" is pending
Pod	kube-system/ebs-csi-controller-b756c57b8-jg86s	system-cluster-critical pod "ebs-csi-controller-b756c57b8-jg86s" is not ready (ebs-plugin)

Validation Failed
INSTANCE GROUPS
NAME				ROLE	MACHINETYPE	MIN	MAX	SUBNETS
master-us-east-2a		Master	m5n.2xlarge	1	1	us-east-2a
spot-group-base-8vcpus-16gb	Node	c5.2xlarge	1	1	us-east-2a

NODE STATUS
NAME						ROLE	READY
ip-172-20-49-46.us-east-2.compute.internal	master	True
ip-172-20-61-235.us-east-2.compute.internal	node	False

VALIDATION ERRORS
KIND	NAME						MESSAGE
Node	ip-172-20-61-235.us-east-2.compute.internal	node "ip-172-20-61-235.us-east-2.compute.internal" of role "node" is not ready
Pod	kube-system/calico-node-75ppd			system-node-critical pod "calico-node-75ppd" is pending
Pod	kube-system/coredns-86965cc884-dtdc2		system-cluster-critical pod "coredns-86965cc884-dtdc2" is pending
Pod	kube-system/coredns-autoscaler-558d7cdbbc-r58xr	system-cluster-critical pod "coredns-autoscaler-558d7cdbbc-r58xr" is pending
Pod	kube-system/ebs-csi-node-5tp44			system-node-critical pod "ebs-csi-node-5tp44" is pending

Validation Failed
INSTANCE GROUPS
NAME				ROLE	MACHINETYPE	MIN	MAX	SUBNETS
master-us-east-2a		Master	m5n.2xlarge	1	1	us-east-2a
spot-group-base-8vcpus-16gb	Node	c5.2xlarge	1	1	us-east-2a

NODE STATUS
NAME						ROLE	READY
ip-172-20-49-46.us-east-2.compute.internal	master	True
ip-172-20-61-235.us-east-2.compute.internal	node	False

VALIDATION ERRORS
KIND	NAME						MESSAGE
Node	ip-172-20-61-235.us-east-2.compute.internal	node "ip-172-20-61-235.us-east-2.compute.internal" of role "node" is not ready
Pod	kube-system/calico-node-75ppd			system-node-critical pod "calico-node-75ppd" is pending
Pod	kube-system/coredns-86965cc884-dtdc2		system-cluster-critical pod "coredns-86965cc884-dtdc2" is pending
Pod	kube-system/coredns-autoscaler-558d7cdbbc-r58xr	system-cluster-critical pod "coredns-autoscaler-558d7cdbbc-r58xr" is pending
Pod	kube-system/ebs-csi-node-5tp44			system-node-critical pod "ebs-csi-node-5tp44" is pending

Validation Failed
INSTANCE GROUPS
NAME				ROLE	MACHINETYPE	MIN	MAX	SUBNETS
master-us-east-2a		Master	m5n.2xlarge	1	1	us-east-2a
spot-group-base-8vcpus-16gb	Node	c5.2xlarge	1	1	us-east-2a

NODE STATUS
NAME						ROLE	READY
ip-172-20-49-46.us-east-2.compute.internal	master	True
ip-172-20-61-235.us-east-2.compute.internal	node	True

VALIDATION ERRORS
KIND	NAME						MESSAGE
Pod	kube-system/calico-node-75ppd			system-node-critical pod "calico-node-75ppd" is not ready (calico-node)
Pod	kube-system/coredns-86965cc884-dtdc2		system-cluster-critical pod "coredns-86965cc884-dtdc2" is pending
Pod	kube-system/coredns-autoscaler-558d7cdbbc-r58xr	system-cluster-critical pod "coredns-autoscaler-558d7cdbbc-r58xr" is pending
Pod	kube-system/ebs-csi-node-5tp44			system-node-critical pod "ebs-csi-node-5tp44" is pending

Validation Failed
INSTANCE GROUPS
NAME				ROLE	MACHINETYPE	MIN	MAX	SUBNETS
master-us-east-2a		Master	m5n.2xlarge	1	1	us-east-2a
spot-group-base-8vcpus-16gb	Node	c5.2xlarge	1	1	us-east-2a

NODE STATUS
NAME						ROLE	READY
ip-172-20-49-46.us-east-2.compute.internal	master	True
ip-172-20-61-235.us-east-2.compute.internal	node	True

VALIDATION ERRORS
KIND	NAME				MESSAGE
Pod	kube-system/ebs-csi-node-5tp44	system-node-critical pod "ebs-csi-node-5tp44" is pending

Validation Failed
INSTANCE GROUPS
NAME				ROLE	MACHINETYPE	MIN	MAX	SUBNETS
master-us-east-2a		Master	m5n.2xlarge	1	1	us-east-2a
spot-group-base-8vcpus-16gb	Node	c5.2xlarge	1	1	us-east-2a

NODE STATUS
NAME						ROLE	READY
ip-172-20-49-46.us-east-2.compute.internal	master	True
ip-172-20-61-235.us-east-2.compute.internal	node	True

Your cluster tcss702.k8s.local is ready

Successfully deployed cluster in 04 minutes, 38 seconds
Deployed from cluster spec, "kops/kops_multi-tenant_spot_1x_8vcpu_16gb.yml"
