
*********************************************************************************

A new kops version is available: 1.25.3
Upgrading is recommended
More information: https://github.com/kubernetes/kops/blob/master/permalinks/upgrade_kops.md#1.25.3

*********************************************************************************


*********************************************************************************

A new kubernetes version is available: 1.23.16
Upgrading is recommended (try kops upgrade cluster)

More information: https://github.com/kubernetes/kops/blob/master/permalinks/upgrade_k8s.md#1.23.16

*********************************************************************************

kOps has set your kubectl context to tcss702.k8s.local

Cluster is starting.  It should be ready in a few minutes.

Suggestions:
 * validate cluster: kops validate cluster --wait 10m
 * list nodes: kubectl get nodes --show-labels
 * ssh to the master: ssh -i ~/.ssh/id_rsa ubuntu@api.tcss702.k8s.local
 * the ubuntu user is specific to Ubuntu. If not using Ubuntu please use the appropriate user based on your OS.
 * read about installing addons at: https://kops.sigs.k8s.io/addons.

Validating cluster tcss702.k8s.local

INSTANCE GROUPS
NAME				ROLE	MACHINETYPE	MIN	MAX	SUBNETS
master-us-east-2c		Master	m5.large	1	1	us-east-2c
spot-group-base-8vcpus-16gb	Node	c5.2xlarge	8	8	us-east-2c

NODE STATUS
NAME						ROLE	READY
ip-172-20-59-66.us-east-2.compute.internal	master	False

VALIDATION ERRORS
KIND	NAME							MESSAGE
Machine	i-00c864ae7ba95bc3b					machine "i-00c864ae7ba95bc3b" has not yet joined cluster
Machine	i-015ac65bccba9e5a0					machine "i-015ac65bccba9e5a0" has not yet joined cluster
Machine	i-02a379ead9fa4a6af					machine "i-02a379ead9fa4a6af" has not yet joined cluster
Machine	i-0334b19774aa3ff44					machine "i-0334b19774aa3ff44" has not yet joined cluster
Machine	i-0424205e2ecdc24cb					machine "i-0424205e2ecdc24cb" has not yet joined cluster
Machine	i-0988d82f4eb983ae5					machine "i-0988d82f4eb983ae5" has not yet joined cluster
Machine	i-0b9381feee457dcb3					machine "i-0b9381feee457dcb3" has not yet joined cluster
Machine	i-0f18078a3093d0cdc					machine "i-0f18078a3093d0cdc" has not yet joined cluster
Node	ip-172-20-59-66.us-east-2.compute.internal		node "ip-172-20-59-66.us-east-2.compute.internal" of role "master" is not ready
Pod	kube-system/calico-kube-controllers-58449699bc-4wmm5	system-cluster-critical pod "calico-kube-controllers-58449699bc-4wmm5" is pending
Pod	kube-system/calico-node-qmcdm				system-node-critical pod "calico-node-qmcdm" is pending
Pod	kube-system/coredns-8555c7d6d6-fjmnd			system-cluster-critical pod "coredns-8555c7d6d6-fjmnd" is pending
Pod	kube-system/coredns-autoscaler-57dd87df6c-ksp9b		system-cluster-critical pod "coredns-autoscaler-57dd87df6c-ksp9b" is pending
Pod	kube-system/ebs-csi-controller-86784976dc-br8dl		system-cluster-critical pod "ebs-csi-controller-86784976dc-br8dl" is pending
Pod	kube-system/ebs-csi-node-kzd2p				system-node-critical pod "ebs-csi-node-kzd2p" is pending
Pod	kube-system/kops-controller-mn7w2			system-cluster-critical pod "kops-controller-mn7w2" is pending

Validation Failed
INSTANCE GROUPS
NAME				ROLE	MACHINETYPE	MIN	MAX	SUBNETS
master-us-east-2c		Master	m5.large	1	1	us-east-2c
spot-group-base-8vcpus-16gb	Node	c5.2xlarge	8	8	us-east-2c

NODE STATUS
NAME						ROLE	READY
ip-172-20-59-66.us-east-2.compute.internal	master	False

VALIDATION ERRORS
KIND	NAME							MESSAGE
Machine	i-00c864ae7ba95bc3b					machine "i-00c864ae7ba95bc3b" has not yet joined cluster
Machine	i-015ac65bccba9e5a0					machine "i-015ac65bccba9e5a0" has not yet joined cluster
Machine	i-02a379ead9fa4a6af					machine "i-02a379ead9fa4a6af" has not yet joined cluster
Machine	i-0334b19774aa3ff44					machine "i-0334b19774aa3ff44" has not yet joined cluster
Machine	i-0424205e2ecdc24cb					machine "i-0424205e2ecdc24cb" has not yet joined cluster
Machine	i-0988d82f4eb983ae5					machine "i-0988d82f4eb983ae5" has not yet joined cluster
Machine	i-0b9381feee457dcb3					machine "i-0b9381feee457dcb3" has not yet joined cluster
Machine	i-0f18078a3093d0cdc					machine "i-0f18078a3093d0cdc" has not yet joined cluster
Node	ip-172-20-59-66.us-east-2.compute.internal		node "ip-172-20-59-66.us-east-2.compute.internal" of role "master" is not ready
Pod	kube-system/calico-kube-controllers-58449699bc-4wmm5	system-cluster-critical pod "calico-kube-controllers-58449699bc-4wmm5" is pending
Pod	kube-system/calico-node-qmcdm				system-node-critical pod "calico-node-qmcdm" is not ready (calico-node)
Pod	kube-system/coredns-8555c7d6d6-fjmnd			system-cluster-critical pod "coredns-8555c7d6d6-fjmnd" is pending
Pod	kube-system/coredns-autoscaler-57dd87df6c-ksp9b		system-cluster-critical pod "coredns-autoscaler-57dd87df6c-ksp9b" is pending
Pod	kube-system/ebs-csi-controller-86784976dc-br8dl		system-cluster-critical pod "ebs-csi-controller-86784976dc-br8dl" is pending
Pod	kube-system/ebs-csi-node-kzd2p				system-node-critical pod "ebs-csi-node-kzd2p" is pending

Validation Failed
INSTANCE GROUPS
NAME				ROLE	MACHINETYPE	MIN	MAX	SUBNETS
master-us-east-2c		Master	m5.large	1	1	us-east-2c
spot-group-base-8vcpus-16gb	Node	c5.2xlarge	8	8	us-east-2c

NODE STATUS
NAME						ROLE	READY
ip-172-20-59-66.us-east-2.compute.internal	master	True

VALIDATION ERRORS
KIND	NAME										MESSAGE
Machine	i-00c864ae7ba95bc3b								machine "i-00c864ae7ba95bc3b" has not yet joined cluster
Machine	i-015ac65bccba9e5a0								machine "i-015ac65bccba9e5a0" has not yet joined cluster
Machine	i-02a379ead9fa4a6af								machine "i-02a379ead9fa4a6af" has not yet joined cluster
Machine	i-0334b19774aa3ff44								machine "i-0334b19774aa3ff44" has not yet joined cluster
Machine	i-0424205e2ecdc24cb								machine "i-0424205e2ecdc24cb" has not yet joined cluster
Machine	i-0988d82f4eb983ae5								machine "i-0988d82f4eb983ae5" has not yet joined cluster
Machine	i-0b9381feee457dcb3								machine "i-0b9381feee457dcb3" has not yet joined cluster
Machine	i-0f18078a3093d0cdc								machine "i-0f18078a3093d0cdc" has not yet joined cluster
Node	ip-172-20-59-66.us-east-2.compute.internal					master "ip-172-20-59-66.us-east-2.compute.internal" is missing kube-apiserver pod
Node	ip-172-20-59-66.us-east-2.compute.internal					master "ip-172-20-59-66.us-east-2.compute.internal" is missing kube-controller-manager pod
Node	ip-172-20-59-66.us-east-2.compute.internal					master "ip-172-20-59-66.us-east-2.compute.internal" is missing kube-scheduler pod
Pod	kube-system/coredns-8555c7d6d6-fjmnd						system-cluster-critical pod "coredns-8555c7d6d6-fjmnd" is pending
Pod	kube-system/coredns-autoscaler-57dd87df6c-ksp9b					system-cluster-critical pod "coredns-autoscaler-57dd87df6c-ksp9b" is pending
Pod	kube-system/ebs-csi-controller-86784976dc-br8dl					system-cluster-critical pod "ebs-csi-controller-86784976dc-br8dl" is pending
Pod	kube-system/ebs-csi-node-kzd2p							system-node-critical pod "ebs-csi-node-kzd2p" is pending
Pod	kube-system/etcd-manager-main-ip-172-20-59-66.us-east-2.compute.internal	system-cluster-critical pod "etcd-manager-main-ip-172-20-59-66.us-east-2.compute.internal" is pending

Validation Failed
INSTANCE GROUPS
NAME				ROLE	MACHINETYPE	MIN	MAX	SUBNETS
master-us-east-2c		Master	m5.large	1	1	us-east-2c
spot-group-base-8vcpus-16gb	Node	c5.2xlarge	8	8	us-east-2c

NODE STATUS
NAME						ROLE	READY
ip-172-20-59-66.us-east-2.compute.internal	master	True

VALIDATION ERRORS
KIND	NAME						MESSAGE
Machine	i-00c864ae7ba95bc3b				machine "i-00c864ae7ba95bc3b" has not yet joined cluster
Machine	i-015ac65bccba9e5a0				machine "i-015ac65bccba9e5a0" has not yet joined cluster
Machine	i-02a379ead9fa4a6af				machine "i-02a379ead9fa4a6af" has not yet joined cluster
Machine	i-0334b19774aa3ff44				machine "i-0334b19774aa3ff44" has not yet joined cluster
Machine	i-0424205e2ecdc24cb				machine "i-0424205e2ecdc24cb" has not yet joined cluster
Machine	i-0988d82f4eb983ae5				machine "i-0988d82f4eb983ae5" has not yet joined cluster
Machine	i-0b9381feee457dcb3				machine "i-0b9381feee457dcb3" has not yet joined cluster
Machine	i-0f18078a3093d0cdc				machine "i-0f18078a3093d0cdc" has not yet joined cluster
Node	ip-172-20-59-66.us-east-2.compute.internal	master "ip-172-20-59-66.us-east-2.compute.internal" is missing kube-apiserver pod
Node	ip-172-20-59-66.us-east-2.compute.internal	master "ip-172-20-59-66.us-east-2.compute.internal" is missing kube-controller-manager pod
Node	ip-172-20-59-66.us-east-2.compute.internal	master "ip-172-20-59-66.us-east-2.compute.internal" is missing kube-scheduler pod
Pod	kube-system/coredns-8555c7d6d6-fjmnd		system-cluster-critical pod "coredns-8555c7d6d6-fjmnd" is pending
Pod	kube-system/coredns-autoscaler-57dd87df6c-ksp9b	system-cluster-critical pod "coredns-autoscaler-57dd87df6c-ksp9b" is pending

Validation Failed
INSTANCE GROUPS
NAME				ROLE	MACHINETYPE	MIN	MAX	SUBNETS
master-us-east-2c		Master	m5.large	1	1	us-east-2c
spot-group-base-8vcpus-16gb	Node	c5.2xlarge	8	8	us-east-2c

NODE STATUS
NAME						ROLE	READY
ip-172-20-59-66.us-east-2.compute.internal	master	True

VALIDATION ERRORS
KIND	NAME										MESSAGE
Machine	i-00c864ae7ba95bc3b								machine "i-00c864ae7ba95bc3b" has not yet joined cluster
Machine	i-015ac65bccba9e5a0								machine "i-015ac65bccba9e5a0" has not yet joined cluster
Machine	i-02a379ead9fa4a6af								machine "i-02a379ead9fa4a6af" has not yet joined cluster
Machine	i-0334b19774aa3ff44								machine "i-0334b19774aa3ff44" has not yet joined cluster
Machine	i-0424205e2ecdc24cb								machine "i-0424205e2ecdc24cb" has not yet joined cluster
Machine	i-0988d82f4eb983ae5								machine "i-0988d82f4eb983ae5" has not yet joined cluster
Machine	i-0b9381feee457dcb3								machine "i-0b9381feee457dcb3" has not yet joined cluster
Machine	i-0f18078a3093d0cdc								machine "i-0f18078a3093d0cdc" has not yet joined cluster
Node	ip-172-20-59-66.us-east-2.compute.internal					master "ip-172-20-59-66.us-east-2.compute.internal" is missing kube-apiserver pod
Node	ip-172-20-59-66.us-east-2.compute.internal					master "ip-172-20-59-66.us-east-2.compute.internal" is missing kube-controller-manager pod
Node	ip-172-20-59-66.us-east-2.compute.internal					master "ip-172-20-59-66.us-east-2.compute.internal" is missing kube-scheduler pod
Pod	kube-system/calico-node-t2tfj							system-node-critical pod "calico-node-t2tfj" is pending
Pod	kube-system/coredns-8555c7d6d6-fjmnd						system-cluster-critical pod "coredns-8555c7d6d6-fjmnd" is pending
Pod	kube-system/coredns-autoscaler-57dd87df6c-ksp9b					system-cluster-critical pod "coredns-autoscaler-57dd87df6c-ksp9b" is pending
Pod	kube-system/ebs-csi-node-9mt5p							system-node-critical pod "ebs-csi-node-9mt5p" is pending
Pod	kube-system/kube-apiserver-ip-172-20-59-66.us-east-2.compute.internal		system-cluster-critical pod "kube-apiserver-ip-172-20-59-66.us-east-2.compute.internal" is pending
Pod	kube-system/kube-controller-manager-ip-172-20-59-66.us-east-2.compute.internal	system-cluster-critical pod "kube-controller-manager-ip-172-20-59-66.us-east-2.compute.internal" is pending
Pod	kube-system/kube-scheduler-ip-172-20-59-66.us-east-2.compute.internal		system-cluster-critical pod "kube-scheduler-ip-172-20-59-66.us-east-2.compute.internal" is pending

Validation Failed
INSTANCE GROUPS
NAME				ROLE	MACHINETYPE	MIN	MAX	SUBNETS
master-us-east-2c		Master	m5.large	1	1	us-east-2c
spot-group-base-8vcpus-16gb	Node	c5.2xlarge	8	8	us-east-2c

NODE STATUS
NAME						ROLE	READY
ip-172-20-34-45.us-east-2.compute.internal	node	False
ip-172-20-50-86.us-east-2.compute.internal	node	False
ip-172-20-51-224.us-east-2.compute.internal	node	False
ip-172-20-52-35.us-east-2.compute.internal	node	False
ip-172-20-58-210.us-east-2.compute.internal	node	False
ip-172-20-59-66.us-east-2.compute.internal	master	True
ip-172-20-60-5.us-east-2.compute.internal	node	False
ip-172-20-61-200.us-east-2.compute.internal	node	False
ip-172-20-63-46.us-east-2.compute.internal	node	False

VALIDATION ERRORS
KIND	NAME						MESSAGE
Node	ip-172-20-34-45.us-east-2.compute.internal	node "ip-172-20-34-45.us-east-2.compute.internal" of role "node" is not ready
Node	ip-172-20-50-86.us-east-2.compute.internal	node "ip-172-20-50-86.us-east-2.compute.internal" of role "node" is not ready
Node	ip-172-20-51-224.us-east-2.compute.internal	node "ip-172-20-51-224.us-east-2.compute.internal" of role "node" is not ready
Node	ip-172-20-52-35.us-east-2.compute.internal	node "ip-172-20-52-35.us-east-2.compute.internal" of role "node" is not ready
Node	ip-172-20-58-210.us-east-2.compute.internal	node "ip-172-20-58-210.us-east-2.compute.internal" of role "node" is not ready
Node	ip-172-20-60-5.us-east-2.compute.internal	node "ip-172-20-60-5.us-east-2.compute.internal" of role "node" is not ready
Node	ip-172-20-61-200.us-east-2.compute.internal	node "ip-172-20-61-200.us-east-2.compute.internal" of role "node" is not ready
Node	ip-172-20-63-46.us-east-2.compute.internal	node "ip-172-20-63-46.us-east-2.compute.internal" of role "node" is not ready
Pod	kube-system/calico-node-56qqj			system-node-critical pod "calico-node-56qqj" is pending
Pod	kube-system/calico-node-98ckn			system-node-critical pod "calico-node-98ckn" is pending
Pod	kube-system/calico-node-cvzrr			system-node-critical pod "calico-node-cvzrr" is pending
Pod	kube-system/calico-node-nk228			system-node-critical pod "calico-node-nk228" is pending
Pod	kube-system/calico-node-nvr2d			system-node-critical pod "calico-node-nvr2d" is pending
Pod	kube-system/calico-node-r2w75			system-node-critical pod "calico-node-r2w75" is pending
Pod	kube-system/calico-node-t2tfj			system-node-critical pod "calico-node-t2tfj" is pending
Pod	kube-system/calico-node-wnb4h			system-node-critical pod "calico-node-wnb4h" is pending
Pod	kube-system/coredns-8555c7d6d6-fjmnd		system-cluster-critical pod "coredns-8555c7d6d6-fjmnd" is pending
Pod	kube-system/coredns-autoscaler-57dd87df6c-ksp9b	system-cluster-critical pod "coredns-autoscaler-57dd87df6c-ksp9b" is pending
Pod	kube-system/ebs-csi-node-4cs9v			system-node-critical pod "ebs-csi-node-4cs9v" is pending
Pod	kube-system/ebs-csi-node-8djtr			system-node-critical pod "ebs-csi-node-8djtr" is pending
Pod	kube-system/ebs-csi-node-9lt4c			system-node-critical pod "ebs-csi-node-9lt4c" is pending
Pod	kube-system/ebs-csi-node-9mt5p			system-node-critical pod "ebs-csi-node-9mt5p" is pending
Pod	kube-system/ebs-csi-node-gfxlc			system-node-critical pod "ebs-csi-node-gfxlc" is pending
Pod	kube-system/ebs-csi-node-jklsh			system-node-critical pod "ebs-csi-node-jklsh" is pending
Pod	kube-system/ebs-csi-node-pcssr			system-node-critical pod "ebs-csi-node-pcssr" is pending
Pod	kube-system/ebs-csi-node-wkvl8			system-node-critical pod "ebs-csi-node-wkvl8" is pending

Validation Failed
INSTANCE GROUPS
NAME				ROLE	MACHINETYPE	MIN	MAX	SUBNETS
master-us-east-2c		Master	m5.large	1	1	us-east-2c
spot-group-base-8vcpus-16gb	Node	c5.2xlarge	8	8	us-east-2c

NODE STATUS
NAME						ROLE	READY
ip-172-20-34-45.us-east-2.compute.internal	node	False
ip-172-20-50-86.us-east-2.compute.internal	node	False
ip-172-20-51-224.us-east-2.compute.internal	node	False
ip-172-20-52-35.us-east-2.compute.internal	node	False
ip-172-20-58-210.us-east-2.compute.internal	node	False
ip-172-20-59-66.us-east-2.compute.internal	master	True
ip-172-20-60-5.us-east-2.compute.internal	node	False
ip-172-20-61-200.us-east-2.compute.internal	node	False
ip-172-20-63-46.us-east-2.compute.internal	node	False

VALIDATION ERRORS
KIND	NAME						MESSAGE
Node	ip-172-20-34-45.us-east-2.compute.internal	node "ip-172-20-34-45.us-east-2.compute.internal" of role "node" is not ready
Node	ip-172-20-50-86.us-east-2.compute.internal	node "ip-172-20-50-86.us-east-2.compute.internal" of role "node" is not ready
Node	ip-172-20-51-224.us-east-2.compute.internal	node "ip-172-20-51-224.us-east-2.compute.internal" of role "node" is not ready
Node	ip-172-20-52-35.us-east-2.compute.internal	node "ip-172-20-52-35.us-east-2.compute.internal" of role "node" is not ready
Node	ip-172-20-58-210.us-east-2.compute.internal	node "ip-172-20-58-210.us-east-2.compute.internal" of role "node" is not ready
Node	ip-172-20-60-5.us-east-2.compute.internal	node "ip-172-20-60-5.us-east-2.compute.internal" of role "node" is not ready
Node	ip-172-20-61-200.us-east-2.compute.internal	node "ip-172-20-61-200.us-east-2.compute.internal" of role "node" is not ready
Node	ip-172-20-63-46.us-east-2.compute.internal	node "ip-172-20-63-46.us-east-2.compute.internal" of role "node" is not ready
Pod	kube-system/calico-node-56qqj			system-node-critical pod "calico-node-56qqj" is pending
Pod	kube-system/calico-node-98ckn			system-node-critical pod "calico-node-98ckn" is pending
Pod	kube-system/calico-node-cvzrr			system-node-critical pod "calico-node-cvzrr" is pending
Pod	kube-system/calico-node-nk228			system-node-critical pod "calico-node-nk228" is pending
Pod	kube-system/calico-node-nvr2d			system-node-critical pod "calico-node-nvr2d" is pending
Pod	kube-system/calico-node-r2w75			system-node-critical pod "calico-node-r2w75" is pending
Pod	kube-system/calico-node-t2tfj			system-node-critical pod "calico-node-t2tfj" is pending
Pod	kube-system/calico-node-wnb4h			system-node-critical pod "calico-node-wnb4h" is pending
Pod	kube-system/coredns-8555c7d6d6-fjmnd		system-cluster-critical pod "coredns-8555c7d6d6-fjmnd" is pending
Pod	kube-system/coredns-autoscaler-57dd87df6c-ksp9b	system-cluster-critical pod "coredns-autoscaler-57dd87df6c-ksp9b" is pending
Pod	kube-system/ebs-csi-node-4cs9v			system-node-critical pod "ebs-csi-node-4cs9v" is pending
Pod	kube-system/ebs-csi-node-8djtr			system-node-critical pod "ebs-csi-node-8djtr" is pending
Pod	kube-system/ebs-csi-node-9lt4c			system-node-critical pod "ebs-csi-node-9lt4c" is pending
Pod	kube-system/ebs-csi-node-9mt5p			system-node-critical pod "ebs-csi-node-9mt5p" is pending
Pod	kube-system/ebs-csi-node-gfxlc			system-node-critical pod "ebs-csi-node-gfxlc" is pending
Pod	kube-system/ebs-csi-node-jklsh			system-node-critical pod "ebs-csi-node-jklsh" is pending
Pod	kube-system/ebs-csi-node-pcssr			system-node-critical pod "ebs-csi-node-pcssr" is pending
Pod	kube-system/ebs-csi-node-wkvl8			system-node-critical pod "ebs-csi-node-wkvl8" is pending

Validation Failed
INSTANCE GROUPS
NAME				ROLE	MACHINETYPE	MIN	MAX	SUBNETS
master-us-east-2c		Master	m5.large	1	1	us-east-2c
spot-group-base-8vcpus-16gb	Node	c5.2xlarge	8	8	us-east-2c

NODE STATUS
NAME						ROLE	READY
ip-172-20-34-45.us-east-2.compute.internal	node	True
ip-172-20-50-86.us-east-2.compute.internal	node	False
ip-172-20-51-224.us-east-2.compute.internal	node	False
ip-172-20-52-35.us-east-2.compute.internal	node	False
ip-172-20-58-210.us-east-2.compute.internal	node	False
ip-172-20-59-66.us-east-2.compute.internal	master	True
ip-172-20-60-5.us-east-2.compute.internal	node	False
ip-172-20-61-200.us-east-2.compute.internal	node	True
ip-172-20-63-46.us-east-2.compute.internal	node	False

VALIDATION ERRORS
KIND	NAME						MESSAGE
Node	ip-172-20-50-86.us-east-2.compute.internal	node "ip-172-20-50-86.us-east-2.compute.internal" of role "node" is not ready
Node	ip-172-20-51-224.us-east-2.compute.internal	node "ip-172-20-51-224.us-east-2.compute.internal" of role "node" is not ready
Node	ip-172-20-52-35.us-east-2.compute.internal	node "ip-172-20-52-35.us-east-2.compute.internal" of role "node" is not ready
Node	ip-172-20-58-210.us-east-2.compute.internal	node "ip-172-20-58-210.us-east-2.compute.internal" of role "node" is not ready
Node	ip-172-20-60-5.us-east-2.compute.internal	node "ip-172-20-60-5.us-east-2.compute.internal" of role "node" is not ready
Node	ip-172-20-63-46.us-east-2.compute.internal	node "ip-172-20-63-46.us-east-2.compute.internal" of role "node" is not ready
Pod	kube-system/calico-node-56qqj			system-node-critical pod "calico-node-56qqj" is pending
Pod	kube-system/calico-node-98ckn			system-node-critical pod "calico-node-98ckn" is not ready (calico-node)
Pod	kube-system/calico-node-cvzrr			system-node-critical pod "calico-node-cvzrr" is not ready (calico-node)
Pod	kube-system/calico-node-nk228			system-node-critical pod "calico-node-nk228" is pending
Pod	kube-system/calico-node-nvr2d			system-node-critical pod "calico-node-nvr2d" is pending
Pod	kube-system/calico-node-r2w75			system-node-critical pod "calico-node-r2w75" is pending
Pod	kube-system/calico-node-t2tfj			system-node-critical pod "calico-node-t2tfj" is not ready (calico-node)
Pod	kube-system/calico-node-wnb4h			system-node-critical pod "calico-node-wnb4h" is pending
Pod	kube-system/coredns-8555c7d6d6-qh9b8		system-cluster-critical pod "coredns-8555c7d6d6-qh9b8" is pending
Pod	kube-system/ebs-csi-node-4cs9v			system-node-critical pod "ebs-csi-node-4cs9v" is pending
Pod	kube-system/ebs-csi-node-8djtr			system-node-critical pod "ebs-csi-node-8djtr" is pending
Pod	kube-system/ebs-csi-node-9lt4c			system-node-critical pod "ebs-csi-node-9lt4c" is pending
Pod	kube-system/ebs-csi-node-9mt5p			system-node-critical pod "ebs-csi-node-9mt5p" is pending
Pod	kube-system/ebs-csi-node-gfxlc			system-node-critical pod "ebs-csi-node-gfxlc" is pending
Pod	kube-system/ebs-csi-node-jklsh			system-node-critical pod "ebs-csi-node-jklsh" is pending
Pod	kube-system/ebs-csi-node-pcssr			system-node-critical pod "ebs-csi-node-pcssr" is pending
Pod	kube-system/ebs-csi-node-wkvl8			system-node-critical pod "ebs-csi-node-wkvl8" is pending

Validation Failed
INSTANCE GROUPS
NAME				ROLE	MACHINETYPE	MIN	MAX	SUBNETS
master-us-east-2c		Master	m5.large	1	1	us-east-2c
spot-group-base-8vcpus-16gb	Node	c5.2xlarge	8	8	us-east-2c

NODE STATUS
NAME						ROLE	READY
ip-172-20-34-45.us-east-2.compute.internal	node	True
ip-172-20-50-86.us-east-2.compute.internal	node	True
ip-172-20-51-224.us-east-2.compute.internal	node	True
ip-172-20-52-35.us-east-2.compute.internal	node	True
ip-172-20-58-210.us-east-2.compute.internal	node	True
ip-172-20-59-66.us-east-2.compute.internal	master	True
ip-172-20-60-5.us-east-2.compute.internal	node	True
ip-172-20-61-200.us-east-2.compute.internal	node	True
ip-172-20-63-46.us-east-2.compute.internal	node	True

VALIDATION ERRORS
KIND	NAME									MESSAGE
Pod	kube-system/calico-node-56qqj						system-node-critical pod "calico-node-56qqj" is not ready (calico-node)
Pod	kube-system/calico-node-98ckn						system-node-critical pod "calico-node-98ckn" is not ready (calico-node)
Pod	kube-system/calico-node-cvzrr						system-node-critical pod "calico-node-cvzrr" is not ready (calico-node)
Pod	kube-system/calico-node-nvr2d						system-node-critical pod "calico-node-nvr2d" is not ready (calico-node)
Pod	kube-system/calico-node-r2w75						system-node-critical pod "calico-node-r2w75" is not ready (calico-node)
Pod	kube-system/calico-node-wnb4h						system-node-critical pod "calico-node-wnb4h" is not ready (calico-node)
Pod	kube-system/coredns-8555c7d6d6-qh9b8					system-cluster-critical pod "coredns-8555c7d6d6-qh9b8" is pending
Pod	kube-system/ebs-csi-node-4cs9v						system-node-critical pod "ebs-csi-node-4cs9v" is pending
Pod	kube-system/ebs-csi-node-8djtr						system-node-critical pod "ebs-csi-node-8djtr" is pending
Pod	kube-system/ebs-csi-node-gfxlc						system-node-critical pod "ebs-csi-node-gfxlc" is pending
Pod	kube-system/ebs-csi-node-jklsh						system-node-critical pod "ebs-csi-node-jklsh" is pending
Pod	kube-system/ebs-csi-node-pcssr						system-node-critical pod "ebs-csi-node-pcssr" is pending
Pod	kube-system/ebs-csi-node-wkvl8						system-node-critical pod "ebs-csi-node-wkvl8" is pending
Pod	kube-system/kube-proxy-ip-172-20-60-5.us-east-2.compute.internal	system-node-critical pod "kube-proxy-ip-172-20-60-5.us-east-2.compute.internal" is pending

Validation Failed
INSTANCE GROUPS
NAME				ROLE	MACHINETYPE	MIN	MAX	SUBNETS
master-us-east-2c		Master	m5.large	1	1	us-east-2c
spot-group-base-8vcpus-16gb	Node	c5.2xlarge	8	8	us-east-2c

NODE STATUS
NAME						ROLE	READY
ip-172-20-34-45.us-east-2.compute.internal	node	True
ip-172-20-50-86.us-east-2.compute.internal	node	True
ip-172-20-51-224.us-east-2.compute.internal	node	True
ip-172-20-52-35.us-east-2.compute.internal	node	True
ip-172-20-58-210.us-east-2.compute.internal	node	True
ip-172-20-59-66.us-east-2.compute.internal	master	True
ip-172-20-60-5.us-east-2.compute.internal	node	True
ip-172-20-61-200.us-east-2.compute.internal	node	True
ip-172-20-63-46.us-east-2.compute.internal	node	True

Your cluster tcss702.k8s.local is ready

Successfully deployed cluster in 05 minutes, 47 seconds
Deployed from cluster spec, "kops/kops_multi-tenant_spot_8x_8vcpu_16gb.yml"
