kOps has set your kubectl context to kops-multi-tenant-spot-1x-72vcpu-144gb.k8s.local

Cluster is starting.  It should be ready in a few minutes.

Suggestions:
 * validate cluster: kops validate cluster --wait 10m
 * list nodes: kubectl get nodes --show-labels
 * ssh to the master: ssh -i ~/.ssh/id_rsa ubuntu@api.kops-multi-tenant-spot-1x-72vcpu-144gb.k8s.local
 * the ubuntu user is specific to Ubuntu. If not using Ubuntu please use the appropriate user based on your OS.
 * read about installing addons at: https://kops.sigs.k8s.io/addons.

Validating cluster kops-multi-tenant-spot-1x-72vcpu-144gb.k8s.local

INSTANCE GROUPS
NAME				ROLE	MACHINETYPE	MIN	MAX	SUBNETS
master-us-east-2a		Master	m5n.2xlarge	1	1	us-east-2a
spot-group-base-72vcpus-144gb	Node	c5.18xlarge	1	1	us-east-2a

NODE STATUS
NAME	ROLE	READY

VALIDATION ERRORS
KIND	NAME							MESSAGE
Machine	i-0196bec9ece718f02					machine "i-0196bec9ece718f02" has not yet joined cluster
Machine	i-07be7594f37b06d38					machine "i-07be7594f37b06d38" has not yet joined cluster
Pod	kube-system/kube-controller-manager-i-07be7594f37b06d38	system-cluster-critical pod "kube-controller-manager-i-07be7594f37b06d38" is not ready (kube-controller-manager)

Validation Failed
INSTANCE GROUPS
NAME				ROLE	MACHINETYPE	MIN	MAX	SUBNETS
master-us-east-2a		Master	m5n.2xlarge	1	1	us-east-2a
spot-group-base-72vcpus-144gb	Node	c5.18xlarge	1	1	us-east-2a

NODE STATUS
NAME	ROLE	READY

VALIDATION ERRORS
KIND	NAME			MESSAGE
Machine	i-0196bec9ece718f02	machine "i-0196bec9ece718f02" has not yet joined cluster
Machine	i-07be7594f37b06d38	machine "i-07be7594f37b06d38" has not yet joined cluster

Validation Failed
INSTANCE GROUPS
NAME				ROLE	MACHINETYPE	MIN	MAX	SUBNETS
master-us-east-2a		Master	m5n.2xlarge	1	1	us-east-2a
spot-group-base-72vcpus-144gb	Node	c5.18xlarge	1	1	us-east-2a

NODE STATUS
NAME	ROLE	READY

VALIDATION ERRORS
KIND	NAME							MESSAGE
Machine	i-0196bec9ece718f02					machine "i-0196bec9ece718f02" has not yet joined cluster
Machine	i-07be7594f37b06d38					machine "i-07be7594f37b06d38" has not yet joined cluster
Pod	kube-system/aws-cloud-controller-manager-cw7sh		system-cluster-critical pod "aws-cloud-controller-manager-cw7sh" is pending
Pod	kube-system/calico-kube-controllers-8b548fb5d-jgldx	system-cluster-critical pod "calico-kube-controllers-8b548fb5d-jgldx" is pending
Pod	kube-system/calico-node-9s96m				system-node-critical pod "calico-node-9s96m" is pending
Pod	kube-system/coredns-6b5bc459c-krtnl			system-cluster-critical pod "coredns-6b5bc459c-krtnl" is pending
Pod	kube-system/coredns-autoscaler-5685d4f67b-qr2t4		system-cluster-critical pod "coredns-autoscaler-5685d4f67b-qr2t4" is pending
Pod	kube-system/dns-controller-7988b4697f-n62r4		system-cluster-critical pod "dns-controller-7988b4697f-n62r4" is pending
Pod	kube-system/ebs-csi-controller-6bb9b686b6-6v5gz		system-cluster-critical pod "ebs-csi-controller-6bb9b686b6-6v5gz" is pending
Pod	kube-system/ebs-csi-node-x6dw8				system-node-critical pod "ebs-csi-node-x6dw8" is pending

Validation Failed
INSTANCE GROUPS
NAME				ROLE	MACHINETYPE	MIN	MAX	SUBNETS
master-us-east-2a		Master	m5n.2xlarge	1	1	us-east-2a
spot-group-base-72vcpus-144gb	Node	c5.18xlarge	1	1	us-east-2a

NODE STATUS
NAME			ROLE	READY
i-07be7594f37b06d38	master	False

VALIDATION ERRORS
KIND	NAME							MESSAGE
Machine	i-0196bec9ece718f02					machine "i-0196bec9ece718f02" has not yet joined cluster
Node	i-07be7594f37b06d38					node "i-07be7594f37b06d38" of role "master" is not ready
Pod	kube-system/calico-kube-controllers-8b548fb5d-jgldx	system-cluster-critical pod "calico-kube-controllers-8b548fb5d-jgldx" is pending
Pod	kube-system/calico-node-9s96m				system-node-critical pod "calico-node-9s96m" is pending
Pod	kube-system/coredns-6b5bc459c-krtnl			system-cluster-critical pod "coredns-6b5bc459c-krtnl" is pending
Pod	kube-system/coredns-autoscaler-5685d4f67b-qr2t4		system-cluster-critical pod "coredns-autoscaler-5685d4f67b-qr2t4" is pending
Pod	kube-system/ebs-csi-controller-6bb9b686b6-6v5gz		system-cluster-critical pod "ebs-csi-controller-6bb9b686b6-6v5gz" is pending
Pod	kube-system/ebs-csi-node-x6dw8				system-node-critical pod "ebs-csi-node-x6dw8" is pending
Pod	kube-system/etcd-manager-main-i-07be7594f37b06d38	system-cluster-critical pod "etcd-manager-main-i-07be7594f37b06d38" is pending

Validation Failed
INSTANCE GROUPS
NAME				ROLE	MACHINETYPE	MIN	MAX	SUBNETS
master-us-east-2a		Master	m5n.2xlarge	1	1	us-east-2a
spot-group-base-72vcpus-144gb	Node	c5.18xlarge	1	1	us-east-2a

NODE STATUS
NAME			ROLE	READY
i-07be7594f37b06d38	master	True

VALIDATION ERRORS
KIND	NAME							MESSAGE
Machine	i-0196bec9ece718f02					machine "i-0196bec9ece718f02" has not yet joined cluster
Node	i-07be7594f37b06d38					master "i-07be7594f37b06d38" is missing kube-apiserver pod
Node	i-07be7594f37b06d38					master "i-07be7594f37b06d38" is missing kube-scheduler pod
Pod	kube-system/coredns-6b5bc459c-krtnl			system-cluster-critical pod "coredns-6b5bc459c-krtnl" is pending
Pod	kube-system/coredns-autoscaler-5685d4f67b-qr2t4		system-cluster-critical pod "coredns-autoscaler-5685d4f67b-qr2t4" is pending
Pod	kube-system/ebs-csi-controller-6bb9b686b6-6v5gz		system-cluster-critical pod "ebs-csi-controller-6bb9b686b6-6v5gz" is pending
Pod	kube-system/ebs-csi-node-x6dw8				system-node-critical pod "ebs-csi-node-x6dw8" is pending
Pod	kube-system/etcd-manager-events-i-07be7594f37b06d38	system-cluster-critical pod "etcd-manager-events-i-07be7594f37b06d38" is pending

Validation Failed
INSTANCE GROUPS
NAME				ROLE	MACHINETYPE	MIN	MAX	SUBNETS
master-us-east-2a		Master	m5n.2xlarge	1	1	us-east-2a
spot-group-base-72vcpus-144gb	Node	c5.18xlarge	1	1	us-east-2a

NODE STATUS
NAME			ROLE	READY
i-07be7594f37b06d38	master	True

VALIDATION ERRORS
KIND	NAME						MESSAGE
Machine	i-0196bec9ece718f02				machine "i-0196bec9ece718f02" has not yet joined cluster
Node	i-07be7594f37b06d38				master "i-07be7594f37b06d38" is missing kube-apiserver pod
Pod	kube-system/coredns-6b5bc459c-krtnl		system-cluster-critical pod "coredns-6b5bc459c-krtnl" is pending
Pod	kube-system/coredns-autoscaler-5685d4f67b-qr2t4	system-cluster-critical pod "coredns-autoscaler-5685d4f67b-qr2t4" is pending
Pod	kube-system/ebs-csi-controller-6bb9b686b6-6v5gz	system-cluster-critical pod "ebs-csi-controller-6bb9b686b6-6v5gz" is not ready (ebs-plugin)

Validation Failed
INSTANCE GROUPS
NAME				ROLE	MACHINETYPE	MIN	MAX	SUBNETS
master-us-east-2a		Master	m5n.2xlarge	1	1	us-east-2a
spot-group-base-72vcpus-144gb	Node	c5.18xlarge	1	1	us-east-2a

NODE STATUS
NAME			ROLE	READY
i-07be7594f37b06d38	master	True

VALIDATION ERRORS
KIND	NAME						MESSAGE
Machine	i-0196bec9ece718f02				machine "i-0196bec9ece718f02" has not yet joined cluster
Pod	kube-system/coredns-6b5bc459c-krtnl		system-cluster-critical pod "coredns-6b5bc459c-krtnl" is pending
Pod	kube-system/coredns-autoscaler-5685d4f67b-qr2t4	system-cluster-critical pod "coredns-autoscaler-5685d4f67b-qr2t4" is pending

Validation Failed
INSTANCE GROUPS
NAME				ROLE	MACHINETYPE	MIN	MAX	SUBNETS
master-us-east-2a		Master	m5n.2xlarge	1	1	us-east-2a
spot-group-base-72vcpus-144gb	Node	c5.18xlarge	1	1	us-east-2a

NODE STATUS
NAME			ROLE	READY
i-0196bec9ece718f02	node	False
i-07be7594f37b06d38	master	True

VALIDATION ERRORS
KIND	NAME						MESSAGE
Node	i-0196bec9ece718f02				node "i-0196bec9ece718f02" of role "node" is not ready
Pod	kube-system/calico-node-qn6gn			system-node-critical pod "calico-node-qn6gn" is pending
Pod	kube-system/coredns-6b5bc459c-krtnl		system-cluster-critical pod "coredns-6b5bc459c-krtnl" is pending
Pod	kube-system/coredns-autoscaler-5685d4f67b-qr2t4	system-cluster-critical pod "coredns-autoscaler-5685d4f67b-qr2t4" is pending
Pod	kube-system/ebs-csi-node-pk6zk			system-node-critical pod "ebs-csi-node-pk6zk" is pending

Validation Failed
INSTANCE GROUPS
NAME				ROLE	MACHINETYPE	MIN	MAX	SUBNETS
master-us-east-2a		Master	m5n.2xlarge	1	1	us-east-2a
spot-group-base-72vcpus-144gb	Node	c5.18xlarge	1	1	us-east-2a

NODE STATUS
NAME			ROLE	READY
i-0196bec9ece718f02	node	False
i-07be7594f37b06d38	master	True

VALIDATION ERRORS
KIND	NAME						MESSAGE
Node	i-0196bec9ece718f02				node "i-0196bec9ece718f02" of role "node" is not ready
Pod	kube-system/calico-node-qn6gn			system-node-critical pod "calico-node-qn6gn" is pending
Pod	kube-system/coredns-6b5bc459c-krtnl		system-cluster-critical pod "coredns-6b5bc459c-krtnl" is pending
Pod	kube-system/coredns-autoscaler-5685d4f67b-qr2t4	system-cluster-critical pod "coredns-autoscaler-5685d4f67b-qr2t4" is pending
Pod	kube-system/ebs-csi-node-pk6zk			system-node-critical pod "ebs-csi-node-pk6zk" is pending

Validation Failed
INSTANCE GROUPS
NAME				ROLE	MACHINETYPE	MIN	MAX	SUBNETS
master-us-east-2a		Master	m5n.2xlarge	1	1	us-east-2a
spot-group-base-72vcpus-144gb	Node	c5.18xlarge	1	1	us-east-2a

NODE STATUS
NAME			ROLE	READY
i-0196bec9ece718f02	node	True
i-07be7594f37b06d38	master	True

VALIDATION ERRORS
KIND	NAME						MESSAGE
Pod	kube-system/calico-node-qn6gn			system-node-critical pod "calico-node-qn6gn" is not ready (calico-node)
Pod	kube-system/coredns-6b5bc459c-krtnl		system-cluster-critical pod "coredns-6b5bc459c-krtnl" is pending
Pod	kube-system/coredns-autoscaler-5685d4f67b-qr2t4	system-cluster-critical pod "coredns-autoscaler-5685d4f67b-qr2t4" is pending
Pod	kube-system/ebs-csi-node-pk6zk			system-node-critical pod "ebs-csi-node-pk6zk" is pending

Validation Failed
INSTANCE GROUPS
NAME				ROLE	MACHINETYPE	MIN	MAX	SUBNETS
master-us-east-2a		Master	m5n.2xlarge	1	1	us-east-2a
spot-group-base-72vcpus-144gb	Node	c5.18xlarge	1	1	us-east-2a

NODE STATUS
NAME			ROLE	READY
i-0196bec9ece718f02	node	True
i-07be7594f37b06d38	master	True

VALIDATION ERRORS
KIND	NAME				MESSAGE
Pod	kube-system/ebs-csi-node-pk6zk	system-node-critical pod "ebs-csi-node-pk6zk" is pending

Validation Failed
INSTANCE GROUPS
NAME				ROLE	MACHINETYPE	MIN	MAX	SUBNETS
master-us-east-2a		Master	m5n.2xlarge	1	1	us-east-2a
spot-group-base-72vcpus-144gb	Node	c5.18xlarge	1	1	us-east-2a

NODE STATUS
NAME			ROLE	READY
i-0196bec9ece718f02	node	True
i-07be7594f37b06d38	master	True

Your cluster kops-multi-tenant-spot-1x-72vcpu-144gb.k8s.local is ready

Time: 278 seconds
