TYPE			NAME														ID
autoscaling-config	master-us-east-2a.masters.kops-multi-tenant-spot-8x-8vcpu-16gb.k8s.local					lt-0c8ebacffc03f4b1a
autoscaling-config	spot-group-base-8vcpus-16gb.kops-multi-tenant-spot-8x-8vcpu-16gb.k8s.local					lt-055c995fb70f1eb14
autoscaling-group	master-us-east-2a.masters.kops-multi-tenant-spot-8x-8vcpu-16gb.k8s.local					master-us-east-2a.masters.kops-multi-tenant-spot-8x-8vcpu-16gb.k8s.local
autoscaling-group	spot-group-base-8vcpus-16gb.kops-multi-tenant-spot-8x-8vcpu-16gb.k8s.local					spot-group-base-8vcpus-16gb.kops-multi-tenant-spot-8x-8vcpu-16gb.k8s.local
dhcp-options		kops-multi-tenant-spot-8x-8vcpu-16gb.k8s.local									dopt-0e31eb18b205ab933
iam-instance-profile	masters.kops-multi-tenant-spot-8x-8vcpu-16gb.k8s.local								masters.kops-multi-tenant-spot-8x-8vcpu-16gb.k8s.local
iam-instance-profile	nodes.kops-multi-tenant-spot-8x-8vcpu-16gb.k8s.local								nodes.kops-multi-tenant-spot-8x-8vcpu-16gb.k8s.local
iam-role		masters.kops-multi-tenant-spot-8x-8vcpu-16gb.k8s.local								masters.kops-multi-tenant-spot-8x-8vcpu-16gb.k8s.local
iam-role		nodes.kops-multi-tenant-spot-8x-8vcpu-16gb.k8s.local								nodes.kops-multi-tenant-spot-8x-8vcpu-16gb.k8s.local
instance		master-us-east-2a.masters.kops-multi-tenant-spot-8x-8vcpu-16gb.k8s.local					i-04271272fcf0e3ff3
instance		spot-group-base-8vcpus-16gb.kops-multi-tenant-spot-8x-8vcpu-16gb.k8s.local					i-00337c76564310cf1
instance		spot-group-base-8vcpus-16gb.kops-multi-tenant-spot-8x-8vcpu-16gb.k8s.local					i-0281bc0550b326e1b
instance		spot-group-base-8vcpus-16gb.kops-multi-tenant-spot-8x-8vcpu-16gb.k8s.local					i-05dd85b897fd88851
instance		spot-group-base-8vcpus-16gb.kops-multi-tenant-spot-8x-8vcpu-16gb.k8s.local					i-0602169abf142829d
instance		spot-group-base-8vcpus-16gb.kops-multi-tenant-spot-8x-8vcpu-16gb.k8s.local					i-08ac53e0b4c60c399
instance		spot-group-base-8vcpus-16gb.kops-multi-tenant-spot-8x-8vcpu-16gb.k8s.local					i-0a75712de22734f67
instance		spot-group-base-8vcpus-16gb.kops-multi-tenant-spot-8x-8vcpu-16gb.k8s.local					i-0c663eab1d00182fb
instance		spot-group-base-8vcpus-16gb.kops-multi-tenant-spot-8x-8vcpu-16gb.k8s.local					i-0efe618ac837cb83c
internet-gateway	kops-multi-tenant-spot-8x-8vcpu-16gb.k8s.local									igw-0eb94cc57b85e6557
keypair			kubernetes.kops-multi-tenant-spot-8x-8vcpu-16gb.k8s.local-4d:80:ed:89:18:48:88:b4:f8:df:3e:d9:39:3a:5d:48	key-0b477521d01f960be
load-balancer		api.kops-multi-tenant-spot-8x-8vcpu-16gb.k8s.local								api-kops-multi-tenant-spo-vpoln0
route-table		kops-multi-tenant-spot-8x-8vcpu-16gb.k8s.local									rtb-02a73295cfa650834
security-group		api-elb.kops-multi-tenant-spot-8x-8vcpu-16gb.k8s.local								sg-02049553f4122a351
security-group		masters.kops-multi-tenant-spot-8x-8vcpu-16gb.k8s.local								sg-0e05321e94006b936
security-group		nodes.kops-multi-tenant-spot-8x-8vcpu-16gb.k8s.local								sg-0ea4093a098bcef6f
subnet			us-east-2a.kops-multi-tenant-spot-8x-8vcpu-16gb.k8s.local							subnet-0e47d2db778a317f6
volume			c.etcd-events.kops-multi-tenant-spot-8x-8vcpu-16gb.k8s.local							vol-0fcf7283c7b1e0dbd
volume			c.etcd-main.kops-multi-tenant-spot-8x-8vcpu-16gb.k8s.local							vol-0cbbb2c901dbffed7
volume			master-us-east-2a.masters.kops-multi-tenant-spot-8x-8vcpu-16gb.k8s.local					vol-023e3b8e4eff9f3a9
volume			spot-group-base-8vcpus-16gb.kops-multi-tenant-spot-8x-8vcpu-16gb.k8s.local					vol-00def616635ef4e34
volume			spot-group-base-8vcpus-16gb.kops-multi-tenant-spot-8x-8vcpu-16gb.k8s.local					vol-03462627e2240e945
volume			spot-group-base-8vcpus-16gb.kops-multi-tenant-spot-8x-8vcpu-16gb.k8s.local					vol-064460ed5082db739
volume			spot-group-base-8vcpus-16gb.kops-multi-tenant-spot-8x-8vcpu-16gb.k8s.local					vol-0693294b6828a72d5
volume			spot-group-base-8vcpus-16gb.kops-multi-tenant-spot-8x-8vcpu-16gb.k8s.local					vol-08e08a8d642bbd466
volume			spot-group-base-8vcpus-16gb.kops-multi-tenant-spot-8x-8vcpu-16gb.k8s.local					vol-09e3fcbf3228fde22
volume			spot-group-base-8vcpus-16gb.kops-multi-tenant-spot-8x-8vcpu-16gb.k8s.local					vol-0e194a641e005c5bc
volume			spot-group-base-8vcpus-16gb.kops-multi-tenant-spot-8x-8vcpu-16gb.k8s.local					vol-0fb5d322362b5f823
vpc			kops-multi-tenant-spot-8x-8vcpu-16gb.k8s.local									vpc-0285d68f1d2332ed9

load-balancer:api-kops-multi-tenant-spo-vpoln0	ok
iam-instance-profile:masters.kops-multi-tenant-spot-8x-8vcpu-16gb.k8s.local	ok
autoscaling-group:master-us-east-2a.masters.kops-multi-tenant-spot-8x-8vcpu-16gb.k8s.local	ok
iam-instance-profile:nodes.kops-multi-tenant-spot-8x-8vcpu-16gb.k8s.local	ok
instance:i-0a75712de22734f67	ok
autoscaling-config:lt-055c995fb70f1eb14	ok
autoscaling-config:lt-0c8ebacffc03f4b1a	ok
autoscaling-group:spot-group-base-8vcpus-16gb.kops-multi-tenant-spot-8x-8vcpu-16gb.k8s.local	ok
internet-gateway:igw-0eb94cc57b85e6557	still has dependencies, will retry
instance:i-0c663eab1d00182fb	ok
instance:i-08ac53e0b4c60c399	ok
keypair:key-0b477521d01f960be	ok
instance:i-05dd85b897fd88851	ok
instance:i-0281bc0550b326e1b	ok
instance:i-0efe618ac837cb83c	ok
instance:i-04271272fcf0e3ff3	ok
instance:i-0602169abf142829d	ok
instance:i-00337c76564310cf1	ok
volume:vol-0fb5d322362b5f823	still has dependencies, will retry
volume:vol-0693294b6828a72d5	still has dependencies, will retry
volume:vol-023e3b8e4eff9f3a9	still has dependencies, will retry
volume:vol-0cbbb2c901dbffed7	still has dependencies, will retry
volume:vol-0fcf7283c7b1e0dbd	still has dependencies, will retry
volume:vol-09e3fcbf3228fde22	still has dependencies, will retry
volume:vol-03462627e2240e945	still has dependencies, will retry
volume:vol-08e08a8d642bbd466	still has dependencies, will retry
volume:vol-0e194a641e005c5bc	still has dependencies, will retry
volume:vol-00def616635ef4e34	still has dependencies, will retry
volume:vol-064460ed5082db739	still has dependencies, will retry
iam-role:masters.kops-multi-tenant-spot-8x-8vcpu-16gb.k8s.local	ok
subnet:subnet-0e47d2db778a317f6	still has dependencies, will retry
iam-role:nodes.kops-multi-tenant-spot-8x-8vcpu-16gb.k8s.local	ok
security-group:sg-02049553f4122a351	still has dependencies, will retry
security-group:sg-0e05321e94006b936	still has dependencies, will retry
security-group:sg-0ea4093a098bcef6f	still has dependencies, will retry
Not all resources deleted; waiting before reattempting deletion
	volume:vol-00def616635ef4e34
	security-group:sg-0e05321e94006b936
	internet-gateway:igw-0eb94cc57b85e6557
	dhcp-options:dopt-0e31eb18b205ab933
	volume:vol-08e08a8d642bbd466
	volume:vol-064460ed5082db739
	volume:vol-0e194a641e005c5bc
	route-table:rtb-02a73295cfa650834
	volume:vol-0fcf7283c7b1e0dbd
	subnet:subnet-0e47d2db778a317f6
	vpc:vpc-0285d68f1d2332ed9
	security-group:sg-0ea4093a098bcef6f
	volume:vol-0cbbb2c901dbffed7
	volume:vol-09e3fcbf3228fde22
	volume:vol-03462627e2240e945
	volume:vol-0fb5d322362b5f823
	volume:vol-023e3b8e4eff9f3a9
	volume:vol-0693294b6828a72d5
	security-group:sg-02049553f4122a351
volume:vol-00def616635ef4e34	still has dependencies, will retry
volume:vol-0e194a641e005c5bc	still has dependencies, will retry
volume:vol-0693294b6828a72d5	still has dependencies, will retry
volume:vol-0cbbb2c901dbffed7	still has dependencies, will retry
volume:vol-0fcf7283c7b1e0dbd	still has dependencies, will retry
volume:vol-08e08a8d642bbd466	still has dependencies, will retry
volume:vol-023e3b8e4eff9f3a9	still has dependencies, will retry
volume:vol-0fb5d322362b5f823	still has dependencies, will retry
volume:vol-064460ed5082db739	still has dependencies, will retry
volume:vol-09e3fcbf3228fde22	still has dependencies, will retry
volume:vol-03462627e2240e945	still has dependencies, will retry
subnet:subnet-0e47d2db778a317f6	still has dependencies, will retry
internet-gateway:igw-0eb94cc57b85e6557	still has dependencies, will retry
security-group:sg-0ea4093a098bcef6f	still has dependencies, will retry
security-group:sg-02049553f4122a351	still has dependencies, will retry
security-group:sg-0e05321e94006b936	still has dependencies, will retry
Not all resources deleted; waiting before reattempting deletion
	internet-gateway:igw-0eb94cc57b85e6557
	dhcp-options:dopt-0e31eb18b205ab933
	volume:vol-08e08a8d642bbd466
	volume:vol-064460ed5082db739
	volume:vol-0e194a641e005c5bc
	route-table:rtb-02a73295cfa650834
	volume:vol-0cbbb2c901dbffed7
	volume:vol-09e3fcbf3228fde22
	volume:vol-0fcf7283c7b1e0dbd
	subnet:subnet-0e47d2db778a317f6
	vpc:vpc-0285d68f1d2332ed9
	security-group:sg-0ea4093a098bcef6f
	volume:vol-03462627e2240e945
	volume:vol-0fb5d322362b5f823
	volume:vol-023e3b8e4eff9f3a9
	volume:vol-0693294b6828a72d5
	security-group:sg-02049553f4122a351
	volume:vol-00def616635ef4e34
	security-group:sg-0e05321e94006b936
volume:vol-0cbbb2c901dbffed7	still has dependencies, will retry
volume:vol-08e08a8d642bbd466	still has dependencies, will retry
volume:vol-0fb5d322362b5f823	still has dependencies, will retry
volume:vol-00def616635ef4e34	still has dependencies, will retry
volume:vol-064460ed5082db739	still has dependencies, will retry
volume:vol-0e194a641e005c5bc	still has dependencies, will retry
volume:vol-0693294b6828a72d5	still has dependencies, will retry
volume:vol-023e3b8e4eff9f3a9	still has dependencies, will retry
volume:vol-0fcf7283c7b1e0dbd	still has dependencies, will retry
volume:vol-09e3fcbf3228fde22	still has dependencies, will retry
volume:vol-03462627e2240e945	still has dependencies, will retry
subnet:subnet-0e47d2db778a317f6	still has dependencies, will retry
internet-gateway:igw-0eb94cc57b85e6557	still has dependencies, will retry
security-group:sg-0e05321e94006b936	still has dependencies, will retry
security-group:sg-0ea4093a098bcef6f	still has dependencies, will retry
security-group:sg-02049553f4122a351	ok
Not all resources deleted; waiting before reattempting deletion
	vpc:vpc-0285d68f1d2332ed9
	security-group:sg-0ea4093a098bcef6f
	volume:vol-0cbbb2c901dbffed7
	volume:vol-09e3fcbf3228fde22
	volume:vol-0fcf7283c7b1e0dbd
	subnet:subnet-0e47d2db778a317f6
	volume:vol-0fb5d322362b5f823
	volume:vol-023e3b8e4eff9f3a9
	volume:vol-03462627e2240e945
	volume:vol-0693294b6828a72d5
	volume:vol-00def616635ef4e34
	security-group:sg-0e05321e94006b936
	dhcp-options:dopt-0e31eb18b205ab933
	internet-gateway:igw-0eb94cc57b85e6557
	volume:vol-08e08a8d642bbd466
	volume:vol-064460ed5082db739
	volume:vol-0e194a641e005c5bc
	route-table:rtb-02a73295cfa650834
volume:vol-09e3fcbf3228fde22	still has dependencies, will retry
volume:vol-0fb5d322362b5f823	ok
volume:vol-03462627e2240e945	still has dependencies, will retry
volume:vol-0fcf7283c7b1e0dbd	still has dependencies, will retry
volume:vol-0693294b6828a72d5	still has dependencies, will retry
volume:vol-064460ed5082db739	still has dependencies, will retry
volume:vol-0cbbb2c901dbffed7	still has dependencies, will retry
volume:vol-00def616635ef4e34	still has dependencies, will retry
volume:vol-0e194a641e005c5bc	still has dependencies, will retry
volume:vol-023e3b8e4eff9f3a9	still has dependencies, will retry
volume:vol-08e08a8d642bbd466	still has dependencies, will retry
subnet:subnet-0e47d2db778a317f6	still has dependencies, will retry
internet-gateway:igw-0eb94cc57b85e6557	still has dependencies, will retry
security-group:sg-0e05321e94006b936	still has dependencies, will retry
security-group:sg-0ea4093a098bcef6f	still has dependencies, will retry
Not all resources deleted; waiting before reattempting deletion
	volume:vol-00def616635ef4e34
	security-group:sg-0e05321e94006b936
	dhcp-options:dopt-0e31eb18b205ab933
	internet-gateway:igw-0eb94cc57b85e6557
	volume:vol-08e08a8d642bbd466
	volume:vol-064460ed5082db739
	volume:vol-0e194a641e005c5bc
	route-table:rtb-02a73295cfa650834
	vpc:vpc-0285d68f1d2332ed9
	security-group:sg-0ea4093a098bcef6f
	volume:vol-0cbbb2c901dbffed7
	volume:vol-09e3fcbf3228fde22
	volume:vol-0fcf7283c7b1e0dbd
	subnet:subnet-0e47d2db778a317f6
	volume:vol-023e3b8e4eff9f3a9
	volume:vol-03462627e2240e945
	volume:vol-0693294b6828a72d5
volume:vol-0fcf7283c7b1e0dbd	still has dependencies, will retry
volume:vol-03462627e2240e945	still has dependencies, will retry
volume:vol-0cbbb2c901dbffed7	still has dependencies, will retry
volume:vol-00def616635ef4e34	still has dependencies, will retry
volume:vol-0693294b6828a72d5	still has dependencies, will retry
volume:vol-0e194a641e005c5bc	still has dependencies, will retry
volume:vol-023e3b8e4eff9f3a9	still has dependencies, will retry
volume:vol-08e08a8d642bbd466	still has dependencies, will retry
volume:vol-09e3fcbf3228fde22	still has dependencies, will retry
volume:vol-064460ed5082db739	ok
subnet:subnet-0e47d2db778a317f6	still has dependencies, will retry
internet-gateway:igw-0eb94cc57b85e6557	still has dependencies, will retry
security-group:sg-0ea4093a098bcef6f	still has dependencies, will retry
security-group:sg-0e05321e94006b936	still has dependencies, will retry
Not all resources deleted; waiting before reattempting deletion
	volume:vol-00def616635ef4e34
	security-group:sg-0e05321e94006b936
	dhcp-options:dopt-0e31eb18b205ab933
	internet-gateway:igw-0eb94cc57b85e6557
	volume:vol-08e08a8d642bbd466
	volume:vol-0e194a641e005c5bc
	route-table:rtb-02a73295cfa650834
	vpc:vpc-0285d68f1d2332ed9
	security-group:sg-0ea4093a098bcef6f
	volume:vol-0cbbb2c901dbffed7
	volume:vol-09e3fcbf3228fde22
	volume:vol-0fcf7283c7b1e0dbd
	subnet:subnet-0e47d2db778a317f6
	volume:vol-023e3b8e4eff9f3a9
	volume:vol-03462627e2240e945
	volume:vol-0693294b6828a72d5
volume:vol-00def616635ef4e34	still has dependencies, will retry
volume:vol-09e3fcbf3228fde22	still has dependencies, will retry
volume:vol-03462627e2240e945	still has dependencies, will retry
volume:vol-08e08a8d642bbd466	still has dependencies, will retry
volume:vol-0e194a641e005c5bc	still has dependencies, will retry
volume:vol-0693294b6828a72d5	still has dependencies, will retry
volume:vol-0fcf7283c7b1e0dbd	ok
volume:vol-0cbbb2c901dbffed7	ok
volume:vol-023e3b8e4eff9f3a9	ok
internet-gateway:igw-0eb94cc57b85e6557	still has dependencies, will retry
subnet:subnet-0e47d2db778a317f6	still has dependencies, will retry
security-group:sg-0e05321e94006b936	still has dependencies, will retry
security-group:sg-0ea4093a098bcef6f	still has dependencies, will retry
Not all resources deleted; waiting before reattempting deletion
	volume:vol-00def616635ef4e34
	security-group:sg-0e05321e94006b936
	internet-gateway:igw-0eb94cc57b85e6557
	dhcp-options:dopt-0e31eb18b205ab933
	volume:vol-08e08a8d642bbd466
	volume:vol-0e194a641e005c5bc
	route-table:rtb-02a73295cfa650834
	volume:vol-09e3fcbf3228fde22
	subnet:subnet-0e47d2db778a317f6
	vpc:vpc-0285d68f1d2332ed9
	security-group:sg-0ea4093a098bcef6f
	volume:vol-03462627e2240e945
	volume:vol-0693294b6828a72d5
volume:vol-0e194a641e005c5bc	ok
volume:vol-0693294b6828a72d5	still has dependencies, will retry
volume:vol-03462627e2240e945	still has dependencies, will retry
volume:vol-00def616635ef4e34	ok
volume:vol-08e08a8d642bbd466	ok
volume:vol-09e3fcbf3228fde22	ok
subnet:subnet-0e47d2db778a317f6	still has dependencies, will retry
internet-gateway:igw-0eb94cc57b85e6557	still has dependencies, will retry
security-group:sg-0e05321e94006b936	ok
security-group:sg-0ea4093a098bcef6f	still has dependencies, will retry
Not all resources deleted; waiting before reattempting deletion
	route-table:rtb-02a73295cfa650834
	subnet:subnet-0e47d2db778a317f6
	vpc:vpc-0285d68f1d2332ed9
	security-group:sg-0ea4093a098bcef6f
	volume:vol-03462627e2240e945
	volume:vol-0693294b6828a72d5
	internet-gateway:igw-0eb94cc57b85e6557
	dhcp-options:dopt-0e31eb18b205ab933
volume:vol-03462627e2240e945	ok
subnet:subnet-0e47d2db778a317f6	still has dependencies, will retry
volume:vol-0693294b6828a72d5	still has dependencies, will retry
internet-gateway:igw-0eb94cc57b85e6557	ok
security-group:sg-0ea4093a098bcef6f	still has dependencies, will retry
Not all resources deleted; waiting before reattempting deletion
	security-group:sg-0ea4093a098bcef6f
	subnet:subnet-0e47d2db778a317f6
	vpc:vpc-0285d68f1d2332ed9
	volume:vol-0693294b6828a72d5
	dhcp-options:dopt-0e31eb18b205ab933
	route-table:rtb-02a73295cfa650834
subnet:subnet-0e47d2db778a317f6	ok
volume:vol-0693294b6828a72d5	ok
security-group:sg-0ea4093a098bcef6f	ok
route-table:rtb-02a73295cfa650834	ok
vpc:vpc-0285d68f1d2332ed9	ok
dhcp-options:dopt-0e31eb18b205ab933	ok
Deleted kubectl config for kops-multi-tenant-spot-8x-8vcpu-16gb.k8s.local

Deleted cluster: "kops-multi-tenant-spot-8x-8vcpu-16gb.k8s.local"

Time: 97 seconds
