kOps has set your kubectl context to kops-multi-tenant-spot-1x-72vcpu-144gb.k8s.local

Cluster is starting.  It should be ready in a few minutes.

Suggestions:
 * validate cluster: kops validate cluster --wait 10m
 * list nodes: kubectl get nodes --show-labels
 * ssh to the master: ssh -i ~/.ssh/id_rsa ubuntu@api.kops-multi-tenant-spot-1x-72vcpu-144gb.k8s.local
 * the ubuntu user is specific to Ubuntu. If not using Ubuntu please use the appropriate user based on your OS.
 * read about installing addons at: https://kops.sigs.k8s.io/addons.

Validating cluster kops-multi-tenant-spot-1x-72vcpu-144gb.k8s.local

INSTANCE GROUPS
NAME				ROLE	MACHINETYPE	MIN	MAX	SUBNETS
master-us-east-2a		Master	m5n.2xlarge	1	1	us-east-2a
spot-group-base-72vcpus-144gb	Node	c5.18xlarge	1	1	us-east-2a

NODE STATUS
NAME	ROLE	READY

VALIDATION ERRORS
KIND	NAME			MESSAGE
Machine	i-0741c081e2d8e9096	machine "i-0741c081e2d8e9096" has not yet joined cluster
Machine	i-0d53958c1c098c14b	machine "i-0d53958c1c098c14b" has not yet joined cluster

Validation Failed
INSTANCE GROUPS
NAME				ROLE	MACHINETYPE	MIN	MAX	SUBNETS
master-us-east-2a		Master	m5n.2xlarge	1	1	us-east-2a
spot-group-base-72vcpus-144gb	Node	c5.18xlarge	1	1	us-east-2a

NODE STATUS
NAME	ROLE	READY

VALIDATION ERRORS
KIND	NAME			MESSAGE
Machine	i-0741c081e2d8e9096	machine "i-0741c081e2d8e9096" has not yet joined cluster
Machine	i-0d53958c1c098c14b	machine "i-0d53958c1c098c14b" has not yet joined cluster

Validation Failed
INSTANCE GROUPS
NAME				ROLE	MACHINETYPE	MIN	MAX	SUBNETS
master-us-east-2a		Master	m5n.2xlarge	1	1	us-east-2a
spot-group-base-72vcpus-144gb	Node	c5.18xlarge	1	1	us-east-2a

NODE STATUS
NAME	ROLE	READY

VALIDATION ERRORS
KIND	NAME							MESSAGE
Machine	i-0741c081e2d8e9096					machine "i-0741c081e2d8e9096" has not yet joined cluster
Machine	i-0d53958c1c098c14b					machine "i-0d53958c1c098c14b" has not yet joined cluster
Pod	kube-system/aws-cloud-controller-manager-78hs9		system-cluster-critical pod "aws-cloud-controller-manager-78hs9" is pending
Pod	kube-system/calico-kube-controllers-8b548fb5d-9zdrk	system-cluster-critical pod "calico-kube-controllers-8b548fb5d-9zdrk" is pending
Pod	kube-system/calico-node-vz8f6				system-node-critical pod "calico-node-vz8f6" is pending
Pod	kube-system/coredns-6b5bc459c-pgml9			system-cluster-critical pod "coredns-6b5bc459c-pgml9" is pending
Pod	kube-system/coredns-autoscaler-5685d4f67b-5c7xk		system-cluster-critical pod "coredns-autoscaler-5685d4f67b-5c7xk" is pending
Pod	kube-system/dns-controller-7988b4697f-m9vjz		system-cluster-critical pod "dns-controller-7988b4697f-m9vjz" is pending
Pod	kube-system/ebs-csi-controller-6bb9b686b6-q4pb6		system-cluster-critical pod "ebs-csi-controller-6bb9b686b6-q4pb6" is pending
Pod	kube-system/ebs-csi-node-dn6m9				system-node-critical pod "ebs-csi-node-dn6m9" is pending
Pod	kube-system/kops-controller-tbk2k			system-cluster-critical pod "kops-controller-tbk2k" is pending

Validation Failed
INSTANCE GROUPS
NAME				ROLE	MACHINETYPE	MIN	MAX	SUBNETS
master-us-east-2a		Master	m5n.2xlarge	1	1	us-east-2a
spot-group-base-72vcpus-144gb	Node	c5.18xlarge	1	1	us-east-2a

NODE STATUS
NAME			ROLE	READY
i-0d53958c1c098c14b	master	False

VALIDATION ERRORS
KIND	NAME							MESSAGE
Machine	i-0741c081e2d8e9096					machine "i-0741c081e2d8e9096" has not yet joined cluster
Node	i-0d53958c1c098c14b					node "i-0d53958c1c098c14b" of role "master" is not ready
Pod	kube-system/calico-kube-controllers-8b548fb5d-9zdrk	system-cluster-critical pod "calico-kube-controllers-8b548fb5d-9zdrk" is pending
Pod	kube-system/calico-node-vz8f6				system-node-critical pod "calico-node-vz8f6" is pending
Pod	kube-system/coredns-6b5bc459c-pgml9			system-cluster-critical pod "coredns-6b5bc459c-pgml9" is pending
Pod	kube-system/coredns-autoscaler-5685d4f67b-5c7xk		system-cluster-critical pod "coredns-autoscaler-5685d4f67b-5c7xk" is pending
Pod	kube-system/dns-controller-7988b4697f-m9vjz		system-cluster-critical pod "dns-controller-7988b4697f-m9vjz" is pending
Pod	kube-system/ebs-csi-controller-6bb9b686b6-q4pb6		system-cluster-critical pod "ebs-csi-controller-6bb9b686b6-q4pb6" is pending
Pod	kube-system/ebs-csi-node-dn6m9				system-node-critical pod "ebs-csi-node-dn6m9" is pending
Pod	kube-system/kube-proxy-i-0d53958c1c098c14b		system-node-critical pod "kube-proxy-i-0d53958c1c098c14b" is pending

Validation Failed
INSTANCE GROUPS
NAME				ROLE	MACHINETYPE	MIN	MAX	SUBNETS
master-us-east-2a		Master	m5n.2xlarge	1	1	us-east-2a
spot-group-base-72vcpus-144gb	Node	c5.18xlarge	1	1	us-east-2a

NODE STATUS
NAME			ROLE	READY
i-0d53958c1c098c14b	master	False

VALIDATION ERRORS
KIND	NAME							MESSAGE
Machine	i-0741c081e2d8e9096					machine "i-0741c081e2d8e9096" has not yet joined cluster
Node	i-0d53958c1c098c14b					node "i-0d53958c1c098c14b" of role "master" is not ready
Pod	kube-system/calico-kube-controllers-8b548fb5d-9zdrk	system-cluster-critical pod "calico-kube-controllers-8b548fb5d-9zdrk" is pending
Pod	kube-system/calico-node-vz8f6				system-node-critical pod "calico-node-vz8f6" is not ready (calico-node)
Pod	kube-system/coredns-6b5bc459c-pgml9			system-cluster-critical pod "coredns-6b5bc459c-pgml9" is pending
Pod	kube-system/coredns-autoscaler-5685d4f67b-5c7xk		system-cluster-critical pod "coredns-autoscaler-5685d4f67b-5c7xk" is pending
Pod	kube-system/ebs-csi-controller-6bb9b686b6-q4pb6		system-cluster-critical pod "ebs-csi-controller-6bb9b686b6-q4pb6" is pending
Pod	kube-system/ebs-csi-node-dn6m9				system-node-critical pod "ebs-csi-node-dn6m9" is pending
Pod	kube-system/kube-scheduler-i-0d53958c1c098c14b		system-cluster-critical pod "kube-scheduler-i-0d53958c1c098c14b" is pending

Validation Failed
INSTANCE GROUPS
NAME				ROLE	MACHINETYPE	MIN	MAX	SUBNETS
master-us-east-2a		Master	m5n.2xlarge	1	1	us-east-2a
spot-group-base-72vcpus-144gb	Node	c5.18xlarge	1	1	us-east-2a

NODE STATUS
NAME			ROLE	READY
i-0d53958c1c098c14b	master	True

VALIDATION ERRORS
KIND	NAME							MESSAGE
Machine	i-0741c081e2d8e9096					machine "i-0741c081e2d8e9096" has not yet joined cluster
Node	i-0d53958c1c098c14b					master "i-0d53958c1c098c14b" is missing kube-apiserver pod
Pod	kube-system/calico-node-j6jtg				system-node-critical pod "calico-node-j6jtg" is pending
Pod	kube-system/coredns-6b5bc459c-pgml9			system-cluster-critical pod "coredns-6b5bc459c-pgml9" is pending
Pod	kube-system/coredns-autoscaler-5685d4f67b-5c7xk		system-cluster-critical pod "coredns-autoscaler-5685d4f67b-5c7xk" is pending
Pod	kube-system/ebs-csi-controller-6bb9b686b6-q4pb6		system-cluster-critical pod "ebs-csi-controller-6bb9b686b6-q4pb6" is pending
Pod	kube-system/ebs-csi-node-dn6m9				system-node-critical pod "ebs-csi-node-dn6m9" is pending
Pod	kube-system/ebs-csi-node-ls5gf				system-node-critical pod "ebs-csi-node-ls5gf" is pending
Pod	kube-system/etcd-manager-main-i-0d53958c1c098c14b	system-cluster-critical pod "etcd-manager-main-i-0d53958c1c098c14b" is pending
Pod	kube-system/kube-apiserver-i-0d53958c1c098c14b		system-cluster-critical pod "kube-apiserver-i-0d53958c1c098c14b" is pending

Validation Failed
INSTANCE GROUPS
NAME				ROLE	MACHINETYPE	MIN	MAX	SUBNETS
master-us-east-2a		Master	m5n.2xlarge	1	1	us-east-2a
spot-group-base-72vcpus-144gb	Node	c5.18xlarge	1	1	us-east-2a

NODE STATUS
NAME			ROLE	READY
i-0741c081e2d8e9096	node	False
i-0d53958c1c098c14b	master	True

VALIDATION ERRORS
KIND	NAME						MESSAGE
Node	i-0741c081e2d8e9096				node "i-0741c081e2d8e9096" of role "node" is not ready
Pod	kube-system/calico-node-j6jtg			system-node-critical pod "calico-node-j6jtg" is pending
Pod	kube-system/coredns-6b5bc459c-pgml9		system-cluster-critical pod "coredns-6b5bc459c-pgml9" is pending
Pod	kube-system/coredns-autoscaler-5685d4f67b-5c7xk	system-cluster-critical pod "coredns-autoscaler-5685d4f67b-5c7xk" is pending
Pod	kube-system/ebs-csi-controller-6bb9b686b6-q4pb6	system-cluster-critical pod "ebs-csi-controller-6bb9b686b6-q4pb6" is not ready (ebs-plugin)
Pod	kube-system/ebs-csi-node-ls5gf			system-node-critical pod "ebs-csi-node-ls5gf" is pending

Validation Failed
INSTANCE GROUPS
NAME				ROLE	MACHINETYPE	MIN	MAX	SUBNETS
master-us-east-2a		Master	m5n.2xlarge	1	1	us-east-2a
spot-group-base-72vcpus-144gb	Node	c5.18xlarge	1	1	us-east-2a

NODE STATUS
NAME			ROLE	READY
i-0741c081e2d8e9096	node	True
i-0d53958c1c098c14b	master	True

VALIDATION ERRORS
KIND	NAME						MESSAGE
Pod	kube-system/calico-node-j6jtg			system-node-critical pod "calico-node-j6jtg" is not ready (calico-node)
Pod	kube-system/coredns-6b5bc459c-pgml9		system-cluster-critical pod "coredns-6b5bc459c-pgml9" is pending
Pod	kube-system/coredns-autoscaler-5685d4f67b-5c7xk	system-cluster-critical pod "coredns-autoscaler-5685d4f67b-5c7xk" is pending
Pod	kube-system/ebs-csi-node-ls5gf			system-node-critical pod "ebs-csi-node-ls5gf" is pending

Validation Failed
INSTANCE GROUPS
NAME				ROLE	MACHINETYPE	MIN	MAX	SUBNETS
master-us-east-2a		Master	m5n.2xlarge	1	1	us-east-2a
spot-group-base-72vcpus-144gb	Node	c5.18xlarge	1	1	us-east-2a

NODE STATUS
NAME			ROLE	READY
i-0741c081e2d8e9096	node	True
i-0d53958c1c098c14b	master	True

VALIDATION ERRORS
KIND	NAME				MESSAGE
Pod	kube-system/ebs-csi-node-ls5gf	system-node-critical pod "ebs-csi-node-ls5gf" is pending

Validation Failed
INSTANCE GROUPS
NAME				ROLE	MACHINETYPE	MIN	MAX	SUBNETS
master-us-east-2a		Master	m5n.2xlarge	1	1	us-east-2a
spot-group-base-72vcpus-144gb	Node	c5.18xlarge	1	1	us-east-2a

NODE STATUS
NAME			ROLE	READY
i-0741c081e2d8e9096	node	True
i-0d53958c1c098c14b	master	True

Your cluster kops-multi-tenant-spot-1x-72vcpu-144gb.k8s.local is ready

Time: 254 seconds
