kOps has set your kubectl context to kops-multi-tenant-spot-1x-72vcpu-144gb.k8s.local

Cluster is starting.  It should be ready in a few minutes.

Suggestions:
 * validate cluster: kops validate cluster --wait 10m
 * list nodes: kubectl get nodes --show-labels
 * ssh to the master: ssh -i ~/.ssh/id_rsa ubuntu@api.kops-multi-tenant-spot-1x-72vcpu-144gb.k8s.local
 * the ubuntu user is specific to Ubuntu. If not using Ubuntu please use the appropriate user based on your OS.
 * read about installing addons at: https://kops.sigs.k8s.io/addons.

Validating cluster kops-multi-tenant-spot-1x-72vcpu-144gb.k8s.local

INSTANCE GROUPS
NAME				ROLE	MACHINETYPE	MIN	MAX	SUBNETS
master-us-east-2a		Master	m5n.2xlarge	1	1	us-east-2a
spot-group-base-72vcpus-144gb	Node	c5.18xlarge	1	1	us-east-2a

NODE STATUS
NAME	ROLE	READY

VALIDATION ERRORS
KIND	NAME			MESSAGE
Machine	i-01c2d72ecc916ac85	machine "i-01c2d72ecc916ac85" has not yet joined cluster
Machine	i-05696a47a40b9ebec	machine "i-05696a47a40b9ebec" has not yet joined cluster

Validation Failed
INSTANCE GROUPS
NAME				ROLE	MACHINETYPE	MIN	MAX	SUBNETS
master-us-east-2a		Master	m5n.2xlarge	1	1	us-east-2a
spot-group-base-72vcpus-144gb	Node	c5.18xlarge	1	1	us-east-2a

NODE STATUS
NAME			ROLE	READY
i-05696a47a40b9ebec	master	False

VALIDATION ERRORS
KIND	NAME							MESSAGE
Machine	i-01c2d72ecc916ac85					machine "i-01c2d72ecc916ac85" has not yet joined cluster
Node	i-05696a47a40b9ebec					node "i-05696a47a40b9ebec" of role "master" is not ready
Pod	kube-system/calico-kube-controllers-8b548fb5d-mfvgl	system-cluster-critical pod "calico-kube-controllers-8b548fb5d-mfvgl" is pending
Pod	kube-system/calico-node-xvw4l				system-node-critical pod "calico-node-xvw4l" is pending
Pod	kube-system/coredns-6b5bc459c-jkw6m			system-cluster-critical pod "coredns-6b5bc459c-jkw6m" is pending
Pod	kube-system/coredns-autoscaler-5685d4f67b-29kff		system-cluster-critical pod "coredns-autoscaler-5685d4f67b-29kff" is pending
Pod	kube-system/dns-controller-7988b4697f-pcl98		system-cluster-critical pod "dns-controller-7988b4697f-pcl98" is pending
Pod	kube-system/ebs-csi-controller-6bb9b686b6-5867w		system-cluster-critical pod "ebs-csi-controller-6bb9b686b6-5867w" is pending
Pod	kube-system/ebs-csi-node-z26sw				system-node-critical pod "ebs-csi-node-z26sw" is pending
Pod	kube-system/kops-controller-rqgkv			system-cluster-critical pod "kops-controller-rqgkv" is pending

Validation Failed
INSTANCE GROUPS
NAME				ROLE	MACHINETYPE	MIN	MAX	SUBNETS
master-us-east-2a		Master	m5n.2xlarge	1	1	us-east-2a
spot-group-base-72vcpus-144gb	Node	c5.18xlarge	1	1	us-east-2a

NODE STATUS
NAME			ROLE	READY
i-05696a47a40b9ebec	master	False

VALIDATION ERRORS
KIND	NAME							MESSAGE
Machine	i-01c2d72ecc916ac85					machine "i-01c2d72ecc916ac85" has not yet joined cluster
Node	i-05696a47a40b9ebec					node "i-05696a47a40b9ebec" of role "master" is not ready
Pod	kube-system/calico-kube-controllers-8b548fb5d-mfvgl	system-cluster-critical pod "calico-kube-controllers-8b548fb5d-mfvgl" is pending
Pod	kube-system/calico-node-xvw4l				system-node-critical pod "calico-node-xvw4l" is pending
Pod	kube-system/coredns-6b5bc459c-jkw6m			system-cluster-critical pod "coredns-6b5bc459c-jkw6m" is pending
Pod	kube-system/coredns-autoscaler-5685d4f67b-29kff		system-cluster-critical pod "coredns-autoscaler-5685d4f67b-29kff" is pending
Pod	kube-system/ebs-csi-controller-6bb9b686b6-5867w		system-cluster-critical pod "ebs-csi-controller-6bb9b686b6-5867w" is pending
Pod	kube-system/ebs-csi-node-z26sw				system-node-critical pod "ebs-csi-node-z26sw" is pending

Validation Failed
INSTANCE GROUPS
NAME				ROLE	MACHINETYPE	MIN	MAX	SUBNETS
master-us-east-2a		Master	m5n.2xlarge	1	1	us-east-2a
spot-group-base-72vcpus-144gb	Node	c5.18xlarge	1	1	us-east-2a

NODE STATUS
NAME			ROLE	READY
i-05696a47a40b9ebec	master	True

VALIDATION ERRORS
KIND	NAME							MESSAGE
Machine	i-01c2d72ecc916ac85					machine "i-01c2d72ecc916ac85" has not yet joined cluster
Node	i-05696a47a40b9ebec					master "i-05696a47a40b9ebec" is missing kube-apiserver pod
Node	i-05696a47a40b9ebec					master "i-05696a47a40b9ebec" is missing kube-controller-manager pod
Node	i-05696a47a40b9ebec					master "i-05696a47a40b9ebec" is missing kube-scheduler pod
Pod	kube-system/calico-kube-controllers-8b548fb5d-mfvgl	system-cluster-critical pod "calico-kube-controllers-8b548fb5d-mfvgl" is pending
Pod	kube-system/calico-node-xvw4l				system-node-critical pod "calico-node-xvw4l" is not ready (calico-node)
Pod	kube-system/coredns-6b5bc459c-jkw6m			system-cluster-critical pod "coredns-6b5bc459c-jkw6m" is pending
Pod	kube-system/coredns-autoscaler-5685d4f67b-29kff		system-cluster-critical pod "coredns-autoscaler-5685d4f67b-29kff" is pending
Pod	kube-system/ebs-csi-controller-6bb9b686b6-5867w		system-cluster-critical pod "ebs-csi-controller-6bb9b686b6-5867w" is pending
Pod	kube-system/ebs-csi-node-z26sw				system-node-critical pod "ebs-csi-node-z26sw" is pending
Pod	kube-system/kube-proxy-i-05696a47a40b9ebec		system-node-critical pod "kube-proxy-i-05696a47a40b9ebec" is pending

Validation Failed
INSTANCE GROUPS
NAME				ROLE	MACHINETYPE	MIN	MAX	SUBNETS
master-us-east-2a		Master	m5n.2xlarge	1	1	us-east-2a
spot-group-base-72vcpus-144gb	Node	c5.18xlarge	1	1	us-east-2a

NODE STATUS
NAME			ROLE	READY
i-05696a47a40b9ebec	master	True

VALIDATION ERRORS
KIND	NAME							MESSAGE
Machine	i-01c2d72ecc916ac85					machine "i-01c2d72ecc916ac85" has not yet joined cluster
Node	i-05696a47a40b9ebec					master "i-05696a47a40b9ebec" is missing kube-apiserver pod
Node	i-05696a47a40b9ebec					master "i-05696a47a40b9ebec" is missing kube-controller-manager pod
Node	i-05696a47a40b9ebec					master "i-05696a47a40b9ebec" is missing kube-scheduler pod
Pod	kube-system/coredns-6b5bc459c-jkw6m			system-cluster-critical pod "coredns-6b5bc459c-jkw6m" is pending
Pod	kube-system/coredns-autoscaler-5685d4f67b-29kff		system-cluster-critical pod "coredns-autoscaler-5685d4f67b-29kff" is pending
Pod	kube-system/ebs-csi-controller-6bb9b686b6-5867w		system-cluster-critical pod "ebs-csi-controller-6bb9b686b6-5867w" is not ready (ebs-plugin)
Pod	kube-system/etcd-manager-events-i-05696a47a40b9ebec	system-cluster-critical pod "etcd-manager-events-i-05696a47a40b9ebec" is pending

Validation Failed
INSTANCE GROUPS
NAME				ROLE	MACHINETYPE	MIN	MAX	SUBNETS
master-us-east-2a		Master	m5n.2xlarge	1	1	us-east-2a
spot-group-base-72vcpus-144gb	Node	c5.18xlarge	1	1	us-east-2a

NODE STATUS
NAME			ROLE	READY
i-05696a47a40b9ebec	master	True

VALIDATION ERRORS
KIND	NAME						MESSAGE
Machine	i-01c2d72ecc916ac85				machine "i-01c2d72ecc916ac85" has not yet joined cluster
Node	i-05696a47a40b9ebec				master "i-05696a47a40b9ebec" is missing kube-apiserver pod
Pod	kube-system/coredns-6b5bc459c-jkw6m		system-cluster-critical pod "coredns-6b5bc459c-jkw6m" is pending
Pod	kube-system/coredns-autoscaler-5685d4f67b-29kff	system-cluster-critical pod "coredns-autoscaler-5685d4f67b-29kff" is pending

Validation Failed
INSTANCE GROUPS
NAME				ROLE	MACHINETYPE	MIN	MAX	SUBNETS
master-us-east-2a		Master	m5n.2xlarge	1	1	us-east-2a
spot-group-base-72vcpus-144gb	Node	c5.18xlarge	1	1	us-east-2a

NODE STATUS
NAME			ROLE	READY
i-05696a47a40b9ebec	master	True

VALIDATION ERRORS
KIND	NAME						MESSAGE
Machine	i-01c2d72ecc916ac85				machine "i-01c2d72ecc916ac85" has not yet joined cluster
Node	i-05696a47a40b9ebec				master "i-05696a47a40b9ebec" is missing kube-apiserver pod
Pod	kube-system/coredns-6b5bc459c-jkw6m		system-cluster-critical pod "coredns-6b5bc459c-jkw6m" is pending
Pod	kube-system/coredns-autoscaler-5685d4f67b-29kff	system-cluster-critical pod "coredns-autoscaler-5685d4f67b-29kff" is pending

Validation Failed
INSTANCE GROUPS
NAME				ROLE	MACHINETYPE	MIN	MAX	SUBNETS
master-us-east-2a		Master	m5n.2xlarge	1	1	us-east-2a
spot-group-base-72vcpus-144gb	Node	c5.18xlarge	1	1	us-east-2a

NODE STATUS
NAME			ROLE	READY
i-05696a47a40b9ebec	master	True

VALIDATION ERRORS
KIND	NAME						MESSAGE
Machine	i-01c2d72ecc916ac85				machine "i-01c2d72ecc916ac85" has not yet joined cluster
Pod	kube-system/coredns-6b5bc459c-jkw6m		system-cluster-critical pod "coredns-6b5bc459c-jkw6m" is pending
Pod	kube-system/coredns-autoscaler-5685d4f67b-29kff	system-cluster-critical pod "coredns-autoscaler-5685d4f67b-29kff" is pending

Validation Failed
INSTANCE GROUPS
NAME				ROLE	MACHINETYPE	MIN	MAX	SUBNETS
master-us-east-2a		Master	m5n.2xlarge	1	1	us-east-2a
spot-group-base-72vcpus-144gb	Node	c5.18xlarge	1	1	us-east-2a

NODE STATUS
NAME			ROLE	READY
i-01c2d72ecc916ac85	node	False
i-05696a47a40b9ebec	master	True

VALIDATION ERRORS
KIND	NAME						MESSAGE
Node	i-01c2d72ecc916ac85				node "i-01c2d72ecc916ac85" of role "node" is not ready
Pod	kube-system/calico-node-7dlb8			system-node-critical pod "calico-node-7dlb8" is pending
Pod	kube-system/coredns-6b5bc459c-jkw6m		system-cluster-critical pod "coredns-6b5bc459c-jkw6m" is pending
Pod	kube-system/coredns-autoscaler-5685d4f67b-29kff	system-cluster-critical pod "coredns-autoscaler-5685d4f67b-29kff" is pending
Pod	kube-system/ebs-csi-node-mtgj6			system-node-critical pod "ebs-csi-node-mtgj6" is pending

Validation Failed
INSTANCE GROUPS
NAME				ROLE	MACHINETYPE	MIN	MAX	SUBNETS
master-us-east-2a		Master	m5n.2xlarge	1	1	us-east-2a
spot-group-base-72vcpus-144gb	Node	c5.18xlarge	1	1	us-east-2a

NODE STATUS
NAME			ROLE	READY
i-01c2d72ecc916ac85	node	False
i-05696a47a40b9ebec	master	True

VALIDATION ERRORS
KIND	NAME						MESSAGE
Node	i-01c2d72ecc916ac85				node "i-01c2d72ecc916ac85" of role "node" is not ready
Pod	kube-system/calico-node-7dlb8			system-node-critical pod "calico-node-7dlb8" is pending
Pod	kube-system/coredns-6b5bc459c-jkw6m		system-cluster-critical pod "coredns-6b5bc459c-jkw6m" is pending
Pod	kube-system/coredns-autoscaler-5685d4f67b-29kff	system-cluster-critical pod "coredns-autoscaler-5685d4f67b-29kff" is pending
Pod	kube-system/ebs-csi-node-mtgj6			system-node-critical pod "ebs-csi-node-mtgj6" is pending
Pod	kube-system/kube-proxy-i-01c2d72ecc916ac85	system-node-critical pod "kube-proxy-i-01c2d72ecc916ac85" is pending

Validation Failed
INSTANCE GROUPS
NAME				ROLE	MACHINETYPE	MIN	MAX	SUBNETS
master-us-east-2a		Master	m5n.2xlarge	1	1	us-east-2a
spot-group-base-72vcpus-144gb	Node	c5.18xlarge	1	1	us-east-2a

NODE STATUS
NAME			ROLE	READY
i-01c2d72ecc916ac85	node	False
i-05696a47a40b9ebec	master	True

VALIDATION ERRORS
KIND	NAME						MESSAGE
Node	i-01c2d72ecc916ac85				node "i-01c2d72ecc916ac85" of role "node" is not ready
Pod	kube-system/calico-node-7dlb8			system-node-critical pod "calico-node-7dlb8" is pending
Pod	kube-system/coredns-6b5bc459c-jkw6m		system-cluster-critical pod "coredns-6b5bc459c-jkw6m" is pending
Pod	kube-system/coredns-autoscaler-5685d4f67b-29kff	system-cluster-critical pod "coredns-autoscaler-5685d4f67b-29kff" is pending
Pod	kube-system/ebs-csi-node-mtgj6			system-node-critical pod "ebs-csi-node-mtgj6" is pending

Validation Failed
INSTANCE GROUPS
NAME				ROLE	MACHINETYPE	MIN	MAX	SUBNETS
master-us-east-2a		Master	m5n.2xlarge	1	1	us-east-2a
spot-group-base-72vcpus-144gb	Node	c5.18xlarge	1	1	us-east-2a

NODE STATUS
NAME			ROLE	READY
i-01c2d72ecc916ac85	node	False
i-05696a47a40b9ebec	master	True

VALIDATION ERRORS
KIND	NAME						MESSAGE
Node	i-01c2d72ecc916ac85				node "i-01c2d72ecc916ac85" of role "node" is not ready
Pod	kube-system/calico-node-7dlb8			system-node-critical pod "calico-node-7dlb8" is pending
Pod	kube-system/coredns-6b5bc459c-jkw6m		system-cluster-critical pod "coredns-6b5bc459c-jkw6m" is pending
Pod	kube-system/coredns-autoscaler-5685d4f67b-29kff	system-cluster-critical pod "coredns-autoscaler-5685d4f67b-29kff" is pending
Pod	kube-system/ebs-csi-node-mtgj6			system-node-critical pod "ebs-csi-node-mtgj6" is pending

Validation Failed
INSTANCE GROUPS
NAME				ROLE	MACHINETYPE	MIN	MAX	SUBNETS
master-us-east-2a		Master	m5n.2xlarge	1	1	us-east-2a
spot-group-base-72vcpus-144gb	Node	c5.18xlarge	1	1	us-east-2a

NODE STATUS
NAME			ROLE	READY
i-01c2d72ecc916ac85	node	False
i-05696a47a40b9ebec	master	True

VALIDATION ERRORS
KIND	NAME						MESSAGE
Node	i-01c2d72ecc916ac85				node "i-01c2d72ecc916ac85" of role "node" is not ready
Pod	kube-system/calico-node-7dlb8			system-node-critical pod "calico-node-7dlb8" is pending
Pod	kube-system/coredns-6b5bc459c-jkw6m		system-cluster-critical pod "coredns-6b5bc459c-jkw6m" is pending
Pod	kube-system/coredns-autoscaler-5685d4f67b-29kff	system-cluster-critical pod "coredns-autoscaler-5685d4f67b-29kff" is pending
Pod	kube-system/ebs-csi-node-mtgj6			system-node-critical pod "ebs-csi-node-mtgj6" is pending

Validation Failed
INSTANCE GROUPS
NAME				ROLE	MACHINETYPE	MIN	MAX	SUBNETS
master-us-east-2a		Master	m5n.2xlarge	1	1	us-east-2a
spot-group-base-72vcpus-144gb	Node	c5.18xlarge	1	1	us-east-2a

NODE STATUS
NAME			ROLE	READY
i-01c2d72ecc916ac85	node	True
i-05696a47a40b9ebec	master	True

VALIDATION ERRORS
KIND	NAME						MESSAGE
Pod	kube-system/calico-node-7dlb8			system-node-critical pod "calico-node-7dlb8" is not ready (calico-node)
Pod	kube-system/coredns-6b5bc459c-jkw6m		system-cluster-critical pod "coredns-6b5bc459c-jkw6m" is pending
Pod	kube-system/coredns-autoscaler-5685d4f67b-29kff	system-cluster-critical pod "coredns-autoscaler-5685d4f67b-29kff" is pending
Pod	kube-system/ebs-csi-node-mtgj6			system-node-critical pod "ebs-csi-node-mtgj6" is pending

Validation Failed
INSTANCE GROUPS
NAME				ROLE	MACHINETYPE	MIN	MAX	SUBNETS
master-us-east-2a		Master	m5n.2xlarge	1	1	us-east-2a
spot-group-base-72vcpus-144gb	Node	c5.18xlarge	1	1	us-east-2a

NODE STATUS
NAME			ROLE	READY
i-01c2d72ecc916ac85	node	True
i-05696a47a40b9ebec	master	True

Your cluster kops-multi-tenant-spot-1x-72vcpu-144gb.k8s.local is ready

Time: 304 seconds
