kOps has set your kubectl context to kops-multi-tenant-spot-1x-72vcpu-144gb.k8s.local

Cluster is starting.  It should be ready in a few minutes.

Suggestions:
 * validate cluster: kops validate cluster --wait 10m
 * list nodes: kubectl get nodes --show-labels
 * ssh to the master: ssh -i ~/.ssh/id_rsa ubuntu@api.kops-multi-tenant-spot-1x-72vcpu-144gb.k8s.local
 * the ubuntu user is specific to Ubuntu. If not using Ubuntu please use the appropriate user based on your OS.
 * read about installing addons at: https://kops.sigs.k8s.io/addons.

Validating cluster kops-multi-tenant-spot-1x-72vcpu-144gb.k8s.local

INSTANCE GROUPS
NAME				ROLE	MACHINETYPE	MIN	MAX	SUBNETS
master-us-east-2a		Master	m5n.2xlarge	1	1	us-east-2a
spot-group-base-72vcpus-144gb	Node	c5.18xlarge	1	1	us-east-2a

NODE STATUS
NAME	ROLE	READY

VALIDATION ERRORS
KIND	NAME							MESSAGE
Machine	i-00af2e1594e25101c					machine "i-00af2e1594e25101c" has not yet joined cluster
Machine	i-059baa75a5bfd424b					machine "i-059baa75a5bfd424b" has not yet joined cluster
Pod	kube-system/kube-controller-manager-i-059baa75a5bfd424b	system-cluster-critical pod "kube-controller-manager-i-059baa75a5bfd424b" is not ready (kube-controller-manager)

Validation Failed
INSTANCE GROUPS
NAME				ROLE	MACHINETYPE	MIN	MAX	SUBNETS
master-us-east-2a		Master	m5n.2xlarge	1	1	us-east-2a
spot-group-base-72vcpus-144gb	Node	c5.18xlarge	1	1	us-east-2a

NODE STATUS
NAME	ROLE	READY

VALIDATION ERRORS
KIND	NAME			MESSAGE
Machine	i-00af2e1594e25101c	machine "i-00af2e1594e25101c" has not yet joined cluster
Machine	i-059baa75a5bfd424b	machine "i-059baa75a5bfd424b" has not yet joined cluster

Validation Failed
INSTANCE GROUPS
NAME				ROLE	MACHINETYPE	MIN	MAX	SUBNETS
master-us-east-2a		Master	m5n.2xlarge	1	1	us-east-2a
spot-group-base-72vcpus-144gb	Node	c5.18xlarge	1	1	us-east-2a

NODE STATUS
NAME			ROLE	READY
i-059baa75a5bfd424b	master	False

VALIDATION ERRORS
KIND	NAME							MESSAGE
Machine	i-00af2e1594e25101c					machine "i-00af2e1594e25101c" has not yet joined cluster
Node	i-059baa75a5bfd424b					node "i-059baa75a5bfd424b" of role "master" is not ready
Pod	kube-system/calico-kube-controllers-8b548fb5d-kjrz2	system-cluster-critical pod "calico-kube-controllers-8b548fb5d-kjrz2" is pending
Pod	kube-system/calico-node-vm5t6				system-node-critical pod "calico-node-vm5t6" is pending
Pod	kube-system/coredns-6b5bc459c-6bswb			system-cluster-critical pod "coredns-6b5bc459c-6bswb" is pending
Pod	kube-system/coredns-autoscaler-5685d4f67b-v4fhh		system-cluster-critical pod "coredns-autoscaler-5685d4f67b-v4fhh" is pending
Pod	kube-system/dns-controller-7988b4697f-7qwvt		system-cluster-critical pod "dns-controller-7988b4697f-7qwvt" is pending
Pod	kube-system/ebs-csi-controller-6bb9b686b6-bm7zs		system-cluster-critical pod "ebs-csi-controller-6bb9b686b6-bm7zs" is pending
Pod	kube-system/ebs-csi-node-g89nz				system-node-critical pod "ebs-csi-node-g89nz" is pending
Pod	kube-system/etcd-manager-events-i-059baa75a5bfd424b	system-cluster-critical pod "etcd-manager-events-i-059baa75a5bfd424b" is pending
Pod	kube-system/kops-controller-skqvx			system-cluster-critical pod "kops-controller-skqvx" is pending

Validation Failed
INSTANCE GROUPS
NAME				ROLE	MACHINETYPE	MIN	MAX	SUBNETS
master-us-east-2a		Master	m5n.2xlarge	1	1	us-east-2a
spot-group-base-72vcpus-144gb	Node	c5.18xlarge	1	1	us-east-2a

NODE STATUS
NAME			ROLE	READY
i-059baa75a5bfd424b	master	False

VALIDATION ERRORS
KIND	NAME							MESSAGE
Machine	i-00af2e1594e25101c					machine "i-00af2e1594e25101c" has not yet joined cluster
Node	i-059baa75a5bfd424b					node "i-059baa75a5bfd424b" of role "master" is not ready
Pod	kube-system/calico-kube-controllers-8b548fb5d-kjrz2	system-cluster-critical pod "calico-kube-controllers-8b548fb5d-kjrz2" is pending
Pod	kube-system/calico-node-vm5t6				system-node-critical pod "calico-node-vm5t6" is pending
Pod	kube-system/coredns-6b5bc459c-6bswb			system-cluster-critical pod "coredns-6b5bc459c-6bswb" is pending
Pod	kube-system/coredns-autoscaler-5685d4f67b-v4fhh		system-cluster-critical pod "coredns-autoscaler-5685d4f67b-v4fhh" is pending
Pod	kube-system/ebs-csi-controller-6bb9b686b6-bm7zs		system-cluster-critical pod "ebs-csi-controller-6bb9b686b6-bm7zs" is pending
Pod	kube-system/ebs-csi-node-g89nz				system-node-critical pod "ebs-csi-node-g89nz" is pending
Pod	kube-system/kube-scheduler-i-059baa75a5bfd424b		system-cluster-critical pod "kube-scheduler-i-059baa75a5bfd424b" is pending

Validation Failed
INSTANCE GROUPS
NAME				ROLE	MACHINETYPE	MIN	MAX	SUBNETS
master-us-east-2a		Master	m5n.2xlarge	1	1	us-east-2a
spot-group-base-72vcpus-144gb	Node	c5.18xlarge	1	1	us-east-2a

NODE STATUS
NAME			ROLE	READY
i-00af2e1594e25101c	node	False
i-059baa75a5bfd424b	master	True

VALIDATION ERRORS
KIND	NAME						MESSAGE
Node	i-00af2e1594e25101c				node "i-00af2e1594e25101c" of role "node" is not ready
Pod	kube-system/calico-node-m8mv2			system-node-critical pod "calico-node-m8mv2" is pending
Pod	kube-system/coredns-6b5bc459c-6bswb		system-cluster-critical pod "coredns-6b5bc459c-6bswb" is pending
Pod	kube-system/coredns-autoscaler-5685d4f67b-v4fhh	system-cluster-critical pod "coredns-autoscaler-5685d4f67b-v4fhh" is pending
Pod	kube-system/ebs-csi-controller-6bb9b686b6-bm7zs	system-cluster-critical pod "ebs-csi-controller-6bb9b686b6-bm7zs" is pending
Pod	kube-system/ebs-csi-node-52888			system-node-critical pod "ebs-csi-node-52888" is pending
Pod	kube-system/ebs-csi-node-g89nz			system-node-critical pod "ebs-csi-node-g89nz" is pending
Pod	kube-system/kube-proxy-i-00af2e1594e25101c	system-node-critical pod "kube-proxy-i-00af2e1594e25101c" is pending
Pod	kube-system/kube-proxy-i-059baa75a5bfd424b	system-node-critical pod "kube-proxy-i-059baa75a5bfd424b" is pending

Validation Failed
INSTANCE GROUPS
NAME				ROLE	MACHINETYPE	MIN	MAX	SUBNETS
master-us-east-2a		Master	m5n.2xlarge	1	1	us-east-2a
spot-group-base-72vcpus-144gb	Node	c5.18xlarge	1	1	us-east-2a

NODE STATUS
NAME			ROLE	READY
i-00af2e1594e25101c	node	False
i-059baa75a5bfd424b	master	True

VALIDATION ERRORS
KIND	NAME						MESSAGE
Node	i-00af2e1594e25101c				node "i-00af2e1594e25101c" of role "node" is not ready
Pod	kube-system/calico-node-m8mv2			system-node-critical pod "calico-node-m8mv2" is pending
Pod	kube-system/coredns-6b5bc459c-6bswb		system-cluster-critical pod "coredns-6b5bc459c-6bswb" is pending
Pod	kube-system/coredns-autoscaler-5685d4f67b-v4fhh	system-cluster-critical pod "coredns-autoscaler-5685d4f67b-v4fhh" is pending
Pod	kube-system/ebs-csi-controller-6bb9b686b6-bm7zs	system-cluster-critical pod "ebs-csi-controller-6bb9b686b6-bm7zs" is not ready (ebs-plugin)
Pod	kube-system/ebs-csi-node-52888			system-node-critical pod "ebs-csi-node-52888" is pending

Validation Failed
INSTANCE GROUPS
NAME				ROLE	MACHINETYPE	MIN	MAX	SUBNETS
master-us-east-2a		Master	m5n.2xlarge	1	1	us-east-2a
spot-group-base-72vcpus-144gb	Node	c5.18xlarge	1	1	us-east-2a

NODE STATUS
NAME			ROLE	READY
i-00af2e1594e25101c	node	True
i-059baa75a5bfd424b	master	True

VALIDATION ERRORS
KIND	NAME						MESSAGE
Pod	kube-system/calico-node-m8mv2			system-node-critical pod "calico-node-m8mv2" is not ready (calico-node)
Pod	kube-system/coredns-6b5bc459c-6bswb		system-cluster-critical pod "coredns-6b5bc459c-6bswb" is not ready (coredns)
Pod	kube-system/coredns-autoscaler-5685d4f67b-v4fhh	system-cluster-critical pod "coredns-autoscaler-5685d4f67b-v4fhh" is pending

Validation Failed
INSTANCE GROUPS
NAME				ROLE	MACHINETYPE	MIN	MAX	SUBNETS
master-us-east-2a		Master	m5n.2xlarge	1	1	us-east-2a
spot-group-base-72vcpus-144gb	Node	c5.18xlarge	1	1	us-east-2a

NODE STATUS
NAME			ROLE	READY
i-00af2e1594e25101c	node	True
i-059baa75a5bfd424b	master	True

Your cluster kops-multi-tenant-spot-1x-72vcpu-144gb.k8s.local is ready

Time: 235 seconds
