kOps has set your kubectl context to kops-multi-tenant-spot-1x-72vcpu-144gb.k8s.local

Cluster is starting.  It should be ready in a few minutes.

Suggestions:
 * validate cluster: kops validate cluster --wait 10m
 * list nodes: kubectl get nodes --show-labels
 * ssh to the master: ssh -i ~/.ssh/id_rsa ubuntu@api.kops-multi-tenant-spot-1x-72vcpu-144gb.k8s.local
 * the ubuntu user is specific to Ubuntu. If not using Ubuntu please use the appropriate user based on your OS.
 * read about installing addons at: https://kops.sigs.k8s.io/addons.

Validating cluster kops-multi-tenant-spot-1x-72vcpu-144gb.k8s.local

INSTANCE GROUPS
NAME				ROLE	MACHINETYPE	MIN	MAX	SUBNETS
master-us-east-2a		Master	m5n.2xlarge	1	1	us-east-2a
spot-group-base-72vcpus-144gb	Node	c5.18xlarge	1	1	us-east-2a

NODE STATUS
NAME	ROLE	READY

VALIDATION ERRORS
KIND	NAME			MESSAGE
Machine	i-0c9ce3c852b385631	machine "i-0c9ce3c852b385631" has not yet joined cluster
Machine	i-0d26a8ab0a49a234e	machine "i-0d26a8ab0a49a234e" has not yet joined cluster

Validation Failed
INSTANCE GROUPS
NAME				ROLE	MACHINETYPE	MIN	MAX	SUBNETS
master-us-east-2a		Master	m5n.2xlarge	1	1	us-east-2a
spot-group-base-72vcpus-144gb	Node	c5.18xlarge	1	1	us-east-2a

NODE STATUS
NAME	ROLE	READY

VALIDATION ERRORS
KIND	NAME			MESSAGE
Machine	i-0c9ce3c852b385631	machine "i-0c9ce3c852b385631" has not yet joined cluster
Machine	i-0d26a8ab0a49a234e	machine "i-0d26a8ab0a49a234e" has not yet joined cluster

Validation Failed
INSTANCE GROUPS
NAME				ROLE	MACHINETYPE	MIN	MAX	SUBNETS
master-us-east-2a		Master	m5n.2xlarge	1	1	us-east-2a
spot-group-base-72vcpus-144gb	Node	c5.18xlarge	1	1	us-east-2a

NODE STATUS
NAME	ROLE	READY

VALIDATION ERRORS
KIND	NAME						MESSAGE
Machine	i-0c9ce3c852b385631				machine "i-0c9ce3c852b385631" has not yet joined cluster
Machine	i-0d26a8ab0a49a234e				machine "i-0d26a8ab0a49a234e" has not yet joined cluster
Pod	kube-system/aws-cloud-controller-manager-47qjl	system-cluster-critical pod "aws-cloud-controller-manager-47qjl" is pending
Pod	kube-system/calico-node-dt2bn			system-node-critical pod "calico-node-dt2bn" is pending
Pod	kube-system/ebs-csi-node-6qpcg			system-node-critical pod "ebs-csi-node-6qpcg" is pending
Pod	kube-system/kops-controller-z8k2v		system-cluster-critical pod "kops-controller-z8k2v" is pending

Validation Failed
INSTANCE GROUPS
NAME				ROLE	MACHINETYPE	MIN	MAX	SUBNETS
master-us-east-2a		Master	m5n.2xlarge	1	1	us-east-2a
spot-group-base-72vcpus-144gb	Node	c5.18xlarge	1	1	us-east-2a

NODE STATUS
NAME			ROLE	READY
i-0c9ce3c852b385631	master	False

VALIDATION ERRORS
KIND	NAME							MESSAGE
Machine	i-0d26a8ab0a49a234e					machine "i-0d26a8ab0a49a234e" has not yet joined cluster
Node	i-0c9ce3c852b385631					node "i-0c9ce3c852b385631" of role "master" is not ready
Pod	kube-system/calico-kube-controllers-8b548fb5d-7xjmg	system-cluster-critical pod "calico-kube-controllers-8b548fb5d-7xjmg" is pending
Pod	kube-system/calico-node-dt2bn				system-node-critical pod "calico-node-dt2bn" is pending
Pod	kube-system/coredns-6b5bc459c-gk445			system-cluster-critical pod "coredns-6b5bc459c-gk445" is pending
Pod	kube-system/coredns-autoscaler-5685d4f67b-8q52d		system-cluster-critical pod "coredns-autoscaler-5685d4f67b-8q52d" is pending
Pod	kube-system/ebs-csi-controller-6bb9b686b6-894xl		system-cluster-critical pod "ebs-csi-controller-6bb9b686b6-894xl" is pending
Pod	kube-system/ebs-csi-node-6qpcg				system-node-critical pod "ebs-csi-node-6qpcg" is pending

Validation Failed
INSTANCE GROUPS
NAME				ROLE	MACHINETYPE	MIN	MAX	SUBNETS
master-us-east-2a		Master	m5n.2xlarge	1	1	us-east-2a
spot-group-base-72vcpus-144gb	Node	c5.18xlarge	1	1	us-east-2a

NODE STATUS
NAME			ROLE	READY
i-0c9ce3c852b385631	master	True

VALIDATION ERRORS
KIND	NAME							MESSAGE
Machine	i-0d26a8ab0a49a234e					machine "i-0d26a8ab0a49a234e" has not yet joined cluster
Node	i-0c9ce3c852b385631					master "i-0c9ce3c852b385631" is missing kube-apiserver pod
Pod	kube-system/calico-kube-controllers-8b548fb5d-7xjmg	system-cluster-critical pod "calico-kube-controllers-8b548fb5d-7xjmg" is not ready (calico-kube-controllers)
Pod	kube-system/calico-node-dt2bn				system-node-critical pod "calico-node-dt2bn" is not ready (calico-node)
Pod	kube-system/coredns-6b5bc459c-gk445			system-cluster-critical pod "coredns-6b5bc459c-gk445" is pending
Pod	kube-system/coredns-autoscaler-5685d4f67b-8q52d		system-cluster-critical pod "coredns-autoscaler-5685d4f67b-8q52d" is pending
Pod	kube-system/ebs-csi-controller-6bb9b686b6-894xl		system-cluster-critical pod "ebs-csi-controller-6bb9b686b6-894xl" is pending
Pod	kube-system/ebs-csi-node-6qpcg				system-node-critical pod "ebs-csi-node-6qpcg" is pending

Validation Failed
INSTANCE GROUPS
NAME				ROLE	MACHINETYPE	MIN	MAX	SUBNETS
master-us-east-2a		Master	m5n.2xlarge	1	1	us-east-2a
spot-group-base-72vcpus-144gb	Node	c5.18xlarge	1	1	us-east-2a

NODE STATUS
NAME			ROLE	READY
i-0c9ce3c852b385631	master	True
i-0d26a8ab0a49a234e	node	False

VALIDATION ERRORS
KIND	NAME						MESSAGE
Node	i-0d26a8ab0a49a234e				node "i-0d26a8ab0a49a234e" of role "node" is not ready
Pod	kube-system/calico-node-6h7x5			system-node-critical pod "calico-node-6h7x5" is pending
Pod	kube-system/coredns-6b5bc459c-gk445		system-cluster-critical pod "coredns-6b5bc459c-gk445" is pending
Pod	kube-system/coredns-autoscaler-5685d4f67b-8q52d	system-cluster-critical pod "coredns-autoscaler-5685d4f67b-8q52d" is pending
Pod	kube-system/ebs-csi-controller-6bb9b686b6-894xl	system-cluster-critical pod "ebs-csi-controller-6bb9b686b6-894xl" is pending
Pod	kube-system/ebs-csi-node-6qpcg			system-node-critical pod "ebs-csi-node-6qpcg" is pending
Pod	kube-system/ebs-csi-node-v2jd7			system-node-critical pod "ebs-csi-node-v2jd7" is pending
Pod	kube-system/kube-proxy-i-0c9ce3c852b385631	system-node-critical pod "kube-proxy-i-0c9ce3c852b385631" is pending
Pod	kube-system/kube-proxy-i-0d26a8ab0a49a234e	system-node-critical pod "kube-proxy-i-0d26a8ab0a49a234e" is pending

Validation Failed
INSTANCE GROUPS
NAME				ROLE	MACHINETYPE	MIN	MAX	SUBNETS
master-us-east-2a		Master	m5n.2xlarge	1	1	us-east-2a
spot-group-base-72vcpus-144gb	Node	c5.18xlarge	1	1	us-east-2a

NODE STATUS
NAME			ROLE	READY
i-0c9ce3c852b385631	master	True
i-0d26a8ab0a49a234e	node	False

VALIDATION ERRORS
KIND	NAME						MESSAGE
Node	i-0d26a8ab0a49a234e				node "i-0d26a8ab0a49a234e" of role "node" is not ready
Pod	kube-system/calico-node-6h7x5			system-node-critical pod "calico-node-6h7x5" is not ready (calico-node)
Pod	kube-system/coredns-6b5bc459c-gk445		system-cluster-critical pod "coredns-6b5bc459c-gk445" is pending
Pod	kube-system/coredns-autoscaler-5685d4f67b-8q52d	system-cluster-critical pod "coredns-autoscaler-5685d4f67b-8q52d" is pending
Pod	kube-system/ebs-csi-controller-6bb9b686b6-894xl	system-cluster-critical pod "ebs-csi-controller-6bb9b686b6-894xl" is not ready (ebs-plugin)
Pod	kube-system/ebs-csi-node-v2jd7			system-node-critical pod "ebs-csi-node-v2jd7" is pending

Validation Failed
INSTANCE GROUPS
NAME				ROLE	MACHINETYPE	MIN	MAX	SUBNETS
master-us-east-2a		Master	m5n.2xlarge	1	1	us-east-2a
spot-group-base-72vcpus-144gb	Node	c5.18xlarge	1	1	us-east-2a

NODE STATUS
NAME			ROLE	READY
i-0c9ce3c852b385631	master	True
i-0d26a8ab0a49a234e	node	True

VALIDATION ERRORS
KIND	NAME				MESSAGE
Pod	kube-system/ebs-csi-node-v2jd7	system-node-critical pod "ebs-csi-node-v2jd7" is pending

Validation Failed
INSTANCE GROUPS
NAME				ROLE	MACHINETYPE	MIN	MAX	SUBNETS
master-us-east-2a		Master	m5n.2xlarge	1	1	us-east-2a
spot-group-base-72vcpus-144gb	Node	c5.18xlarge	1	1	us-east-2a

NODE STATUS
NAME			ROLE	READY
i-0c9ce3c852b385631	master	True
i-0d26a8ab0a49a234e	node	True

Your cluster kops-multi-tenant-spot-1x-72vcpu-144gb.k8s.local is ready

Time: 238 seconds
