
*********************************************************************************

A new kops version is available: 1.25.3
Upgrading is recommended
More information: https://github.com/kubernetes/kops/blob/master/permalinks/upgrade_kops.md#1.25.3

*********************************************************************************

kOps has set your kubectl context to tcss702.k8s.local

Cluster is starting.  It should be ready in a few minutes.

Suggestions:
 * validate cluster: kops validate cluster --wait 10m
 * list nodes: kubectl get nodes --show-labels
 * ssh to the master: ssh -i ~/.ssh/id_rsa ubuntu@api.tcss702.k8s.local
 * the ubuntu user is specific to Ubuntu. If not using Ubuntu please use the appropriate user based on your OS.
 * read about installing addons at: https://kops.sigs.k8s.io/addons.

Validating cluster tcss702.k8s.local

INSTANCE GROUPS
NAME				ROLE	MACHINETYPE	MIN	MAX	SUBNETS
master-us-east-2a		Master	m5n.2xlarge	1	1	us-east-2a
spot-group-base-8vcpus-16gb	Node	c5.2xlarge	1	1	us-east-2a

NODE STATUS
NAME	ROLE	READY

VALIDATION ERRORS
KIND	NAME							MESSAGE
Machine	i-020e619c28706639e					machine "i-020e619c28706639e" has not yet joined cluster
Machine	i-0801448750fa9fe7b					machine "i-0801448750fa9fe7b" has not yet joined cluster
Pod	kube-system/aws-cloud-controller-manager-dc6x6		system-cluster-critical pod "aws-cloud-controller-manager-dc6x6" is pending
Pod	kube-system/calico-kube-controllers-8b548fb5d-g4c49	system-cluster-critical pod "calico-kube-controllers-8b548fb5d-g4c49" is pending
Pod	kube-system/calico-node-ksr47				system-node-critical pod "calico-node-ksr47" is pending
Pod	kube-system/coredns-autoscaler-865477f6c7-hrqkf		system-cluster-critical pod "coredns-autoscaler-865477f6c7-hrqkf" is pending
Pod	kube-system/coredns-d48868b66-vldwx			system-cluster-critical pod "coredns-d48868b66-vldwx" is pending
Pod	kube-system/dns-controller-76849868b7-g278l		system-cluster-critical pod "dns-controller-76849868b7-g278l" is pending
Pod	kube-system/ebs-csi-controller-5f677cb45b-m9vld		system-cluster-critical pod "ebs-csi-controller-5f677cb45b-m9vld" is pending
Pod	kube-system/ebs-csi-node-jczfw				system-node-critical pod "ebs-csi-node-jczfw" is pending
Pod	kube-system/kops-controller-l25hw			system-cluster-critical pod "kops-controller-l25hw" is pending

Validation Failed
INSTANCE GROUPS
NAME				ROLE	MACHINETYPE	MIN	MAX	SUBNETS
master-us-east-2a		Master	m5n.2xlarge	1	1	us-east-2a
spot-group-base-8vcpus-16gb	Node	c5.2xlarge	1	1	us-east-2a

NODE STATUS
NAME	ROLE	READY

VALIDATION ERRORS
KIND	NAME							MESSAGE
Machine	i-020e619c28706639e					machine "i-020e619c28706639e" has not yet joined cluster
Machine	i-0801448750fa9fe7b					machine "i-0801448750fa9fe7b" has not yet joined cluster
Pod	kube-system/aws-cloud-controller-manager-dc6x6		system-cluster-critical pod "aws-cloud-controller-manager-dc6x6" is pending
Pod	kube-system/calico-kube-controllers-8b548fb5d-g4c49	system-cluster-critical pod "calico-kube-controllers-8b548fb5d-g4c49" is pending
Pod	kube-system/calico-node-ksr47				system-node-critical pod "calico-node-ksr47" is pending
Pod	kube-system/coredns-autoscaler-865477f6c7-hrqkf		system-cluster-critical pod "coredns-autoscaler-865477f6c7-hrqkf" is pending
Pod	kube-system/coredns-d48868b66-vldwx			system-cluster-critical pod "coredns-d48868b66-vldwx" is pending
Pod	kube-system/dns-controller-76849868b7-g278l		system-cluster-critical pod "dns-controller-76849868b7-g278l" is pending
Pod	kube-system/ebs-csi-controller-5f677cb45b-m9vld		system-cluster-critical pod "ebs-csi-controller-5f677cb45b-m9vld" is pending
Pod	kube-system/ebs-csi-node-jczfw				system-node-critical pod "ebs-csi-node-jczfw" is pending
Pod	kube-system/kops-controller-l25hw			system-cluster-critical pod "kops-controller-l25hw" is pending

Validation Failed
INSTANCE GROUPS
NAME				ROLE	MACHINETYPE	MIN	MAX	SUBNETS
master-us-east-2a		Master	m5n.2xlarge	1	1	us-east-2a
spot-group-base-8vcpus-16gb	Node	c5.2xlarge	1	1	us-east-2a

NODE STATUS
NAME			ROLE	READY
i-0801448750fa9fe7b	master	False

VALIDATION ERRORS
KIND	NAME							MESSAGE
Machine	i-020e619c28706639e					machine "i-020e619c28706639e" has not yet joined cluster
Node	i-0801448750fa9fe7b					node "i-0801448750fa9fe7b" of role "master" is not ready
Pod	kube-system/calico-kube-controllers-8b548fb5d-g4c49	system-cluster-critical pod "calico-kube-controllers-8b548fb5d-g4c49" is pending
Pod	kube-system/calico-node-ksr47				system-node-critical pod "calico-node-ksr47" is pending
Pod	kube-system/coredns-autoscaler-865477f6c7-hrqkf		system-cluster-critical pod "coredns-autoscaler-865477f6c7-hrqkf" is pending
Pod	kube-system/coredns-d48868b66-vldwx			system-cluster-critical pod "coredns-d48868b66-vldwx" is pending
Pod	kube-system/ebs-csi-controller-5f677cb45b-m9vld		system-cluster-critical pod "ebs-csi-controller-5f677cb45b-m9vld" is pending
Pod	kube-system/ebs-csi-node-jczfw				system-node-critical pod "ebs-csi-node-jczfw" is pending

Validation Failed
INSTANCE GROUPS
NAME				ROLE	MACHINETYPE	MIN	MAX	SUBNETS
master-us-east-2a		Master	m5n.2xlarge	1	1	us-east-2a
spot-group-base-8vcpus-16gb	Node	c5.2xlarge	1	1	us-east-2a

NODE STATUS
NAME			ROLE	READY
i-0801448750fa9fe7b	master	True

VALIDATION ERRORS
KIND	NAME							MESSAGE
Machine	i-020e619c28706639e					machine "i-020e619c28706639e" has not yet joined cluster
Node	i-0801448750fa9fe7b					master "i-0801448750fa9fe7b" is missing kube-apiserver pod
Node	i-0801448750fa9fe7b					master "i-0801448750fa9fe7b" is missing kube-controller-manager pod
Node	i-0801448750fa9fe7b					master "i-0801448750fa9fe7b" is missing kube-scheduler pod
Pod	kube-system/calico-kube-controllers-8b548fb5d-g4c49	system-cluster-critical pod "calico-kube-controllers-8b548fb5d-g4c49" is pending
Pod	kube-system/calico-node-ksr47				system-node-critical pod "calico-node-ksr47" is not ready (calico-node)
Pod	kube-system/coredns-autoscaler-865477f6c7-hrqkf		system-cluster-critical pod "coredns-autoscaler-865477f6c7-hrqkf" is pending
Pod	kube-system/coredns-d48868b66-vldwx			system-cluster-critical pod "coredns-d48868b66-vldwx" is pending
Pod	kube-system/ebs-csi-controller-5f677cb45b-m9vld		system-cluster-critical pod "ebs-csi-controller-5f677cb45b-m9vld" is pending
Pod	kube-system/ebs-csi-node-jczfw				system-node-critical pod "ebs-csi-node-jczfw" is pending
Pod	kube-system/kube-scheduler-i-0801448750fa9fe7b		system-cluster-critical pod "kube-scheduler-i-0801448750fa9fe7b" is pending

Validation Failed
INSTANCE GROUPS
NAME				ROLE	MACHINETYPE	MIN	MAX	SUBNETS
master-us-east-2a		Master	m5n.2xlarge	1	1	us-east-2a
spot-group-base-8vcpus-16gb	Node	c5.2xlarge	1	1	us-east-2a

NODE STATUS
NAME			ROLE	READY
i-0801448750fa9fe7b	master	True

VALIDATION ERRORS
KIND	NAME							MESSAGE
Machine	i-020e619c28706639e					machine "i-020e619c28706639e" has not yet joined cluster
Node	i-0801448750fa9fe7b					master "i-0801448750fa9fe7b" is missing kube-controller-manager pod
Pod	kube-system/calico-kube-controllers-8b548fb5d-g4c49	system-cluster-critical pod "calico-kube-controllers-8b548fb5d-g4c49" is pending
Pod	kube-system/coredns-autoscaler-865477f6c7-hrqkf		system-cluster-critical pod "coredns-autoscaler-865477f6c7-hrqkf" is pending
Pod	kube-system/coredns-d48868b66-vldwx			system-cluster-critical pod "coredns-d48868b66-vldwx" is pending
Pod	kube-system/ebs-csi-controller-5f677cb45b-m9vld		system-cluster-critical pod "ebs-csi-controller-5f677cb45b-m9vld" is pending

Validation Failed
INSTANCE GROUPS
NAME				ROLE	MACHINETYPE	MIN	MAX	SUBNETS
master-us-east-2a		Master	m5n.2xlarge	1	1	us-east-2a
spot-group-base-8vcpus-16gb	Node	c5.2xlarge	1	1	us-east-2a

NODE STATUS
NAME			ROLE	READY
i-020e619c28706639e	node	False
i-0801448750fa9fe7b	master	True

VALIDATION ERRORS
KIND	NAME						MESSAGE
Node	i-020e619c28706639e				node "i-020e619c28706639e" of role "node" is not ready
Node	i-0801448750fa9fe7b				master "i-0801448750fa9fe7b" is missing kube-controller-manager pod
Pod	kube-system/calico-node-h4p77			system-node-critical pod "calico-node-h4p77" is pending
Pod	kube-system/coredns-autoscaler-865477f6c7-hrqkf	system-cluster-critical pod "coredns-autoscaler-865477f6c7-hrqkf" is pending
Pod	kube-system/coredns-d48868b66-vldwx		system-cluster-critical pod "coredns-d48868b66-vldwx" is pending
Pod	kube-system/ebs-csi-node-7qtkk			system-node-critical pod "ebs-csi-node-7qtkk" is pending

Validation Failed
INSTANCE GROUPS
NAME				ROLE	MACHINETYPE	MIN	MAX	SUBNETS
master-us-east-2a		Master	m5n.2xlarge	1	1	us-east-2a
spot-group-base-8vcpus-16gb	Node	c5.2xlarge	1	1	us-east-2a

NODE STATUS
NAME			ROLE	READY
i-020e619c28706639e	node	False
i-0801448750fa9fe7b	master	True

VALIDATION ERRORS
KIND	NAME						MESSAGE
Node	i-020e619c28706639e				node "i-020e619c28706639e" of role "node" is not ready
Node	i-0801448750fa9fe7b				master "i-0801448750fa9fe7b" is missing kube-controller-manager pod
Pod	kube-system/calico-node-h4p77			system-node-critical pod "calico-node-h4p77" is pending
Pod	kube-system/coredns-autoscaler-865477f6c7-hrqkf	system-cluster-critical pod "coredns-autoscaler-865477f6c7-hrqkf" is pending
Pod	kube-system/coredns-d48868b66-vldwx		system-cluster-critical pod "coredns-d48868b66-vldwx" is pending
Pod	kube-system/ebs-csi-node-7qtkk			system-node-critical pod "ebs-csi-node-7qtkk" is pending

Validation Failed
INSTANCE GROUPS
NAME				ROLE	MACHINETYPE	MIN	MAX	SUBNETS
master-us-east-2a		Master	m5n.2xlarge	1	1	us-east-2a
spot-group-base-8vcpus-16gb	Node	c5.2xlarge	1	1	us-east-2a

NODE STATUS
NAME			ROLE	READY
i-020e619c28706639e	node	False
i-0801448750fa9fe7b	master	True

VALIDATION ERRORS
KIND	NAME							MESSAGE
Node	i-020e619c28706639e					node "i-020e619c28706639e" of role "node" is not ready
Node	i-0801448750fa9fe7b					master "i-0801448750fa9fe7b" is missing kube-controller-manager pod
Pod	kube-system/calico-node-h4p77				system-node-critical pod "calico-node-h4p77" is pending
Pod	kube-system/coredns-autoscaler-865477f6c7-hrqkf		system-cluster-critical pod "coredns-autoscaler-865477f6c7-hrqkf" is pending
Pod	kube-system/coredns-d48868b66-vldwx			system-cluster-critical pod "coredns-d48868b66-vldwx" is pending
Pod	kube-system/ebs-csi-node-7qtkk				system-node-critical pod "ebs-csi-node-7qtkk" is pending
Pod	kube-system/kube-controller-manager-i-0801448750fa9fe7b	system-cluster-critical pod "kube-controller-manager-i-0801448750fa9fe7b" is pending

Validation Failed
INSTANCE GROUPS
NAME				ROLE	MACHINETYPE	MIN	MAX	SUBNETS
master-us-east-2a		Master	m5n.2xlarge	1	1	us-east-2a
spot-group-base-8vcpus-16gb	Node	c5.2xlarge	1	1	us-east-2a

NODE STATUS
NAME			ROLE	READY
i-020e619c28706639e	node	False
i-0801448750fa9fe7b	master	True

VALIDATION ERRORS
KIND	NAME						MESSAGE
Node	i-020e619c28706639e				node "i-020e619c28706639e" of role "node" is not ready
Pod	kube-system/calico-node-h4p77			system-node-critical pod "calico-node-h4p77" is pending
Pod	kube-system/coredns-autoscaler-865477f6c7-hrqkf	system-cluster-critical pod "coredns-autoscaler-865477f6c7-hrqkf" is pending
Pod	kube-system/coredns-d48868b66-vldwx		system-cluster-critical pod "coredns-d48868b66-vldwx" is pending
Pod	kube-system/ebs-csi-node-7qtkk			system-node-critical pod "ebs-csi-node-7qtkk" is pending

Validation Failed
INSTANCE GROUPS
NAME				ROLE	MACHINETYPE	MIN	MAX	SUBNETS
master-us-east-2a		Master	m5n.2xlarge	1	1	us-east-2a
spot-group-base-8vcpus-16gb	Node	c5.2xlarge	1	1	us-east-2a

NODE STATUS
NAME			ROLE	READY
i-020e619c28706639e	node	True
i-0801448750fa9fe7b	master	True

VALIDATION ERRORS
KIND	NAME						MESSAGE
Pod	kube-system/calico-node-h4p77			system-node-critical pod "calico-node-h4p77" is not ready (calico-node)
Pod	kube-system/coredns-autoscaler-865477f6c7-hrqkf	system-cluster-critical pod "coredns-autoscaler-865477f6c7-hrqkf" is pending
Pod	kube-system/coredns-d48868b66-vldwx		system-cluster-critical pod "coredns-d48868b66-vldwx" is pending
Pod	kube-system/ebs-csi-node-7qtkk			system-node-critical pod "ebs-csi-node-7qtkk" is pending

Validation Failed
INSTANCE GROUPS
NAME				ROLE	MACHINETYPE	MIN	MAX	SUBNETS
master-us-east-2a		Master	m5n.2xlarge	1	1	us-east-2a
spot-group-base-8vcpus-16gb	Node	c5.2xlarge	1	1	us-east-2a

NODE STATUS
NAME			ROLE	READY
i-020e619c28706639e	node	True
i-0801448750fa9fe7b	master	True

VALIDATION ERRORS
KIND	NAME				MESSAGE
Pod	kube-system/ebs-csi-node-7qtkk	system-node-critical pod "ebs-csi-node-7qtkk" is pending

Validation Failed
INSTANCE GROUPS
NAME				ROLE	MACHINETYPE	MIN	MAX	SUBNETS
master-us-east-2a		Master	m5n.2xlarge	1	1	us-east-2a
spot-group-base-8vcpus-16gb	Node	c5.2xlarge	1	1	us-east-2a

NODE STATUS
NAME			ROLE	READY
i-020e619c28706639e	node	True
i-0801448750fa9fe7b	master	True

Your cluster tcss702.k8s.local is ready

Successfully deployed cluster in 04 minutes, 43 seconds
Deployed from cluster spec, "kops/kops_multi-tenant_spot_1x_8vcpu_16gb.yml"
