
*********************************************************************************

A new kops version is available: 1.25.3
Upgrading is recommended
More information: https://github.com/kubernetes/kops/blob/master/permalinks/upgrade_kops.md#1.25.3

*********************************************************************************


*********************************************************************************

A new kubernetes version is available: 1.23.15
Upgrading is recommended (try kops upgrade cluster)

More information: https://github.com/kubernetes/kops/blob/master/permalinks/upgrade_k8s.md#1.23.15

*********************************************************************************

kOps has set your kubectl context to tcss702.k8s.local

Cluster is starting.  It should be ready in a few minutes.

Suggestions:
 * validate cluster: kops validate cluster --wait 10m
 * list nodes: kubectl get nodes --show-labels
 * ssh to the master: ssh -i ~/.ssh/id_rsa ubuntu@api.tcss702.k8s.local
 * the ubuntu user is specific to Ubuntu. If not using Ubuntu please use the appropriate user based on your OS.
 * read about installing addons at: https://kops.sigs.k8s.io/addons.

Validating cluster tcss702.k8s.local

INSTANCE GROUPS
NAME				ROLE	MACHINETYPE	MIN	MAX	SUBNETS
master-us-east-2c		Master	m5.large	1	1	us-east-2c
spot-group-base-72vcpus-144gb	Node	c5.18xlarge	1	1	us-east-2c

NODE STATUS
NAME						ROLE	READY
ip-172-20-39-254.us-east-2.compute.internal	master	False

VALIDATION ERRORS
KIND	NAME						MESSAGE
Machine	i-0bf2197ff24c41982				machine "i-0bf2197ff24c41982" has not yet joined cluster
Node	ip-172-20-39-254.us-east-2.compute.internal	node "ip-172-20-39-254.us-east-2.compute.internal" of role "master" is not ready

Validation Failed
INSTANCE GROUPS
NAME				ROLE	MACHINETYPE	MIN	MAX	SUBNETS
master-us-east-2c		Master	m5.large	1	1	us-east-2c
spot-group-base-72vcpus-144gb	Node	c5.18xlarge	1	1	us-east-2c

NODE STATUS
NAME						ROLE	READY
ip-172-20-39-254.us-east-2.compute.internal	master	False

VALIDATION ERRORS
KIND	NAME							MESSAGE
Machine	i-0bf2197ff24c41982					machine "i-0bf2197ff24c41982" has not yet joined cluster
Node	ip-172-20-39-254.us-east-2.compute.internal		node "ip-172-20-39-254.us-east-2.compute.internal" of role "master" is not ready
Pod	kube-system/calico-kube-controllers-58449699bc-prnnv	system-cluster-critical pod "calico-kube-controllers-58449699bc-prnnv" is pending
Pod	kube-system/calico-node-djxxw				system-node-critical pod "calico-node-djxxw" is pending
Pod	kube-system/coredns-8555c7d6d6-4clxm			system-cluster-critical pod "coredns-8555c7d6d6-4clxm" is pending
Pod	kube-system/coredns-autoscaler-57dd87df6c-w7fnl		system-cluster-critical pod "coredns-autoscaler-57dd87df6c-w7fnl" is pending
Pod	kube-system/dns-controller-77c787b6bc-lqkzj		system-cluster-critical pod "dns-controller-77c787b6bc-lqkzj" is pending
Pod	kube-system/ebs-csi-controller-86784976dc-vtxc9		system-cluster-critical pod "ebs-csi-controller-86784976dc-vtxc9" is pending
Pod	kube-system/ebs-csi-node-lw2zp				system-node-critical pod "ebs-csi-node-lw2zp" is pending
Pod	kube-system/kops-controller-2mtfk			system-cluster-critical pod "kops-controller-2mtfk" is pending

Validation Failed
INSTANCE GROUPS
NAME				ROLE	MACHINETYPE	MIN	MAX	SUBNETS
master-us-east-2c		Master	m5.large	1	1	us-east-2c
spot-group-base-72vcpus-144gb	Node	c5.18xlarge	1	1	us-east-2c

NODE STATUS
NAME						ROLE	READY
ip-172-20-39-254.us-east-2.compute.internal	master	False

VALIDATION ERRORS
KIND	NAME							MESSAGE
Machine	i-0bf2197ff24c41982					machine "i-0bf2197ff24c41982" has not yet joined cluster
Node	ip-172-20-39-254.us-east-2.compute.internal		node "ip-172-20-39-254.us-east-2.compute.internal" of role "master" is not ready
Pod	kube-system/calico-kube-controllers-58449699bc-prnnv	system-cluster-critical pod "calico-kube-controllers-58449699bc-prnnv" is pending
Pod	kube-system/calico-node-djxxw				system-node-critical pod "calico-node-djxxw" is not ready (calico-node)
Pod	kube-system/coredns-8555c7d6d6-4clxm			system-cluster-critical pod "coredns-8555c7d6d6-4clxm" is pending
Pod	kube-system/coredns-autoscaler-57dd87df6c-w7fnl		system-cluster-critical pod "coredns-autoscaler-57dd87df6c-w7fnl" is pending
Pod	kube-system/ebs-csi-controller-86784976dc-vtxc9		system-cluster-critical pod "ebs-csi-controller-86784976dc-vtxc9" is pending
Pod	kube-system/ebs-csi-node-lw2zp				system-node-critical pod "ebs-csi-node-lw2zp" is pending

Validation Failed
INSTANCE GROUPS
NAME				ROLE	MACHINETYPE	MIN	MAX	SUBNETS
master-us-east-2c		Master	m5.large	1	1	us-east-2c
spot-group-base-72vcpus-144gb	Node	c5.18xlarge	1	1	us-east-2c

NODE STATUS
NAME						ROLE	READY
ip-172-20-39-254.us-east-2.compute.internal	master	True

VALIDATION ERRORS
KIND	NAME							MESSAGE
Machine	i-0bf2197ff24c41982					machine "i-0bf2197ff24c41982" has not yet joined cluster
Node	ip-172-20-39-254.us-east-2.compute.internal		master "ip-172-20-39-254.us-east-2.compute.internal" is missing kube-apiserver pod
Pod	kube-system/calico-kube-controllers-58449699bc-prnnv	system-cluster-critical pod "calico-kube-controllers-58449699bc-prnnv" is pending
Pod	kube-system/coredns-8555c7d6d6-4clxm			system-cluster-critical pod "coredns-8555c7d6d6-4clxm" is pending
Pod	kube-system/coredns-autoscaler-57dd87df6c-w7fnl		system-cluster-critical pod "coredns-autoscaler-57dd87df6c-w7fnl" is pending
Pod	kube-system/ebs-csi-controller-86784976dc-vtxc9		system-cluster-critical pod "ebs-csi-controller-86784976dc-vtxc9" is pending
Pod	kube-system/ebs-csi-node-lw2zp				system-node-critical pod "ebs-csi-node-lw2zp" is pending

Validation Failed
INSTANCE GROUPS
NAME				ROLE	MACHINETYPE	MIN	MAX	SUBNETS
master-us-east-2c		Master	m5.large	1	1	us-east-2c
spot-group-base-72vcpus-144gb	Node	c5.18xlarge	1	1	us-east-2c

NODE STATUS
NAME						ROLE	READY
ip-172-20-39-254.us-east-2.compute.internal	master	True

VALIDATION ERRORS
KIND	NAME										MESSAGE
Machine	i-0bf2197ff24c41982								machine "i-0bf2197ff24c41982" has not yet joined cluster
Node	ip-172-20-39-254.us-east-2.compute.internal					master "ip-172-20-39-254.us-east-2.compute.internal" is missing kube-apiserver pod
Pod	kube-system/coredns-8555c7d6d6-4clxm						system-cluster-critical pod "coredns-8555c7d6d6-4clxm" is pending
Pod	kube-system/coredns-autoscaler-57dd87df6c-w7fnl					system-cluster-critical pod "coredns-autoscaler-57dd87df6c-w7fnl" is pending
Pod	kube-system/ebs-csi-controller-86784976dc-vtxc9					system-cluster-critical pod "ebs-csi-controller-86784976dc-vtxc9" is pending
Pod	kube-system/ebs-csi-node-lw2zp							system-node-critical pod "ebs-csi-node-lw2zp" is pending
Pod	kube-system/etcd-manager-main-ip-172-20-39-254.us-east-2.compute.internal	system-cluster-critical pod "etcd-manager-main-ip-172-20-39-254.us-east-2.compute.internal" is pending
Pod	kube-system/kube-apiserver-ip-172-20-39-254.us-east-2.compute.internal		system-cluster-critical pod "kube-apiserver-ip-172-20-39-254.us-east-2.compute.internal" is pending

Validation Failed
INSTANCE GROUPS
NAME				ROLE	MACHINETYPE	MIN	MAX	SUBNETS
master-us-east-2c		Master	m5.large	1	1	us-east-2c
spot-group-base-72vcpus-144gb	Node	c5.18xlarge	1	1	us-east-2c

NODE STATUS
NAME						ROLE	READY
ip-172-20-39-254.us-east-2.compute.internal	master	True
ip-172-20-43-112.us-east-2.compute.internal	node	False

VALIDATION ERRORS
KIND	NAME						MESSAGE
Node	ip-172-20-43-112.us-east-2.compute.internal	node "ip-172-20-43-112.us-east-2.compute.internal" of role "node" is not ready
Pod	kube-system/calico-node-xhlvg			system-node-critical pod "calico-node-xhlvg" is pending
Pod	kube-system/coredns-8555c7d6d6-4clxm		system-cluster-critical pod "coredns-8555c7d6d6-4clxm" is pending
Pod	kube-system/coredns-autoscaler-57dd87df6c-w7fnl	system-cluster-critical pod "coredns-autoscaler-57dd87df6c-w7fnl" is pending
Pod	kube-system/ebs-csi-node-5jgsk			system-node-critical pod "ebs-csi-node-5jgsk" is pending

Validation Failed
INSTANCE GROUPS
NAME				ROLE	MACHINETYPE	MIN	MAX	SUBNETS
master-us-east-2c		Master	m5.large	1	1	us-east-2c
spot-group-base-72vcpus-144gb	Node	c5.18xlarge	1	1	us-east-2c

NODE STATUS
NAME						ROLE	READY
ip-172-20-39-254.us-east-2.compute.internal	master	True
ip-172-20-43-112.us-east-2.compute.internal	node	False

VALIDATION ERRORS
KIND	NAME						MESSAGE
Node	ip-172-20-43-112.us-east-2.compute.internal	node "ip-172-20-43-112.us-east-2.compute.internal" of role "node" is not ready
Pod	kube-system/calico-node-xhlvg			system-node-critical pod "calico-node-xhlvg" is not ready (calico-node)
Pod	kube-system/coredns-8555c7d6d6-4clxm		system-cluster-critical pod "coredns-8555c7d6d6-4clxm" is pending
Pod	kube-system/coredns-autoscaler-57dd87df6c-w7fnl	system-cluster-critical pod "coredns-autoscaler-57dd87df6c-w7fnl" is pending
Pod	kube-system/ebs-csi-node-5jgsk			system-node-critical pod "ebs-csi-node-5jgsk" is pending

Validation Failed
INSTANCE GROUPS
NAME				ROLE	MACHINETYPE	MIN	MAX	SUBNETS
master-us-east-2c		Master	m5.large	1	1	us-east-2c
spot-group-base-72vcpus-144gb	Node	c5.18xlarge	1	1	us-east-2c

NODE STATUS
NAME						ROLE	READY
ip-172-20-39-254.us-east-2.compute.internal	master	True
ip-172-20-43-112.us-east-2.compute.internal	node	True

VALIDATION ERRORS
KIND	NAME				MESSAGE
Pod	kube-system/ebs-csi-node-5jgsk	system-node-critical pod "ebs-csi-node-5jgsk" is pending

Validation Failed
INSTANCE GROUPS
NAME				ROLE	MACHINETYPE	MIN	MAX	SUBNETS
master-us-east-2c		Master	m5.large	1	1	us-east-2c
spot-group-base-72vcpus-144gb	Node	c5.18xlarge	1	1	us-east-2c

NODE STATUS
NAME						ROLE	READY
ip-172-20-39-254.us-east-2.compute.internal	master	True
ip-172-20-43-112.us-east-2.compute.internal	node	True

Your cluster tcss702.k8s.local is ready

Successfully deployed cluster in 04 minutes, 37 seconds
Deployed from cluster spec, "kops/kops_multi-tenant_spot_1x_72vcpu_144gb.yml"
