kOps has set your kubectl context to tcss702.k8s.local

Cluster is starting.  It should be ready in a few minutes.

Suggestions:
 * validate cluster: kops validate cluster --wait 10m
 * list nodes: kubectl get nodes --show-labels
 * ssh to the master: ssh -i ~/.ssh/id_rsa ubuntu@api.tcss702.k8s.local
 * the ubuntu user is specific to Ubuntu. If not using Ubuntu please use the appropriate user based on your OS.
 * read about installing addons at: https://kops.sigs.k8s.io/addons.

Validating cluster tcss702.k8s.local

INSTANCE GROUPS
NAME				ROLE	MACHINETYPE	MIN	MAX	SUBNETS
master-us-east-2a		Master	m5n.2xlarge	1	1	us-east-2a
spot-group-base-8vcpus-16gb	Node	c5.2xlarge	8	8	us-east-2a

NODE STATUS
NAME	ROLE	READY

VALIDATION ERRORS
KIND	NAME			MESSAGE
Machine	i-00c4478a6544cba1b	machine "i-00c4478a6544cba1b" has not yet joined cluster
Machine	i-032f69917d1c11886	machine "i-032f69917d1c11886" has not yet joined cluster
Machine	i-036e5475269863371	machine "i-036e5475269863371" has not yet joined cluster
Machine	i-03b1910a816ab8ed3	machine "i-03b1910a816ab8ed3" has not yet joined cluster
Machine	i-04f891540072acd78	machine "i-04f891540072acd78" has not yet joined cluster
Machine	i-05713cbf7c79f1a50	machine "i-05713cbf7c79f1a50" has not yet joined cluster
Machine	i-09dc75f3b8baa363a	machine "i-09dc75f3b8baa363a" has not yet joined cluster
Machine	i-0b0f1072a1aed4749	machine "i-0b0f1072a1aed4749" has not yet joined cluster
Machine	i-0dba8882a47dcc203	machine "i-0dba8882a47dcc203" has not yet joined cluster

Validation Failed
INSTANCE GROUPS
NAME				ROLE	MACHINETYPE	MIN	MAX	SUBNETS
master-us-east-2a		Master	m5n.2xlarge	1	1	us-east-2a
spot-group-base-8vcpus-16gb	Node	c5.2xlarge	8	8	us-east-2a

NODE STATUS
NAME			ROLE	READY
i-032f69917d1c11886	master	False

VALIDATION ERRORS
KIND	NAME							MESSAGE
Machine	i-00c4478a6544cba1b					machine "i-00c4478a6544cba1b" has not yet joined cluster
Machine	i-036e5475269863371					machine "i-036e5475269863371" has not yet joined cluster
Machine	i-03b1910a816ab8ed3					machine "i-03b1910a816ab8ed3" has not yet joined cluster
Machine	i-04f891540072acd78					machine "i-04f891540072acd78" has not yet joined cluster
Machine	i-05713cbf7c79f1a50					machine "i-05713cbf7c79f1a50" has not yet joined cluster
Machine	i-09dc75f3b8baa363a					machine "i-09dc75f3b8baa363a" has not yet joined cluster
Machine	i-0b0f1072a1aed4749					machine "i-0b0f1072a1aed4749" has not yet joined cluster
Machine	i-0dba8882a47dcc203					machine "i-0dba8882a47dcc203" has not yet joined cluster
Node	i-032f69917d1c11886					node "i-032f69917d1c11886" of role "master" is not ready
Pod	kube-system/calico-kube-controllers-8b548fb5d-bq7fv	system-cluster-critical pod "calico-kube-controllers-8b548fb5d-bq7fv" is pending
Pod	kube-system/calico-node-bdgfz				system-node-critical pod "calico-node-bdgfz" is pending
Pod	kube-system/coredns-6b5bc459c-wqrwm			system-cluster-critical pod "coredns-6b5bc459c-wqrwm" is pending
Pod	kube-system/coredns-autoscaler-5685d4f67b-7kcdx		system-cluster-critical pod "coredns-autoscaler-5685d4f67b-7kcdx" is pending
Pod	kube-system/dns-controller-7988b4697f-rqb9f		system-cluster-critical pod "dns-controller-7988b4697f-rqb9f" is pending
Pod	kube-system/ebs-csi-controller-74d69c6c56-mcgsr		system-cluster-critical pod "ebs-csi-controller-74d69c6c56-mcgsr" is pending
Pod	kube-system/ebs-csi-node-9f9ht				system-node-critical pod "ebs-csi-node-9f9ht" is pending

Validation Failed
INSTANCE GROUPS
NAME				ROLE	MACHINETYPE	MIN	MAX	SUBNETS
master-us-east-2a		Master	m5n.2xlarge	1	1	us-east-2a
spot-group-base-8vcpus-16gb	Node	c5.2xlarge	8	8	us-east-2a

NODE STATUS
NAME			ROLE	READY
i-032f69917d1c11886	master	False

VALIDATION ERRORS
KIND	NAME							MESSAGE
Machine	i-00c4478a6544cba1b					machine "i-00c4478a6544cba1b" has not yet joined cluster
Machine	i-036e5475269863371					machine "i-036e5475269863371" has not yet joined cluster
Machine	i-03b1910a816ab8ed3					machine "i-03b1910a816ab8ed3" has not yet joined cluster
Machine	i-04f891540072acd78					machine "i-04f891540072acd78" has not yet joined cluster
Machine	i-05713cbf7c79f1a50					machine "i-05713cbf7c79f1a50" has not yet joined cluster
Machine	i-09dc75f3b8baa363a					machine "i-09dc75f3b8baa363a" has not yet joined cluster
Machine	i-0b0f1072a1aed4749					machine "i-0b0f1072a1aed4749" has not yet joined cluster
Machine	i-0dba8882a47dcc203					machine "i-0dba8882a47dcc203" has not yet joined cluster
Node	i-032f69917d1c11886					node "i-032f69917d1c11886" of role "master" is not ready
Pod	kube-system/calico-kube-controllers-8b548fb5d-bq7fv	system-cluster-critical pod "calico-kube-controllers-8b548fb5d-bq7fv" is pending
Pod	kube-system/calico-node-bdgfz				system-node-critical pod "calico-node-bdgfz" is not ready (calico-node)
Pod	kube-system/coredns-6b5bc459c-wqrwm			system-cluster-critical pod "coredns-6b5bc459c-wqrwm" is pending
Pod	kube-system/coredns-autoscaler-5685d4f67b-7kcdx		system-cluster-critical pod "coredns-autoscaler-5685d4f67b-7kcdx" is pending
Pod	kube-system/ebs-csi-controller-74d69c6c56-mcgsr		system-cluster-critical pod "ebs-csi-controller-74d69c6c56-mcgsr" is pending
Pod	kube-system/ebs-csi-node-9f9ht				system-node-critical pod "ebs-csi-node-9f9ht" is pending
Pod	kube-system/etcd-manager-main-i-032f69917d1c11886	system-cluster-critical pod "etcd-manager-main-i-032f69917d1c11886" is pending

Validation Failed
INSTANCE GROUPS
NAME				ROLE	MACHINETYPE	MIN	MAX	SUBNETS
master-us-east-2a		Master	m5n.2xlarge	1	1	us-east-2a
spot-group-base-8vcpus-16gb	Node	c5.2xlarge	8	8	us-east-2a

NODE STATUS
NAME			ROLE	READY
i-032f69917d1c11886	master	True

VALIDATION ERRORS
KIND	NAME						MESSAGE
Machine	i-00c4478a6544cba1b				machine "i-00c4478a6544cba1b" has not yet joined cluster
Machine	i-036e5475269863371				machine "i-036e5475269863371" has not yet joined cluster
Machine	i-03b1910a816ab8ed3				machine "i-03b1910a816ab8ed3" has not yet joined cluster
Machine	i-04f891540072acd78				machine "i-04f891540072acd78" has not yet joined cluster
Machine	i-05713cbf7c79f1a50				machine "i-05713cbf7c79f1a50" has not yet joined cluster
Machine	i-09dc75f3b8baa363a				machine "i-09dc75f3b8baa363a" has not yet joined cluster
Machine	i-0b0f1072a1aed4749				machine "i-0b0f1072a1aed4749" has not yet joined cluster
Machine	i-0dba8882a47dcc203				machine "i-0dba8882a47dcc203" has not yet joined cluster
Node	i-032f69917d1c11886				master "i-032f69917d1c11886" is missing kube-apiserver pod
Node	i-032f69917d1c11886				master "i-032f69917d1c11886" is missing kube-scheduler pod
Pod	kube-system/coredns-6b5bc459c-wqrwm		system-cluster-critical pod "coredns-6b5bc459c-wqrwm" is pending
Pod	kube-system/coredns-autoscaler-5685d4f67b-7kcdx	system-cluster-critical pod "coredns-autoscaler-5685d4f67b-7kcdx" is pending
Pod	kube-system/ebs-csi-controller-74d69c6c56-mcgsr	system-cluster-critical pod "ebs-csi-controller-74d69c6c56-mcgsr" is pending
Pod	kube-system/ebs-csi-node-9f9ht			system-node-critical pod "ebs-csi-node-9f9ht" is pending

Validation Failed
INSTANCE GROUPS
NAME				ROLE	MACHINETYPE	MIN	MAX	SUBNETS
master-us-east-2a		Master	m5n.2xlarge	1	1	us-east-2a
spot-group-base-8vcpus-16gb	Node	c5.2xlarge	8	8	us-east-2a

NODE STATUS
NAME			ROLE	READY
i-032f69917d1c11886	master	True

VALIDATION ERRORS
KIND	NAME							MESSAGE
Machine	i-00c4478a6544cba1b					machine "i-00c4478a6544cba1b" has not yet joined cluster
Machine	i-036e5475269863371					machine "i-036e5475269863371" has not yet joined cluster
Machine	i-03b1910a816ab8ed3					machine "i-03b1910a816ab8ed3" has not yet joined cluster
Machine	i-04f891540072acd78					machine "i-04f891540072acd78" has not yet joined cluster
Machine	i-05713cbf7c79f1a50					machine "i-05713cbf7c79f1a50" has not yet joined cluster
Machine	i-09dc75f3b8baa363a					machine "i-09dc75f3b8baa363a" has not yet joined cluster
Machine	i-0b0f1072a1aed4749					machine "i-0b0f1072a1aed4749" has not yet joined cluster
Machine	i-0dba8882a47dcc203					machine "i-0dba8882a47dcc203" has not yet joined cluster
Node	i-032f69917d1c11886					master "i-032f69917d1c11886" is missing kube-apiserver pod
Node	i-032f69917d1c11886					master "i-032f69917d1c11886" is missing kube-scheduler pod
Pod	kube-system/coredns-6b5bc459c-wqrwm			system-cluster-critical pod "coredns-6b5bc459c-wqrwm" is pending
Pod	kube-system/coredns-autoscaler-5685d4f67b-7kcdx		system-cluster-critical pod "coredns-autoscaler-5685d4f67b-7kcdx" is pending
Pod	kube-system/ebs-csi-controller-74d69c6c56-mcgsr		system-cluster-critical pod "ebs-csi-controller-74d69c6c56-mcgsr" is not ready (ebs-plugin)
Pod	kube-system/etcd-manager-events-i-032f69917d1c11886	system-cluster-critical pod "etcd-manager-events-i-032f69917d1c11886" is pending

Validation Failed
INSTANCE GROUPS
NAME				ROLE	MACHINETYPE	MIN	MAX	SUBNETS
master-us-east-2a		Master	m5n.2xlarge	1	1	us-east-2a
spot-group-base-8vcpus-16gb	Node	c5.2xlarge	8	8	us-east-2a

NODE STATUS
NAME			ROLE	READY
i-032f69917d1c11886	master	True
i-05713cbf7c79f1a50	node	False

VALIDATION ERRORS
KIND	NAME						MESSAGE
Machine	i-00c4478a6544cba1b				machine "i-00c4478a6544cba1b" has not yet joined cluster
Machine	i-036e5475269863371				machine "i-036e5475269863371" has not yet joined cluster
Machine	i-03b1910a816ab8ed3				machine "i-03b1910a816ab8ed3" has not yet joined cluster
Machine	i-04f891540072acd78				machine "i-04f891540072acd78" has not yet joined cluster
Machine	i-09dc75f3b8baa363a				machine "i-09dc75f3b8baa363a" has not yet joined cluster
Machine	i-0b0f1072a1aed4749				machine "i-0b0f1072a1aed4749" has not yet joined cluster
Machine	i-0dba8882a47dcc203				machine "i-0dba8882a47dcc203" has not yet joined cluster
Node	i-032f69917d1c11886				master "i-032f69917d1c11886" is missing kube-apiserver pod
Node	i-032f69917d1c11886				master "i-032f69917d1c11886" is missing kube-scheduler pod
Node	i-05713cbf7c79f1a50				node "i-05713cbf7c79f1a50" of role "node" is not ready
Pod	kube-system/calico-node-fq6vc			system-node-critical pod "calico-node-fq6vc" is pending
Pod	kube-system/coredns-6b5bc459c-wqrwm		system-cluster-critical pod "coredns-6b5bc459c-wqrwm" is pending
Pod	kube-system/coredns-autoscaler-5685d4f67b-7kcdx	system-cluster-critical pod "coredns-autoscaler-5685d4f67b-7kcdx" is pending
Pod	kube-system/ebs-csi-node-hgbgh			system-node-critical pod "ebs-csi-node-hgbgh" is pending
Pod	kube-system/kube-apiserver-i-032f69917d1c11886	system-cluster-critical pod "kube-apiserver-i-032f69917d1c11886" is pending
Pod	kube-system/kube-scheduler-i-032f69917d1c11886	system-cluster-critical pod "kube-scheduler-i-032f69917d1c11886" is pending

Validation Failed
INSTANCE GROUPS
NAME				ROLE	MACHINETYPE	MIN	MAX	SUBNETS
master-us-east-2a		Master	m5n.2xlarge	1	1	us-east-2a
spot-group-base-8vcpus-16gb	Node	c5.2xlarge	8	8	us-east-2a

NODE STATUS
NAME			ROLE	READY
i-00c4478a6544cba1b	node	False
i-032f69917d1c11886	master	True
i-036e5475269863371	node	False
i-03b1910a816ab8ed3	node	False
i-04f891540072acd78	node	False
i-05713cbf7c79f1a50	node	False
i-09dc75f3b8baa363a	node	False
i-0b0f1072a1aed4749	node	False
i-0dba8882a47dcc203	node	False

VALIDATION ERRORS
KIND	NAME						MESSAGE
Node	i-00c4478a6544cba1b				node "i-00c4478a6544cba1b" of role "node" is not ready
Node	i-036e5475269863371				node "i-036e5475269863371" of role "node" is not ready
Node	i-03b1910a816ab8ed3				node "i-03b1910a816ab8ed3" of role "node" is not ready
Node	i-04f891540072acd78				node "i-04f891540072acd78" of role "node" is not ready
Node	i-05713cbf7c79f1a50				node "i-05713cbf7c79f1a50" of role "node" is not ready
Node	i-09dc75f3b8baa363a				node "i-09dc75f3b8baa363a" of role "node" is not ready
Node	i-0b0f1072a1aed4749				node "i-0b0f1072a1aed4749" of role "node" is not ready
Node	i-0dba8882a47dcc203				node "i-0dba8882a47dcc203" of role "node" is not ready
Pod	kube-system/calico-node-6c4nc			system-node-critical pod "calico-node-6c4nc" is pending
Pod	kube-system/calico-node-dcsdz			system-node-critical pod "calico-node-dcsdz" is pending
Pod	kube-system/calico-node-dmmp6			system-node-critical pod "calico-node-dmmp6" is pending
Pod	kube-system/calico-node-fq6vc			system-node-critical pod "calico-node-fq6vc" is pending
Pod	kube-system/calico-node-nq6df			system-node-critical pod "calico-node-nq6df" is pending
Pod	kube-system/calico-node-r2qqp			system-node-critical pod "calico-node-r2qqp" is pending
Pod	kube-system/calico-node-vpcfw			system-node-critical pod "calico-node-vpcfw" is pending
Pod	kube-system/calico-node-xl4mm			system-node-critical pod "calico-node-xl4mm" is pending
Pod	kube-system/coredns-6b5bc459c-wqrwm		system-cluster-critical pod "coredns-6b5bc459c-wqrwm" is pending
Pod	kube-system/coredns-autoscaler-5685d4f67b-7kcdx	system-cluster-critical pod "coredns-autoscaler-5685d4f67b-7kcdx" is pending
Pod	kube-system/ebs-csi-node-4779x			system-node-critical pod "ebs-csi-node-4779x" is pending
Pod	kube-system/ebs-csi-node-b4499			system-node-critical pod "ebs-csi-node-b4499" is pending
Pod	kube-system/ebs-csi-node-d9975			system-node-critical pod "ebs-csi-node-d9975" is pending
Pod	kube-system/ebs-csi-node-hgbgh			system-node-critical pod "ebs-csi-node-hgbgh" is pending
Pod	kube-system/ebs-csi-node-n84b2			system-node-critical pod "ebs-csi-node-n84b2" is pending
Pod	kube-system/ebs-csi-node-tb9m4			system-node-critical pod "ebs-csi-node-tb9m4" is pending
Pod	kube-system/ebs-csi-node-xk6vg			system-node-critical pod "ebs-csi-node-xk6vg" is pending
Pod	kube-system/ebs-csi-node-zj278			system-node-critical pod "ebs-csi-node-zj278" is pending

Validation Failed
INSTANCE GROUPS
NAME				ROLE	MACHINETYPE	MIN	MAX	SUBNETS
master-us-east-2a		Master	m5n.2xlarge	1	1	us-east-2a
spot-group-base-8vcpus-16gb	Node	c5.2xlarge	8	8	us-east-2a

NODE STATUS
NAME			ROLE	READY
i-00c4478a6544cba1b	node	False
i-032f69917d1c11886	master	True
i-036e5475269863371	node	False
i-03b1910a816ab8ed3	node	False
i-04f891540072acd78	node	False
i-05713cbf7c79f1a50	node	False
i-09dc75f3b8baa363a	node	False
i-0b0f1072a1aed4749	node	False
i-0dba8882a47dcc203	node	False

VALIDATION ERRORS
KIND	NAME						MESSAGE
Node	i-00c4478a6544cba1b				node "i-00c4478a6544cba1b" of role "node" is not ready
Node	i-036e5475269863371				node "i-036e5475269863371" of role "node" is not ready
Node	i-03b1910a816ab8ed3				node "i-03b1910a816ab8ed3" of role "node" is not ready
Node	i-04f891540072acd78				node "i-04f891540072acd78" of role "node" is not ready
Node	i-05713cbf7c79f1a50				node "i-05713cbf7c79f1a50" of role "node" is not ready
Node	i-09dc75f3b8baa363a				node "i-09dc75f3b8baa363a" of role "node" is not ready
Node	i-0b0f1072a1aed4749				node "i-0b0f1072a1aed4749" of role "node" is not ready
Node	i-0dba8882a47dcc203				node "i-0dba8882a47dcc203" of role "node" is not ready
Pod	kube-system/calico-node-6c4nc			system-node-critical pod "calico-node-6c4nc" is pending
Pod	kube-system/calico-node-dcsdz			system-node-critical pod "calico-node-dcsdz" is not ready (calico-node)
Pod	kube-system/calico-node-dmmp6			system-node-critical pod "calico-node-dmmp6" is not ready (calico-node)
Pod	kube-system/calico-node-fq6vc			system-node-critical pod "calico-node-fq6vc" is pending
Pod	kube-system/calico-node-nq6df			system-node-critical pod "calico-node-nq6df" is pending
Pod	kube-system/calico-node-r2qqp			system-node-critical pod "calico-node-r2qqp" is pending
Pod	kube-system/calico-node-vpcfw			system-node-critical pod "calico-node-vpcfw" is pending
Pod	kube-system/calico-node-xl4mm			system-node-critical pod "calico-node-xl4mm" is not ready (calico-node)
Pod	kube-system/coredns-6b5bc459c-wqrwm		system-cluster-critical pod "coredns-6b5bc459c-wqrwm" is pending
Pod	kube-system/coredns-autoscaler-5685d4f67b-7kcdx	system-cluster-critical pod "coredns-autoscaler-5685d4f67b-7kcdx" is pending
Pod	kube-system/ebs-csi-node-4779x			system-node-critical pod "ebs-csi-node-4779x" is pending
Pod	kube-system/ebs-csi-node-b4499			system-node-critical pod "ebs-csi-node-b4499" is pending
Pod	kube-system/ebs-csi-node-d9975			system-node-critical pod "ebs-csi-node-d9975" is pending
Pod	kube-system/ebs-csi-node-hgbgh			system-node-critical pod "ebs-csi-node-hgbgh" is pending
Pod	kube-system/ebs-csi-node-n84b2			system-node-critical pod "ebs-csi-node-n84b2" is pending
Pod	kube-system/ebs-csi-node-tb9m4			system-node-critical pod "ebs-csi-node-tb9m4" is pending
Pod	kube-system/ebs-csi-node-xk6vg			system-node-critical pod "ebs-csi-node-xk6vg" is pending
Pod	kube-system/ebs-csi-node-zj278			system-node-critical pod "ebs-csi-node-zj278" is pending

Validation Failed
INSTANCE GROUPS
NAME				ROLE	MACHINETYPE	MIN	MAX	SUBNETS
master-us-east-2a		Master	m5n.2xlarge	1	1	us-east-2a
spot-group-base-8vcpus-16gb	Node	c5.2xlarge	8	8	us-east-2a

NODE STATUS
NAME			ROLE	READY
i-00c4478a6544cba1b	node	True
i-032f69917d1c11886	master	True
i-036e5475269863371	node	True
i-03b1910a816ab8ed3	node	True
i-04f891540072acd78	node	False
i-05713cbf7c79f1a50	node	True
i-09dc75f3b8baa363a	node	True
i-0b0f1072a1aed4749	node	False
i-0dba8882a47dcc203	node	False

VALIDATION ERRORS
KIND	NAME				MESSAGE
Node	i-04f891540072acd78		node "i-04f891540072acd78" of role "node" is not ready
Node	i-0b0f1072a1aed4749		node "i-0b0f1072a1aed4749" of role "node" is not ready
Node	i-0dba8882a47dcc203		node "i-0dba8882a47dcc203" of role "node" is not ready
Pod	kube-system/calico-node-6c4nc	system-node-critical pod "calico-node-6c4nc" is not ready (calico-node)
Pod	kube-system/calico-node-dcsdz	system-node-critical pod "calico-node-dcsdz" is not ready (calico-node)
Pod	kube-system/calico-node-dmmp6	system-node-critical pod "calico-node-dmmp6" is not ready (calico-node)
Pod	kube-system/calico-node-fq6vc	system-node-critical pod "calico-node-fq6vc" is not ready (calico-node)
Pod	kube-system/calico-node-nq6df	system-node-critical pod "calico-node-nq6df" is not ready (calico-node)
Pod	kube-system/calico-node-r2qqp	system-node-critical pod "calico-node-r2qqp" is not ready (calico-node)
Pod	kube-system/calico-node-vpcfw	system-node-critical pod "calico-node-vpcfw" is not ready (calico-node)
Pod	kube-system/calico-node-xl4mm	system-node-critical pod "calico-node-xl4mm" is not ready (calico-node)
Pod	kube-system/ebs-csi-node-4779x	system-node-critical pod "ebs-csi-node-4779x" is pending
Pod	kube-system/ebs-csi-node-b4499	system-node-critical pod "ebs-csi-node-b4499" is pending
Pod	kube-system/ebs-csi-node-d9975	system-node-critical pod "ebs-csi-node-d9975" is pending
Pod	kube-system/ebs-csi-node-hgbgh	system-node-critical pod "ebs-csi-node-hgbgh" is pending
Pod	kube-system/ebs-csi-node-n84b2	system-node-critical pod "ebs-csi-node-n84b2" is pending
Pod	kube-system/ebs-csi-node-tb9m4	system-node-critical pod "ebs-csi-node-tb9m4" is pending
Pod	kube-system/ebs-csi-node-xk6vg	system-node-critical pod "ebs-csi-node-xk6vg" is pending
Pod	kube-system/ebs-csi-node-zj278	system-node-critical pod "ebs-csi-node-zj278" is pending

Validation Failed
INSTANCE GROUPS
NAME				ROLE	MACHINETYPE	MIN	MAX	SUBNETS
master-us-east-2a		Master	m5n.2xlarge	1	1	us-east-2a
spot-group-base-8vcpus-16gb	Node	c5.2xlarge	8	8	us-east-2a

NODE STATUS
NAME			ROLE	READY
i-00c4478a6544cba1b	node	True
i-032f69917d1c11886	master	True
i-036e5475269863371	node	True
i-03b1910a816ab8ed3	node	True
i-04f891540072acd78	node	True
i-05713cbf7c79f1a50	node	True
i-09dc75f3b8baa363a	node	True
i-0b0f1072a1aed4749	node	True
i-0dba8882a47dcc203	node	True

VALIDATION ERRORS
KIND	NAME						MESSAGE
Pod	kube-system/calico-node-r2qqp			system-node-critical pod "calico-node-r2qqp" is not ready (calico-node)
Pod	kube-system/ebs-csi-node-d9975			system-node-critical pod "ebs-csi-node-d9975" is pending
Pod	kube-system/ebs-csi-node-n84b2			system-node-critical pod "ebs-csi-node-n84b2" is pending
Pod	kube-system/ebs-csi-node-tb9m4			system-node-critical pod "ebs-csi-node-tb9m4" is pending
Pod	kube-system/kube-proxy-i-00c4478a6544cba1b	system-node-critical pod "kube-proxy-i-00c4478a6544cba1b" is pending
Pod	kube-system/kube-proxy-i-0dba8882a47dcc203	system-node-critical pod "kube-proxy-i-0dba8882a47dcc203" is pending

Validation Failed
INSTANCE GROUPS
NAME				ROLE	MACHINETYPE	MIN	MAX	SUBNETS
master-us-east-2a		Master	m5n.2xlarge	1	1	us-east-2a
spot-group-base-8vcpus-16gb	Node	c5.2xlarge	8	8	us-east-2a

NODE STATUS
NAME			ROLE	READY
i-00c4478a6544cba1b	node	True
i-032f69917d1c11886	master	True
i-036e5475269863371	node	True
i-03b1910a816ab8ed3	node	True
i-04f891540072acd78	node	True
i-05713cbf7c79f1a50	node	True
i-09dc75f3b8baa363a	node	True
i-0b0f1072a1aed4749	node	True
i-0dba8882a47dcc203	node	True

VALIDATION ERRORS
KIND	NAME						MESSAGE
Pod	kube-system/kube-proxy-i-0b0f1072a1aed4749	system-node-critical pod "kube-proxy-i-0b0f1072a1aed4749" is pending

Validation Failed
INSTANCE GROUPS
NAME				ROLE	MACHINETYPE	MIN	MAX	SUBNETS
master-us-east-2a		Master	m5n.2xlarge	1	1	us-east-2a
spot-group-base-8vcpus-16gb	Node	c5.2xlarge	8	8	us-east-2a

NODE STATUS
NAME			ROLE	READY
i-00c4478a6544cba1b	node	True
i-032f69917d1c11886	master	True
i-036e5475269863371	node	True
i-03b1910a816ab8ed3	node	True
i-04f891540072acd78	node	True
i-05713cbf7c79f1a50	node	True
i-09dc75f3b8baa363a	node	True
i-0b0f1072a1aed4749	node	True
i-0dba8882a47dcc203	node	True

VALIDATION ERRORS
KIND	NAME						MESSAGE
Pod	kube-system/kube-proxy-i-09dc75f3b8baa363a	system-node-critical pod "kube-proxy-i-09dc75f3b8baa363a" is pending

Validation Failed
INSTANCE GROUPS
NAME				ROLE	MACHINETYPE	MIN	MAX	SUBNETS
master-us-east-2a		Master	m5n.2xlarge	1	1	us-east-2a
spot-group-base-8vcpus-16gb	Node	c5.2xlarge	8	8	us-east-2a

NODE STATUS
NAME			ROLE	READY
i-00c4478a6544cba1b	node	True
i-032f69917d1c11886	master	True
i-036e5475269863371	node	True
i-03b1910a816ab8ed3	node	True
i-04f891540072acd78	node	True
i-05713cbf7c79f1a50	node	True
i-09dc75f3b8baa363a	node	True
i-0b0f1072a1aed4749	node	True
i-0dba8882a47dcc203	node	True

Your cluster tcss702.k8s.local is ready

Successfully deployed cluster in 04 minutes, 59 seconds
Deployed from cluster spec, "kops/kops_multi-tenant_spot_8x_8vcpu_16gb.yml"
