{
    "Users": [
        {
            "Path": "/",
            "UserName": "tcss702",
            "UserId": "AIDART632R4MBUUSMS6W5",
            "Arn": "arn:aws:iam::111593295640:user/tcss702",
            "CreateDate": "2022-10-06T19:03:44+00:00"
        }
    ]
}
Previewing changes that will be made:


*********************************************************************************

A new kops version is available: 1.25.2
Upgrading is recommended
More information: https://github.com/kubernetes/kops/blob/master/permalinks/upgrade_kops.md#1.25.2

*********************************************************************************

Will create resources:
  AutoscalingGroup/master-us-east-2a.masters.tcss702.rgschmitz.com
  	Granularity         	1Minute
  	InstanceProtection  	false
  	LaunchTemplate      	name:master-us-east-2a.masters.tcss702.rgschmitz.com
  	LoadBalancers       	[]
  	MaxInstanceLifetime 	0
  	MaxSize             	1
  	Metrics             	[GroupDesiredCapacity, GroupInServiceInstances, GroupMaxSize, GroupMinSize, GroupPendingInstances, GroupStandbyInstances, GroupTerminatingInstances, GroupTotalInstances]
  	MinSize             	1
  	Subnets             	[name:us-east-2a.tcss702.rgschmitz.com]
  	SuspendProcesses    	[]
  	Tags                	{KubernetesCluster: tcss702.rgschmitz.com, k8s.io/cluster-autoscaler/node-template/label/node-role.kubernetes.io/control-plane: , k8s.io/role/master: 1, kops.k8s.io/instancegroup: master-us-east-2a, Name: master-us-east-2a.masters.tcss702.rgschmitz.com, kubernetes.io/cluster/tcss702.rgschmitz.com: owned, k8s.io/cluster-autoscaler/node-template/label/kops.k8s.io/kops-controller-pki: , k8s.io/cluster-autoscaler/node-template/label/node.kubernetes.io/exclude-from-external-load-balancers: , k8s.io/cluster-autoscaler/node-template/label/kops.k8s.io/instancegroup: master-us-east-2a}
  	TargetGroups        	[]

  AutoscalingGroup/nodes-us-east-2a.tcss702.rgschmitz.com
  	Granularity         	1Minute
  	InstanceProtection  	false
  	LaunchTemplate      	name:nodes-us-east-2a.tcss702.rgschmitz.com
  	LoadBalancers       	[]
  	MaxInstanceLifetime 	0
  	MaxSize             	1
  	Metrics             	[GroupDesiredCapacity, GroupInServiceInstances, GroupMaxSize, GroupMinSize, GroupPendingInstances, GroupStandbyInstances, GroupTerminatingInstances, GroupTotalInstances]
  	MinSize             	1
  	Subnets             	[name:us-east-2a.tcss702.rgschmitz.com]
  	SuspendProcesses    	[]
  	Tags                	{k8s.io/cluster-autoscaler/node-template/label/kops.k8s.io/instancegroup: nodes-us-east-2a, k8s.io/cluster-autoscaler/node-template/label/node-role.kubernetes.io/node: , k8s.io/role/node: 1, kops.k8s.io/instancegroup: nodes-us-east-2a, Name: nodes-us-east-2a.tcss702.rgschmitz.com, KubernetesCluster: tcss702.rgschmitz.com, kubernetes.io/cluster/tcss702.rgschmitz.com: owned}
  	TargetGroups        	[]

  DHCPOptions/tcss702.rgschmitz.com
  	DomainName          	us-east-2.compute.internal
  	DomainNameServers   	AmazonProvidedDNS
  	Shared              	false
  	Tags                	{Name: tcss702.rgschmitz.com, KubernetesCluster: tcss702.rgschmitz.com, kubernetes.io/cluster/tcss702.rgschmitz.com: owned}

  EBSVolume/a.etcd-events.tcss702.rgschmitz.com
  	AvailabilityZone    	us-east-2a
  	Encrypted           	true
  	SizeGB              	20
  	Tags                	{k8s.io/etcd/events: a/a, k8s.io/role/master: 1, kubernetes.io/cluster/tcss702.rgschmitz.com: owned, Name: a.etcd-events.tcss702.rgschmitz.com, KubernetesCluster: tcss702.rgschmitz.com}
  	VolumeIops          	3000
  	VolumeThroughput    	125
  	VolumeType          	gp3

  EBSVolume/a.etcd-main.tcss702.rgschmitz.com
  	AvailabilityZone    	us-east-2a
  	Encrypted           	true
  	SizeGB              	20
  	Tags                	{k8s.io/etcd/main: a/a, k8s.io/role/master: 1, kubernetes.io/cluster/tcss702.rgschmitz.com: owned, Name: a.etcd-main.tcss702.rgschmitz.com, KubernetesCluster: tcss702.rgschmitz.com}
  	VolumeIops          	3000
  	VolumeThroughput    	125
  	VolumeType          	gp3

  IAMInstanceProfile/masters.tcss702.rgschmitz.com
  	Tags                	{Name: masters.tcss702.rgschmitz.com, KubernetesCluster: tcss702.rgschmitz.com, kubernetes.io/cluster/tcss702.rgschmitz.com: owned}
  	Shared              	false

  IAMInstanceProfile/nodes.tcss702.rgschmitz.com
  	Tags                	{kubernetes.io/cluster/tcss702.rgschmitz.com: owned, Name: nodes.tcss702.rgschmitz.com, KubernetesCluster: tcss702.rgschmitz.com}
  	Shared              	false

  IAMInstanceProfileRole/masters.tcss702.rgschmitz.com
  	InstanceProfile     	name:masters.tcss702.rgschmitz.com id:masters.tcss702.rgschmitz.com
  	Role                	name:masters.tcss702.rgschmitz.com

  IAMInstanceProfileRole/nodes.tcss702.rgschmitz.com
  	InstanceProfile     	name:nodes.tcss702.rgschmitz.com id:nodes.tcss702.rgschmitz.com
  	Role                	name:nodes.tcss702.rgschmitz.com

  IAMRole/masters.tcss702.rgschmitz.com
  	Tags                	{Name: masters.tcss702.rgschmitz.com, KubernetesCluster: tcss702.rgschmitz.com, kubernetes.io/cluster/tcss702.rgschmitz.com: owned}
  	ExportWithID        	masters

  IAMRole/nodes.tcss702.rgschmitz.com
  	Tags                	{Name: nodes.tcss702.rgschmitz.com, KubernetesCluster: tcss702.rgschmitz.com, kubernetes.io/cluster/tcss702.rgschmitz.com: owned}
  	ExportWithID        	nodes

  IAMRolePolicy/master-policyoverride
  	Role                	name:masters.tcss702.rgschmitz.com
  	Managed             	true

  IAMRolePolicy/masters.tcss702.rgschmitz.com
  	Role                	name:masters.tcss702.rgschmitz.com
  	Managed             	false

  IAMRolePolicy/node-policyoverride
  	Role                	name:nodes.tcss702.rgschmitz.com
  	Managed             	true

  IAMRolePolicy/nodes.tcss702.rgschmitz.com
  	Role                	name:nodes.tcss702.rgschmitz.com
  	Managed             	false

  InternetGateway/tcss702.rgschmitz.com
  	VPC                 	name:tcss702.rgschmitz.com
  	Shared              	false
  	Tags                	{kubernetes.io/cluster/tcss702.rgschmitz.com: owned, Name: tcss702.rgschmitz.com, KubernetesCluster: tcss702.rgschmitz.com}

  Keypair/apiserver-aggregator-ca
  	Subject             	cn=apiserver-aggregator-ca
  	Issuer              	
  	Type                	ca
  	LegacyFormat        	false

  Keypair/etcd-clients-ca
  	Subject             	cn=etcd-clients-ca
  	Issuer              	
  	Type                	ca
  	LegacyFormat        	false

  Keypair/etcd-manager-ca-events
  	Subject             	cn=etcd-manager-ca-events
  	Issuer              	
  	Type                	ca
  	LegacyFormat        	false

  Keypair/etcd-manager-ca-main
  	Subject             	cn=etcd-manager-ca-main
  	Issuer              	
  	Type                	ca
  	LegacyFormat        	false

  Keypair/etcd-peers-ca-events
  	Subject             	cn=etcd-peers-ca-events
  	Issuer              	
  	Type                	ca
  	LegacyFormat        	false

  Keypair/etcd-peers-ca-main
  	Subject             	cn=etcd-peers-ca-main
  	Issuer              	
  	Type                	ca
  	LegacyFormat        	false

  Keypair/kubernetes-ca
  	Subject             	cn=kubernetes-ca
  	Issuer              	
  	Type                	ca
  	LegacyFormat        	false

  Keypair/service-account
  	Subject             	cn=service-account
  	Issuer              	
  	Type                	ca
  	LegacyFormat        	false

  LaunchTemplate/master-us-east-2a.masters.tcss702.rgschmitz.com
  	AssociatePublicIP   	true
  	CPUCredits          	
  	HTTPPutResponseHopLimit	3
  	HTTPTokens          	required
  	HTTPProtocolIPv6    	disabled
  	IAMInstanceProfile  	name:masters.tcss702.rgschmitz.com id:masters.tcss702.rgschmitz.com
  	ImageID             	099720109477/ubuntu/images/hvm-ssd/ubuntu-focal-20.04-amd64-server-20220924
  	InstanceMonitoring  	false
  	InstanceType        	t3.medium
  	IPv6AddressCount    	0
  	RootVolumeIops      	3000
  	RootVolumeSize      	64
  	RootVolumeThroughput	125
  	RootVolumeType      	gp3
  	RootVolumeEncryption	true
  	RootVolumeKmsKey    	
  	SSHKey              	name:kubernetes.tcss702.rgschmitz.com-ad:95:b0:3f:93:1f:8c:b6:c7:54:eb:81:9a:7c:4b:6b id:kubernetes.tcss702.rgschmitz.com-ad:95:b0:3f:93:1f:8c:b6:c7:54:eb:81:9a:7c:4b:6b
  	SecurityGroups      	[name:masters.tcss702.rgschmitz.com]
  	SpotPrice           	
  	Tags                	{Name: master-us-east-2a.masters.tcss702.rgschmitz.com, KubernetesCluster: tcss702.rgschmitz.com, k8s.io/cluster-autoscaler/node-template/label/node.kubernetes.io/exclude-from-external-load-balancers: , k8s.io/cluster-autoscaler/node-template/label/node-role.kubernetes.io/control-plane: , k8s.io/cluster-autoscaler/node-template/label/kops.k8s.io/kops-controller-pki: , kubernetes.io/cluster/tcss702.rgschmitz.com: owned, k8s.io/cluster-autoscaler/node-template/label/kops.k8s.io/instancegroup: master-us-east-2a, k8s.io/role/master: 1, kops.k8s.io/instancegroup: master-us-east-2a}

  LaunchTemplate/nodes-us-east-2a.tcss702.rgschmitz.com
  	AssociatePublicIP   	true
  	CPUCredits          	
  	HTTPPutResponseHopLimit	1
  	HTTPTokens          	required
  	HTTPProtocolIPv6    	disabled
  	IAMInstanceProfile  	name:nodes.tcss702.rgschmitz.com id:nodes.tcss702.rgschmitz.com
  	ImageID             	099720109477/ubuntu/images/hvm-ssd/ubuntu-focal-20.04-amd64-server-20220924
  	InstanceMonitoring  	false
  	InstanceType        	t3.large
  	IPv6AddressCount    	0
  	RootVolumeIops      	3000
  	RootVolumeSize      	128
  	RootVolumeThroughput	125
  	RootVolumeType      	gp3
  	RootVolumeEncryption	true
  	RootVolumeKmsKey    	
  	SSHKey              	name:kubernetes.tcss702.rgschmitz.com-ad:95:b0:3f:93:1f:8c:b6:c7:54:eb:81:9a:7c:4b:6b id:kubernetes.tcss702.rgschmitz.com-ad:95:b0:3f:93:1f:8c:b6:c7:54:eb:81:9a:7c:4b:6b
  	SecurityGroups      	[name:nodes.tcss702.rgschmitz.com]
  	SpotPrice           	
  	Tags                	{Name: nodes-us-east-2a.tcss702.rgschmitz.com, KubernetesCluster: tcss702.rgschmitz.com, kubernetes.io/cluster/tcss702.rgschmitz.com: owned, k8s.io/cluster-autoscaler/node-template/label/node-role.kubernetes.io/node: , k8s.io/cluster-autoscaler/node-template/label/kops.k8s.io/instancegroup: nodes-us-east-2a, k8s.io/role/node: 1, kops.k8s.io/instancegroup: nodes-us-east-2a}

  ManagedFile/cluster-completed.spec
  	Base                	s3://tcss702-rgschmitz-com-state-store/tcss702.rgschmitz.com
  	Location            	cluster-completed.spec

  ManagedFile/etcd-cluster-spec-events
  	Base                	s3://tcss702-rgschmitz-com-state-store/tcss702.rgschmitz.com/backups/etcd/events
  	Location            	/control/etcd-cluster-spec

  ManagedFile/etcd-cluster-spec-main
  	Base                	s3://tcss702-rgschmitz-com-state-store/tcss702.rgschmitz.com/backups/etcd/main
  	Location            	/control/etcd-cluster-spec

  ManagedFile/kops-version.txt
  	Base                	s3://tcss702-rgschmitz-com-state-store/tcss702.rgschmitz.com
  	Location            	kops-version.txt

  ManagedFile/manifests-etcdmanager-events
  	Location            	manifests/etcd/events.yaml

  ManagedFile/manifests-etcdmanager-main
  	Location            	manifests/etcd/main.yaml

  ManagedFile/manifests-static-kube-apiserver-healthcheck
  	Location            	manifests/static/kube-apiserver-healthcheck.yaml

  ManagedFile/nodeupconfig-master-us-east-2a
  	Location            	igconfig/master/master-us-east-2a/nodeupconfig.yaml

  ManagedFile/nodeupconfig-nodes-us-east-2a
  	Location            	igconfig/node/nodes-us-east-2a/nodeupconfig.yaml

  ManagedFile/tcss702.rgschmitz.com-addons-aws-cloud-controller.addons.k8s.io-k8s-1.18
  	Location            	addons/aws-cloud-controller.addons.k8s.io/k8s-1.18.yaml

  ManagedFile/tcss702.rgschmitz.com-addons-aws-ebs-csi-driver.addons.k8s.io-k8s-1.17
  	Location            	addons/aws-ebs-csi-driver.addons.k8s.io/k8s-1.17.yaml

  ManagedFile/tcss702.rgschmitz.com-addons-bootstrap
  	Location            	addons/bootstrap-channel.yaml

  ManagedFile/tcss702.rgschmitz.com-addons-coredns.addons.k8s.io-k8s-1.12
  	Location            	addons/coredns.addons.k8s.io/k8s-1.12.yaml

  ManagedFile/tcss702.rgschmitz.com-addons-dns-controller.addons.k8s.io-k8s-1.12
  	Location            	addons/dns-controller.addons.k8s.io/k8s-1.12.yaml

  ManagedFile/tcss702.rgschmitz.com-addons-kops-controller.addons.k8s.io-k8s-1.16
  	Location            	addons/kops-controller.addons.k8s.io/k8s-1.16.yaml

  ManagedFile/tcss702.rgschmitz.com-addons-kubelet-api.rbac.addons.k8s.io-k8s-1.9
  	Location            	addons/kubelet-api.rbac.addons.k8s.io/k8s-1.9.yaml

  ManagedFile/tcss702.rgschmitz.com-addons-leader-migration.rbac.addons.k8s.io-k8s-1.23
  	Location            	addons/leader-migration.rbac.addons.k8s.io/k8s-1.23.yaml

  ManagedFile/tcss702.rgschmitz.com-addons-limit-range.addons.k8s.io
  	Location            	addons/limit-range.addons.k8s.io/v1.5.0.yaml

  ManagedFile/tcss702.rgschmitz.com-addons-networking.projectcalico.org-k8s-1.22
  	Location            	addons/networking.projectcalico.org/k8s-1.22.yaml

  ManagedFile/tcss702.rgschmitz.com-addons-storage-aws.addons.k8s.io-v1.15.0
  	Location            	addons/storage-aws.addons.k8s.io/v1.15.0.yaml

  Route/0.0.0.0/0
  	RouteTable          	name:tcss702.rgschmitz.com
  	CIDR                	0.0.0.0/0
  	InternetGateway     	name:tcss702.rgschmitz.com

  Route/::/0
  	RouteTable          	name:tcss702.rgschmitz.com
  	IPv6CIDR            	::/0
  	InternetGateway     	name:tcss702.rgschmitz.com

  RouteTable/tcss702.rgschmitz.com
  	VPC                 	name:tcss702.rgschmitz.com
  	Shared              	false
  	Tags                	{kubernetes.io/cluster/tcss702.rgschmitz.com: owned, kubernetes.io/kops/role: public, Name: tcss702.rgschmitz.com, KubernetesCluster: tcss702.rgschmitz.com}

  RouteTableAssociation/us-east-2a.tcss702.rgschmitz.com
  	RouteTable          	name:tcss702.rgschmitz.com
  	Subnet              	name:us-east-2a.tcss702.rgschmitz.com

  SSHKey/kubernetes.tcss702.rgschmitz.com-ad:95:b0:3f:93:1f:8c:b6:c7:54:eb:81:9a:7c:4b:6b
  	Shared              	false
  	KeyFingerprint      	8d:b5:ab:ea:83:79:23:ae:93:f9:94:1c:88:4b:08:2f
  	Tags                	{Name: tcss702.rgschmitz.com, KubernetesCluster: tcss702.rgschmitz.com, kubernetes.io/cluster/tcss702.rgschmitz.com: owned}

  Secret/admin

  Secret/kube

  Secret/kube-proxy

  Secret/kubelet

  Secret/system:controller_manager

  Secret/system:dns

  Secret/system:logging

  Secret/system:monitoring

  Secret/system:scheduler

  SecurityGroup/masters.tcss702.rgschmitz.com
  	Description         	Security group for masters
  	VPC                 	name:tcss702.rgschmitz.com
  	RemoveExtraRules    	[port=22, port=443, port=2380, port=2381, port=4001, port=4002, port=4789, port=179, port=8443]
  	Tags                	{Name: masters.tcss702.rgschmitz.com, KubernetesCluster: tcss702.rgschmitz.com, kubernetes.io/cluster/tcss702.rgschmitz.com: owned}

  SecurityGroup/nodes.tcss702.rgschmitz.com
  	Description         	Security group for nodes
  	VPC                 	name:tcss702.rgschmitz.com
  	RemoveExtraRules    	[port=22]
  	Tags                	{KubernetesCluster: tcss702.rgschmitz.com, kubernetes.io/cluster/tcss702.rgschmitz.com: owned, Name: nodes.tcss702.rgschmitz.com}

  SecurityGroupRule/from-0.0.0.0/0-ingress-tcp-22to22-masters.tcss702.rgschmitz.com
  	SecurityGroup       	name:masters.tcss702.rgschmitz.com
  	CIDR                	0.0.0.0/0
  	Protocol            	tcp
  	FromPort            	22
  	ToPort              	22
  	Tags                	{Name: from-0.0.0.0/0-ingress-tcp-22to22-masters.tcss702.rgschmitz.com, KubernetesCluster: tcss702.rgschmitz.com, kubernetes.io/cluster/tcss702.rgschmitz.com: owned}

  SecurityGroupRule/from-0.0.0.0/0-ingress-tcp-22to22-nodes.tcss702.rgschmitz.com
  	SecurityGroup       	name:nodes.tcss702.rgschmitz.com
  	CIDR                	0.0.0.0/0
  	Protocol            	tcp
  	FromPort            	22
  	ToPort              	22
  	Tags                	{kubernetes.io/cluster/tcss702.rgschmitz.com: owned, Name: from-0.0.0.0/0-ingress-tcp-22to22-nodes.tcss702.rgschmitz.com, KubernetesCluster: tcss702.rgschmitz.com}

  SecurityGroupRule/from-0.0.0.0/0-ingress-tcp-443to443-masters.tcss702.rgschmitz.com
  	SecurityGroup       	name:masters.tcss702.rgschmitz.com
  	CIDR                	0.0.0.0/0
  	Protocol            	tcp
  	FromPort            	443
  	ToPort              	443
  	Tags                	{KubernetesCluster: tcss702.rgschmitz.com, kubernetes.io/cluster/tcss702.rgschmitz.com: owned, Name: from-0.0.0.0/0-ingress-tcp-443to443-masters.tcss702.rgschmitz.com}

  SecurityGroupRule/from-::/0-ingress-tcp-22to22-masters.tcss702.rgschmitz.com
  	SecurityGroup       	name:masters.tcss702.rgschmitz.com
  	IPv6CIDR            	::/0
  	Protocol            	tcp
  	FromPort            	22
  	ToPort              	22
  	Tags                	{Name: from-::/0-ingress-tcp-22to22-masters.tcss702.rgschmitz.com, KubernetesCluster: tcss702.rgschmitz.com, kubernetes.io/cluster/tcss702.rgschmitz.com: owned}

  SecurityGroupRule/from-::/0-ingress-tcp-22to22-nodes.tcss702.rgschmitz.com
  	SecurityGroup       	name:nodes.tcss702.rgschmitz.com
  	IPv6CIDR            	::/0
  	Protocol            	tcp
  	FromPort            	22
  	ToPort              	22
  	Tags                	{KubernetesCluster: tcss702.rgschmitz.com, kubernetes.io/cluster/tcss702.rgschmitz.com: owned, Name: from-::/0-ingress-tcp-22to22-nodes.tcss702.rgschmitz.com}

  SecurityGroupRule/from-::/0-ingress-tcp-443to443-masters.tcss702.rgschmitz.com
  	SecurityGroup       	name:masters.tcss702.rgschmitz.com
  	IPv6CIDR            	::/0
  	Protocol            	tcp
  	FromPort            	443
  	ToPort              	443
  	Tags                	{KubernetesCluster: tcss702.rgschmitz.com, kubernetes.io/cluster/tcss702.rgschmitz.com: owned, Name: from-::/0-ingress-tcp-443to443-masters.tcss702.rgschmitz.com}

  SecurityGroupRule/from-masters.tcss702.rgschmitz.com-egress-all-0to0-0.0.0.0/0
  	SecurityGroup       	name:masters.tcss702.rgschmitz.com
  	CIDR                	0.0.0.0/0
  	Egress              	true
  	Tags                	{kubernetes.io/cluster/tcss702.rgschmitz.com: owned, Name: from-masters.tcss702.rgschmitz.com-egress-all-0to0-0.0.0.0/0, KubernetesCluster: tcss702.rgschmitz.com}

  SecurityGroupRule/from-masters.tcss702.rgschmitz.com-egress-all-0to0-::/0
  	SecurityGroup       	name:masters.tcss702.rgschmitz.com
  	IPv6CIDR            	::/0
  	Egress              	true
  	Tags                	{Name: from-masters.tcss702.rgschmitz.com-egress-all-0to0-::/0, KubernetesCluster: tcss702.rgschmitz.com, kubernetes.io/cluster/tcss702.rgschmitz.com: owned}

  SecurityGroupRule/from-masters.tcss702.rgschmitz.com-ingress-all-0to0-masters.tcss702.rgschmitz.com
  	SecurityGroup       	name:masters.tcss702.rgschmitz.com
  	SourceGroup         	name:masters.tcss702.rgschmitz.com
  	Tags                	{kubernetes.io/cluster/tcss702.rgschmitz.com: owned, Name: from-masters.tcss702.rgschmitz.com-ingress-all-0to0-masters.tcss702.rgschmitz.com, KubernetesCluster: tcss702.rgschmitz.com}

  SecurityGroupRule/from-masters.tcss702.rgschmitz.com-ingress-all-0to0-nodes.tcss702.rgschmitz.com
  	SecurityGroup       	name:nodes.tcss702.rgschmitz.com
  	SourceGroup         	name:masters.tcss702.rgschmitz.com
  	Tags                	{KubernetesCluster: tcss702.rgschmitz.com, kubernetes.io/cluster/tcss702.rgschmitz.com: owned, Name: from-masters.tcss702.rgschmitz.com-ingress-all-0to0-nodes.tcss702.rgschmitz.com}

  SecurityGroupRule/from-nodes.tcss702.rgschmitz.com-egress-all-0to0-0.0.0.0/0
  	SecurityGroup       	name:nodes.tcss702.rgschmitz.com
  	CIDR                	0.0.0.0/0
  	Egress              	true
  	Tags                	{kubernetes.io/cluster/tcss702.rgschmitz.com: owned, Name: from-nodes.tcss702.rgschmitz.com-egress-all-0to0-0.0.0.0/0, KubernetesCluster: tcss702.rgschmitz.com}

  SecurityGroupRule/from-nodes.tcss702.rgschmitz.com-egress-all-0to0-::/0
  	SecurityGroup       	name:nodes.tcss702.rgschmitz.com
  	IPv6CIDR            	::/0
  	Egress              	true
  	Tags                	{kubernetes.io/cluster/tcss702.rgschmitz.com: owned, Name: from-nodes.tcss702.rgschmitz.com-egress-all-0to0-::/0, KubernetesCluster: tcss702.rgschmitz.com}

  SecurityGroupRule/from-nodes.tcss702.rgschmitz.com-ingress-4-0to0-masters.tcss702.rgschmitz.com
  	SecurityGroup       	name:masters.tcss702.rgschmitz.com
  	Protocol            	4
  	SourceGroup         	name:nodes.tcss702.rgschmitz.com
  	Tags                	{kubernetes.io/cluster/tcss702.rgschmitz.com: owned, Name: from-nodes.tcss702.rgschmitz.com-ingress-4-0to0-masters.tcss702.rgschmitz.com, KubernetesCluster: tcss702.rgschmitz.com}

  SecurityGroupRule/from-nodes.tcss702.rgschmitz.com-ingress-all-0to0-nodes.tcss702.rgschmitz.com
  	SecurityGroup       	name:nodes.tcss702.rgschmitz.com
  	SourceGroup         	name:nodes.tcss702.rgschmitz.com
  	Tags                	{Name: from-nodes.tcss702.rgschmitz.com-ingress-all-0to0-nodes.tcss702.rgschmitz.com, KubernetesCluster: tcss702.rgschmitz.com, kubernetes.io/cluster/tcss702.rgschmitz.com: owned}

  SecurityGroupRule/from-nodes.tcss702.rgschmitz.com-ingress-tcp-1to2379-masters.tcss702.rgschmitz.com
  	SecurityGroup       	name:masters.tcss702.rgschmitz.com
  	Protocol            	tcp
  	FromPort            	1
  	ToPort              	2379
  	SourceGroup         	name:nodes.tcss702.rgschmitz.com
  	Tags                	{Name: from-nodes.tcss702.rgschmitz.com-ingress-tcp-1to2379-masters.tcss702.rgschmitz.com, KubernetesCluster: tcss702.rgschmitz.com, kubernetes.io/cluster/tcss702.rgschmitz.com: owned}

  SecurityGroupRule/from-nodes.tcss702.rgschmitz.com-ingress-tcp-2382to4000-masters.tcss702.rgschmitz.com
  	SecurityGroup       	name:masters.tcss702.rgschmitz.com
  	Protocol            	tcp
  	FromPort            	2382
  	ToPort              	4000
  	SourceGroup         	name:nodes.tcss702.rgschmitz.com
  	Tags                	{Name: from-nodes.tcss702.rgschmitz.com-ingress-tcp-2382to4000-masters.tcss702.rgschmitz.com, KubernetesCluster: tcss702.rgschmitz.com, kubernetes.io/cluster/tcss702.rgschmitz.com: owned}

  SecurityGroupRule/from-nodes.tcss702.rgschmitz.com-ingress-tcp-4003to65535-masters.tcss702.rgschmitz.com
  	SecurityGroup       	name:masters.tcss702.rgschmitz.com
  	Protocol            	tcp
  	FromPort            	4003
  	ToPort              	65535
  	SourceGroup         	name:nodes.tcss702.rgschmitz.com
  	Tags                	{Name: from-nodes.tcss702.rgschmitz.com-ingress-tcp-4003to65535-masters.tcss702.rgschmitz.com, KubernetesCluster: tcss702.rgschmitz.com, kubernetes.io/cluster/tcss702.rgschmitz.com: owned}

  SecurityGroupRule/from-nodes.tcss702.rgschmitz.com-ingress-udp-1to65535-masters.tcss702.rgschmitz.com
  	SecurityGroup       	name:masters.tcss702.rgschmitz.com
  	Protocol            	udp
  	FromPort            	1
  	ToPort              	65535
  	SourceGroup         	name:nodes.tcss702.rgschmitz.com
  	Tags                	{kubernetes.io/cluster/tcss702.rgschmitz.com: owned, Name: from-nodes.tcss702.rgschmitz.com-ingress-udp-1to65535-masters.tcss702.rgschmitz.com, KubernetesCluster: tcss702.rgschmitz.com}

  Subnet/us-east-2a.tcss702.rgschmitz.com
  	ShortName           	us-east-2a
  	VPC                 	name:tcss702.rgschmitz.com
  	AvailabilityZone    	us-east-2a
  	CIDR                	172.20.32.0/19
  	ResourceBasedNaming 	true
  	Shared              	false
  	Tags                	{SubnetType: Public, kubernetes.io/role/elb: 1, kubernetes.io/role/internal-elb: 1, Name: us-east-2a.tcss702.rgschmitz.com, KubernetesCluster: tcss702.rgschmitz.com, kubernetes.io/cluster/tcss702.rgschmitz.com: owned}

  VPC/tcss702.rgschmitz.com
  	CIDR                	172.20.0.0/16
  	AmazonIPv6          	true
  	EnableDNSHostnames  	true
  	EnableDNSSupport    	true
  	Shared              	false
  	Tags                	{Name: tcss702.rgschmitz.com, KubernetesCluster: tcss702.rgschmitz.com, kubernetes.io/cluster/tcss702.rgschmitz.com: owned}

  VPCAmazonIPv6CIDRBlock/AmazonIPv6
  	VPC                 	name:tcss702.rgschmitz.com
  	Shared              	false

  VPCDHCPOptionsAssociation/tcss702.rgschmitz.com
  	VPC                 	name:tcss702.rgschmitz.com
  	DHCPOptions         	name:tcss702.rgschmitz.com

  WarmPool/master-us-east-2a.masters.tcss702.rgschmitz.com
  	Enabled             	false
  	MinSize             	0

  WarmPool/nodes-us-east-2a.tcss702.rgschmitz.com
  	Enabled             	false
  	MinSize             	0

Must specify --yes to apply changes

Cluster configuration has been created.

Suggestions:
 * list clusters with: kops get cluster
 * edit this cluster with: kops edit cluster tcss702.rgschmitz.com
 * edit your node instance group: kops edit ig --name=tcss702.rgschmitz.com nodes-us-east-2a
 * edit your master instance group: kops edit ig --name=tcss702.rgschmitz.com master-us-east-2a

Finally configure your cluster with: kops update cluster --name tcss702.rgschmitz.com --yes --admin


*********************************************************************************

A new kops version is available: 1.25.2
Upgrading is recommended
More information: https://github.com/kubernetes/kops/blob/master/permalinks/upgrade_kops.md#1.25.2

*********************************************************************************

kOps has set your kubectl context to tcss702.rgschmitz.com

Cluster is starting.  It should be ready in a few minutes.

Suggestions:
 * validate cluster: kops validate cluster --wait 10m
 * list nodes: kubectl get nodes --show-labels
 * ssh to the master: ssh -i ~/.ssh/id_rsa ubuntu@api.tcss702.rgschmitz.com
 * the ubuntu user is specific to Ubuntu. If not using Ubuntu please use the appropriate user based on your OS.
 * read about installing addons at: https://kops.sigs.k8s.io/addons.

Validating cluster tcss702.rgschmitz.com

INSTANCE GROUPS
NAME			ROLE	MACHINETYPE	MIN	MAX	SUBNETS
master-us-east-2a	Master	t3.medium	1	1	us-east-2a
nodes-us-east-2a	Node	t3.large	1	1	us-east-2a

NODE STATUS
NAME	ROLE	READY

VALIDATION ERRORS
KIND	NAME		MESSAGE
dns	apiserver	Validation Failed

The dns-controller Kubernetes deployment has not updated the Kubernetes cluster's API DNS entry to the correct IP address.  The API DNS IP address is the placeholder address that kops creates: 203.0.113.123.  Please wait about 5-10 minutes for a master to start, dns-controller to launch, and DNS to propagate.  The protokube container and dns-controller deployment logs may contain more diagnostic information.  Etcd and the API DNS entries must be updated for a kops Kubernetes cluster to start.

Validation Failed
INSTANCE GROUPS
NAME			ROLE	MACHINETYPE	MIN	MAX	SUBNETS
master-us-east-2a	Master	t3.medium	1	1	us-east-2a
nodes-us-east-2a	Node	t3.large	1	1	us-east-2a

NODE STATUS
NAME	ROLE	READY

VALIDATION ERRORS
KIND	NAME		MESSAGE
dns	apiserver	Validation Failed

The dns-controller Kubernetes deployment has not updated the Kubernetes cluster's API DNS entry to the correct IP address.  The API DNS IP address is the placeholder address that kops creates: 203.0.113.123.  Please wait about 5-10 minutes for a master to start, dns-controller to launch, and DNS to propagate.  The protokube container and dns-controller deployment logs may contain more diagnostic information.  Etcd and the API DNS entries must be updated for a kops Kubernetes cluster to start.

Validation Failed
INSTANCE GROUPS
NAME			ROLE	MACHINETYPE	MIN	MAX	SUBNETS
master-us-east-2a	Master	t3.medium	1	1	us-east-2a
nodes-us-east-2a	Node	t3.large	1	1	us-east-2a

NODE STATUS
NAME	ROLE	READY

VALIDATION ERRORS
KIND	NAME		MESSAGE
dns	apiserver	Validation Failed

The dns-controller Kubernetes deployment has not updated the Kubernetes cluster's API DNS entry to the correct IP address.  The API DNS IP address is the placeholder address that kops creates: 203.0.113.123.  Please wait about 5-10 minutes for a master to start, dns-controller to launch, and DNS to propagate.  The protokube container and dns-controller deployment logs may contain more diagnostic information.  Etcd and the API DNS entries must be updated for a kops Kubernetes cluster to start.

Validation Failed
INSTANCE GROUPS
NAME			ROLE	MACHINETYPE	MIN	MAX	SUBNETS
master-us-east-2a	Master	t3.medium	1	1	us-east-2a
nodes-us-east-2a	Node	t3.large	1	1	us-east-2a

NODE STATUS
NAME	ROLE	READY

VALIDATION ERRORS
KIND	NAME		MESSAGE
dns	apiserver	Validation Failed

The dns-controller Kubernetes deployment has not updated the Kubernetes cluster's API DNS entry to the correct IP address.  The API DNS IP address is the placeholder address that kops creates: 203.0.113.123.  Please wait about 5-10 minutes for a master to start, dns-controller to launch, and DNS to propagate.  The protokube container and dns-controller deployment logs may contain more diagnostic information.  Etcd and the API DNS entries must be updated for a kops Kubernetes cluster to start.

Validation Failed
INSTANCE GROUPS
NAME			ROLE	MACHINETYPE	MIN	MAX	SUBNETS
master-us-east-2a	Master	t3.medium	1	1	us-east-2a
nodes-us-east-2a	Node	t3.large	1	1	us-east-2a

NODE STATUS
NAME	ROLE	READY

VALIDATION ERRORS
KIND	NAME		MESSAGE
dns	apiserver	Validation Failed

The dns-controller Kubernetes deployment has not updated the Kubernetes cluster's API DNS entry to the correct IP address.  The API DNS IP address is the placeholder address that kops creates: 203.0.113.123.  Please wait about 5-10 minutes for a master to start, dns-controller to launch, and DNS to propagate.  The protokube container and dns-controller deployment logs may contain more diagnostic information.  Etcd and the API DNS entries must be updated for a kops Kubernetes cluster to start.

Validation Failed
INSTANCE GROUPS
NAME			ROLE	MACHINETYPE	MIN	MAX	SUBNETS
master-us-east-2a	Master	t3.medium	1	1	us-east-2a
nodes-us-east-2a	Node	t3.large	1	1	us-east-2a

NODE STATUS
NAME	ROLE	READY

VALIDATION ERRORS
KIND	NAME		MESSAGE
dns	apiserver	Validation Failed

The dns-controller Kubernetes deployment has not updated the Kubernetes cluster's API DNS entry to the correct IP address.  The API DNS IP address is the placeholder address that kops creates: 203.0.113.123.  Please wait about 5-10 minutes for a master to start, dns-controller to launch, and DNS to propagate.  The protokube container and dns-controller deployment logs may contain more diagnostic information.  Etcd and the API DNS entries must be updated for a kops Kubernetes cluster to start.

Validation Failed
INSTANCE GROUPS
NAME			ROLE	MACHINETYPE	MIN	MAX	SUBNETS
master-us-east-2a	Master	t3.medium	1	1	us-east-2a
nodes-us-east-2a	Node	t3.large	1	1	us-east-2a

NODE STATUS
NAME	ROLE	READY

VALIDATION ERRORS
KIND	NAME		MESSAGE
dns	apiserver	Validation Failed

The dns-controller Kubernetes deployment has not updated the Kubernetes cluster's API DNS entry to the correct IP address.  The API DNS IP address is the placeholder address that kops creates: 203.0.113.123.  Please wait about 5-10 minutes for a master to start, dns-controller to launch, and DNS to propagate.  The protokube container and dns-controller deployment logs may contain more diagnostic information.  Etcd and the API DNS entries must be updated for a kops Kubernetes cluster to start.

Validation Failed
INSTANCE GROUPS
NAME			ROLE	MACHINETYPE	MIN	MAX	SUBNETS
master-us-east-2a	Master	t3.medium	1	1	us-east-2a
nodes-us-east-2a	Node	t3.large	1	1	us-east-2a

NODE STATUS
NAME	ROLE	READY

VALIDATION ERRORS
KIND	NAME		MESSAGE
dns	apiserver	Validation Failed

The dns-controller Kubernetes deployment has not updated the Kubernetes cluster's API DNS entry to the correct IP address.  The API DNS IP address is the placeholder address that kops creates: 203.0.113.123.  Please wait about 5-10 minutes for a master to start, dns-controller to launch, and DNS to propagate.  The protokube container and dns-controller deployment logs may contain more diagnostic information.  Etcd and the API DNS entries must be updated for a kops Kubernetes cluster to start.

Validation Failed
INSTANCE GROUPS
NAME			ROLE	MACHINETYPE	MIN	MAX	SUBNETS
master-us-east-2a	Master	t3.medium	1	1	us-east-2a
nodes-us-east-2a	Node	t3.large	1	1	us-east-2a

NODE STATUS
NAME	ROLE	READY

VALIDATION ERRORS
KIND	NAME		MESSAGE
dns	apiserver	Validation Failed

The dns-controller Kubernetes deployment has not updated the Kubernetes cluster's API DNS entry to the correct IP address.  The API DNS IP address is the placeholder address that kops creates: 203.0.113.123.  Please wait about 5-10 minutes for a master to start, dns-controller to launch, and DNS to propagate.  The protokube container and dns-controller deployment logs may contain more diagnostic information.  Etcd and the API DNS entries must be updated for a kops Kubernetes cluster to start.

Validation Failed
INSTANCE GROUPS
NAME			ROLE	MACHINETYPE	MIN	MAX	SUBNETS
master-us-east-2a	Master	t3.medium	1	1	us-east-2a
nodes-us-east-2a	Node	t3.large	1	1	us-east-2a

NODE STATUS
NAME	ROLE	READY

VALIDATION ERRORS
KIND	NAME		MESSAGE
dns	apiserver	Validation Failed

The dns-controller Kubernetes deployment has not updated the Kubernetes cluster's API DNS entry to the correct IP address.  The API DNS IP address is the placeholder address that kops creates: 203.0.113.123.  Please wait about 5-10 minutes for a master to start, dns-controller to launch, and DNS to propagate.  The protokube container and dns-controller deployment logs may contain more diagnostic information.  Etcd and the API DNS entries must be updated for a kops Kubernetes cluster to start.

Validation Failed
INSTANCE GROUPS
NAME			ROLE	MACHINETYPE	MIN	MAX	SUBNETS
master-us-east-2a	Master	t3.medium	1	1	us-east-2a
nodes-us-east-2a	Node	t3.large	1	1	us-east-2a

NODE STATUS
NAME			ROLE	READY
i-0e36fbe9770576d16	master	True

VALIDATION ERRORS
KIND	NAME						MESSAGE
Machine	i-06a7513c4fa22fd40				machine "i-06a7513c4fa22fd40" has not yet joined cluster
Pod	kube-system/coredns-6b5499ccb9-4qdkv		system-cluster-critical pod "coredns-6b5499ccb9-4qdkv" is pending
Pod	kube-system/coredns-autoscaler-865477f6c7-thz96	system-cluster-critical pod "coredns-autoscaler-865477f6c7-thz96" is pending

Validation Failed
INSTANCE GROUPS
NAME			ROLE	MACHINETYPE	MIN	MAX	SUBNETS
master-us-east-2a	Master	t3.medium	1	1	us-east-2a
nodes-us-east-2a	Node	t3.large	1	1	us-east-2a

NODE STATUS
NAME			ROLE	READY
i-0e36fbe9770576d16	master	True

VALIDATION ERRORS
KIND	NAME						MESSAGE
Machine	i-06a7513c4fa22fd40				machine "i-06a7513c4fa22fd40" has not yet joined cluster
Pod	kube-system/coredns-6b5499ccb9-4qdkv		system-cluster-critical pod "coredns-6b5499ccb9-4qdkv" is pending
Pod	kube-system/coredns-autoscaler-865477f6c7-thz96	system-cluster-critical pod "coredns-autoscaler-865477f6c7-thz96" is pending

Validation Failed
INSTANCE GROUPS
NAME			ROLE	MACHINETYPE	MIN	MAX	SUBNETS
master-us-east-2a	Master	t3.medium	1	1	us-east-2a
nodes-us-east-2a	Node	t3.large	1	1	us-east-2a

NODE STATUS
NAME			ROLE	READY
i-0e36fbe9770576d16	master	True

VALIDATION ERRORS
KIND	NAME						MESSAGE
Machine	i-06a7513c4fa22fd40				machine "i-06a7513c4fa22fd40" has not yet joined cluster
Pod	kube-system/coredns-6b5499ccb9-4qdkv		system-cluster-critical pod "coredns-6b5499ccb9-4qdkv" is pending
Pod	kube-system/coredns-autoscaler-865477f6c7-thz96	system-cluster-critical pod "coredns-autoscaler-865477f6c7-thz96" is pending

Validation Failed
INSTANCE GROUPS
NAME			ROLE	MACHINETYPE	MIN	MAX	SUBNETS
master-us-east-2a	Master	t3.medium	1	1	us-east-2a
nodes-us-east-2a	Node	t3.large	1	1	us-east-2a

NODE STATUS
NAME			ROLE	READY
i-0e36fbe9770576d16	master	True

VALIDATION ERRORS
KIND	NAME						MESSAGE
Machine	i-06a7513c4fa22fd40				machine "i-06a7513c4fa22fd40" has not yet joined cluster
Pod	kube-system/coredns-6b5499ccb9-4qdkv		system-cluster-critical pod "coredns-6b5499ccb9-4qdkv" is pending
Pod	kube-system/coredns-autoscaler-865477f6c7-thz96	system-cluster-critical pod "coredns-autoscaler-865477f6c7-thz96" is pending

Validation Failed
INSTANCE GROUPS
NAME			ROLE	MACHINETYPE	MIN	MAX	SUBNETS
master-us-east-2a	Master	t3.medium	1	1	us-east-2a
nodes-us-east-2a	Node	t3.large	1	1	us-east-2a

NODE STATUS
NAME			ROLE	READY
i-0e36fbe9770576d16	master	True

VALIDATION ERRORS
KIND	NAME						MESSAGE
Machine	i-06a7513c4fa22fd40				machine "i-06a7513c4fa22fd40" has not yet joined cluster
Pod	kube-system/coredns-6b5499ccb9-4qdkv		system-cluster-critical pod "coredns-6b5499ccb9-4qdkv" is pending
Pod	kube-system/coredns-autoscaler-865477f6c7-thz96	system-cluster-critical pod "coredns-autoscaler-865477f6c7-thz96" is pending

Validation Failed
INSTANCE GROUPS
NAME			ROLE	MACHINETYPE	MIN	MAX	SUBNETS
master-us-east-2a	Master	t3.medium	1	1	us-east-2a
nodes-us-east-2a	Node	t3.large	1	1	us-east-2a

NODE STATUS
NAME			ROLE	READY
i-0e36fbe9770576d16	master	True

VALIDATION ERRORS
KIND	NAME						MESSAGE
Machine	i-06a7513c4fa22fd40				machine "i-06a7513c4fa22fd40" has not yet joined cluster
Pod	kube-system/coredns-6b5499ccb9-4qdkv		system-cluster-critical pod "coredns-6b5499ccb9-4qdkv" is pending
Pod	kube-system/coredns-autoscaler-865477f6c7-thz96	system-cluster-critical pod "coredns-autoscaler-865477f6c7-thz96" is pending

Validation Failed
INSTANCE GROUPS
NAME			ROLE	MACHINETYPE	MIN	MAX	SUBNETS
master-us-east-2a	Master	t3.medium	1	1	us-east-2a
nodes-us-east-2a	Node	t3.large	1	1	us-east-2a

NODE STATUS
NAME			ROLE	READY
i-0e36fbe9770576d16	master	True

VALIDATION ERRORS
KIND	NAME						MESSAGE
Machine	i-06a7513c4fa22fd40				machine "i-06a7513c4fa22fd40" has not yet joined cluster
Pod	kube-system/coredns-6b5499ccb9-4qdkv		system-cluster-critical pod "coredns-6b5499ccb9-4qdkv" is pending
Pod	kube-system/coredns-autoscaler-865477f6c7-thz96	system-cluster-critical pod "coredns-autoscaler-865477f6c7-thz96" is pending

Validation Failed
INSTANCE GROUPS
NAME			ROLE	MACHINETYPE	MIN	MAX	SUBNETS
master-us-east-2a	Master	t3.medium	1	1	us-east-2a
nodes-us-east-2a	Node	t3.large	1	1	us-east-2a

NODE STATUS
NAME			ROLE	READY
i-0e36fbe9770576d16	master	True

VALIDATION ERRORS
KIND	NAME						MESSAGE
Machine	i-06a7513c4fa22fd40				machine "i-06a7513c4fa22fd40" has not yet joined cluster
Pod	kube-system/coredns-6b5499ccb9-4qdkv		system-cluster-critical pod "coredns-6b5499ccb9-4qdkv" is pending
Pod	kube-system/coredns-autoscaler-865477f6c7-thz96	system-cluster-critical pod "coredns-autoscaler-865477f6c7-thz96" is pending

Validation Failed
INSTANCE GROUPS
NAME			ROLE	MACHINETYPE	MIN	MAX	SUBNETS
master-us-east-2a	Master	t3.medium	1	1	us-east-2a
nodes-us-east-2a	Node	t3.large	1	1	us-east-2a

NODE STATUS
NAME			ROLE	READY
i-0e36fbe9770576d16	master	True

VALIDATION ERRORS
KIND	NAME						MESSAGE
Machine	i-06a7513c4fa22fd40				machine "i-06a7513c4fa22fd40" has not yet joined cluster
Pod	kube-system/coredns-6b5499ccb9-4qdkv		system-cluster-critical pod "coredns-6b5499ccb9-4qdkv" is pending
Pod	kube-system/coredns-autoscaler-865477f6c7-thz96	system-cluster-critical pod "coredns-autoscaler-865477f6c7-thz96" is pending

Validation Failed
INSTANCE GROUPS
NAME			ROLE	MACHINETYPE	MIN	MAX	SUBNETS
master-us-east-2a	Master	t3.medium	1	1	us-east-2a
nodes-us-east-2a	Node	t3.large	1	1	us-east-2a

NODE STATUS
NAME			ROLE	READY
i-0e36fbe9770576d16	master	True

VALIDATION ERRORS
KIND	NAME						MESSAGE
Machine	i-06a7513c4fa22fd40				machine "i-06a7513c4fa22fd40" has not yet joined cluster
Pod	kube-system/coredns-6b5499ccb9-4qdkv		system-cluster-critical pod "coredns-6b5499ccb9-4qdkv" is pending
Pod	kube-system/coredns-autoscaler-865477f6c7-thz96	system-cluster-critical pod "coredns-autoscaler-865477f6c7-thz96" is pending

Validation Failed
INSTANCE GROUPS
NAME			ROLE	MACHINETYPE	MIN	MAX	SUBNETS
master-us-east-2a	Master	t3.medium	1	1	us-east-2a
nodes-us-east-2a	Node	t3.large	1	1	us-east-2a

NODE STATUS
NAME			ROLE	READY
i-0e36fbe9770576d16	master	True

VALIDATION ERRORS
KIND	NAME						MESSAGE
Machine	i-06a7513c4fa22fd40				machine "i-06a7513c4fa22fd40" has not yet joined cluster
Pod	kube-system/coredns-6b5499ccb9-4qdkv		system-cluster-critical pod "coredns-6b5499ccb9-4qdkv" is pending
Pod	kube-system/coredns-autoscaler-865477f6c7-thz96	system-cluster-critical pod "coredns-autoscaler-865477f6c7-thz96" is pending

Validation Failed
INSTANCE GROUPS
NAME			ROLE	MACHINETYPE	MIN	MAX	SUBNETS
master-us-east-2a	Master	t3.medium	1	1	us-east-2a
nodes-us-east-2a	Node	t3.large	1	1	us-east-2a

NODE STATUS
NAME			ROLE	READY
i-0e36fbe9770576d16	master	True

VALIDATION ERRORS
KIND	NAME						MESSAGE
Machine	i-06a7513c4fa22fd40				machine "i-06a7513c4fa22fd40" has not yet joined cluster
Pod	kube-system/coredns-6b5499ccb9-4qdkv		system-cluster-critical pod "coredns-6b5499ccb9-4qdkv" is pending
Pod	kube-system/coredns-autoscaler-865477f6c7-thz96	system-cluster-critical pod "coredns-autoscaler-865477f6c7-thz96" is pending

Validation Failed
INSTANCE GROUPS
NAME			ROLE	MACHINETYPE	MIN	MAX	SUBNETS
master-us-east-2a	Master	t3.medium	1	1	us-east-2a
nodes-us-east-2a	Node	t3.large	1	1	us-east-2a

NODE STATUS
NAME			ROLE	READY
i-0e36fbe9770576d16	master	True

VALIDATION ERRORS
KIND	NAME						MESSAGE
Machine	i-06a7513c4fa22fd40				machine "i-06a7513c4fa22fd40" has not yet joined cluster
Pod	kube-system/coredns-6b5499ccb9-4qdkv		system-cluster-critical pod "coredns-6b5499ccb9-4qdkv" is pending
Pod	kube-system/coredns-autoscaler-865477f6c7-thz96	system-cluster-critical pod "coredns-autoscaler-865477f6c7-thz96" is pending

Validation Failed
INSTANCE GROUPS
NAME			ROLE	MACHINETYPE	MIN	MAX	SUBNETS
master-us-east-2a	Master	t3.medium	1	1	us-east-2a
nodes-us-east-2a	Node	t3.large	1	1	us-east-2a

NODE STATUS
NAME			ROLE	READY
i-0e36fbe9770576d16	master	True

VALIDATION ERRORS
KIND	NAME						MESSAGE
Machine	i-06a7513c4fa22fd40				machine "i-06a7513c4fa22fd40" has not yet joined cluster
Pod	kube-system/coredns-6b5499ccb9-4qdkv		system-cluster-critical pod "coredns-6b5499ccb9-4qdkv" is pending
Pod	kube-system/coredns-autoscaler-865477f6c7-thz96	system-cluster-critical pod "coredns-autoscaler-865477f6c7-thz96" is pending

Validation Failed
INSTANCE GROUPS
NAME			ROLE	MACHINETYPE	MIN	MAX	SUBNETS
master-us-east-2a	Master	t3.medium	1	1	us-east-2a
nodes-us-east-2a	Node	t3.large	1	1	us-east-2a

NODE STATUS
NAME			ROLE	READY
i-0e36fbe9770576d16	master	True

VALIDATION ERRORS
KIND	NAME						MESSAGE
Machine	i-06a7513c4fa22fd40				machine "i-06a7513c4fa22fd40" has not yet joined cluster
Pod	kube-system/coredns-6b5499ccb9-4qdkv		system-cluster-critical pod "coredns-6b5499ccb9-4qdkv" is pending
Pod	kube-system/coredns-autoscaler-865477f6c7-thz96	system-cluster-critical pod "coredns-autoscaler-865477f6c7-thz96" is pending

Validation Failed
INSTANCE GROUPS
NAME			ROLE	MACHINETYPE	MIN	MAX	SUBNETS
master-us-east-2a	Master	t3.medium	1	1	us-east-2a
nodes-us-east-2a	Node	t3.large	1	1	us-east-2a

NODE STATUS
NAME			ROLE	READY
i-0e36fbe9770576d16	master	True

VALIDATION ERRORS
KIND	NAME						MESSAGE
Machine	i-06a7513c4fa22fd40				machine "i-06a7513c4fa22fd40" has not yet joined cluster
Pod	kube-system/coredns-6b5499ccb9-4qdkv		system-cluster-critical pod "coredns-6b5499ccb9-4qdkv" is pending
Pod	kube-system/coredns-autoscaler-865477f6c7-thz96	system-cluster-critical pod "coredns-autoscaler-865477f6c7-thz96" is pending

Validation Failed
INSTANCE GROUPS
NAME			ROLE	MACHINETYPE	MIN	MAX	SUBNETS
master-us-east-2a	Master	t3.medium	1	1	us-east-2a
nodes-us-east-2a	Node	t3.large	1	1	us-east-2a

NODE STATUS
NAME			ROLE	READY
i-0e36fbe9770576d16	master	True

VALIDATION ERRORS
KIND	NAME						MESSAGE
Machine	i-06a7513c4fa22fd40				machine "i-06a7513c4fa22fd40" has not yet joined cluster
Pod	kube-system/coredns-6b5499ccb9-4qdkv		system-cluster-critical pod "coredns-6b5499ccb9-4qdkv" is pending
Pod	kube-system/coredns-autoscaler-865477f6c7-thz96	system-cluster-critical pod "coredns-autoscaler-865477f6c7-thz96" is pending

Validation Failed
INSTANCE GROUPS
NAME			ROLE	MACHINETYPE	MIN	MAX	SUBNETS
master-us-east-2a	Master	t3.medium	1	1	us-east-2a
nodes-us-east-2a	Node	t3.large	1	1	us-east-2a

NODE STATUS
NAME			ROLE	READY
i-0e36fbe9770576d16	master	True

VALIDATION ERRORS
KIND	NAME						MESSAGE
Machine	i-06a7513c4fa22fd40				machine "i-06a7513c4fa22fd40" has not yet joined cluster
Pod	kube-system/coredns-6b5499ccb9-4qdkv		system-cluster-critical pod "coredns-6b5499ccb9-4qdkv" is pending
Pod	kube-system/coredns-autoscaler-865477f6c7-thz96	system-cluster-critical pod "coredns-autoscaler-865477f6c7-thz96" is pending

Validation Failed
INSTANCE GROUPS
NAME			ROLE	MACHINETYPE	MIN	MAX	SUBNETS
master-us-east-2a	Master	t3.medium	1	1	us-east-2a
nodes-us-east-2a	Node	t3.large	1	1	us-east-2a

NODE STATUS
NAME			ROLE	READY
i-0e36fbe9770576d16	master	True

VALIDATION ERRORS
KIND	NAME						MESSAGE
Machine	i-06a7513c4fa22fd40				machine "i-06a7513c4fa22fd40" has not yet joined cluster
Pod	kube-system/coredns-6b5499ccb9-4qdkv		system-cluster-critical pod "coredns-6b5499ccb9-4qdkv" is pending
Pod	kube-system/coredns-autoscaler-865477f6c7-thz96	system-cluster-critical pod "coredns-autoscaler-865477f6c7-thz96" is pending

Validation Failed
INSTANCE GROUPS
NAME			ROLE	MACHINETYPE	MIN	MAX	SUBNETS
master-us-east-2a	Master	t3.medium	1	1	us-east-2a
nodes-us-east-2a	Node	t3.large	1	1	us-east-2a

NODE STATUS
NAME			ROLE	READY
i-0e36fbe9770576d16	master	True

VALIDATION ERRORS
KIND	NAME						MESSAGE
Machine	i-06a7513c4fa22fd40				machine "i-06a7513c4fa22fd40" has not yet joined cluster
Pod	kube-system/coredns-6b5499ccb9-4qdkv		system-cluster-critical pod "coredns-6b5499ccb9-4qdkv" is pending
Pod	kube-system/coredns-autoscaler-865477f6c7-thz96	system-cluster-critical pod "coredns-autoscaler-865477f6c7-thz96" is pending

Validation Failed
INSTANCE GROUPS
NAME			ROLE	MACHINETYPE	MIN	MAX	SUBNETS
master-us-east-2a	Master	t3.medium	1	1	us-east-2a
nodes-us-east-2a	Node	t3.large	1	1	us-east-2a

NODE STATUS
NAME			ROLE	READY
i-0e36fbe9770576d16	master	True

VALIDATION ERRORS
KIND	NAME						MESSAGE
Machine	i-06a7513c4fa22fd40				machine "i-06a7513c4fa22fd40" has not yet joined cluster
Pod	kube-system/coredns-6b5499ccb9-4qdkv		system-cluster-critical pod "coredns-6b5499ccb9-4qdkv" is pending
Pod	kube-system/coredns-autoscaler-865477f6c7-thz96	system-cluster-critical pod "coredns-autoscaler-865477f6c7-thz96" is pending

Validation Failed
INSTANCE GROUPS
NAME			ROLE	MACHINETYPE	MIN	MAX	SUBNETS
master-us-east-2a	Master	t3.medium	1	1	us-east-2a
nodes-us-east-2a	Node	t3.large	1	1	us-east-2a

NODE STATUS
NAME			ROLE	READY
i-0e36fbe9770576d16	master	True

VALIDATION ERRORS
KIND	NAME						MESSAGE
Machine	i-06a7513c4fa22fd40				machine "i-06a7513c4fa22fd40" has not yet joined cluster
Pod	kube-system/coredns-6b5499ccb9-4qdkv		system-cluster-critical pod "coredns-6b5499ccb9-4qdkv" is pending
Pod	kube-system/coredns-autoscaler-865477f6c7-thz96	system-cluster-critical pod "coredns-autoscaler-865477f6c7-thz96" is pending

Validation Failed
INSTANCE GROUPS
NAME			ROLE	MACHINETYPE	MIN	MAX	SUBNETS
master-us-east-2a	Master	t3.medium	1	1	us-east-2a
nodes-us-east-2a	Node	t3.large	1	1	us-east-2a

NODE STATUS
NAME			ROLE	READY
i-0e36fbe9770576d16	master	True

VALIDATION ERRORS
KIND	NAME						MESSAGE
Machine	i-06a7513c4fa22fd40				machine "i-06a7513c4fa22fd40" has not yet joined cluster
Pod	kube-system/coredns-6b5499ccb9-4qdkv		system-cluster-critical pod "coredns-6b5499ccb9-4qdkv" is pending
Pod	kube-system/coredns-autoscaler-865477f6c7-thz96	system-cluster-critical pod "coredns-autoscaler-865477f6c7-thz96" is pending

Validation Failed
INSTANCE GROUPS
NAME			ROLE	MACHINETYPE	MIN	MAX	SUBNETS
master-us-east-2a	Master	t3.medium	1	1	us-east-2a
nodes-us-east-2a	Node	t3.large	1	1	us-east-2a

NODE STATUS
NAME			ROLE	READY
i-0e36fbe9770576d16	master	True

VALIDATION ERRORS
KIND	NAME						MESSAGE
Machine	i-06a7513c4fa22fd40				machine "i-06a7513c4fa22fd40" has not yet joined cluster
Pod	kube-system/coredns-6b5499ccb9-4qdkv		system-cluster-critical pod "coredns-6b5499ccb9-4qdkv" is pending
Pod	kube-system/coredns-autoscaler-865477f6c7-thz96	system-cluster-critical pod "coredns-autoscaler-865477f6c7-thz96" is pending

Validation Failed
INSTANCE GROUPS
NAME			ROLE	MACHINETYPE	MIN	MAX	SUBNETS
master-us-east-2a	Master	t3.medium	1	1	us-east-2a
nodes-us-east-2a	Node	t3.large	1	1	us-east-2a

NODE STATUS
NAME			ROLE	READY
i-0e36fbe9770576d16	master	True

VALIDATION ERRORS
KIND	NAME						MESSAGE
Machine	i-06a7513c4fa22fd40				machine "i-06a7513c4fa22fd40" has not yet joined cluster
Pod	kube-system/coredns-6b5499ccb9-4qdkv		system-cluster-critical pod "coredns-6b5499ccb9-4qdkv" is pending
Pod	kube-system/coredns-autoscaler-865477f6c7-thz96	system-cluster-critical pod "coredns-autoscaler-865477f6c7-thz96" is pending

Validation Failed
INSTANCE GROUPS
NAME			ROLE	MACHINETYPE	MIN	MAX	SUBNETS
master-us-east-2a	Master	t3.medium	1	1	us-east-2a
nodes-us-east-2a	Node	t3.large	1	1	us-east-2a

NODE STATUS
NAME			ROLE	READY
i-0e36fbe9770576d16	master	True

VALIDATION ERRORS
KIND	NAME						MESSAGE
Machine	i-06a7513c4fa22fd40				machine "i-06a7513c4fa22fd40" has not yet joined cluster
Pod	kube-system/coredns-6b5499ccb9-4qdkv		system-cluster-critical pod "coredns-6b5499ccb9-4qdkv" is pending
Pod	kube-system/coredns-autoscaler-865477f6c7-thz96	system-cluster-critical pod "coredns-autoscaler-865477f6c7-thz96" is pending

Validation Failed
INSTANCE GROUPS
NAME			ROLE	MACHINETYPE	MIN	MAX	SUBNETS
master-us-east-2a	Master	t3.medium	1	1	us-east-2a
nodes-us-east-2a	Node	t3.large	1	1	us-east-2a

NODE STATUS
NAME			ROLE	READY
i-0e36fbe9770576d16	master	True

VALIDATION ERRORS
KIND	NAME						MESSAGE
Machine	i-06a7513c4fa22fd40				machine "i-06a7513c4fa22fd40" has not yet joined cluster
Pod	kube-system/coredns-6b5499ccb9-4qdkv		system-cluster-critical pod "coredns-6b5499ccb9-4qdkv" is pending
Pod	kube-system/coredns-autoscaler-865477f6c7-thz96	system-cluster-critical pod "coredns-autoscaler-865477f6c7-thz96" is pending

Validation Failed
INSTANCE GROUPS
NAME			ROLE	MACHINETYPE	MIN	MAX	SUBNETS
master-us-east-2a	Master	t3.medium	1	1	us-east-2a
nodes-us-east-2a	Node	t3.large	1	1	us-east-2a

NODE STATUS
NAME			ROLE	READY
i-0e36fbe9770576d16	master	True

VALIDATION ERRORS
KIND	NAME						MESSAGE
Machine	i-06a7513c4fa22fd40				machine "i-06a7513c4fa22fd40" has not yet joined cluster
Pod	kube-system/coredns-6b5499ccb9-4qdkv		system-cluster-critical pod "coredns-6b5499ccb9-4qdkv" is pending
Pod	kube-system/coredns-autoscaler-865477f6c7-thz96	system-cluster-critical pod "coredns-autoscaler-865477f6c7-thz96" is pending

Validation Failed
INSTANCE GROUPS
NAME			ROLE	MACHINETYPE	MIN	MAX	SUBNETS
master-us-east-2a	Master	t3.medium	1	1	us-east-2a
nodes-us-east-2a	Node	t3.large	1	1	us-east-2a

NODE STATUS
NAME			ROLE	READY
i-0e36fbe9770576d16	master	True

VALIDATION ERRORS
KIND	NAME						MESSAGE
Machine	i-06a7513c4fa22fd40				machine "i-06a7513c4fa22fd40" has not yet joined cluster
Pod	kube-system/coredns-6b5499ccb9-4qdkv		system-cluster-critical pod "coredns-6b5499ccb9-4qdkv" is pending
Pod	kube-system/coredns-autoscaler-865477f6c7-thz96	system-cluster-critical pod "coredns-autoscaler-865477f6c7-thz96" is pending

Validation Failed
INSTANCE GROUPS
NAME			ROLE	MACHINETYPE	MIN	MAX	SUBNETS
master-us-east-2a	Master	t3.medium	1	1	us-east-2a
nodes-us-east-2a	Node	t3.large	1	1	us-east-2a

NODE STATUS
NAME			ROLE	READY
i-0e36fbe9770576d16	master	True

VALIDATION ERRORS
KIND	NAME						MESSAGE
Machine	i-06a7513c4fa22fd40				machine "i-06a7513c4fa22fd40" has not yet joined cluster
Pod	kube-system/coredns-6b5499ccb9-4qdkv		system-cluster-critical pod "coredns-6b5499ccb9-4qdkv" is pending
Pod	kube-system/coredns-autoscaler-865477f6c7-thz96	system-cluster-critical pod "coredns-autoscaler-865477f6c7-thz96" is pending

Validation Failed
INSTANCE GROUPS
NAME			ROLE	MACHINETYPE	MIN	MAX	SUBNETS
master-us-east-2a	Master	t3.medium	1	1	us-east-2a
nodes-us-east-2a	Node	t3.large	1	1	us-east-2a

NODE STATUS
NAME			ROLE	READY
i-0e36fbe9770576d16	master	True

VALIDATION ERRORS
KIND	NAME						MESSAGE
Machine	i-06a7513c4fa22fd40				machine "i-06a7513c4fa22fd40" has not yet joined cluster
Pod	kube-system/coredns-6b5499ccb9-4qdkv		system-cluster-critical pod "coredns-6b5499ccb9-4qdkv" is pending
Pod	kube-system/coredns-autoscaler-865477f6c7-thz96	system-cluster-critical pod "coredns-autoscaler-865477f6c7-thz96" is pending

Validation Failed
INSTANCE GROUPS
NAME			ROLE	MACHINETYPE	MIN	MAX	SUBNETS
master-us-east-2a	Master	t3.medium	1	1	us-east-2a
nodes-us-east-2a	Node	t3.large	1	1	us-east-2a

NODE STATUS
NAME			ROLE	READY
i-0e36fbe9770576d16	master	True

VALIDATION ERRORS
KIND	NAME						MESSAGE
Machine	i-06a7513c4fa22fd40				machine "i-06a7513c4fa22fd40" has not yet joined cluster
Pod	kube-system/coredns-6b5499ccb9-4qdkv		system-cluster-critical pod "coredns-6b5499ccb9-4qdkv" is pending
Pod	kube-system/coredns-autoscaler-865477f6c7-thz96	system-cluster-critical pod "coredns-autoscaler-865477f6c7-thz96" is pending

Validation Failed
INSTANCE GROUPS
NAME			ROLE	MACHINETYPE	MIN	MAX	SUBNETS
master-us-east-2a	Master	t3.medium	1	1	us-east-2a
nodes-us-east-2a	Node	t3.large	1	1	us-east-2a

NODE STATUS
NAME			ROLE	READY
i-0e36fbe9770576d16	master	True

VALIDATION ERRORS
KIND	NAME						MESSAGE
Machine	i-06a7513c4fa22fd40				machine "i-06a7513c4fa22fd40" has not yet joined cluster
Pod	kube-system/coredns-6b5499ccb9-4qdkv		system-cluster-critical pod "coredns-6b5499ccb9-4qdkv" is pending
Pod	kube-system/coredns-autoscaler-865477f6c7-thz96	system-cluster-critical pod "coredns-autoscaler-865477f6c7-thz96" is pending

Validation Failed
INSTANCE GROUPS
NAME			ROLE	MACHINETYPE	MIN	MAX	SUBNETS
master-us-east-2a	Master	t3.medium	1	1	us-east-2a
nodes-us-east-2a	Node	t3.large	1	1	us-east-2a

NODE STATUS
NAME			ROLE	READY
i-0e36fbe9770576d16	master	True

VALIDATION ERRORS
KIND	NAME						MESSAGE
Machine	i-06a7513c4fa22fd40				machine "i-06a7513c4fa22fd40" has not yet joined cluster
Pod	kube-system/coredns-6b5499ccb9-4qdkv		system-cluster-critical pod "coredns-6b5499ccb9-4qdkv" is pending
Pod	kube-system/coredns-autoscaler-865477f6c7-thz96	system-cluster-critical pod "coredns-autoscaler-865477f6c7-thz96" is pending

Validation Failed
INSTANCE GROUPS
NAME			ROLE	MACHINETYPE	MIN	MAX	SUBNETS
master-us-east-2a	Master	t3.medium	1	1	us-east-2a
nodes-us-east-2a	Node	t3.large	1	1	us-east-2a

NODE STATUS
NAME			ROLE	READY
i-0e36fbe9770576d16	master	True

VALIDATION ERRORS
KIND	NAME						MESSAGE
Machine	i-06a7513c4fa22fd40				machine "i-06a7513c4fa22fd40" has not yet joined cluster
Pod	kube-system/coredns-6b5499ccb9-4qdkv		system-cluster-critical pod "coredns-6b5499ccb9-4qdkv" is pending
Pod	kube-system/coredns-autoscaler-865477f6c7-thz96	system-cluster-critical pod "coredns-autoscaler-865477f6c7-thz96" is pending

Validation Failed
INSTANCE GROUPS
NAME			ROLE	MACHINETYPE	MIN	MAX	SUBNETS
master-us-east-2a	Master	t3.medium	1	1	us-east-2a
nodes-us-east-2a	Node	t3.large	1	1	us-east-2a

NODE STATUS
NAME			ROLE	READY
i-0e36fbe9770576d16	master	True

VALIDATION ERRORS
KIND	NAME						MESSAGE
Machine	i-06a7513c4fa22fd40				machine "i-06a7513c4fa22fd40" has not yet joined cluster
Pod	kube-system/coredns-6b5499ccb9-4qdkv		system-cluster-critical pod "coredns-6b5499ccb9-4qdkv" is pending
Pod	kube-system/coredns-autoscaler-865477f6c7-thz96	system-cluster-critical pod "coredns-autoscaler-865477f6c7-thz96" is pending

Validation Failed
INSTANCE GROUPS
NAME			ROLE	MACHINETYPE	MIN	MAX	SUBNETS
master-us-east-2a	Master	t3.medium	1	1	us-east-2a
nodes-us-east-2a	Node	t3.large	1	1	us-east-2a

NODE STATUS
NAME			ROLE	READY
i-06a7513c4fa22fd40	node	False
i-0e36fbe9770576d16	master	True

VALIDATION ERRORS
KIND	NAME						MESSAGE
Node	i-06a7513c4fa22fd40				node "i-06a7513c4fa22fd40" of role "node" is not ready
Pod	kube-system/calico-node-wllr2			system-node-critical pod "calico-node-wllr2" is pending
Pod	kube-system/coredns-6b5499ccb9-4qdkv		system-cluster-critical pod "coredns-6b5499ccb9-4qdkv" is pending
Pod	kube-system/coredns-autoscaler-865477f6c7-thz96	system-cluster-critical pod "coredns-autoscaler-865477f6c7-thz96" is pending
Pod	kube-system/ebs-csi-node-mrwgb			system-node-critical pod "ebs-csi-node-mrwgb" is pending

Validation Failed
INSTANCE GROUPS
NAME			ROLE	MACHINETYPE	MIN	MAX	SUBNETS
master-us-east-2a	Master	t3.medium	1	1	us-east-2a
nodes-us-east-2a	Node	t3.large	1	1	us-east-2a

NODE STATUS
NAME			ROLE	READY
i-06a7513c4fa22fd40	node	False
i-0e36fbe9770576d16	master	True

VALIDATION ERRORS
KIND	NAME						MESSAGE
Node	i-06a7513c4fa22fd40				node "i-06a7513c4fa22fd40" of role "node" is not ready
Pod	kube-system/calico-node-wllr2			system-node-critical pod "calico-node-wllr2" is pending
Pod	kube-system/coredns-6b5499ccb9-4qdkv		system-cluster-critical pod "coredns-6b5499ccb9-4qdkv" is pending
Pod	kube-system/coredns-autoscaler-865477f6c7-thz96	system-cluster-critical pod "coredns-autoscaler-865477f6c7-thz96" is pending
Pod	kube-system/ebs-csi-node-mrwgb			system-node-critical pod "ebs-csi-node-mrwgb" is pending

Validation Failed
INSTANCE GROUPS
NAME			ROLE	MACHINETYPE	MIN	MAX	SUBNETS
master-us-east-2a	Master	t3.medium	1	1	us-east-2a
nodes-us-east-2a	Node	t3.large	1	1	us-east-2a

NODE STATUS
NAME			ROLE	READY
i-06a7513c4fa22fd40	node	True
i-0e36fbe9770576d16	master	True

VALIDATION ERRORS
KIND	NAME						MESSAGE
Pod	kube-system/coredns-6b5499ccb9-4qdkv		system-cluster-critical pod "coredns-6b5499ccb9-4qdkv" is pending
Pod	kube-system/coredns-autoscaler-865477f6c7-thz96	system-cluster-critical pod "coredns-autoscaler-865477f6c7-thz96" is pending
Pod	kube-system/ebs-csi-node-mrwgb			system-node-critical pod "ebs-csi-node-mrwgb" is pending

Validation Failed
INSTANCE GROUPS
NAME			ROLE	MACHINETYPE	MIN	MAX	SUBNETS
master-us-east-2a	Master	t3.medium	1	1	us-east-2a
nodes-us-east-2a	Node	t3.large	1	1	us-east-2a

NODE STATUS
NAME			ROLE	READY
i-06a7513c4fa22fd40	node	True
i-0e36fbe9770576d16	master	True

Your cluster tcss702.rgschmitz.com is ready

This script took 800 seconds to finish
